[2022-09-17 14:52:24,825] {taskinstance.py:1159} INFO - Dependencies all met for <TaskInstance: xcom_dag.t1 manual__2022-09-17T14:52:23.350665+00:00 [queued]>
[2022-09-17 14:52:24,841] {taskinstance.py:1159} INFO - Dependencies all met for <TaskInstance: xcom_dag.t1 manual__2022-09-17T14:52:23.350665+00:00 [queued]>
[2022-09-17 14:52:24,842] {taskinstance.py:1356} INFO - 
--------------------------------------------------------------------------------
[2022-09-17 14:52:24,842] {taskinstance.py:1357} INFO - Starting attempt 1 of 1
[2022-09-17 14:52:24,842] {taskinstance.py:1358} INFO - 
--------------------------------------------------------------------------------
[2022-09-17 14:52:24,862] {taskinstance.py:1377} INFO - Executing <Task(PythonOperator): t1> on 2022-09-17 14:52:23.350665+00:00
[2022-09-17 14:52:24,869] {standard_task_runner.py:52} INFO - Started process 2056 to run task
[2022-09-17 14:52:24,880] {standard_task_runner.py:79} INFO - Running: ['***', 'tasks', 'run', 'xcom_dag', 't1', 'manual__2022-09-17T14:52:23.350665+00:00', '--job-id', '25', '--raw', '--subdir', 'DAGS_FOLDER/xcom_dag.py', '--cfg-path', '/tmp/tmp5lfn7gcq', '--error-file', '/tmp/tmp5bv2cyu1']
[2022-09-17 14:52:24,881] {standard_task_runner.py:80} INFO - Job 25: Subtask t1
[2022-09-17 14:52:24,959] {task_command.py:369} INFO - Running <TaskInstance: xcom_dag.t1 manual__2022-09-17T14:52:23.350665+00:00 [running]> on host 3f1973d04161
[2022-09-17 14:52:25,097] {taskinstance.py:1571} INFO - Exporting the following env vars:
AIRFLOW_CTX_DAG_OWNER=***
AIRFLOW_CTX_DAG_ID=xcom_dag
AIRFLOW_CTX_TASK_ID=t1
AIRFLOW_CTX_EXECUTION_DATE=2022-09-17T14:52:23.350665+00:00
AIRFLOW_CTX_TRY_NUMBER=1
AIRFLOW_CTX_DAG_RUN_ID=manual__2022-09-17T14:52:23.350665+00:00
[2022-09-17 14:52:25,151] {python.py:173} INFO - Done. Returned value was: None
[2022-09-17 14:52:25,197] {taskinstance.py:1400} INFO - Marking task as SUCCESS. dag_id=xcom_dag, task_id=t1, execution_date=20220917T145223, start_date=20220917T145224, end_date=20220917T145225
[2022-09-17 14:52:25,263] {local_task_job.py:156} INFO - Task exited with return code 0
[2022-09-17 14:52:25,361] {local_task_job.py:273} INFO - 1 downstream tasks scheduled from follow-on schedule check
