[2022-09-17 14:56:09,812] {taskinstance.py:1159} INFO - Dependencies all met for <TaskInstance: xcom_dag.branch manual__2022-09-17T14:56:07.871689+00:00 [queued]>
[2022-09-17 14:56:09,837] {taskinstance.py:1159} INFO - Dependencies all met for <TaskInstance: xcom_dag.branch manual__2022-09-17T14:56:07.871689+00:00 [queued]>
[2022-09-17 14:56:09,837] {taskinstance.py:1356} INFO - 
--------------------------------------------------------------------------------
[2022-09-17 14:56:09,837] {taskinstance.py:1357} INFO - Starting attempt 1 of 1
[2022-09-17 14:56:09,838] {taskinstance.py:1358} INFO - 
--------------------------------------------------------------------------------
[2022-09-17 14:56:09,876] {taskinstance.py:1377} INFO - Executing <Task(BranchPythonOperator): branch> on 2022-09-17 14:56:07.871689+00:00
[2022-09-17 14:56:09,890] {standard_task_runner.py:52} INFO - Started process 2232 to run task
[2022-09-17 14:56:09,909] {standard_task_runner.py:79} INFO - Running: ['***', 'tasks', 'run', 'xcom_dag', 'branch', 'manual__2022-09-17T14:56:07.871689+00:00', '--job-id', '32', '--raw', '--subdir', 'DAGS_FOLDER/xcom_dag.py', '--cfg-path', '/tmp/tmph9nzr83m', '--error-file', '/tmp/tmpbosg70nn']
[2022-09-17 14:56:09,910] {standard_task_runner.py:80} INFO - Job 32: Subtask branch
[2022-09-17 14:56:10,088] {task_command.py:369} INFO - Running <TaskInstance: xcom_dag.branch manual__2022-09-17T14:56:07.871689+00:00 [running]> on host 3f1973d04161
[2022-09-17 14:56:10,239] {taskinstance.py:1571} INFO - Exporting the following env vars:
AIRFLOW_CTX_DAG_OWNER=***
AIRFLOW_CTX_DAG_ID=xcom_dag
AIRFLOW_CTX_TASK_ID=branch
AIRFLOW_CTX_EXECUTION_DATE=2022-09-17T14:56:07.871689+00:00
AIRFLOW_CTX_TRY_NUMBER=1
AIRFLOW_CTX_DAG_RUN_ID=manual__2022-09-17T14:56:07.871689+00:00
[2022-09-17 14:56:10,262] {python.py:173} INFO - Done. Returned value was: t2
[2022-09-17 14:56:10,265] {skipmixin.py:140} INFO - Following branch t2
[2022-09-17 14:56:10,265] {skipmixin.py:175} INFO - Skipping tasks ['t3']
[2022-09-17 14:56:10,330] {taskinstance.py:1400} INFO - Marking task as SUCCESS. dag_id=xcom_dag, task_id=branch, execution_date=20220917T145607, start_date=20220917T145609, end_date=20220917T145610
[2022-09-17 14:56:10,355] {local_task_job.py:156} INFO - Task exited with return code 0
[2022-09-17 14:56:10,431] {local_task_job.py:273} INFO - 1 downstream tasks scheduled from follow-on schedule check
