[2022-09-17 14:32:42,363] {processor.py:153} INFO - Started process (PID=1424) to work on /opt/airflow/dags/groups/group_download.py
[2022-09-17 14:32:42,364] {processor.py:641} INFO - Processing file /opt/airflow/dags/groups/group_download.py for tasks to queue
[2022-09-17 14:32:42,364] {logging_mixin.py:115} INFO - [2022-09-17 14:32:42,364] {dagbag.py:507} INFO - Filling up the DagBag from /opt/airflow/dags/groups/group_download.py
[2022-09-17 14:32:42,398] {processor.py:653} WARNING - No viable dags retrieved from /opt/airflow/dags/groups/group_download.py
[2022-09-17 14:32:42,494] {processor.py:161} INFO - Processing /opt/airflow/dags/groups/group_download.py took 0.155 seconds
[2022-09-17 14:33:12,756] {processor.py:153} INFO - Started process (PID=1446) to work on /opt/airflow/dags/groups/group_download.py
[2022-09-17 14:33:12,756] {processor.py:641} INFO - Processing file /opt/airflow/dags/groups/group_download.py for tasks to queue
[2022-09-17 14:33:12,757] {logging_mixin.py:115} INFO - [2022-09-17 14:33:12,757] {dagbag.py:507} INFO - Filling up the DagBag from /opt/airflow/dags/groups/group_download.py
[2022-09-17 14:33:12,763] {processor.py:653} WARNING - No viable dags retrieved from /opt/airflow/dags/groups/group_download.py
[2022-09-17 14:33:12,781] {processor.py:161} INFO - Processing /opt/airflow/dags/groups/group_download.py took 0.029 seconds
[2022-09-17 14:33:22,854] {processor.py:153} INFO - Started process (PID=1460) to work on /opt/airflow/dags/groups/group_download.py
[2022-09-17 14:33:22,855] {processor.py:641} INFO - Processing file /opt/airflow/dags/groups/group_download.py for tasks to queue
[2022-09-17 14:33:22,856] {logging_mixin.py:115} INFO - [2022-09-17 14:33:22,856] {dagbag.py:507} INFO - Filling up the DagBag from /opt/airflow/dags/groups/group_download.py
[2022-09-17 14:33:22,860] {processor.py:653} WARNING - No viable dags retrieved from /opt/airflow/dags/groups/group_download.py
[2022-09-17 14:33:22,875] {processor.py:161} INFO - Processing /opt/airflow/dags/groups/group_download.py took 0.025 seconds
[2022-09-17 14:33:53,707] {processor.py:153} INFO - Started process (PID=1493) to work on /opt/airflow/dags/groups/group_download.py
[2022-09-17 14:33:53,709] {processor.py:641} INFO - Processing file /opt/airflow/dags/groups/group_download.py for tasks to queue
[2022-09-17 14:33:53,711] {logging_mixin.py:115} INFO - [2022-09-17 14:33:53,711] {dagbag.py:507} INFO - Filling up the DagBag from /opt/airflow/dags/groups/group_download.py
[2022-09-17 14:33:53,719] {processor.py:653} WARNING - No viable dags retrieved from /opt/airflow/dags/groups/group_download.py
[2022-09-17 14:33:53,747] {processor.py:161} INFO - Processing /opt/airflow/dags/groups/group_download.py took 0.046 seconds
[2022-09-17 14:34:24,426] {processor.py:153} INFO - Started process (PID=1515) to work on /opt/airflow/dags/groups/group_download.py
[2022-09-17 14:34:24,427] {processor.py:641} INFO - Processing file /opt/airflow/dags/groups/group_download.py for tasks to queue
[2022-09-17 14:34:24,427] {logging_mixin.py:115} INFO - [2022-09-17 14:34:24,427] {dagbag.py:507} INFO - Filling up the DagBag from /opt/airflow/dags/groups/group_download.py
[2022-09-17 14:34:24,432] {processor.py:653} WARNING - No viable dags retrieved from /opt/airflow/dags/groups/group_download.py
[2022-09-17 14:34:24,453] {processor.py:161} INFO - Processing /opt/airflow/dags/groups/group_download.py took 0.033 seconds
[2022-09-17 14:34:54,829] {processor.py:153} INFO - Started process (PID=1546) to work on /opt/airflow/dags/groups/group_download.py
[2022-09-17 14:34:54,830] {processor.py:641} INFO - Processing file /opt/airflow/dags/groups/group_download.py for tasks to queue
[2022-09-17 14:34:54,831] {logging_mixin.py:115} INFO - [2022-09-17 14:34:54,831] {dagbag.py:507} INFO - Filling up the DagBag from /opt/airflow/dags/groups/group_download.py
[2022-09-17 14:34:54,836] {processor.py:653} WARNING - No viable dags retrieved from /opt/airflow/dags/groups/group_download.py
[2022-09-17 14:34:54,858] {processor.py:161} INFO - Processing /opt/airflow/dags/groups/group_download.py took 0.035 seconds
[2022-09-17 14:35:25,276] {processor.py:153} INFO - Started process (PID=1578) to work on /opt/airflow/dags/groups/group_download.py
[2022-09-17 14:35:25,277] {processor.py:641} INFO - Processing file /opt/airflow/dags/groups/group_download.py for tasks to queue
[2022-09-17 14:35:25,277] {logging_mixin.py:115} INFO - [2022-09-17 14:35:25,277] {dagbag.py:507} INFO - Filling up the DagBag from /opt/airflow/dags/groups/group_download.py
[2022-09-17 14:35:25,281] {processor.py:653} WARNING - No viable dags retrieved from /opt/airflow/dags/groups/group_download.py
[2022-09-17 14:35:25,298] {processor.py:161} INFO - Processing /opt/airflow/dags/groups/group_download.py took 0.025 seconds
[2022-09-17 14:35:55,633] {processor.py:153} INFO - Started process (PID=1601) to work on /opt/airflow/dags/groups/group_download.py
[2022-09-17 14:35:55,634] {processor.py:641} INFO - Processing file /opt/airflow/dags/groups/group_download.py for tasks to queue
[2022-09-17 14:35:55,634] {logging_mixin.py:115} INFO - [2022-09-17 14:35:55,634] {dagbag.py:507} INFO - Filling up the DagBag from /opt/airflow/dags/groups/group_download.py
[2022-09-17 14:35:55,638] {processor.py:653} WARNING - No viable dags retrieved from /opt/airflow/dags/groups/group_download.py
[2022-09-17 14:35:55,655] {processor.py:161} INFO - Processing /opt/airflow/dags/groups/group_download.py took 0.027 seconds
[2022-09-17 14:36:26,012] {processor.py:153} INFO - Started process (PID=1633) to work on /opt/airflow/dags/groups/group_download.py
[2022-09-17 14:36:26,013] {processor.py:641} INFO - Processing file /opt/airflow/dags/groups/group_download.py for tasks to queue
[2022-09-17 14:36:26,013] {logging_mixin.py:115} INFO - [2022-09-17 14:36:26,013] {dagbag.py:507} INFO - Filling up the DagBag from /opt/airflow/dags/groups/group_download.py
[2022-09-17 14:36:26,017] {processor.py:653} WARNING - No viable dags retrieved from /opt/airflow/dags/groups/group_download.py
[2022-09-17 14:36:26,034] {processor.py:161} INFO - Processing /opt/airflow/dags/groups/group_download.py took 0.025 seconds
[2022-09-17 14:36:56,346] {processor.py:153} INFO - Started process (PID=1656) to work on /opt/airflow/dags/groups/group_download.py
[2022-09-17 14:36:56,346] {processor.py:641} INFO - Processing file /opt/airflow/dags/groups/group_download.py for tasks to queue
[2022-09-17 14:36:56,347] {logging_mixin.py:115} INFO - [2022-09-17 14:36:56,347] {dagbag.py:507} INFO - Filling up the DagBag from /opt/airflow/dags/groups/group_download.py
[2022-09-17 14:36:56,352] {processor.py:653} WARNING - No viable dags retrieved from /opt/airflow/dags/groups/group_download.py
[2022-09-17 14:36:56,369] {processor.py:161} INFO - Processing /opt/airflow/dags/groups/group_download.py took 0.027 seconds
[2022-09-17 14:37:26,709] {processor.py:153} INFO - Started process (PID=1688) to work on /opt/airflow/dags/groups/group_download.py
[2022-09-17 14:37:26,710] {processor.py:641} INFO - Processing file /opt/airflow/dags/groups/group_download.py for tasks to queue
[2022-09-17 14:37:26,710] {logging_mixin.py:115} INFO - [2022-09-17 14:37:26,710] {dagbag.py:507} INFO - Filling up the DagBag from /opt/airflow/dags/groups/group_download.py
[2022-09-17 14:37:26,715] {processor.py:653} WARNING - No viable dags retrieved from /opt/airflow/dags/groups/group_download.py
[2022-09-17 14:37:26,731] {processor.py:161} INFO - Processing /opt/airflow/dags/groups/group_download.py took 0.026 seconds
[2022-09-17 14:37:57,197] {processor.py:153} INFO - Started process (PID=1721) to work on /opt/airflow/dags/groups/group_download.py
[2022-09-17 14:37:57,201] {processor.py:641} INFO - Processing file /opt/airflow/dags/groups/group_download.py for tasks to queue
[2022-09-17 14:37:57,202] {logging_mixin.py:115} INFO - [2022-09-17 14:37:57,202] {dagbag.py:507} INFO - Filling up the DagBag from /opt/airflow/dags/groups/group_download.py
[2022-09-17 14:37:57,207] {processor.py:653} WARNING - No viable dags retrieved from /opt/airflow/dags/groups/group_download.py
[2022-09-17 14:37:57,226] {processor.py:161} INFO - Processing /opt/airflow/dags/groups/group_download.py took 0.042 seconds
[2022-09-17 14:38:27,435] {processor.py:153} INFO - Started process (PID=1745) to work on /opt/airflow/dags/groups/group_download.py
[2022-09-17 14:38:27,436] {processor.py:641} INFO - Processing file /opt/airflow/dags/groups/group_download.py for tasks to queue
[2022-09-17 14:38:27,437] {logging_mixin.py:115} INFO - [2022-09-17 14:38:27,437] {dagbag.py:507} INFO - Filling up the DagBag from /opt/airflow/dags/groups/group_download.py
[2022-09-17 14:38:27,442] {processor.py:653} WARNING - No viable dags retrieved from /opt/airflow/dags/groups/group_download.py
[2022-09-17 14:38:27,459] {processor.py:161} INFO - Processing /opt/airflow/dags/groups/group_download.py took 0.027 seconds
[2022-09-17 14:38:57,637] {processor.py:153} INFO - Started process (PID=1780) to work on /opt/airflow/dags/groups/group_download.py
[2022-09-17 14:38:57,637] {processor.py:641} INFO - Processing file /opt/airflow/dags/groups/group_download.py for tasks to queue
[2022-09-17 14:38:57,638] {logging_mixin.py:115} INFO - [2022-09-17 14:38:57,638] {dagbag.py:507} INFO - Filling up the DagBag from /opt/airflow/dags/groups/group_download.py
[2022-09-17 14:38:57,642] {processor.py:653} WARNING - No viable dags retrieved from /opt/airflow/dags/groups/group_download.py
[2022-09-17 14:38:57,659] {processor.py:161} INFO - Processing /opt/airflow/dags/groups/group_download.py took 0.026 seconds
[2022-09-17 14:39:27,990] {processor.py:153} INFO - Started process (PID=1813) to work on /opt/airflow/dags/groups/group_download.py
[2022-09-17 14:39:27,991] {processor.py:641} INFO - Processing file /opt/airflow/dags/groups/group_download.py for tasks to queue
[2022-09-17 14:39:27,992] {logging_mixin.py:115} INFO - [2022-09-17 14:39:27,992] {dagbag.py:507} INFO - Filling up the DagBag from /opt/airflow/dags/groups/group_download.py
[2022-09-17 14:39:27,996] {processor.py:653} WARNING - No viable dags retrieved from /opt/airflow/dags/groups/group_download.py
[2022-09-17 14:39:28,011] {processor.py:161} INFO - Processing /opt/airflow/dags/groups/group_download.py took 0.024 seconds
[2022-09-17 14:39:58,402] {processor.py:153} INFO - Started process (PID=1835) to work on /opt/airflow/dags/groups/group_download.py
[2022-09-17 14:39:58,403] {processor.py:641} INFO - Processing file /opt/airflow/dags/groups/group_download.py for tasks to queue
[2022-09-17 14:39:58,403] {logging_mixin.py:115} INFO - [2022-09-17 14:39:58,403] {dagbag.py:507} INFO - Filling up the DagBag from /opt/airflow/dags/groups/group_download.py
[2022-09-17 14:39:58,408] {processor.py:653} WARNING - No viable dags retrieved from /opt/airflow/dags/groups/group_download.py
[2022-09-17 14:39:58,424] {processor.py:161} INFO - Processing /opt/airflow/dags/groups/group_download.py took 0.025 seconds
[2022-09-17 14:40:28,848] {processor.py:153} INFO - Started process (PID=1868) to work on /opt/airflow/dags/groups/group_download.py
[2022-09-17 14:40:28,849] {processor.py:641} INFO - Processing file /opt/airflow/dags/groups/group_download.py for tasks to queue
[2022-09-17 14:40:28,849] {logging_mixin.py:115} INFO - [2022-09-17 14:40:28,849] {dagbag.py:507} INFO - Filling up the DagBag from /opt/airflow/dags/groups/group_download.py
[2022-09-17 14:40:28,853] {processor.py:653} WARNING - No viable dags retrieved from /opt/airflow/dags/groups/group_download.py
[2022-09-17 14:40:28,869] {processor.py:161} INFO - Processing /opt/airflow/dags/groups/group_download.py took 0.025 seconds
[2022-09-17 14:40:59,746] {processor.py:153} INFO - Started process (PID=1895) to work on /opt/airflow/dags/groups/group_download.py
[2022-09-17 14:40:59,746] {processor.py:641} INFO - Processing file /opt/airflow/dags/groups/group_download.py for tasks to queue
[2022-09-17 14:40:59,747] {logging_mixin.py:115} INFO - [2022-09-17 14:40:59,747] {dagbag.py:507} INFO - Filling up the DagBag from /opt/airflow/dags/groups/group_download.py
[2022-09-17 14:40:59,753] {processor.py:653} WARNING - No viable dags retrieved from /opt/airflow/dags/groups/group_download.py
[2022-09-17 14:40:59,773] {processor.py:161} INFO - Processing /opt/airflow/dags/groups/group_download.py took 0.031 seconds
[2022-09-17 14:41:30,124] {processor.py:153} INFO - Started process (PID=1928) to work on /opt/airflow/dags/groups/group_download.py
[2022-09-17 14:41:30,129] {processor.py:641} INFO - Processing file /opt/airflow/dags/groups/group_download.py for tasks to queue
[2022-09-17 14:41:30,134] {logging_mixin.py:115} INFO - [2022-09-17 14:41:30,134] {dagbag.py:507} INFO - Filling up the DagBag from /opt/airflow/dags/groups/group_download.py
[2022-09-17 14:41:30,155] {processor.py:653} WARNING - No viable dags retrieved from /opt/airflow/dags/groups/group_download.py
[2022-09-17 14:41:30,190] {processor.py:161} INFO - Processing /opt/airflow/dags/groups/group_download.py took 0.078 seconds
[2022-09-17 14:42:00,634] {processor.py:153} INFO - Started process (PID=1953) to work on /opt/airflow/dags/groups/group_download.py
[2022-09-17 14:42:00,635] {processor.py:641} INFO - Processing file /opt/airflow/dags/groups/group_download.py for tasks to queue
[2022-09-17 14:42:00,635] {logging_mixin.py:115} INFO - [2022-09-17 14:42:00,635] {dagbag.py:507} INFO - Filling up the DagBag from /opt/airflow/dags/groups/group_download.py
[2022-09-17 14:42:00,639] {processor.py:653} WARNING - No viable dags retrieved from /opt/airflow/dags/groups/group_download.py
[2022-09-17 14:42:00,656] {processor.py:161} INFO - Processing /opt/airflow/dags/groups/group_download.py took 0.026 seconds
[2022-09-17 14:42:31,615] {processor.py:153} INFO - Started process (PID=1986) to work on /opt/airflow/dags/groups/group_download.py
[2022-09-17 14:42:31,616] {processor.py:641} INFO - Processing file /opt/airflow/dags/groups/group_download.py for tasks to queue
[2022-09-17 14:42:31,616] {logging_mixin.py:115} INFO - [2022-09-17 14:42:31,616] {dagbag.py:507} INFO - Filling up the DagBag from /opt/airflow/dags/groups/group_download.py
[2022-09-17 14:42:31,628] {processor.py:653} WARNING - No viable dags retrieved from /opt/airflow/dags/groups/group_download.py
[2022-09-17 14:42:31,671] {processor.py:161} INFO - Processing /opt/airflow/dags/groups/group_download.py took 0.059 seconds
[2022-09-17 14:43:01,773] {processor.py:153} INFO - Started process (PID=2015) to work on /opt/airflow/dags/groups/group_download.py
[2022-09-17 14:43:01,775] {processor.py:641} INFO - Processing file /opt/airflow/dags/groups/group_download.py for tasks to queue
[2022-09-17 14:43:01,776] {logging_mixin.py:115} INFO - [2022-09-17 14:43:01,776] {dagbag.py:507} INFO - Filling up the DagBag from /opt/airflow/dags/groups/group_download.py
[2022-09-17 14:43:01,780] {processor.py:653} WARNING - No viable dags retrieved from /opt/airflow/dags/groups/group_download.py
[2022-09-17 14:43:01,841] {processor.py:161} INFO - Processing /opt/airflow/dags/groups/group_download.py took 0.073 seconds
[2022-09-17 14:43:32,356] {processor.py:153} INFO - Started process (PID=2049) to work on /opt/airflow/dags/groups/group_download.py
[2022-09-17 14:43:32,357] {processor.py:641} INFO - Processing file /opt/airflow/dags/groups/group_download.py for tasks to queue
[2022-09-17 14:43:32,357] {logging_mixin.py:115} INFO - [2022-09-17 14:43:32,357] {dagbag.py:507} INFO - Filling up the DagBag from /opt/airflow/dags/groups/group_download.py
[2022-09-17 14:43:32,362] {processor.py:653} WARNING - No viable dags retrieved from /opt/airflow/dags/groups/group_download.py
[2022-09-17 14:43:32,415] {processor.py:161} INFO - Processing /opt/airflow/dags/groups/group_download.py took 0.070 seconds
[2022-09-17 14:44:02,620] {processor.py:153} INFO - Started process (PID=2073) to work on /opt/airflow/dags/groups/group_download.py
[2022-09-17 14:44:02,621] {processor.py:641} INFO - Processing file /opt/airflow/dags/groups/group_download.py for tasks to queue
[2022-09-17 14:44:02,621] {logging_mixin.py:115} INFO - [2022-09-17 14:44:02,621] {dagbag.py:507} INFO - Filling up the DagBag from /opt/airflow/dags/groups/group_download.py
[2022-09-17 14:44:02,625] {processor.py:653} WARNING - No viable dags retrieved from /opt/airflow/dags/groups/group_download.py
[2022-09-17 14:44:02,643] {processor.py:161} INFO - Processing /opt/airflow/dags/groups/group_download.py took 0.027 seconds
[2022-09-17 14:44:32,967] {processor.py:153} INFO - Started process (PID=2106) to work on /opt/airflow/dags/groups/group_download.py
[2022-09-17 14:44:32,967] {processor.py:641} INFO - Processing file /opt/airflow/dags/groups/group_download.py for tasks to queue
[2022-09-17 14:44:32,968] {logging_mixin.py:115} INFO - [2022-09-17 14:44:32,968] {dagbag.py:507} INFO - Filling up the DagBag from /opt/airflow/dags/groups/group_download.py
[2022-09-17 14:44:32,972] {processor.py:653} WARNING - No viable dags retrieved from /opt/airflow/dags/groups/group_download.py
[2022-09-17 14:44:32,999] {processor.py:161} INFO - Processing /opt/airflow/dags/groups/group_download.py took 0.037 seconds
[2022-09-17 14:45:03,697] {processor.py:153} INFO - Started process (PID=2131) to work on /opt/airflow/dags/groups/group_download.py
[2022-09-17 14:45:03,698] {processor.py:641} INFO - Processing file /opt/airflow/dags/groups/group_download.py for tasks to queue
[2022-09-17 14:45:03,699] {logging_mixin.py:115} INFO - [2022-09-17 14:45:03,698] {dagbag.py:507} INFO - Filling up the DagBag from /opt/airflow/dags/groups/group_download.py
[2022-09-17 14:45:03,703] {processor.py:653} WARNING - No viable dags retrieved from /opt/airflow/dags/groups/group_download.py
[2022-09-17 14:45:03,749] {processor.py:161} INFO - Processing /opt/airflow/dags/groups/group_download.py took 0.055 seconds
[2022-09-17 14:45:34,294] {processor.py:153} INFO - Started process (PID=2163) to work on /opt/airflow/dags/groups/group_download.py
[2022-09-17 14:45:34,295] {processor.py:641} INFO - Processing file /opt/airflow/dags/groups/group_download.py for tasks to queue
[2022-09-17 14:45:34,295] {logging_mixin.py:115} INFO - [2022-09-17 14:45:34,295] {dagbag.py:507} INFO - Filling up the DagBag from /opt/airflow/dags/groups/group_download.py
[2022-09-17 14:45:34,300] {processor.py:653} WARNING - No viable dags retrieved from /opt/airflow/dags/groups/group_download.py
[2022-09-17 14:45:34,316] {processor.py:161} INFO - Processing /opt/airflow/dags/groups/group_download.py took 0.025 seconds
[2022-09-17 14:46:04,373] {processor.py:153} INFO - Started process (PID=2195) to work on /opt/airflow/dags/groups/group_download.py
[2022-09-17 14:46:04,375] {processor.py:641} INFO - Processing file /opt/airflow/dags/groups/group_download.py for tasks to queue
[2022-09-17 14:46:04,377] {logging_mixin.py:115} INFO - [2022-09-17 14:46:04,376] {dagbag.py:507} INFO - Filling up the DagBag from /opt/airflow/dags/groups/group_download.py
[2022-09-17 14:46:04,387] {processor.py:653} WARNING - No viable dags retrieved from /opt/airflow/dags/groups/group_download.py
[2022-09-17 14:46:04,411] {processor.py:161} INFO - Processing /opt/airflow/dags/groups/group_download.py took 0.042 seconds
[2022-09-17 14:46:34,709] {processor.py:153} INFO - Started process (PID=2221) to work on /opt/airflow/dags/groups/group_download.py
[2022-09-17 14:46:34,719] {processor.py:641} INFO - Processing file /opt/airflow/dags/groups/group_download.py for tasks to queue
[2022-09-17 14:46:34,720] {logging_mixin.py:115} INFO - [2022-09-17 14:46:34,720] {dagbag.py:507} INFO - Filling up the DagBag from /opt/airflow/dags/groups/group_download.py
[2022-09-17 14:46:34,732] {processor.py:653} WARNING - No viable dags retrieved from /opt/airflow/dags/groups/group_download.py
[2022-09-17 14:46:34,786] {processor.py:161} INFO - Processing /opt/airflow/dags/groups/group_download.py took 0.080 seconds
[2022-09-17 14:47:05,355] {processor.py:153} INFO - Started process (PID=2255) to work on /opt/airflow/dags/groups/group_download.py
[2022-09-17 14:47:05,356] {processor.py:641} INFO - Processing file /opt/airflow/dags/groups/group_download.py for tasks to queue
[2022-09-17 14:47:05,357] {logging_mixin.py:115} INFO - [2022-09-17 14:47:05,357] {dagbag.py:507} INFO - Filling up the DagBag from /opt/airflow/dags/groups/group_download.py
[2022-09-17 14:47:05,362] {processor.py:653} WARNING - No viable dags retrieved from /opt/airflow/dags/groups/group_download.py
[2022-09-17 14:47:05,406] {processor.py:161} INFO - Processing /opt/airflow/dags/groups/group_download.py took 0.056 seconds
[2022-09-17 14:47:35,536] {processor.py:153} INFO - Started process (PID=2283) to work on /opt/airflow/dags/groups/group_download.py
[2022-09-17 14:47:35,536] {processor.py:641} INFO - Processing file /opt/airflow/dags/groups/group_download.py for tasks to queue
[2022-09-17 14:47:35,537] {logging_mixin.py:115} INFO - [2022-09-17 14:47:35,537] {dagbag.py:507} INFO - Filling up the DagBag from /opt/airflow/dags/groups/group_download.py
[2022-09-17 14:47:35,541] {processor.py:653} WARNING - No viable dags retrieved from /opt/airflow/dags/groups/group_download.py
[2022-09-17 14:47:35,558] {processor.py:161} INFO - Processing /opt/airflow/dags/groups/group_download.py took 0.025 seconds
[2022-09-17 14:48:05,950] {processor.py:153} INFO - Started process (PID=2316) to work on /opt/airflow/dags/groups/group_download.py
[2022-09-17 14:48:05,951] {processor.py:641} INFO - Processing file /opt/airflow/dags/groups/group_download.py for tasks to queue
[2022-09-17 14:48:05,951] {logging_mixin.py:115} INFO - [2022-09-17 14:48:05,951] {dagbag.py:507} INFO - Filling up the DagBag from /opt/airflow/dags/groups/group_download.py
[2022-09-17 14:48:05,956] {processor.py:653} WARNING - No viable dags retrieved from /opt/airflow/dags/groups/group_download.py
[2022-09-17 14:48:05,975] {processor.py:161} INFO - Processing /opt/airflow/dags/groups/group_download.py took 0.029 seconds
[2022-09-17 14:48:36,619] {processor.py:153} INFO - Started process (PID=2340) to work on /opt/airflow/dags/groups/group_download.py
[2022-09-17 14:48:36,620] {processor.py:641} INFO - Processing file /opt/airflow/dags/groups/group_download.py for tasks to queue
[2022-09-17 14:48:36,621] {logging_mixin.py:115} INFO - [2022-09-17 14:48:36,620] {dagbag.py:507} INFO - Filling up the DagBag from /opt/airflow/dags/groups/group_download.py
[2022-09-17 14:48:36,627] {processor.py:653} WARNING - No viable dags retrieved from /opt/airflow/dags/groups/group_download.py
[2022-09-17 14:48:36,647] {processor.py:161} INFO - Processing /opt/airflow/dags/groups/group_download.py took 0.031 seconds
[2022-09-17 14:49:06,900] {processor.py:153} INFO - Started process (PID=2375) to work on /opt/airflow/dags/groups/group_download.py
[2022-09-17 14:49:06,900] {processor.py:641} INFO - Processing file /opt/airflow/dags/groups/group_download.py for tasks to queue
[2022-09-17 14:49:06,901] {logging_mixin.py:115} INFO - [2022-09-17 14:49:06,901] {dagbag.py:507} INFO - Filling up the DagBag from /opt/airflow/dags/groups/group_download.py
[2022-09-17 14:49:06,905] {processor.py:653} WARNING - No viable dags retrieved from /opt/airflow/dags/groups/group_download.py
[2022-09-17 14:49:06,923] {processor.py:161} INFO - Processing /opt/airflow/dags/groups/group_download.py took 0.026 seconds
[2022-09-17 14:49:37,280] {processor.py:153} INFO - Started process (PID=2408) to work on /opt/airflow/dags/groups/group_download.py
[2022-09-17 14:49:37,283] {processor.py:641} INFO - Processing file /opt/airflow/dags/groups/group_download.py for tasks to queue
[2022-09-17 14:49:37,284] {logging_mixin.py:115} INFO - [2022-09-17 14:49:37,284] {dagbag.py:507} INFO - Filling up the DagBag from /opt/airflow/dags/groups/group_download.py
[2022-09-17 14:49:37,288] {processor.py:653} WARNING - No viable dags retrieved from /opt/airflow/dags/groups/group_download.py
[2022-09-17 14:49:37,320] {processor.py:161} INFO - Processing /opt/airflow/dags/groups/group_download.py took 0.047 seconds
[2022-09-17 14:50:07,386] {processor.py:153} INFO - Started process (PID=2431) to work on /opt/airflow/dags/groups/group_download.py
[2022-09-17 14:50:07,387] {processor.py:641} INFO - Processing file /opt/airflow/dags/groups/group_download.py for tasks to queue
[2022-09-17 14:50:07,387] {logging_mixin.py:115} INFO - [2022-09-17 14:50:07,387] {dagbag.py:507} INFO - Filling up the DagBag from /opt/airflow/dags/groups/group_download.py
[2022-09-17 14:50:07,399] {processor.py:653} WARNING - No viable dags retrieved from /opt/airflow/dags/groups/group_download.py
[2022-09-17 14:50:07,479] {processor.py:161} INFO - Processing /opt/airflow/dags/groups/group_download.py took 0.107 seconds
[2022-09-17 14:50:37,626] {processor.py:153} INFO - Started process (PID=2459) to work on /opt/airflow/dags/groups/group_download.py
[2022-09-17 14:50:37,627] {processor.py:641} INFO - Processing file /opt/airflow/dags/groups/group_download.py for tasks to queue
[2022-09-17 14:50:37,627] {logging_mixin.py:115} INFO - [2022-09-17 14:50:37,627] {dagbag.py:507} INFO - Filling up the DagBag from /opt/airflow/dags/groups/group_download.py
[2022-09-17 14:50:37,633] {processor.py:653} WARNING - No viable dags retrieved from /opt/airflow/dags/groups/group_download.py
[2022-09-17 14:50:37,671] {processor.py:161} INFO - Processing /opt/airflow/dags/groups/group_download.py took 0.049 seconds
[2022-09-17 14:51:07,733] {processor.py:153} INFO - Started process (PID=2489) to work on /opt/airflow/dags/groups/group_download.py
[2022-09-17 14:51:07,734] {processor.py:641} INFO - Processing file /opt/airflow/dags/groups/group_download.py for tasks to queue
[2022-09-17 14:51:07,736] {logging_mixin.py:115} INFO - [2022-09-17 14:51:07,736] {dagbag.py:507} INFO - Filling up the DagBag from /opt/airflow/dags/groups/group_download.py
[2022-09-17 14:51:07,740] {processor.py:653} WARNING - No viable dags retrieved from /opt/airflow/dags/groups/group_download.py
[2022-09-17 14:51:07,759] {processor.py:161} INFO - Processing /opt/airflow/dags/groups/group_download.py took 0.030 seconds
[2022-09-17 14:51:37,895] {processor.py:153} INFO - Started process (PID=2515) to work on /opt/airflow/dags/groups/group_download.py
[2022-09-17 14:51:37,896] {processor.py:641} INFO - Processing file /opt/airflow/dags/groups/group_download.py for tasks to queue
[2022-09-17 14:51:37,897] {logging_mixin.py:115} INFO - [2022-09-17 14:51:37,896] {dagbag.py:507} INFO - Filling up the DagBag from /opt/airflow/dags/groups/group_download.py
[2022-09-17 14:51:37,901] {processor.py:653} WARNING - No viable dags retrieved from /opt/airflow/dags/groups/group_download.py
[2022-09-17 14:51:37,929] {processor.py:161} INFO - Processing /opt/airflow/dags/groups/group_download.py took 0.042 seconds
[2022-09-17 14:52:08,775] {processor.py:153} INFO - Started process (PID=2549) to work on /opt/airflow/dags/groups/group_download.py
[2022-09-17 14:52:08,776] {processor.py:641} INFO - Processing file /opt/airflow/dags/groups/group_download.py for tasks to queue
[2022-09-17 14:52:08,777] {logging_mixin.py:115} INFO - [2022-09-17 14:52:08,776] {dagbag.py:507} INFO - Filling up the DagBag from /opt/airflow/dags/groups/group_download.py
[2022-09-17 14:52:08,798] {processor.py:653} WARNING - No viable dags retrieved from /opt/airflow/dags/groups/group_download.py
[2022-09-17 14:52:08,866] {processor.py:161} INFO - Processing /opt/airflow/dags/groups/group_download.py took 0.099 seconds
[2022-09-17 14:52:38,952] {processor.py:153} INFO - Started process (PID=2573) to work on /opt/airflow/dags/groups/group_download.py
[2022-09-17 14:52:38,953] {processor.py:641} INFO - Processing file /opt/airflow/dags/groups/group_download.py for tasks to queue
[2022-09-17 14:52:38,954] {logging_mixin.py:115} INFO - [2022-09-17 14:52:38,954] {dagbag.py:507} INFO - Filling up the DagBag from /opt/airflow/dags/groups/group_download.py
[2022-09-17 14:52:38,958] {processor.py:653} WARNING - No viable dags retrieved from /opt/airflow/dags/groups/group_download.py
[2022-09-17 14:52:39,018] {processor.py:161} INFO - Processing /opt/airflow/dags/groups/group_download.py took 0.076 seconds
[2022-09-17 14:53:09,630] {processor.py:153} INFO - Started process (PID=2607) to work on /opt/airflow/dags/groups/group_download.py
[2022-09-17 14:53:09,630] {processor.py:641} INFO - Processing file /opt/airflow/dags/groups/group_download.py for tasks to queue
[2022-09-17 14:53:09,631] {logging_mixin.py:115} INFO - [2022-09-17 14:53:09,631] {dagbag.py:507} INFO - Filling up the DagBag from /opt/airflow/dags/groups/group_download.py
[2022-09-17 14:53:09,636] {processor.py:653} WARNING - No viable dags retrieved from /opt/airflow/dags/groups/group_download.py
[2022-09-17 14:53:09,661] {processor.py:161} INFO - Processing /opt/airflow/dags/groups/group_download.py took 0.035 seconds
[2022-09-17 14:53:39,718] {processor.py:153} INFO - Started process (PID=2631) to work on /opt/airflow/dags/groups/group_download.py
[2022-09-17 14:53:39,719] {processor.py:641} INFO - Processing file /opt/airflow/dags/groups/group_download.py for tasks to queue
[2022-09-17 14:53:39,724] {logging_mixin.py:115} INFO - [2022-09-17 14:53:39,724] {dagbag.py:507} INFO - Filling up the DagBag from /opt/airflow/dags/groups/group_download.py
[2022-09-17 14:53:39,729] {processor.py:653} WARNING - No viable dags retrieved from /opt/airflow/dags/groups/group_download.py
[2022-09-17 14:53:39,779] {processor.py:161} INFO - Processing /opt/airflow/dags/groups/group_download.py took 0.067 seconds
[2022-09-17 14:54:09,849] {processor.py:153} INFO - Started process (PID=2664) to work on /opt/airflow/dags/groups/group_download.py
[2022-09-17 14:54:09,851] {processor.py:641} INFO - Processing file /opt/airflow/dags/groups/group_download.py for tasks to queue
[2022-09-17 14:54:09,852] {logging_mixin.py:115} INFO - [2022-09-17 14:54:09,852] {dagbag.py:507} INFO - Filling up the DagBag from /opt/airflow/dags/groups/group_download.py
[2022-09-17 14:54:09,858] {processor.py:653} WARNING - No viable dags retrieved from /opt/airflow/dags/groups/group_download.py
[2022-09-17 14:54:09,882] {processor.py:161} INFO - Processing /opt/airflow/dags/groups/group_download.py took 0.037 seconds
[2022-09-17 14:54:40,392] {processor.py:153} INFO - Started process (PID=2689) to work on /opt/airflow/dags/groups/group_download.py
[2022-09-17 14:54:40,393] {processor.py:641} INFO - Processing file /opt/airflow/dags/groups/group_download.py for tasks to queue
[2022-09-17 14:54:40,394] {logging_mixin.py:115} INFO - [2022-09-17 14:54:40,394] {dagbag.py:507} INFO - Filling up the DagBag from /opt/airflow/dags/groups/group_download.py
[2022-09-17 14:54:40,410] {processor.py:653} WARNING - No viable dags retrieved from /opt/airflow/dags/groups/group_download.py
[2022-09-17 14:54:40,483] {processor.py:161} INFO - Processing /opt/airflow/dags/groups/group_download.py took 0.102 seconds
[2022-09-17 14:55:10,953] {processor.py:153} INFO - Started process (PID=2724) to work on /opt/airflow/dags/groups/group_download.py
[2022-09-17 14:55:10,957] {processor.py:641} INFO - Processing file /opt/airflow/dags/groups/group_download.py for tasks to queue
[2022-09-17 14:55:10,958] {logging_mixin.py:115} INFO - [2022-09-17 14:55:10,957] {dagbag.py:507} INFO - Filling up the DagBag from /opt/airflow/dags/groups/group_download.py
[2022-09-17 14:55:10,962] {processor.py:653} WARNING - No viable dags retrieved from /opt/airflow/dags/groups/group_download.py
[2022-09-17 14:55:10,984] {processor.py:161} INFO - Processing /opt/airflow/dags/groups/group_download.py took 0.037 seconds
[2022-09-17 14:55:41,073] {processor.py:153} INFO - Started process (PID=2749) to work on /opt/airflow/dags/groups/group_download.py
[2022-09-17 14:55:41,074] {processor.py:641} INFO - Processing file /opt/airflow/dags/groups/group_download.py for tasks to queue
[2022-09-17 14:55:41,074] {logging_mixin.py:115} INFO - [2022-09-17 14:55:41,074] {dagbag.py:507} INFO - Filling up the DagBag from /opt/airflow/dags/groups/group_download.py
[2022-09-17 14:55:41,079] {processor.py:653} WARNING - No viable dags retrieved from /opt/airflow/dags/groups/group_download.py
[2022-09-17 14:55:41,094] {processor.py:161} INFO - Processing /opt/airflow/dags/groups/group_download.py took 0.025 seconds
[2022-09-17 14:56:11,319] {processor.py:153} INFO - Started process (PID=2784) to work on /opt/airflow/dags/groups/group_download.py
[2022-09-17 14:56:11,324] {processor.py:641} INFO - Processing file /opt/airflow/dags/groups/group_download.py for tasks to queue
[2022-09-17 14:56:11,324] {logging_mixin.py:115} INFO - [2022-09-17 14:56:11,324] {dagbag.py:507} INFO - Filling up the DagBag from /opt/airflow/dags/groups/group_download.py
[2022-09-17 14:56:11,332] {processor.py:653} WARNING - No viable dags retrieved from /opt/airflow/dags/groups/group_download.py
[2022-09-17 14:56:11,424] {processor.py:161} INFO - Processing /opt/airflow/dags/groups/group_download.py took 0.116 seconds
[2022-09-17 14:56:41,832] {processor.py:153} INFO - Started process (PID=2807) to work on /opt/airflow/dags/groups/group_download.py
[2022-09-17 14:56:41,832] {processor.py:641} INFO - Processing file /opt/airflow/dags/groups/group_download.py for tasks to queue
[2022-09-17 14:56:41,833] {logging_mixin.py:115} INFO - [2022-09-17 14:56:41,832] {dagbag.py:507} INFO - Filling up the DagBag from /opt/airflow/dags/groups/group_download.py
[2022-09-17 14:56:41,836] {processor.py:653} WARNING - No viable dags retrieved from /opt/airflow/dags/groups/group_download.py
[2022-09-17 14:56:41,853] {processor.py:161} INFO - Processing /opt/airflow/dags/groups/group_download.py took 0.025 seconds
[2022-09-17 14:57:11,930] {processor.py:153} INFO - Started process (PID=2840) to work on /opt/airflow/dags/groups/group_download.py
[2022-09-17 14:57:11,931] {processor.py:641} INFO - Processing file /opt/airflow/dags/groups/group_download.py for tasks to queue
[2022-09-17 14:57:11,931] {logging_mixin.py:115} INFO - [2022-09-17 14:57:11,931] {dagbag.py:507} INFO - Filling up the DagBag from /opt/airflow/dags/groups/group_download.py
[2022-09-17 14:57:11,935] {processor.py:653} WARNING - No viable dags retrieved from /opt/airflow/dags/groups/group_download.py
[2022-09-17 14:57:11,950] {processor.py:161} INFO - Processing /opt/airflow/dags/groups/group_download.py took 0.024 seconds
[2022-09-17 14:57:42,685] {processor.py:153} INFO - Started process (PID=2871) to work on /opt/airflow/dags/groups/group_download.py
[2022-09-17 14:57:42,685] {processor.py:641} INFO - Processing file /opt/airflow/dags/groups/group_download.py for tasks to queue
[2022-09-17 14:57:42,686] {logging_mixin.py:115} INFO - [2022-09-17 14:57:42,686] {dagbag.py:507} INFO - Filling up the DagBag from /opt/airflow/dags/groups/group_download.py
[2022-09-17 14:57:42,690] {processor.py:653} WARNING - No viable dags retrieved from /opt/airflow/dags/groups/group_download.py
[2022-09-17 14:57:42,706] {processor.py:161} INFO - Processing /opt/airflow/dags/groups/group_download.py took 0.025 seconds
[2022-09-17 14:58:12,937] {processor.py:153} INFO - Started process (PID=2896) to work on /opt/airflow/dags/groups/group_download.py
[2022-09-17 14:58:12,938] {processor.py:641} INFO - Processing file /opt/airflow/dags/groups/group_download.py for tasks to queue
[2022-09-17 14:58:12,939] {logging_mixin.py:115} INFO - [2022-09-17 14:58:12,939] {dagbag.py:507} INFO - Filling up the DagBag from /opt/airflow/dags/groups/group_download.py
[2022-09-17 14:58:12,943] {processor.py:653} WARNING - No viable dags retrieved from /opt/airflow/dags/groups/group_download.py
[2022-09-17 14:58:12,961] {processor.py:161} INFO - Processing /opt/airflow/dags/groups/group_download.py took 0.027 seconds
[2022-09-17 14:58:43,160] {processor.py:153} INFO - Started process (PID=2929) to work on /opt/airflow/dags/groups/group_download.py
[2022-09-17 14:58:43,160] {processor.py:641} INFO - Processing file /opt/airflow/dags/groups/group_download.py for tasks to queue
[2022-09-17 14:58:43,161] {logging_mixin.py:115} INFO - [2022-09-17 14:58:43,161] {dagbag.py:507} INFO - Filling up the DagBag from /opt/airflow/dags/groups/group_download.py
[2022-09-17 14:58:43,165] {processor.py:653} WARNING - No viable dags retrieved from /opt/airflow/dags/groups/group_download.py
[2022-09-17 14:58:43,184] {processor.py:161} INFO - Processing /opt/airflow/dags/groups/group_download.py took 0.028 seconds
[2022-09-17 14:59:13,626] {processor.py:153} INFO - Started process (PID=2962) to work on /opt/airflow/dags/groups/group_download.py
[2022-09-17 14:59:13,627] {processor.py:641} INFO - Processing file /opt/airflow/dags/groups/group_download.py for tasks to queue
[2022-09-17 14:59:13,628] {logging_mixin.py:115} INFO - [2022-09-17 14:59:13,628] {dagbag.py:507} INFO - Filling up the DagBag from /opt/airflow/dags/groups/group_download.py
[2022-09-17 14:59:13,634] {processor.py:653} WARNING - No viable dags retrieved from /opt/airflow/dags/groups/group_download.py
[2022-09-17 14:59:13,661] {processor.py:161} INFO - Processing /opt/airflow/dags/groups/group_download.py took 0.039 seconds
[2022-09-17 14:59:43,910] {processor.py:153} INFO - Started process (PID=2985) to work on /opt/airflow/dags/groups/group_download.py
[2022-09-17 14:59:43,911] {processor.py:641} INFO - Processing file /opt/airflow/dags/groups/group_download.py for tasks to queue
[2022-09-17 14:59:43,911] {logging_mixin.py:115} INFO - [2022-09-17 14:59:43,911] {dagbag.py:507} INFO - Filling up the DagBag from /opt/airflow/dags/groups/group_download.py
[2022-09-17 14:59:43,916] {processor.py:653} WARNING - No viable dags retrieved from /opt/airflow/dags/groups/group_download.py
[2022-09-17 14:59:43,933] {processor.py:161} INFO - Processing /opt/airflow/dags/groups/group_download.py took 0.027 seconds
[2022-09-17 15:00:14,551] {processor.py:153} INFO - Started process (PID=3018) to work on /opt/airflow/dags/groups/group_download.py
[2022-09-17 15:00:14,552] {processor.py:641} INFO - Processing file /opt/airflow/dags/groups/group_download.py for tasks to queue
[2022-09-17 15:00:14,553] {logging_mixin.py:115} INFO - [2022-09-17 15:00:14,553] {dagbag.py:507} INFO - Filling up the DagBag from /opt/airflow/dags/groups/group_download.py
[2022-09-17 15:00:14,559] {processor.py:653} WARNING - No viable dags retrieved from /opt/airflow/dags/groups/group_download.py
[2022-09-17 15:00:14,585] {processor.py:161} INFO - Processing /opt/airflow/dags/groups/group_download.py took 0.039 seconds
[2022-09-17 15:00:44,877] {processor.py:153} INFO - Started process (PID=3041) to work on /opt/airflow/dags/groups/group_download.py
[2022-09-17 15:00:44,878] {processor.py:641} INFO - Processing file /opt/airflow/dags/groups/group_download.py for tasks to queue
[2022-09-17 15:00:44,878] {logging_mixin.py:115} INFO - [2022-09-17 15:00:44,878] {dagbag.py:507} INFO - Filling up the DagBag from /opt/airflow/dags/groups/group_download.py
[2022-09-17 15:00:44,882] {processor.py:653} WARNING - No viable dags retrieved from /opt/airflow/dags/groups/group_download.py
[2022-09-17 15:00:44,900] {processor.py:161} INFO - Processing /opt/airflow/dags/groups/group_download.py took 0.027 seconds
[2022-09-17 15:01:15,082] {processor.py:153} INFO - Started process (PID=3065) to work on /opt/airflow/dags/groups/group_download.py
[2022-09-17 15:01:15,083] {processor.py:641} INFO - Processing file /opt/airflow/dags/groups/group_download.py for tasks to queue
[2022-09-17 15:01:15,084] {logging_mixin.py:115} INFO - [2022-09-17 15:01:15,084] {dagbag.py:507} INFO - Filling up the DagBag from /opt/airflow/dags/groups/group_download.py
[2022-09-17 15:01:15,088] {processor.py:653} WARNING - No viable dags retrieved from /opt/airflow/dags/groups/group_download.py
[2022-09-17 15:01:15,108] {processor.py:161} INFO - Processing /opt/airflow/dags/groups/group_download.py took 0.030 seconds
[2022-09-17 15:01:45,733] {processor.py:153} INFO - Started process (PID=3099) to work on /opt/airflow/dags/groups/group_download.py
[2022-09-17 15:01:45,734] {processor.py:641} INFO - Processing file /opt/airflow/dags/groups/group_download.py for tasks to queue
[2022-09-17 15:01:45,735] {logging_mixin.py:115} INFO - [2022-09-17 15:01:45,734] {dagbag.py:507} INFO - Filling up the DagBag from /opt/airflow/dags/groups/group_download.py
[2022-09-17 15:01:45,739] {processor.py:653} WARNING - No viable dags retrieved from /opt/airflow/dags/groups/group_download.py
[2022-09-17 15:01:45,759] {processor.py:161} INFO - Processing /opt/airflow/dags/groups/group_download.py took 0.029 seconds
[2022-09-17 15:02:15,852] {processor.py:153} INFO - Started process (PID=3122) to work on /opt/airflow/dags/groups/group_download.py
[2022-09-17 15:02:15,853] {processor.py:641} INFO - Processing file /opt/airflow/dags/groups/group_download.py for tasks to queue
[2022-09-17 15:02:15,853] {logging_mixin.py:115} INFO - [2022-09-17 15:02:15,853] {dagbag.py:507} INFO - Filling up the DagBag from /opt/airflow/dags/groups/group_download.py
[2022-09-17 15:02:15,857] {processor.py:653} WARNING - No viable dags retrieved from /opt/airflow/dags/groups/group_download.py
[2022-09-17 15:02:15,875] {processor.py:161} INFO - Processing /opt/airflow/dags/groups/group_download.py took 0.027 seconds
[2022-09-17 15:02:46,239] {processor.py:153} INFO - Started process (PID=3154) to work on /opt/airflow/dags/groups/group_download.py
[2022-09-17 15:02:46,239] {processor.py:641} INFO - Processing file /opt/airflow/dags/groups/group_download.py for tasks to queue
[2022-09-17 15:02:46,241] {logging_mixin.py:115} INFO - [2022-09-17 15:02:46,241] {dagbag.py:507} INFO - Filling up the DagBag from /opt/airflow/dags/groups/group_download.py
[2022-09-17 15:02:46,267] {processor.py:653} WARNING - No viable dags retrieved from /opt/airflow/dags/groups/group_download.py
[2022-09-17 15:02:46,786] {processor.py:161} INFO - Processing /opt/airflow/dags/groups/group_download.py took 0.562 seconds
[2022-09-17 15:09:26,446] {processor.py:153} INFO - Started process (PID=58) to work on /opt/airflow/dags/groups/group_download.py
[2022-09-17 15:09:26,466] {processor.py:641} INFO - Processing file /opt/airflow/dags/groups/group_download.py for tasks to queue
[2022-09-17 15:09:26,467] {logging_mixin.py:115} INFO - [2022-09-17 15:09:26,467] {dagbag.py:507} INFO - Filling up the DagBag from /opt/airflow/dags/groups/group_download.py
[2022-09-17 15:09:26,471] {processor.py:653} WARNING - No viable dags retrieved from /opt/airflow/dags/groups/group_download.py
[2022-09-17 15:09:26,543] {processor.py:161} INFO - Processing /opt/airflow/dags/groups/group_download.py took 0.113 seconds
[2022-09-17 15:10:04,761] {processor.py:153} INFO - Started process (PID=82) to work on /opt/airflow/dags/groups/group_download.py
[2022-09-17 15:10:04,780] {processor.py:641} INFO - Processing file /opt/airflow/dags/groups/group_download.py for tasks to queue
[2022-09-17 15:10:04,784] {logging_mixin.py:115} INFO - [2022-09-17 15:10:04,784] {dagbag.py:507} INFO - Filling up the DagBag from /opt/airflow/dags/groups/group_download.py
[2022-09-17 15:10:04,832] {processor.py:653} WARNING - No viable dags retrieved from /opt/airflow/dags/groups/group_download.py
[2022-09-17 15:10:05,131] {processor.py:161} INFO - Processing /opt/airflow/dags/groups/group_download.py took 0.382 seconds
[2022-09-17 15:10:35,891] {processor.py:153} INFO - Started process (PID=105) to work on /opt/airflow/dags/groups/group_download.py
[2022-09-17 15:10:35,892] {processor.py:641} INFO - Processing file /opt/airflow/dags/groups/group_download.py for tasks to queue
[2022-09-17 15:10:35,892] {logging_mixin.py:115} INFO - [2022-09-17 15:10:35,892] {dagbag.py:507} INFO - Filling up the DagBag from /opt/airflow/dags/groups/group_download.py
[2022-09-17 15:10:35,896] {processor.py:653} WARNING - No viable dags retrieved from /opt/airflow/dags/groups/group_download.py
[2022-09-17 15:10:35,926] {processor.py:161} INFO - Processing /opt/airflow/dags/groups/group_download.py took 0.039 seconds
[2022-09-17 15:11:06,089] {processor.py:153} INFO - Started process (PID=128) to work on /opt/airflow/dags/groups/group_download.py
[2022-09-17 15:11:06,089] {processor.py:641} INFO - Processing file /opt/airflow/dags/groups/group_download.py for tasks to queue
[2022-09-17 15:11:06,090] {logging_mixin.py:115} INFO - [2022-09-17 15:11:06,090] {dagbag.py:507} INFO - Filling up the DagBag from /opt/airflow/dags/groups/group_download.py
[2022-09-17 15:11:06,094] {processor.py:653} WARNING - No viable dags retrieved from /opt/airflow/dags/groups/group_download.py
[2022-09-17 15:11:06,110] {processor.py:161} INFO - Processing /opt/airflow/dags/groups/group_download.py took 0.025 seconds
[2022-09-17 15:11:36,445] {processor.py:153} INFO - Started process (PID=162) to work on /opt/airflow/dags/groups/group_download.py
[2022-09-17 15:11:36,445] {processor.py:641} INFO - Processing file /opt/airflow/dags/groups/group_download.py for tasks to queue
[2022-09-17 15:11:36,446] {logging_mixin.py:115} INFO - [2022-09-17 15:11:36,446] {dagbag.py:507} INFO - Filling up the DagBag from /opt/airflow/dags/groups/group_download.py
[2022-09-17 15:11:36,449] {processor.py:653} WARNING - No viable dags retrieved from /opt/airflow/dags/groups/group_download.py
[2022-09-17 15:11:36,466] {processor.py:161} INFO - Processing /opt/airflow/dags/groups/group_download.py took 0.024 seconds
[2022-09-17 15:12:06,831] {processor.py:153} INFO - Started process (PID=194) to work on /opt/airflow/dags/groups/group_download.py
[2022-09-17 15:12:06,831] {processor.py:641} INFO - Processing file /opt/airflow/dags/groups/group_download.py for tasks to queue
[2022-09-17 15:12:06,832] {logging_mixin.py:115} INFO - [2022-09-17 15:12:06,832] {dagbag.py:507} INFO - Filling up the DagBag from /opt/airflow/dags/groups/group_download.py
[2022-09-17 15:12:06,835] {processor.py:653} WARNING - No viable dags retrieved from /opt/airflow/dags/groups/group_download.py
[2022-09-17 15:12:06,850] {processor.py:161} INFO - Processing /opt/airflow/dags/groups/group_download.py took 0.023 seconds
[2022-09-17 15:12:36,948] {processor.py:153} INFO - Started process (PID=218) to work on /opt/airflow/dags/groups/group_download.py
[2022-09-17 15:12:36,948] {processor.py:641} INFO - Processing file /opt/airflow/dags/groups/group_download.py for tasks to queue
[2022-09-17 15:12:36,949] {logging_mixin.py:115} INFO - [2022-09-17 15:12:36,949] {dagbag.py:507} INFO - Filling up the DagBag from /opt/airflow/dags/groups/group_download.py
[2022-09-17 15:12:36,952] {processor.py:653} WARNING - No viable dags retrieved from /opt/airflow/dags/groups/group_download.py
[2022-09-17 15:12:36,968] {processor.py:161} INFO - Processing /opt/airflow/dags/groups/group_download.py took 0.023 seconds
[2022-09-17 15:13:07,353] {processor.py:153} INFO - Started process (PID=251) to work on /opt/airflow/dags/groups/group_download.py
[2022-09-17 15:13:07,354] {processor.py:641} INFO - Processing file /opt/airflow/dags/groups/group_download.py for tasks to queue
[2022-09-17 15:13:07,355] {logging_mixin.py:115} INFO - [2022-09-17 15:13:07,354] {dagbag.py:507} INFO - Filling up the DagBag from /opt/airflow/dags/groups/group_download.py
[2022-09-17 15:13:07,361] {processor.py:653} WARNING - No viable dags retrieved from /opt/airflow/dags/groups/group_download.py
[2022-09-17 15:13:07,447] {processor.py:161} INFO - Processing /opt/airflow/dags/groups/group_download.py took 0.111 seconds
[2022-09-17 15:13:37,920] {processor.py:153} INFO - Started process (PID=282) to work on /opt/airflow/dags/groups/group_download.py
[2022-09-17 15:13:37,921] {processor.py:641} INFO - Processing file /opt/airflow/dags/groups/group_download.py for tasks to queue
[2022-09-17 15:13:37,921] {logging_mixin.py:115} INFO - [2022-09-17 15:13:37,921] {dagbag.py:507} INFO - Filling up the DagBag from /opt/airflow/dags/groups/group_download.py
[2022-09-17 15:13:37,925] {processor.py:653} WARNING - No viable dags retrieved from /opt/airflow/dags/groups/group_download.py
[2022-09-17 15:13:37,940] {processor.py:161} INFO - Processing /opt/airflow/dags/groups/group_download.py took 0.023 seconds
[2022-09-17 15:14:08,297] {processor.py:153} INFO - Started process (PID=308) to work on /opt/airflow/dags/groups/group_download.py
[2022-09-17 15:14:08,298] {processor.py:641} INFO - Processing file /opt/airflow/dags/groups/group_download.py for tasks to queue
[2022-09-17 15:14:08,299] {logging_mixin.py:115} INFO - [2022-09-17 15:14:08,299] {dagbag.py:507} INFO - Filling up the DagBag from /opt/airflow/dags/groups/group_download.py
[2022-09-17 15:14:08,303] {processor.py:653} WARNING - No viable dags retrieved from /opt/airflow/dags/groups/group_download.py
[2022-09-17 15:14:08,318] {processor.py:161} INFO - Processing /opt/airflow/dags/groups/group_download.py took 0.024 seconds
[2022-09-17 15:14:38,759] {processor.py:153} INFO - Started process (PID=341) to work on /opt/airflow/dags/groups/group_download.py
[2022-09-17 15:14:38,760] {processor.py:641} INFO - Processing file /opt/airflow/dags/groups/group_download.py for tasks to queue
[2022-09-17 15:14:38,760] {logging_mixin.py:115} INFO - [2022-09-17 15:14:38,760] {dagbag.py:507} INFO - Filling up the DagBag from /opt/airflow/dags/groups/group_download.py
[2022-09-17 15:14:38,764] {processor.py:653} WARNING - No viable dags retrieved from /opt/airflow/dags/groups/group_download.py
[2022-09-17 15:14:38,780] {processor.py:161} INFO - Processing /opt/airflow/dags/groups/group_download.py took 0.025 seconds
[2022-09-17 15:15:10,076] {processor.py:153} INFO - Started process (PID=371) to work on /opt/airflow/dags/groups/group_download.py
[2022-09-17 15:15:10,078] {processor.py:641} INFO - Processing file /opt/airflow/dags/groups/group_download.py for tasks to queue
[2022-09-17 15:15:10,078] {logging_mixin.py:115} INFO - [2022-09-17 15:15:10,078] {dagbag.py:507} INFO - Filling up the DagBag from /opt/airflow/dags/groups/group_download.py
[2022-09-17 15:15:10,111] {processor.py:653} WARNING - No viable dags retrieved from /opt/airflow/dags/groups/group_download.py
[2022-09-17 15:15:10,173] {processor.py:161} INFO - Processing /opt/airflow/dags/groups/group_download.py took 0.162 seconds
[2022-09-17 15:15:40,281] {processor.py:153} INFO - Started process (PID=396) to work on /opt/airflow/dags/groups/group_download.py
[2022-09-17 15:15:40,281] {processor.py:641} INFO - Processing file /opt/airflow/dags/groups/group_download.py for tasks to queue
[2022-09-17 15:15:40,282] {logging_mixin.py:115} INFO - [2022-09-17 15:15:40,282] {dagbag.py:507} INFO - Filling up the DagBag from /opt/airflow/dags/groups/group_download.py
[2022-09-17 15:15:40,285] {processor.py:653} WARNING - No viable dags retrieved from /opt/airflow/dags/groups/group_download.py
[2022-09-17 15:15:40,302] {processor.py:161} INFO - Processing /opt/airflow/dags/groups/group_download.py took 0.025 seconds
[2022-09-17 15:16:10,507] {processor.py:153} INFO - Started process (PID=419) to work on /opt/airflow/dags/groups/group_download.py
[2022-09-17 15:16:10,510] {processor.py:641} INFO - Processing file /opt/airflow/dags/groups/group_download.py for tasks to queue
[2022-09-17 15:16:10,511] {logging_mixin.py:115} INFO - [2022-09-17 15:16:10,511] {dagbag.py:507} INFO - Filling up the DagBag from /opt/airflow/dags/groups/group_download.py
[2022-09-17 15:16:10,521] {processor.py:653} WARNING - No viable dags retrieved from /opt/airflow/dags/groups/group_download.py
[2022-09-17 15:16:10,571] {processor.py:161} INFO - Processing /opt/airflow/dags/groups/group_download.py took 0.067 seconds
[2022-09-17 15:16:41,081] {processor.py:153} INFO - Started process (PID=453) to work on /opt/airflow/dags/groups/group_download.py
[2022-09-17 15:16:41,082] {processor.py:641} INFO - Processing file /opt/airflow/dags/groups/group_download.py for tasks to queue
[2022-09-17 15:16:41,082] {logging_mixin.py:115} INFO - [2022-09-17 15:16:41,082] {dagbag.py:507} INFO - Filling up the DagBag from /opt/airflow/dags/groups/group_download.py
[2022-09-17 15:16:41,086] {processor.py:653} WARNING - No viable dags retrieved from /opt/airflow/dags/groups/group_download.py
[2022-09-17 15:16:41,101] {processor.py:161} INFO - Processing /opt/airflow/dags/groups/group_download.py took 0.023 seconds
[2022-09-17 15:17:11,741] {processor.py:153} INFO - Started process (PID=486) to work on /opt/airflow/dags/groups/group_download.py
[2022-09-17 15:17:11,744] {processor.py:641} INFO - Processing file /opt/airflow/dags/groups/group_download.py for tasks to queue
[2022-09-17 15:17:11,745] {logging_mixin.py:115} INFO - [2022-09-17 15:17:11,744] {dagbag.py:507} INFO - Filling up the DagBag from /opt/airflow/dags/groups/group_download.py
[2022-09-17 15:17:11,755] {processor.py:653} WARNING - No viable dags retrieved from /opt/airflow/dags/groups/group_download.py
[2022-09-17 15:17:11,795] {processor.py:161} INFO - Processing /opt/airflow/dags/groups/group_download.py took 0.058 seconds
[2022-09-17 15:17:42,415] {processor.py:153} INFO - Started process (PID=510) to work on /opt/airflow/dags/groups/group_download.py
[2022-09-17 15:17:42,416] {processor.py:641} INFO - Processing file /opt/airflow/dags/groups/group_download.py for tasks to queue
[2022-09-17 15:17:42,417] {logging_mixin.py:115} INFO - [2022-09-17 15:17:42,417] {dagbag.py:507} INFO - Filling up the DagBag from /opt/airflow/dags/groups/group_download.py
[2022-09-17 15:17:42,422] {processor.py:653} WARNING - No viable dags retrieved from /opt/airflow/dags/groups/group_download.py
[2022-09-17 15:17:42,460] {processor.py:161} INFO - Processing /opt/airflow/dags/groups/group_download.py took 0.060 seconds
[2022-09-17 15:18:12,654] {processor.py:153} INFO - Started process (PID=542) to work on /opt/airflow/dags/groups/group_download.py
[2022-09-17 15:18:12,655] {processor.py:641} INFO - Processing file /opt/airflow/dags/groups/group_download.py for tasks to queue
[2022-09-17 15:18:12,656] {logging_mixin.py:115} INFO - [2022-09-17 15:18:12,656] {dagbag.py:507} INFO - Filling up the DagBag from /opt/airflow/dags/groups/group_download.py
[2022-09-17 15:18:12,661] {processor.py:653} WARNING - No viable dags retrieved from /opt/airflow/dags/groups/group_download.py
[2022-09-17 15:18:12,677] {processor.py:161} INFO - Processing /opt/airflow/dags/groups/group_download.py took 0.027 seconds
[2022-09-17 15:18:43,257] {processor.py:153} INFO - Started process (PID=566) to work on /opt/airflow/dags/groups/group_download.py
[2022-09-17 15:18:43,257] {processor.py:641} INFO - Processing file /opt/airflow/dags/groups/group_download.py for tasks to queue
[2022-09-17 15:18:43,258] {logging_mixin.py:115} INFO - [2022-09-17 15:18:43,258] {dagbag.py:507} INFO - Filling up the DagBag from /opt/airflow/dags/groups/group_download.py
[2022-09-17 15:18:43,262] {processor.py:653} WARNING - No viable dags retrieved from /opt/airflow/dags/groups/group_download.py
[2022-09-17 15:18:43,279] {processor.py:161} INFO - Processing /opt/airflow/dags/groups/group_download.py took 0.025 seconds
[2022-09-17 15:19:13,860] {processor.py:153} INFO - Started process (PID=599) to work on /opt/airflow/dags/groups/group_download.py
[2022-09-17 15:19:13,861] {processor.py:641} INFO - Processing file /opt/airflow/dags/groups/group_download.py for tasks to queue
[2022-09-17 15:19:13,861] {logging_mixin.py:115} INFO - [2022-09-17 15:19:13,861] {dagbag.py:507} INFO - Filling up the DagBag from /opt/airflow/dags/groups/group_download.py
[2022-09-17 15:19:13,865] {processor.py:653} WARNING - No viable dags retrieved from /opt/airflow/dags/groups/group_download.py
[2022-09-17 15:19:13,882] {processor.py:161} INFO - Processing /opt/airflow/dags/groups/group_download.py took 0.025 seconds
[2022-09-17 15:19:44,155] {processor.py:153} INFO - Started process (PID=633) to work on /opt/airflow/dags/groups/group_download.py
[2022-09-17 15:19:44,155] {processor.py:641} INFO - Processing file /opt/airflow/dags/groups/group_download.py for tasks to queue
[2022-09-17 15:19:44,156] {logging_mixin.py:115} INFO - [2022-09-17 15:19:44,156] {dagbag.py:507} INFO - Filling up the DagBag from /opt/airflow/dags/groups/group_download.py
[2022-09-17 15:19:44,159] {processor.py:653} WARNING - No viable dags retrieved from /opt/airflow/dags/groups/group_download.py
[2022-09-17 15:19:44,178] {processor.py:161} INFO - Processing /opt/airflow/dags/groups/group_download.py took 0.027 seconds
[2022-09-17 15:20:14,877] {processor.py:153} INFO - Started process (PID=658) to work on /opt/airflow/dags/groups/group_download.py
[2022-09-17 15:20:14,877] {processor.py:641} INFO - Processing file /opt/airflow/dags/groups/group_download.py for tasks to queue
[2022-09-17 15:20:14,878] {logging_mixin.py:115} INFO - [2022-09-17 15:20:14,878] {dagbag.py:507} INFO - Filling up the DagBag from /opt/airflow/dags/groups/group_download.py
[2022-09-17 15:20:14,882] {processor.py:653} WARNING - No viable dags retrieved from /opt/airflow/dags/groups/group_download.py
[2022-09-17 15:20:14,899] {processor.py:161} INFO - Processing /opt/airflow/dags/groups/group_download.py took 0.025 seconds
[2022-09-17 15:20:45,369] {processor.py:153} INFO - Started process (PID=692) to work on /opt/airflow/dags/groups/group_download.py
[2022-09-17 15:20:45,371] {processor.py:641} INFO - Processing file /opt/airflow/dags/groups/group_download.py for tasks to queue
[2022-09-17 15:20:45,372] {logging_mixin.py:115} INFO - [2022-09-17 15:20:45,372] {dagbag.py:507} INFO - Filling up the DagBag from /opt/airflow/dags/groups/group_download.py
[2022-09-17 15:20:45,376] {processor.py:653} WARNING - No viable dags retrieved from /opt/airflow/dags/groups/group_download.py
[2022-09-17 15:20:45,394] {processor.py:161} INFO - Processing /opt/airflow/dags/groups/group_download.py took 0.028 seconds
[2022-09-17 15:21:15,926] {processor.py:153} INFO - Started process (PID=725) to work on /opt/airflow/dags/groups/group_download.py
[2022-09-17 15:21:15,927] {processor.py:641} INFO - Processing file /opt/airflow/dags/groups/group_download.py for tasks to queue
[2022-09-17 15:21:15,928] {logging_mixin.py:115} INFO - [2022-09-17 15:21:15,928] {dagbag.py:507} INFO - Filling up the DagBag from /opt/airflow/dags/groups/group_download.py
[2022-09-17 15:21:15,933] {processor.py:653} WARNING - No viable dags retrieved from /opt/airflow/dags/groups/group_download.py
[2022-09-17 15:21:15,957] {processor.py:161} INFO - Processing /opt/airflow/dags/groups/group_download.py took 0.034 seconds
[2022-09-17 15:21:46,314] {processor.py:153} INFO - Started process (PID=749) to work on /opt/airflow/dags/groups/group_download.py
[2022-09-17 15:21:46,314] {processor.py:641} INFO - Processing file /opt/airflow/dags/groups/group_download.py for tasks to queue
[2022-09-17 15:21:46,315] {logging_mixin.py:115} INFO - [2022-09-17 15:21:46,315] {dagbag.py:507} INFO - Filling up the DagBag from /opt/airflow/dags/groups/group_download.py
[2022-09-17 15:21:46,323] {processor.py:653} WARNING - No viable dags retrieved from /opt/airflow/dags/groups/group_download.py
[2022-09-17 15:21:46,347] {processor.py:161} INFO - Processing /opt/airflow/dags/groups/group_download.py took 0.045 seconds
[2022-09-17 15:22:16,632] {processor.py:153} INFO - Started process (PID=782) to work on /opt/airflow/dags/groups/group_download.py
[2022-09-17 15:22:16,633] {processor.py:641} INFO - Processing file /opt/airflow/dags/groups/group_download.py for tasks to queue
[2022-09-17 15:22:16,633] {logging_mixin.py:115} INFO - [2022-09-17 15:22:16,633] {dagbag.py:507} INFO - Filling up the DagBag from /opt/airflow/dags/groups/group_download.py
[2022-09-17 15:22:16,637] {processor.py:653} WARNING - No viable dags retrieved from /opt/airflow/dags/groups/group_download.py
[2022-09-17 15:22:16,662] {processor.py:161} INFO - Processing /opt/airflow/dags/groups/group_download.py took 0.033 seconds
[2022-09-17 15:22:47,323] {processor.py:153} INFO - Started process (PID=814) to work on /opt/airflow/dags/groups/group_download.py
[2022-09-17 15:22:47,324] {processor.py:641} INFO - Processing file /opt/airflow/dags/groups/group_download.py for tasks to queue
[2022-09-17 15:22:47,326] {logging_mixin.py:115} INFO - [2022-09-17 15:22:47,324] {dagbag.py:507} INFO - Filling up the DagBag from /opt/airflow/dags/groups/group_download.py
[2022-09-17 15:22:47,331] {processor.py:653} WARNING - No viable dags retrieved from /opt/airflow/dags/groups/group_download.py
[2022-09-17 15:22:47,348] {processor.py:161} INFO - Processing /opt/airflow/dags/groups/group_download.py took 0.028 seconds
[2022-09-17 15:23:17,815] {processor.py:153} INFO - Started process (PID=837) to work on /opt/airflow/dags/groups/group_download.py
[2022-09-17 15:23:17,816] {processor.py:641} INFO - Processing file /opt/airflow/dags/groups/group_download.py for tasks to queue
[2022-09-17 15:23:17,816] {logging_mixin.py:115} INFO - [2022-09-17 15:23:17,816] {dagbag.py:507} INFO - Filling up the DagBag from /opt/airflow/dags/groups/group_download.py
[2022-09-17 15:23:17,820] {processor.py:653} WARNING - No viable dags retrieved from /opt/airflow/dags/groups/group_download.py
[2022-09-17 15:23:17,836] {processor.py:161} INFO - Processing /opt/airflow/dags/groups/group_download.py took 0.025 seconds
[2022-09-17 15:23:48,046] {processor.py:153} INFO - Started process (PID=869) to work on /opt/airflow/dags/groups/group_download.py
[2022-09-17 15:23:48,047] {processor.py:641} INFO - Processing file /opt/airflow/dags/groups/group_download.py for tasks to queue
[2022-09-17 15:23:48,047] {logging_mixin.py:115} INFO - [2022-09-17 15:23:48,047] {dagbag.py:507} INFO - Filling up the DagBag from /opt/airflow/dags/groups/group_download.py
[2022-09-17 15:23:48,051] {processor.py:653} WARNING - No viable dags retrieved from /opt/airflow/dags/groups/group_download.py
[2022-09-17 15:23:48,068] {processor.py:161} INFO - Processing /opt/airflow/dags/groups/group_download.py took 0.025 seconds
[2022-09-17 15:24:18,103] {processor.py:153} INFO - Started process (PID=892) to work on /opt/airflow/dags/groups/group_download.py
[2022-09-17 15:24:18,104] {processor.py:641} INFO - Processing file /opt/airflow/dags/groups/group_download.py for tasks to queue
[2022-09-17 15:24:18,104] {logging_mixin.py:115} INFO - [2022-09-17 15:24:18,104] {dagbag.py:507} INFO - Filling up the DagBag from /opt/airflow/dags/groups/group_download.py
[2022-09-17 15:24:18,109] {processor.py:653} WARNING - No viable dags retrieved from /opt/airflow/dags/groups/group_download.py
[2022-09-17 15:24:18,126] {processor.py:161} INFO - Processing /opt/airflow/dags/groups/group_download.py took 0.026 seconds
[2022-09-17 15:24:48,588] {processor.py:153} INFO - Started process (PID=925) to work on /opt/airflow/dags/groups/group_download.py
[2022-09-17 15:24:48,589] {processor.py:641} INFO - Processing file /opt/airflow/dags/groups/group_download.py for tasks to queue
[2022-09-17 15:24:48,589] {logging_mixin.py:115} INFO - [2022-09-17 15:24:48,589] {dagbag.py:507} INFO - Filling up the DagBag from /opt/airflow/dags/groups/group_download.py
[2022-09-17 15:24:48,593] {processor.py:653} WARNING - No viable dags retrieved from /opt/airflow/dags/groups/group_download.py
[2022-09-17 15:24:48,609] {processor.py:161} INFO - Processing /opt/airflow/dags/groups/group_download.py took 0.024 seconds
[2022-09-17 15:25:18,849] {processor.py:153} INFO - Started process (PID=949) to work on /opt/airflow/dags/groups/group_download.py
[2022-09-17 15:25:18,850] {processor.py:641} INFO - Processing file /opt/airflow/dags/groups/group_download.py for tasks to queue
[2022-09-17 15:25:18,851] {logging_mixin.py:115} INFO - [2022-09-17 15:25:18,851] {dagbag.py:507} INFO - Filling up the DagBag from /opt/airflow/dags/groups/group_download.py
[2022-09-17 15:25:18,855] {processor.py:653} WARNING - No viable dags retrieved from /opt/airflow/dags/groups/group_download.py
[2022-09-17 15:25:18,873] {processor.py:161} INFO - Processing /opt/airflow/dags/groups/group_download.py took 0.028 seconds
[2022-09-17 15:25:49,227] {processor.py:153} INFO - Started process (PID=982) to work on /opt/airflow/dags/groups/group_download.py
[2022-09-17 15:25:49,228] {processor.py:641} INFO - Processing file /opt/airflow/dags/groups/group_download.py for tasks to queue
[2022-09-17 15:25:49,228] {logging_mixin.py:115} INFO - [2022-09-17 15:25:49,228] {dagbag.py:507} INFO - Filling up the DagBag from /opt/airflow/dags/groups/group_download.py
[2022-09-17 15:25:49,232] {processor.py:653} WARNING - No viable dags retrieved from /opt/airflow/dags/groups/group_download.py
[2022-09-17 15:25:49,267] {processor.py:161} INFO - Processing /opt/airflow/dags/groups/group_download.py took 0.043 seconds
[2022-09-17 15:26:20,173] {processor.py:153} INFO - Started process (PID=1015) to work on /opt/airflow/dags/groups/group_download.py
[2022-09-17 15:26:20,173] {processor.py:641} INFO - Processing file /opt/airflow/dags/groups/group_download.py for tasks to queue
[2022-09-17 15:26:20,174] {logging_mixin.py:115} INFO - [2022-09-17 15:26:20,174] {dagbag.py:507} INFO - Filling up the DagBag from /opt/airflow/dags/groups/group_download.py
[2022-09-17 15:26:20,178] {processor.py:653} WARNING - No viable dags retrieved from /opt/airflow/dags/groups/group_download.py
[2022-09-17 15:26:20,196] {processor.py:161} INFO - Processing /opt/airflow/dags/groups/group_download.py took 0.027 seconds
[2022-09-17 15:26:50,259] {processor.py:153} INFO - Started process (PID=1039) to work on /opt/airflow/dags/groups/group_download.py
[2022-09-17 15:26:50,260] {processor.py:641} INFO - Processing file /opt/airflow/dags/groups/group_download.py for tasks to queue
[2022-09-17 15:26:50,260] {logging_mixin.py:115} INFO - [2022-09-17 15:26:50,260] {dagbag.py:507} INFO - Filling up the DagBag from /opt/airflow/dags/groups/group_download.py
[2022-09-17 15:26:50,264] {processor.py:653} WARNING - No viable dags retrieved from /opt/airflow/dags/groups/group_download.py
[2022-09-17 15:26:50,292] {processor.py:161} INFO - Processing /opt/airflow/dags/groups/group_download.py took 0.038 seconds
[2022-09-17 15:27:21,009] {processor.py:153} INFO - Started process (PID=1091) to work on /opt/airflow/dags/groups/group_download.py
[2022-09-17 15:27:21,010] {processor.py:641} INFO - Processing file /opt/airflow/dags/groups/group_download.py for tasks to queue
[2022-09-17 15:27:21,011] {logging_mixin.py:115} INFO - [2022-09-17 15:27:21,011] {dagbag.py:507} INFO - Filling up the DagBag from /opt/airflow/dags/groups/group_download.py
[2022-09-17 15:27:21,015] {processor.py:653} WARNING - No viable dags retrieved from /opt/airflow/dags/groups/group_download.py
[2022-09-17 15:27:21,032] {processor.py:161} INFO - Processing /opt/airflow/dags/groups/group_download.py took 0.026 seconds
[2022-09-17 15:27:51,386] {processor.py:153} INFO - Started process (PID=1126) to work on /opt/airflow/dags/groups/group_download.py
[2022-09-17 15:27:51,387] {processor.py:641} INFO - Processing file /opt/airflow/dags/groups/group_download.py for tasks to queue
[2022-09-17 15:27:51,394] {logging_mixin.py:115} INFO - [2022-09-17 15:27:51,388] {dagbag.py:507} INFO - Filling up the DagBag from /opt/airflow/dags/groups/group_download.py
[2022-09-17 15:27:51,408] {processor.py:653} WARNING - No viable dags retrieved from /opt/airflow/dags/groups/group_download.py
[2022-09-17 15:27:51,429] {processor.py:161} INFO - Processing /opt/airflow/dags/groups/group_download.py took 0.053 seconds
[2022-09-17 15:28:21,951] {processor.py:153} INFO - Started process (PID=1152) to work on /opt/airflow/dags/groups/group_download.py
[2022-09-17 15:28:21,954] {processor.py:641} INFO - Processing file /opt/airflow/dags/groups/group_download.py for tasks to queue
[2022-09-17 15:28:21,955] {logging_mixin.py:115} INFO - [2022-09-17 15:28:21,955] {dagbag.py:507} INFO - Filling up the DagBag from /opt/airflow/dags/groups/group_download.py
[2022-09-17 15:28:21,959] {processor.py:653} WARNING - No viable dags retrieved from /opt/airflow/dags/groups/group_download.py
[2022-09-17 15:28:21,976] {processor.py:161} INFO - Processing /opt/airflow/dags/groups/group_download.py took 0.029 seconds
[2022-09-17 15:28:52,631] {processor.py:153} INFO - Started process (PID=1186) to work on /opt/airflow/dags/groups/group_download.py
[2022-09-17 15:28:52,633] {processor.py:641} INFO - Processing file /opt/airflow/dags/groups/group_download.py for tasks to queue
[2022-09-17 15:28:52,633] {logging_mixin.py:115} INFO - [2022-09-17 15:28:52,633] {dagbag.py:507} INFO - Filling up the DagBag from /opt/airflow/dags/groups/group_download.py
[2022-09-17 15:28:52,638] {processor.py:653} WARNING - No viable dags retrieved from /opt/airflow/dags/groups/group_download.py
[2022-09-17 15:28:52,657] {processor.py:161} INFO - Processing /opt/airflow/dags/groups/group_download.py took 0.030 seconds
[2022-09-17 15:32:24,727] {processor.py:153} INFO - Started process (PID=52) to work on /opt/airflow/dags/groups/group_download.py
[2022-09-17 15:32:24,730] {processor.py:641} INFO - Processing file /opt/airflow/dags/groups/group_download.py for tasks to queue
[2022-09-17 15:32:24,731] {logging_mixin.py:115} INFO - [2022-09-17 15:32:24,731] {dagbag.py:507} INFO - Filling up the DagBag from /opt/airflow/dags/groups/group_download.py
[2022-09-17 15:32:24,734] {processor.py:653} WARNING - No viable dags retrieved from /opt/airflow/dags/groups/group_download.py
[2022-09-17 15:32:24,779] {processor.py:161} INFO - Processing /opt/airflow/dags/groups/group_download.py took 0.064 seconds
[2022-09-17 15:33:02,153] {processor.py:153} INFO - Started process (PID=76) to work on /opt/airflow/dags/groups/group_download.py
[2022-09-17 15:33:02,184] {processor.py:641} INFO - Processing file /opt/airflow/dags/groups/group_download.py for tasks to queue
[2022-09-17 15:33:02,187] {logging_mixin.py:115} INFO - [2022-09-17 15:33:02,187] {dagbag.py:507} INFO - Filling up the DagBag from /opt/airflow/dags/groups/group_download.py
[2022-09-17 15:33:02,313] {processor.py:653} WARNING - No viable dags retrieved from /opt/airflow/dags/groups/group_download.py
[2022-09-17 15:33:02,407] {processor.py:161} INFO - Processing /opt/airflow/dags/groups/group_download.py took 0.257 seconds
[2022-09-17 15:33:33,449] {processor.py:153} INFO - Started process (PID=103) to work on /opt/airflow/dags/groups/group_download.py
[2022-09-17 15:33:33,452] {processor.py:641} INFO - Processing file /opt/airflow/dags/groups/group_download.py for tasks to queue
[2022-09-17 15:33:33,452] {logging_mixin.py:115} INFO - [2022-09-17 15:33:33,452] {dagbag.py:507} INFO - Filling up the DagBag from /opt/airflow/dags/groups/group_download.py
[2022-09-17 15:33:33,462] {processor.py:653} WARNING - No viable dags retrieved from /opt/airflow/dags/groups/group_download.py
[2022-09-17 15:33:33,483] {processor.py:161} INFO - Processing /opt/airflow/dags/groups/group_download.py took 0.044 seconds
[2022-09-17 15:34:04,346] {processor.py:153} INFO - Started process (PID=138) to work on /opt/airflow/dags/groups/group_download.py
[2022-09-17 15:34:04,348] {processor.py:641} INFO - Processing file /opt/airflow/dags/groups/group_download.py for tasks to queue
[2022-09-17 15:34:04,348] {logging_mixin.py:115} INFO - [2022-09-17 15:34:04,348] {dagbag.py:507} INFO - Filling up the DagBag from /opt/airflow/dags/groups/group_download.py
[2022-09-17 15:34:04,355] {processor.py:653} WARNING - No viable dags retrieved from /opt/airflow/dags/groups/group_download.py
[2022-09-17 15:34:04,379] {processor.py:161} INFO - Processing /opt/airflow/dags/groups/group_download.py took 0.042 seconds
[2022-09-17 15:34:38,960] {processor.py:153} INFO - Started process (PID=173) to work on /opt/airflow/dags/groups/group_download.py
[2022-09-17 15:34:38,961] {processor.py:641} INFO - Processing file /opt/airflow/dags/groups/group_download.py for tasks to queue
[2022-09-17 15:34:38,962] {logging_mixin.py:115} INFO - [2022-09-17 15:34:38,961] {dagbag.py:507} INFO - Filling up the DagBag from /opt/airflow/dags/groups/group_download.py
[2022-09-17 15:34:38,965] {processor.py:653} WARNING - No viable dags retrieved from /opt/airflow/dags/groups/group_download.py
[2022-09-17 15:34:38,984] {processor.py:161} INFO - Processing /opt/airflow/dags/groups/group_download.py took 0.028 seconds
[2022-09-17 15:35:09,585] {processor.py:153} INFO - Started process (PID=198) to work on /opt/airflow/dags/groups/group_download.py
[2022-09-17 15:35:09,585] {processor.py:641} INFO - Processing file /opt/airflow/dags/groups/group_download.py for tasks to queue
[2022-09-17 15:35:09,586] {logging_mixin.py:115} INFO - [2022-09-17 15:35:09,586] {dagbag.py:507} INFO - Filling up the DagBag from /opt/airflow/dags/groups/group_download.py
[2022-09-17 15:35:09,592] {processor.py:653} WARNING - No viable dags retrieved from /opt/airflow/dags/groups/group_download.py
[2022-09-17 15:35:09,612] {processor.py:161} INFO - Processing /opt/airflow/dags/groups/group_download.py took 0.031 seconds
[2022-09-17 15:35:40,283] {processor.py:153} INFO - Started process (PID=251) to work on /opt/airflow/dags/groups/group_download.py
[2022-09-17 15:35:40,284] {processor.py:641} INFO - Processing file /opt/airflow/dags/groups/group_download.py for tasks to queue
[2022-09-17 15:35:40,284] {logging_mixin.py:115} INFO - [2022-09-17 15:35:40,284] {dagbag.py:507} INFO - Filling up the DagBag from /opt/airflow/dags/groups/group_download.py
[2022-09-17 15:35:40,289] {processor.py:653} WARNING - No viable dags retrieved from /opt/airflow/dags/groups/group_download.py
[2022-09-17 15:35:40,312] {processor.py:161} INFO - Processing /opt/airflow/dags/groups/group_download.py took 0.032 seconds
[2022-09-17 15:37:31,430] {processor.py:153} INFO - Started process (PID=62) to work on /opt/airflow/dags/groups/group_download.py
[2022-09-17 15:37:31,442] {processor.py:641} INFO - Processing file /opt/airflow/dags/groups/group_download.py for tasks to queue
[2022-09-17 15:37:31,448] {logging_mixin.py:115} INFO - [2022-09-17 15:37:31,448] {dagbag.py:507} INFO - Filling up the DagBag from /opt/airflow/dags/groups/group_download.py
[2022-09-17 15:37:31,469] {processor.py:653} WARNING - No viable dags retrieved from /opt/airflow/dags/groups/group_download.py
[2022-09-17 15:37:31,651] {processor.py:161} INFO - Processing /opt/airflow/dags/groups/group_download.py took 0.235 seconds
[2022-09-17 15:38:02,619] {processor.py:153} INFO - Started process (PID=83) to work on /opt/airflow/dags/groups/group_download.py
[2022-09-17 15:38:02,640] {processor.py:641} INFO - Processing file /opt/airflow/dags/groups/group_download.py for tasks to queue
[2022-09-17 15:38:02,656] {logging_mixin.py:115} INFO - [2022-09-17 15:38:02,656] {dagbag.py:507} INFO - Filling up the DagBag from /opt/airflow/dags/groups/group_download.py
[2022-09-17 15:38:02,714] {processor.py:653} WARNING - No viable dags retrieved from /opt/airflow/dags/groups/group_download.py
[2022-09-17 15:38:02,899] {processor.py:161} INFO - Processing /opt/airflow/dags/groups/group_download.py took 0.374 seconds
[2022-09-17 15:38:33,044] {processor.py:153} INFO - Started process (PID=112) to work on /opt/airflow/dags/groups/group_download.py
[2022-09-17 15:38:33,057] {processor.py:641} INFO - Processing file /opt/airflow/dags/groups/group_download.py for tasks to queue
[2022-09-17 15:38:33,058] {logging_mixin.py:115} INFO - [2022-09-17 15:38:33,058] {dagbag.py:507} INFO - Filling up the DagBag from /opt/airflow/dags/groups/group_download.py
[2022-09-17 15:38:33,112] {processor.py:653} WARNING - No viable dags retrieved from /opt/airflow/dags/groups/group_download.py
[2022-09-17 15:38:33,272] {processor.py:161} INFO - Processing /opt/airflow/dags/groups/group_download.py took 0.231 seconds
[2022-09-17 15:39:03,475] {processor.py:153} INFO - Started process (PID=138) to work on /opt/airflow/dags/groups/group_download.py
[2022-09-17 15:39:03,475] {processor.py:641} INFO - Processing file /opt/airflow/dags/groups/group_download.py for tasks to queue
[2022-09-17 15:39:03,476] {logging_mixin.py:115} INFO - [2022-09-17 15:39:03,476] {dagbag.py:507} INFO - Filling up the DagBag from /opt/airflow/dags/groups/group_download.py
[2022-09-17 15:39:03,480] {processor.py:653} WARNING - No viable dags retrieved from /opt/airflow/dags/groups/group_download.py
[2022-09-17 15:39:03,496] {processor.py:161} INFO - Processing /opt/airflow/dags/groups/group_download.py took 0.025 seconds
[2022-09-17 15:39:33,735] {processor.py:153} INFO - Started process (PID=174) to work on /opt/airflow/dags/groups/group_download.py
[2022-09-17 15:39:33,736] {processor.py:641} INFO - Processing file /opt/airflow/dags/groups/group_download.py for tasks to queue
[2022-09-17 15:39:33,736] {logging_mixin.py:115} INFO - [2022-09-17 15:39:33,736] {dagbag.py:507} INFO - Filling up the DagBag from /opt/airflow/dags/groups/group_download.py
[2022-09-17 15:39:33,740] {processor.py:653} WARNING - No viable dags retrieved from /opt/airflow/dags/groups/group_download.py
[2022-09-17 15:39:33,756] {processor.py:161} INFO - Processing /opt/airflow/dags/groups/group_download.py took 0.025 seconds
[2022-09-17 15:40:04,548] {processor.py:153} INFO - Started process (PID=201) to work on /opt/airflow/dags/groups/group_download.py
[2022-09-17 15:40:04,549] {processor.py:641} INFO - Processing file /opt/airflow/dags/groups/group_download.py for tasks to queue
[2022-09-17 15:40:04,549] {logging_mixin.py:115} INFO - [2022-09-17 15:40:04,549] {dagbag.py:507} INFO - Filling up the DagBag from /opt/airflow/dags/groups/group_download.py
[2022-09-17 15:40:04,553] {processor.py:653} WARNING - No viable dags retrieved from /opt/airflow/dags/groups/group_download.py
[2022-09-17 15:40:04,570] {processor.py:161} INFO - Processing /opt/airflow/dags/groups/group_download.py took 0.024 seconds
[2022-09-17 15:40:34,650] {processor.py:153} INFO - Started process (PID=236) to work on /opt/airflow/dags/groups/group_download.py
[2022-09-17 15:40:34,651] {processor.py:641} INFO - Processing file /opt/airflow/dags/groups/group_download.py for tasks to queue
[2022-09-17 15:40:34,651] {logging_mixin.py:115} INFO - [2022-09-17 15:40:34,651] {dagbag.py:507} INFO - Filling up the DagBag from /opt/airflow/dags/groups/group_download.py
[2022-09-17 15:40:34,655] {processor.py:653} WARNING - No viable dags retrieved from /opt/airflow/dags/groups/group_download.py
[2022-09-17 15:40:34,671] {processor.py:161} INFO - Processing /opt/airflow/dags/groups/group_download.py took 0.025 seconds
[2022-09-17 15:41:05,622] {processor.py:153} INFO - Started process (PID=270) to work on /opt/airflow/dags/groups/group_download.py
[2022-09-17 15:41:05,625] {processor.py:641} INFO - Processing file /opt/airflow/dags/groups/group_download.py for tasks to queue
[2022-09-17 15:41:05,626] {logging_mixin.py:115} INFO - [2022-09-17 15:41:05,626] {dagbag.py:507} INFO - Filling up the DagBag from /opt/airflow/dags/groups/group_download.py
[2022-09-17 15:41:05,630] {processor.py:653} WARNING - No viable dags retrieved from /opt/airflow/dags/groups/group_download.py
[2022-09-17 15:41:05,665] {processor.py:161} INFO - Processing /opt/airflow/dags/groups/group_download.py took 0.046 seconds
[2022-09-17 15:41:36,496] {processor.py:153} INFO - Started process (PID=296) to work on /opt/airflow/dags/groups/group_download.py
[2022-09-17 15:41:36,497] {processor.py:641} INFO - Processing file /opt/airflow/dags/groups/group_download.py for tasks to queue
[2022-09-17 15:41:36,498] {logging_mixin.py:115} INFO - [2022-09-17 15:41:36,498] {dagbag.py:507} INFO - Filling up the DagBag from /opt/airflow/dags/groups/group_download.py
[2022-09-17 15:41:36,509] {processor.py:653} WARNING - No viable dags retrieved from /opt/airflow/dags/groups/group_download.py
[2022-09-17 15:41:36,565] {processor.py:161} INFO - Processing /opt/airflow/dags/groups/group_download.py took 0.078 seconds
[2022-09-17 15:42:07,066] {processor.py:153} INFO - Started process (PID=331) to work on /opt/airflow/dags/groups/group_download.py
[2022-09-17 15:42:07,066] {processor.py:641} INFO - Processing file /opt/airflow/dags/groups/group_download.py for tasks to queue
[2022-09-17 15:42:07,067] {logging_mixin.py:115} INFO - [2022-09-17 15:42:07,067] {dagbag.py:507} INFO - Filling up the DagBag from /opt/airflow/dags/groups/group_download.py
[2022-09-17 15:42:07,070] {processor.py:653} WARNING - No viable dags retrieved from /opt/airflow/dags/groups/group_download.py
[2022-09-17 15:42:07,087] {processor.py:161} INFO - Processing /opt/airflow/dags/groups/group_download.py took 0.025 seconds
