[2022-09-17 13:29:14,445] {processor.py:153} INFO - Started process (PID=67) to work on /home/airflow/.local/lib/python3.7/site-packages/airflow/example_dags/example_branch_python_dop_operator_3.py
[2022-09-17 13:29:14,446] {processor.py:641} INFO - Processing file /home/airflow/.local/lib/python3.7/site-packages/airflow/example_dags/example_branch_python_dop_operator_3.py for tasks to queue
[2022-09-17 13:29:14,450] {logging_mixin.py:115} INFO - [2022-09-17 13:29:14,450] {dagbag.py:507} INFO - Filling up the DagBag from /home/airflow/.local/lib/python3.7/site-packages/airflow/example_dags/example_branch_python_dop_operator_3.py
[2022-09-17 13:29:16,574] {processor.py:651} INFO - DAG(s) dict_keys(['example_branch_dop_operator_v3']) retrieved from /home/airflow/.local/lib/python3.7/site-packages/airflow/example_dags/example_branch_python_dop_operator_3.py
[2022-09-17 13:29:24,074] {logging_mixin.py:115} INFO - [2022-09-17 13:29:24,074] {manager.py:508} INFO - Created Permission View: can delete on DAG:example_branch_dop_operator_v3
[2022-09-17 13:29:24,082] {logging_mixin.py:115} INFO - [2022-09-17 13:29:24,082] {manager.py:508} INFO - Created Permission View: can edit on DAG:example_branch_dop_operator_v3
[2022-09-17 13:29:24,089] {logging_mixin.py:115} INFO - [2022-09-17 13:29:24,088] {manager.py:508} INFO - Created Permission View: can read on DAG:example_branch_dop_operator_v3
[2022-09-17 13:29:24,089] {logging_mixin.py:115} INFO - [2022-09-17 13:29:24,089] {dag.py:2371} INFO - Sync 1 DAGs
[2022-09-17 13:29:24,098] {logging_mixin.py:115} INFO - [2022-09-17 13:29:24,098] {dag.py:2390} INFO - Creating ORM DAG for example_branch_dop_operator_v3
[2022-09-17 13:29:24,115] {logging_mixin.py:115} INFO - [2022-09-17 13:29:24,115] {dag.py:2919} INFO - Setting next_dagrun for example_branch_dop_operator_v3 to 2022-09-17T13:28:00+00:00, run_after=2022-09-17T13:29:00+00:00
[2022-09-17 13:29:24,128] {processor.py:161} INFO - Processing /home/airflow/.local/lib/python3.7/site-packages/airflow/example_dags/example_branch_python_dop_operator_3.py took 9.701 seconds
[2022-09-17 13:29:54,891] {processor.py:153} INFO - Started process (PID=118) to work on /home/airflow/.local/lib/python3.7/site-packages/airflow/example_dags/example_branch_python_dop_operator_3.py
[2022-09-17 13:29:54,893] {processor.py:641} INFO - Processing file /home/airflow/.local/lib/python3.7/site-packages/airflow/example_dags/example_branch_python_dop_operator_3.py for tasks to queue
[2022-09-17 13:29:54,894] {logging_mixin.py:115} INFO - [2022-09-17 13:29:54,894] {dagbag.py:507} INFO - Filling up the DagBag from /home/airflow/.local/lib/python3.7/site-packages/airflow/example_dags/example_branch_python_dop_operator_3.py
[2022-09-17 13:29:54,984] {processor.py:651} INFO - DAG(s) dict_keys(['example_branch_dop_operator_v3']) retrieved from /home/airflow/.local/lib/python3.7/site-packages/airflow/example_dags/example_branch_python_dop_operator_3.py
[2022-09-17 13:29:56,195] {logging_mixin.py:115} INFO - [2022-09-17 13:29:56,195] {dag.py:2371} INFO - Sync 1 DAGs
[2022-09-17 13:29:56,550] {logging_mixin.py:115} INFO - [2022-09-17 13:29:56,549] {dag.py:2919} INFO - Setting next_dagrun for example_branch_dop_operator_v3 to 2022-09-17T13:28:00+00:00, run_after=2022-09-17T13:29:00+00:00
[2022-09-17 13:29:58,625] {processor.py:161} INFO - Processing /home/airflow/.local/lib/python3.7/site-packages/airflow/example_dags/example_branch_python_dop_operator_3.py took 3.753 seconds
[2022-09-17 13:30:28,770] {processor.py:153} INFO - Started process (PID=170) to work on /home/airflow/.local/lib/python3.7/site-packages/airflow/example_dags/example_branch_python_dop_operator_3.py
[2022-09-17 13:30:28,771] {processor.py:641} INFO - Processing file /home/airflow/.local/lib/python3.7/site-packages/airflow/example_dags/example_branch_python_dop_operator_3.py for tasks to queue
[2022-09-17 13:30:28,772] {logging_mixin.py:115} INFO - [2022-09-17 13:30:28,772] {dagbag.py:507} INFO - Filling up the DagBag from /home/airflow/.local/lib/python3.7/site-packages/airflow/example_dags/example_branch_python_dop_operator_3.py
[2022-09-17 13:30:28,787] {processor.py:651} INFO - DAG(s) dict_keys(['example_branch_dop_operator_v3']) retrieved from /home/airflow/.local/lib/python3.7/site-packages/airflow/example_dags/example_branch_python_dop_operator_3.py
[2022-09-17 13:30:28,826] {logging_mixin.py:115} INFO - [2022-09-17 13:30:28,826] {dag.py:2371} INFO - Sync 1 DAGs
[2022-09-17 13:30:28,863] {logging_mixin.py:115} INFO - [2022-09-17 13:30:28,862] {dag.py:2919} INFO - Setting next_dagrun for example_branch_dop_operator_v3 to 2022-09-17T13:29:00+00:00, run_after=2022-09-17T13:30:00+00:00
[2022-09-17 13:30:29,055] {processor.py:161} INFO - Processing /home/airflow/.local/lib/python3.7/site-packages/airflow/example_dags/example_branch_python_dop_operator_3.py took 0.289 seconds
[2022-09-17 13:30:59,518] {processor.py:153} INFO - Started process (PID=222) to work on /home/airflow/.local/lib/python3.7/site-packages/airflow/example_dags/example_branch_python_dop_operator_3.py
[2022-09-17 13:30:59,521] {processor.py:641} INFO - Processing file /home/airflow/.local/lib/python3.7/site-packages/airflow/example_dags/example_branch_python_dop_operator_3.py for tasks to queue
[2022-09-17 13:30:59,521] {logging_mixin.py:115} INFO - [2022-09-17 13:30:59,521] {dagbag.py:507} INFO - Filling up the DagBag from /home/airflow/.local/lib/python3.7/site-packages/airflow/example_dags/example_branch_python_dop_operator_3.py
[2022-09-17 13:30:59,533] {processor.py:651} INFO - DAG(s) dict_keys(['example_branch_dop_operator_v3']) retrieved from /home/airflow/.local/lib/python3.7/site-packages/airflow/example_dags/example_branch_python_dop_operator_3.py
[2022-09-17 13:30:59,571] {logging_mixin.py:115} INFO - [2022-09-17 13:30:59,571] {dag.py:2371} INFO - Sync 1 DAGs
[2022-09-17 13:30:59,607] {logging_mixin.py:115} INFO - [2022-09-17 13:30:59,607] {dag.py:2919} INFO - Setting next_dagrun for example_branch_dop_operator_v3 to 2022-09-17T13:29:00+00:00, run_after=2022-09-17T13:30:00+00:00
[2022-09-17 13:31:00,044] {processor.py:161} INFO - Processing /home/airflow/.local/lib/python3.7/site-packages/airflow/example_dags/example_branch_python_dop_operator_3.py took 0.530 seconds
[2022-09-17 13:31:30,137] {processor.py:153} INFO - Started process (PID=273) to work on /home/airflow/.local/lib/python3.7/site-packages/airflow/example_dags/example_branch_python_dop_operator_3.py
[2022-09-17 13:31:30,139] {processor.py:641} INFO - Processing file /home/airflow/.local/lib/python3.7/site-packages/airflow/example_dags/example_branch_python_dop_operator_3.py for tasks to queue
[2022-09-17 13:31:30,140] {logging_mixin.py:115} INFO - [2022-09-17 13:31:30,139] {dagbag.py:507} INFO - Filling up the DagBag from /home/airflow/.local/lib/python3.7/site-packages/airflow/example_dags/example_branch_python_dop_operator_3.py
[2022-09-17 13:31:30,169] {processor.py:651} INFO - DAG(s) dict_keys(['example_branch_dop_operator_v3']) retrieved from /home/airflow/.local/lib/python3.7/site-packages/airflow/example_dags/example_branch_python_dop_operator_3.py
[2022-09-17 13:31:30,204] {logging_mixin.py:115} INFO - [2022-09-17 13:31:30,204] {dag.py:2371} INFO - Sync 1 DAGs
[2022-09-17 13:31:30,243] {logging_mixin.py:115} INFO - [2022-09-17 13:31:30,243] {dag.py:2919} INFO - Setting next_dagrun for example_branch_dop_operator_v3 to 2022-09-17T13:30:00+00:00, run_after=2022-09-17T13:31:00+00:00
[2022-09-17 13:31:30,448] {processor.py:161} INFO - Processing /home/airflow/.local/lib/python3.7/site-packages/airflow/example_dags/example_branch_python_dop_operator_3.py took 0.323 seconds
[2022-09-17 13:32:00,494] {processor.py:153} INFO - Started process (PID=334) to work on /home/airflow/.local/lib/python3.7/site-packages/airflow/example_dags/example_branch_python_dop_operator_3.py
[2022-09-17 13:32:00,496] {processor.py:641} INFO - Processing file /home/airflow/.local/lib/python3.7/site-packages/airflow/example_dags/example_branch_python_dop_operator_3.py for tasks to queue
[2022-09-17 13:32:00,497] {logging_mixin.py:115} INFO - [2022-09-17 13:32:00,497] {dagbag.py:507} INFO - Filling up the DagBag from /home/airflow/.local/lib/python3.7/site-packages/airflow/example_dags/example_branch_python_dop_operator_3.py
[2022-09-17 13:32:00,517] {processor.py:651} INFO - DAG(s) dict_keys(['example_branch_dop_operator_v3']) retrieved from /home/airflow/.local/lib/python3.7/site-packages/airflow/example_dags/example_branch_python_dop_operator_3.py
[2022-09-17 13:32:00,585] {logging_mixin.py:115} INFO - [2022-09-17 13:32:00,585] {dag.py:2371} INFO - Sync 1 DAGs
[2022-09-17 13:32:00,654] {logging_mixin.py:115} INFO - [2022-09-17 13:32:00,654] {dag.py:2919} INFO - Setting next_dagrun for example_branch_dop_operator_v3 to 2022-09-17T13:31:00+00:00, run_after=2022-09-17T13:32:00+00:00
[2022-09-17 13:32:01,191] {processor.py:161} INFO - Processing /home/airflow/.local/lib/python3.7/site-packages/airflow/example_dags/example_branch_python_dop_operator_3.py took 0.712 seconds
[2022-09-17 13:32:31,728] {processor.py:153} INFO - Started process (PID=386) to work on /home/airflow/.local/lib/python3.7/site-packages/airflow/example_dags/example_branch_python_dop_operator_3.py
[2022-09-17 13:32:31,730] {processor.py:641} INFO - Processing file /home/airflow/.local/lib/python3.7/site-packages/airflow/example_dags/example_branch_python_dop_operator_3.py for tasks to queue
[2022-09-17 13:32:31,731] {logging_mixin.py:115} INFO - [2022-09-17 13:32:31,731] {dagbag.py:507} INFO - Filling up the DagBag from /home/airflow/.local/lib/python3.7/site-packages/airflow/example_dags/example_branch_python_dop_operator_3.py
[2022-09-17 13:32:31,754] {processor.py:651} INFO - DAG(s) dict_keys(['example_branch_dop_operator_v3']) retrieved from /home/airflow/.local/lib/python3.7/site-packages/airflow/example_dags/example_branch_python_dop_operator_3.py
[2022-09-17 13:32:31,800] {logging_mixin.py:115} INFO - [2022-09-17 13:32:31,800] {dag.py:2371} INFO - Sync 1 DAGs
[2022-09-17 13:32:31,835] {logging_mixin.py:115} INFO - [2022-09-17 13:32:31,835] {dag.py:2919} INFO - Setting next_dagrun for example_branch_dop_operator_v3 to 2022-09-17T13:31:00+00:00, run_after=2022-09-17T13:32:00+00:00
[2022-09-17 13:32:32,137] {processor.py:161} INFO - Processing /home/airflow/.local/lib/python3.7/site-packages/airflow/example_dags/example_branch_python_dop_operator_3.py took 0.413 seconds
[2022-09-17 13:33:02,995] {processor.py:153} INFO - Started process (PID=447) to work on /home/airflow/.local/lib/python3.7/site-packages/airflow/example_dags/example_branch_python_dop_operator_3.py
[2022-09-17 13:33:02,995] {processor.py:641} INFO - Processing file /home/airflow/.local/lib/python3.7/site-packages/airflow/example_dags/example_branch_python_dop_operator_3.py for tasks to queue
[2022-09-17 13:33:02,996] {logging_mixin.py:115} INFO - [2022-09-17 13:33:02,996] {dagbag.py:507} INFO - Filling up the DagBag from /home/airflow/.local/lib/python3.7/site-packages/airflow/example_dags/example_branch_python_dop_operator_3.py
[2022-09-17 13:33:03,012] {processor.py:651} INFO - DAG(s) dict_keys(['example_branch_dop_operator_v3']) retrieved from /home/airflow/.local/lib/python3.7/site-packages/airflow/example_dags/example_branch_python_dop_operator_3.py
[2022-09-17 13:33:03,056] {logging_mixin.py:115} INFO - [2022-09-17 13:33:03,056] {dag.py:2371} INFO - Sync 1 DAGs
[2022-09-17 13:33:11,052] {logging_mixin.py:115} INFO - [2022-09-17 13:33:11,052] {dag.py:2919} INFO - Setting next_dagrun for example_branch_dop_operator_v3 to 2022-09-17T13:32:00+00:00, run_after=2022-09-17T13:33:00+00:00
[2022-09-17 13:33:11,063] {processor.py:161} INFO - Processing /home/airflow/.local/lib/python3.7/site-packages/airflow/example_dags/example_branch_python_dop_operator_3.py took 8.073 seconds
[2022-09-17 13:33:41,341] {processor.py:153} INFO - Started process (PID=509) to work on /home/airflow/.local/lib/python3.7/site-packages/airflow/example_dags/example_branch_python_dop_operator_3.py
[2022-09-17 13:33:41,342] {processor.py:641} INFO - Processing file /home/airflow/.local/lib/python3.7/site-packages/airflow/example_dags/example_branch_python_dop_operator_3.py for tasks to queue
[2022-09-17 13:33:41,343] {logging_mixin.py:115} INFO - [2022-09-17 13:33:41,343] {dagbag.py:507} INFO - Filling up the DagBag from /home/airflow/.local/lib/python3.7/site-packages/airflow/example_dags/example_branch_python_dop_operator_3.py
[2022-09-17 13:33:41,357] {processor.py:651} INFO - DAG(s) dict_keys(['example_branch_dop_operator_v3']) retrieved from /home/airflow/.local/lib/python3.7/site-packages/airflow/example_dags/example_branch_python_dop_operator_3.py
[2022-09-17 13:33:41,397] {logging_mixin.py:115} INFO - [2022-09-17 13:33:41,397] {dag.py:2371} INFO - Sync 1 DAGs
[2022-09-17 13:33:41,654] {logging_mixin.py:115} INFO - [2022-09-17 13:33:41,654] {dag.py:2919} INFO - Setting next_dagrun for example_branch_dop_operator_v3 to 2022-09-17T13:32:00+00:00, run_after=2022-09-17T13:33:00+00:00
[2022-09-17 13:33:41,666] {processor.py:161} INFO - Processing /home/airflow/.local/lib/python3.7/site-packages/airflow/example_dags/example_branch_python_dop_operator_3.py took 0.329 seconds
[2022-09-17 13:34:12,682] {processor.py:153} INFO - Started process (PID=561) to work on /home/airflow/.local/lib/python3.7/site-packages/airflow/example_dags/example_branch_python_dop_operator_3.py
[2022-09-17 13:34:12,685] {processor.py:641} INFO - Processing file /home/airflow/.local/lib/python3.7/site-packages/airflow/example_dags/example_branch_python_dop_operator_3.py for tasks to queue
[2022-09-17 13:34:12,892] {logging_mixin.py:115} INFO - [2022-09-17 13:34:12,892] {dagbag.py:507} INFO - Filling up the DagBag from /home/airflow/.local/lib/python3.7/site-packages/airflow/example_dags/example_branch_python_dop_operator_3.py
[2022-09-17 13:34:13,129] {processor.py:651} INFO - DAG(s) dict_keys(['example_branch_dop_operator_v3']) retrieved from /home/airflow/.local/lib/python3.7/site-packages/airflow/example_dags/example_branch_python_dop_operator_3.py
[2022-09-17 13:34:14,114] {logging_mixin.py:115} INFO - [2022-09-17 13:34:14,114] {dag.py:2371} INFO - Sync 1 DAGs
[2022-09-17 13:34:16,494] {logging_mixin.py:115} INFO - [2022-09-17 13:34:16,494] {dag.py:2919} INFO - Setting next_dagrun for example_branch_dop_operator_v3 to 2022-09-17T13:33:00+00:00, run_after=2022-09-17T13:34:00+00:00
[2022-09-17 13:34:16,665] {processor.py:161} INFO - Processing /home/airflow/.local/lib/python3.7/site-packages/airflow/example_dags/example_branch_python_dop_operator_3.py took 4.088 seconds
[2022-09-17 13:34:47,508] {processor.py:153} INFO - Started process (PID=621) to work on /home/airflow/.local/lib/python3.7/site-packages/airflow/example_dags/example_branch_python_dop_operator_3.py
[2022-09-17 13:34:47,514] {processor.py:641} INFO - Processing file /home/airflow/.local/lib/python3.7/site-packages/airflow/example_dags/example_branch_python_dop_operator_3.py for tasks to queue
[2022-09-17 13:34:47,514] {logging_mixin.py:115} INFO - [2022-09-17 13:34:47,514] {dagbag.py:507} INFO - Filling up the DagBag from /home/airflow/.local/lib/python3.7/site-packages/airflow/example_dags/example_branch_python_dop_operator_3.py
[2022-09-17 13:34:47,531] {processor.py:651} INFO - DAG(s) dict_keys(['example_branch_dop_operator_v3']) retrieved from /home/airflow/.local/lib/python3.7/site-packages/airflow/example_dags/example_branch_python_dop_operator_3.py
[2022-09-17 13:34:47,563] {logging_mixin.py:115} INFO - [2022-09-17 13:34:47,563] {dag.py:2371} INFO - Sync 1 DAGs
[2022-09-17 13:34:47,990] {logging_mixin.py:115} INFO - [2022-09-17 13:34:47,989] {dag.py:2919} INFO - Setting next_dagrun for example_branch_dop_operator_v3 to 2022-09-17T13:33:00+00:00, run_after=2022-09-17T13:34:00+00:00
[2022-09-17 13:34:48,024] {processor.py:161} INFO - Processing /home/airflow/.local/lib/python3.7/site-packages/airflow/example_dags/example_branch_python_dop_operator_3.py took 0.520 seconds
[2022-09-17 13:35:18,192] {processor.py:153} INFO - Started process (PID=672) to work on /home/airflow/.local/lib/python3.7/site-packages/airflow/example_dags/example_branch_python_dop_operator_3.py
[2022-09-17 13:35:18,193] {processor.py:641} INFO - Processing file /home/airflow/.local/lib/python3.7/site-packages/airflow/example_dags/example_branch_python_dop_operator_3.py for tasks to queue
[2022-09-17 13:35:18,193] {logging_mixin.py:115} INFO - [2022-09-17 13:35:18,193] {dagbag.py:507} INFO - Filling up the DagBag from /home/airflow/.local/lib/python3.7/site-packages/airflow/example_dags/example_branch_python_dop_operator_3.py
[2022-09-17 13:35:18,205] {processor.py:651} INFO - DAG(s) dict_keys(['example_branch_dop_operator_v3']) retrieved from /home/airflow/.local/lib/python3.7/site-packages/airflow/example_dags/example_branch_python_dop_operator_3.py
[2022-09-17 13:35:18,236] {logging_mixin.py:115} INFO - [2022-09-17 13:35:18,236] {dag.py:2371} INFO - Sync 1 DAGs
[2022-09-17 13:35:18,438] {logging_mixin.py:115} INFO - [2022-09-17 13:35:18,438] {dag.py:2919} INFO - Setting next_dagrun for example_branch_dop_operator_v3 to 2022-09-17T13:34:00+00:00, run_after=2022-09-17T13:35:00+00:00
[2022-09-17 13:35:18,451] {processor.py:161} INFO - Processing /home/airflow/.local/lib/python3.7/site-packages/airflow/example_dags/example_branch_python_dop_operator_3.py took 0.263 seconds
[2022-09-17 13:35:48,661] {processor.py:153} INFO - Started process (PID=732) to work on /home/airflow/.local/lib/python3.7/site-packages/airflow/example_dags/example_branch_python_dop_operator_3.py
[2022-09-17 13:35:48,664] {processor.py:641} INFO - Processing file /home/airflow/.local/lib/python3.7/site-packages/airflow/example_dags/example_branch_python_dop_operator_3.py for tasks to queue
[2022-09-17 13:35:48,665] {logging_mixin.py:115} INFO - [2022-09-17 13:35:48,665] {dagbag.py:507} INFO - Filling up the DagBag from /home/airflow/.local/lib/python3.7/site-packages/airflow/example_dags/example_branch_python_dop_operator_3.py
[2022-09-17 13:35:48,683] {processor.py:651} INFO - DAG(s) dict_keys(['example_branch_dop_operator_v3']) retrieved from /home/airflow/.local/lib/python3.7/site-packages/airflow/example_dags/example_branch_python_dop_operator_3.py
[2022-09-17 13:35:48,761] {logging_mixin.py:115} INFO - [2022-09-17 13:35:48,761] {dag.py:2371} INFO - Sync 1 DAGs
[2022-09-17 13:35:49,071] {logging_mixin.py:115} INFO - [2022-09-17 13:35:49,067] {dag.py:2919} INFO - Setting next_dagrun for example_branch_dop_operator_v3 to 2022-09-17T13:34:00+00:00, run_after=2022-09-17T13:35:00+00:00
[2022-09-17 13:35:49,097] {processor.py:161} INFO - Processing /home/airflow/.local/lib/python3.7/site-packages/airflow/example_dags/example_branch_python_dop_operator_3.py took 0.454 seconds
[2022-09-17 13:36:19,669] {processor.py:153} INFO - Started process (PID=784) to work on /home/airflow/.local/lib/python3.7/site-packages/airflow/example_dags/example_branch_python_dop_operator_3.py
[2022-09-17 13:36:19,671] {processor.py:641} INFO - Processing file /home/airflow/.local/lib/python3.7/site-packages/airflow/example_dags/example_branch_python_dop_operator_3.py for tasks to queue
[2022-09-17 13:36:19,671] {logging_mixin.py:115} INFO - [2022-09-17 13:36:19,671] {dagbag.py:507} INFO - Filling up the DagBag from /home/airflow/.local/lib/python3.7/site-packages/airflow/example_dags/example_branch_python_dop_operator_3.py
[2022-09-17 13:36:19,701] {processor.py:651} INFO - DAG(s) dict_keys(['example_branch_dop_operator_v3']) retrieved from /home/airflow/.local/lib/python3.7/site-packages/airflow/example_dags/example_branch_python_dop_operator_3.py
[2022-09-17 13:36:19,785] {logging_mixin.py:115} INFO - [2022-09-17 13:36:19,785] {dag.py:2371} INFO - Sync 1 DAGs
[2022-09-17 13:36:20,303] {logging_mixin.py:115} INFO - [2022-09-17 13:36:20,303] {dag.py:2919} INFO - Setting next_dagrun for example_branch_dop_operator_v3 to 2022-09-17T13:35:00+00:00, run_after=2022-09-17T13:36:00+00:00
[2022-09-17 13:36:20,341] {processor.py:161} INFO - Processing /home/airflow/.local/lib/python3.7/site-packages/airflow/example_dags/example_branch_python_dop_operator_3.py took 0.690 seconds
[2022-09-17 13:36:51,311] {processor.py:153} INFO - Started process (PID=836) to work on /home/airflow/.local/lib/python3.7/site-packages/airflow/example_dags/example_branch_python_dop_operator_3.py
[2022-09-17 13:36:51,324] {processor.py:641} INFO - Processing file /home/airflow/.local/lib/python3.7/site-packages/airflow/example_dags/example_branch_python_dop_operator_3.py for tasks to queue
[2022-09-17 13:36:51,341] {logging_mixin.py:115} INFO - [2022-09-17 13:36:51,334] {dagbag.py:507} INFO - Filling up the DagBag from /home/airflow/.local/lib/python3.7/site-packages/airflow/example_dags/example_branch_python_dop_operator_3.py
[2022-09-17 13:36:51,404] {processor.py:651} INFO - DAG(s) dict_keys(['example_branch_dop_operator_v3']) retrieved from /home/airflow/.local/lib/python3.7/site-packages/airflow/example_dags/example_branch_python_dop_operator_3.py
[2022-09-17 13:36:51,483] {logging_mixin.py:115} INFO - [2022-09-17 13:36:51,483] {dag.py:2371} INFO - Sync 1 DAGs
[2022-09-17 13:36:51,829] {logging_mixin.py:115} INFO - [2022-09-17 13:36:51,829] {dag.py:2919} INFO - Setting next_dagrun for example_branch_dop_operator_v3 to 2022-09-17T13:35:00+00:00, run_after=2022-09-17T13:36:00+00:00
[2022-09-17 13:36:51,843] {processor.py:161} INFO - Processing /home/airflow/.local/lib/python3.7/site-packages/airflow/example_dags/example_branch_python_dop_operator_3.py took 0.546 seconds
[2022-09-17 13:37:22,691] {processor.py:153} INFO - Started process (PID=888) to work on /home/airflow/.local/lib/python3.7/site-packages/airflow/example_dags/example_branch_python_dop_operator_3.py
[2022-09-17 13:37:22,692] {processor.py:641} INFO - Processing file /home/airflow/.local/lib/python3.7/site-packages/airflow/example_dags/example_branch_python_dop_operator_3.py for tasks to queue
[2022-09-17 13:37:22,693] {logging_mixin.py:115} INFO - [2022-09-17 13:37:22,693] {dagbag.py:507} INFO - Filling up the DagBag from /home/airflow/.local/lib/python3.7/site-packages/airflow/example_dags/example_branch_python_dop_operator_3.py
[2022-09-17 13:37:22,743] {processor.py:651} INFO - DAG(s) dict_keys(['example_branch_dop_operator_v3']) retrieved from /home/airflow/.local/lib/python3.7/site-packages/airflow/example_dags/example_branch_python_dop_operator_3.py
[2022-09-17 13:37:22,878] {logging_mixin.py:115} INFO - [2022-09-17 13:37:22,878] {dag.py:2371} INFO - Sync 1 DAGs
[2022-09-17 13:37:23,728] {logging_mixin.py:115} INFO - [2022-09-17 13:37:23,720] {dag.py:2919} INFO - Setting next_dagrun for example_branch_dop_operator_v3 to 2022-09-17T13:36:00+00:00, run_after=2022-09-17T13:37:00+00:00
[2022-09-17 13:37:23,873] {processor.py:161} INFO - Processing /home/airflow/.local/lib/python3.7/site-packages/airflow/example_dags/example_branch_python_dop_operator_3.py took 1.188 seconds
[2022-09-17 13:39:24,793] {processor.py:153} INFO - Started process (PID=943) to work on /home/airflow/.local/lib/python3.7/site-packages/airflow/example_dags/example_branch_python_dop_operator_3.py
[2022-09-17 13:39:24,794] {processor.py:641} INFO - Processing file /home/airflow/.local/lib/python3.7/site-packages/airflow/example_dags/example_branch_python_dop_operator_3.py for tasks to queue
[2022-09-17 13:39:24,794] {logging_mixin.py:115} INFO - [2022-09-17 13:39:24,794] {dagbag.py:507} INFO - Filling up the DagBag from /home/airflow/.local/lib/python3.7/site-packages/airflow/example_dags/example_branch_python_dop_operator_3.py
[2022-09-17 13:39:24,808] {processor.py:651} INFO - DAG(s) dict_keys(['example_branch_dop_operator_v3']) retrieved from /home/airflow/.local/lib/python3.7/site-packages/airflow/example_dags/example_branch_python_dop_operator_3.py
[2022-09-17 13:39:24,841] {logging_mixin.py:115} INFO - [2022-09-17 13:39:24,841] {dag.py:2371} INFO - Sync 1 DAGs
[2022-09-17 13:39:25,066] {logging_mixin.py:115} INFO - [2022-09-17 13:39:25,066] {dag.py:2919} INFO - Setting next_dagrun for example_branch_dop_operator_v3 to 2022-09-17T13:38:00+00:00, run_after=2022-09-17T13:39:00+00:00
[2022-09-17 13:39:25,079] {processor.py:161} INFO - Processing /home/airflow/.local/lib/python3.7/site-packages/airflow/example_dags/example_branch_python_dop_operator_3.py took 0.294 seconds
[2022-09-17 13:39:55,554] {processor.py:153} INFO - Started process (PID=995) to work on /home/airflow/.local/lib/python3.7/site-packages/airflow/example_dags/example_branch_python_dop_operator_3.py
[2022-09-17 13:39:55,556] {processor.py:641} INFO - Processing file /home/airflow/.local/lib/python3.7/site-packages/airflow/example_dags/example_branch_python_dop_operator_3.py for tasks to queue
[2022-09-17 13:39:55,556] {logging_mixin.py:115} INFO - [2022-09-17 13:39:55,556] {dagbag.py:507} INFO - Filling up the DagBag from /home/airflow/.local/lib/python3.7/site-packages/airflow/example_dags/example_branch_python_dop_operator_3.py
[2022-09-17 13:39:55,572] {processor.py:651} INFO - DAG(s) dict_keys(['example_branch_dop_operator_v3']) retrieved from /home/airflow/.local/lib/python3.7/site-packages/airflow/example_dags/example_branch_python_dop_operator_3.py
[2022-09-17 13:39:55,611] {logging_mixin.py:115} INFO - [2022-09-17 13:39:55,611] {dag.py:2371} INFO - Sync 1 DAGs
[2022-09-17 13:39:55,808] {logging_mixin.py:115} INFO - [2022-09-17 13:39:55,808] {dag.py:2919} INFO - Setting next_dagrun for example_branch_dop_operator_v3 to 2022-09-17T13:38:00+00:00, run_after=2022-09-17T13:39:00+00:00
[2022-09-17 13:39:55,822] {processor.py:161} INFO - Processing /home/airflow/.local/lib/python3.7/site-packages/airflow/example_dags/example_branch_python_dop_operator_3.py took 0.273 seconds
[2022-09-17 13:40:28,714] {processor.py:153} INFO - Started process (PID=1049) to work on /home/airflow/.local/lib/python3.7/site-packages/airflow/example_dags/example_branch_python_dop_operator_3.py
[2022-09-17 13:40:28,719] {processor.py:641} INFO - Processing file /home/airflow/.local/lib/python3.7/site-packages/airflow/example_dags/example_branch_python_dop_operator_3.py for tasks to queue
[2022-09-17 13:40:28,720] {logging_mixin.py:115} INFO - [2022-09-17 13:40:28,720] {dagbag.py:507} INFO - Filling up the DagBag from /home/airflow/.local/lib/python3.7/site-packages/airflow/example_dags/example_branch_python_dop_operator_3.py
[2022-09-17 13:40:28,754] {processor.py:651} INFO - DAG(s) dict_keys(['example_branch_dop_operator_v3']) retrieved from /home/airflow/.local/lib/python3.7/site-packages/airflow/example_dags/example_branch_python_dop_operator_3.py
[2022-09-17 13:40:28,981] {logging_mixin.py:115} INFO - [2022-09-17 13:40:28,981] {dag.py:2371} INFO - Sync 1 DAGs
[2022-09-17 13:40:29,618] {logging_mixin.py:115} INFO - [2022-09-17 13:40:29,618] {dag.py:2919} INFO - Setting next_dagrun for example_branch_dop_operator_v3 to 2022-09-17T13:39:00+00:00, run_after=2022-09-17T13:40:00+00:00
[2022-09-17 13:40:29,773] {processor.py:161} INFO - Processing /home/airflow/.local/lib/python3.7/site-packages/airflow/example_dags/example_branch_python_dop_operator_3.py took 1.080 seconds
[2022-09-17 13:41:35,117] {processor.py:153} INFO - Started process (PID=1115) to work on /home/airflow/.local/lib/python3.7/site-packages/airflow/example_dags/example_branch_python_dop_operator_3.py
[2022-09-17 13:41:35,121] {processor.py:641} INFO - Processing file /home/airflow/.local/lib/python3.7/site-packages/airflow/example_dags/example_branch_python_dop_operator_3.py for tasks to queue
[2022-09-17 13:41:35,133] {logging_mixin.py:115} INFO - [2022-09-17 13:41:35,133] {dagbag.py:507} INFO - Filling up the DagBag from /home/airflow/.local/lib/python3.7/site-packages/airflow/example_dags/example_branch_python_dop_operator_3.py
[2022-09-17 13:41:35,301] {processor.py:651} INFO - DAG(s) dict_keys(['example_branch_dop_operator_v3']) retrieved from /home/airflow/.local/lib/python3.7/site-packages/airflow/example_dags/example_branch_python_dop_operator_3.py
[2022-09-17 13:41:35,744] {logging_mixin.py:115} INFO - [2022-09-17 13:41:35,744] {dag.py:2371} INFO - Sync 1 DAGs
[2022-09-17 13:41:42,642] {logging_mixin.py:115} INFO - [2022-09-17 13:41:42,642] {dag.py:2919} INFO - Setting next_dagrun for example_branch_dop_operator_v3 to 2022-09-17T13:40:00+00:00, run_after=2022-09-17T13:41:00+00:00
[2022-09-17 13:41:42,972] {processor.py:161} INFO - Processing /home/airflow/.local/lib/python3.7/site-packages/airflow/example_dags/example_branch_python_dop_operator_3.py took 7.964 seconds
[2022-09-17 13:45:31,396] {processor.py:153} INFO - Started process (PID=60) to work on /home/airflow/.local/lib/python3.7/site-packages/airflow/example_dags/example_branch_python_dop_operator_3.py
[2022-09-17 13:45:31,402] {processor.py:641} INFO - Processing file /home/airflow/.local/lib/python3.7/site-packages/airflow/example_dags/example_branch_python_dop_operator_3.py for tasks to queue
[2022-09-17 13:45:31,403] {logging_mixin.py:115} INFO - [2022-09-17 13:45:31,403] {dagbag.py:507} INFO - Filling up the DagBag from /home/airflow/.local/lib/python3.7/site-packages/airflow/example_dags/example_branch_python_dop_operator_3.py
[2022-09-17 13:45:31,429] {processor.py:651} INFO - DAG(s) dict_keys(['example_branch_dop_operator_v3']) retrieved from /home/airflow/.local/lib/python3.7/site-packages/airflow/example_dags/example_branch_python_dop_operator_3.py
[2022-09-17 13:45:31,536] {logging_mixin.py:115} INFO - [2022-09-17 13:45:31,536] {dag.py:2371} INFO - Sync 1 DAGs
[2022-09-17 13:45:31,640] {logging_mixin.py:115} INFO - [2022-09-17 13:45:31,640] {dag.py:2919} INFO - Setting next_dagrun for example_branch_dop_operator_v3 to 2022-09-17T13:44:00+00:00, run_after=2022-09-17T13:45:00+00:00
[2022-09-17 13:45:31,670] {processor.py:161} INFO - Processing /home/airflow/.local/lib/python3.7/site-packages/airflow/example_dags/example_branch_python_dop_operator_3.py took 0.283 seconds
[2022-09-17 13:46:04,318] {processor.py:153} INFO - Started process (PID=112) to work on /home/airflow/.local/lib/python3.7/site-packages/airflow/example_dags/example_branch_python_dop_operator_3.py
[2022-09-17 13:46:04,321] {processor.py:641} INFO - Processing file /home/airflow/.local/lib/python3.7/site-packages/airflow/example_dags/example_branch_python_dop_operator_3.py for tasks to queue
[2022-09-17 13:46:04,323] {logging_mixin.py:115} INFO - [2022-09-17 13:46:04,322] {dagbag.py:507} INFO - Filling up the DagBag from /home/airflow/.local/lib/python3.7/site-packages/airflow/example_dags/example_branch_python_dop_operator_3.py
[2022-09-17 13:46:04,354] {processor.py:651} INFO - DAG(s) dict_keys(['example_branch_dop_operator_v3']) retrieved from /home/airflow/.local/lib/python3.7/site-packages/airflow/example_dags/example_branch_python_dop_operator_3.py
[2022-09-17 13:46:04,435] {logging_mixin.py:115} INFO - [2022-09-17 13:46:04,435] {dag.py:2371} INFO - Sync 1 DAGs
[2022-09-17 13:46:04,526] {logging_mixin.py:115} INFO - [2022-09-17 13:46:04,524] {dag.py:2919} INFO - Setting next_dagrun for example_branch_dop_operator_v3 to 2022-09-17T13:45:00+00:00, run_after=2022-09-17T13:46:00+00:00
[2022-09-17 13:46:04,557] {processor.py:161} INFO - Processing /home/airflow/.local/lib/python3.7/site-packages/airflow/example_dags/example_branch_python_dop_operator_3.py took 0.251 seconds
[2022-09-17 13:46:35,388] {processor.py:153} INFO - Started process (PID=158) to work on /home/airflow/.local/lib/python3.7/site-packages/airflow/example_dags/example_branch_python_dop_operator_3.py
[2022-09-17 13:46:35,394] {processor.py:641} INFO - Processing file /home/airflow/.local/lib/python3.7/site-packages/airflow/example_dags/example_branch_python_dop_operator_3.py for tasks to queue
[2022-09-17 13:46:35,395] {logging_mixin.py:115} INFO - [2022-09-17 13:46:35,395] {dagbag.py:507} INFO - Filling up the DagBag from /home/airflow/.local/lib/python3.7/site-packages/airflow/example_dags/example_branch_python_dop_operator_3.py
[2022-09-17 13:46:35,443] {processor.py:651} INFO - DAG(s) dict_keys(['example_branch_dop_operator_v3']) retrieved from /home/airflow/.local/lib/python3.7/site-packages/airflow/example_dags/example_branch_python_dop_operator_3.py
[2022-09-17 13:46:35,499] {logging_mixin.py:115} INFO - [2022-09-17 13:46:35,499] {dag.py:2371} INFO - Sync 1 DAGs
[2022-09-17 13:46:35,523] {logging_mixin.py:115} INFO - [2022-09-17 13:46:35,523] {dag.py:2919} INFO - Setting next_dagrun for example_branch_dop_operator_v3 to 2022-09-17T13:45:00+00:00, run_after=2022-09-17T13:46:00+00:00
[2022-09-17 13:46:35,533] {processor.py:161} INFO - Processing /home/airflow/.local/lib/python3.7/site-packages/airflow/example_dags/example_branch_python_dop_operator_3.py took 0.148 seconds
[2022-09-17 13:47:05,710] {processor.py:153} INFO - Started process (PID=218) to work on /home/airflow/.local/lib/python3.7/site-packages/airflow/example_dags/example_branch_python_dop_operator_3.py
[2022-09-17 13:47:05,711] {processor.py:641} INFO - Processing file /home/airflow/.local/lib/python3.7/site-packages/airflow/example_dags/example_branch_python_dop_operator_3.py for tasks to queue
[2022-09-17 13:47:05,711] {logging_mixin.py:115} INFO - [2022-09-17 13:47:05,711] {dagbag.py:507} INFO - Filling up the DagBag from /home/airflow/.local/lib/python3.7/site-packages/airflow/example_dags/example_branch_python_dop_operator_3.py
[2022-09-17 13:47:05,722] {processor.py:651} INFO - DAG(s) dict_keys(['example_branch_dop_operator_v3']) retrieved from /home/airflow/.local/lib/python3.7/site-packages/airflow/example_dags/example_branch_python_dop_operator_3.py
[2022-09-17 13:47:05,754] {logging_mixin.py:115} INFO - [2022-09-17 13:47:05,754] {dag.py:2371} INFO - Sync 1 DAGs
[2022-09-17 13:47:05,787] {logging_mixin.py:115} INFO - [2022-09-17 13:47:05,787] {dag.py:2919} INFO - Setting next_dagrun for example_branch_dop_operator_v3 to 2022-09-17T13:46:00+00:00, run_after=2022-09-17T13:47:00+00:00
[2022-09-17 13:47:05,798] {processor.py:161} INFO - Processing /home/airflow/.local/lib/python3.7/site-packages/airflow/example_dags/example_branch_python_dop_operator_3.py took 0.093 seconds
[2022-09-17 13:47:36,477] {processor.py:153} INFO - Started process (PID=273) to work on /home/airflow/.local/lib/python3.7/site-packages/airflow/example_dags/example_branch_python_dop_operator_3.py
[2022-09-17 13:47:36,478] {processor.py:641} INFO - Processing file /home/airflow/.local/lib/python3.7/site-packages/airflow/example_dags/example_branch_python_dop_operator_3.py for tasks to queue
[2022-09-17 13:47:36,479] {logging_mixin.py:115} INFO - [2022-09-17 13:47:36,479] {dagbag.py:507} INFO - Filling up the DagBag from /home/airflow/.local/lib/python3.7/site-packages/airflow/example_dags/example_branch_python_dop_operator_3.py
[2022-09-17 13:47:36,505] {processor.py:651} INFO - DAG(s) dict_keys(['example_branch_dop_operator_v3']) retrieved from /home/airflow/.local/lib/python3.7/site-packages/airflow/example_dags/example_branch_python_dop_operator_3.py
[2022-09-17 13:47:36,644] {logging_mixin.py:115} INFO - [2022-09-17 13:47:36,644] {dag.py:2371} INFO - Sync 1 DAGs
[2022-09-17 13:47:36,752] {logging_mixin.py:115} INFO - [2022-09-17 13:47:36,752] {dag.py:2919} INFO - Setting next_dagrun for example_branch_dop_operator_v3 to 2022-09-17T13:46:00+00:00, run_after=2022-09-17T13:47:00+00:00
[2022-09-17 13:47:36,797] {processor.py:161} INFO - Processing /home/airflow/.local/lib/python3.7/site-packages/airflow/example_dags/example_branch_python_dop_operator_3.py took 0.338 seconds
[2022-09-17 13:48:06,870] {processor.py:153} INFO - Started process (PID=326) to work on /home/airflow/.local/lib/python3.7/site-packages/airflow/example_dags/example_branch_python_dop_operator_3.py
[2022-09-17 13:48:06,879] {processor.py:641} INFO - Processing file /home/airflow/.local/lib/python3.7/site-packages/airflow/example_dags/example_branch_python_dop_operator_3.py for tasks to queue
[2022-09-17 13:48:06,879] {logging_mixin.py:115} INFO - [2022-09-17 13:48:06,879] {dagbag.py:507} INFO - Filling up the DagBag from /home/airflow/.local/lib/python3.7/site-packages/airflow/example_dags/example_branch_python_dop_operator_3.py
[2022-09-17 13:48:06,905] {processor.py:651} INFO - DAG(s) dict_keys(['example_branch_dop_operator_v3']) retrieved from /home/airflow/.local/lib/python3.7/site-packages/airflow/example_dags/example_branch_python_dop_operator_3.py
[2022-09-17 13:48:06,947] {logging_mixin.py:115} INFO - [2022-09-17 13:48:06,947] {dag.py:2371} INFO - Sync 1 DAGs
[2022-09-17 13:48:06,990] {logging_mixin.py:115} INFO - [2022-09-17 13:48:06,990] {dag.py:2919} INFO - Setting next_dagrun for example_branch_dop_operator_v3 to 2022-09-17T13:47:00+00:00, run_after=2022-09-17T13:48:00+00:00
[2022-09-17 13:48:07,007] {processor.py:161} INFO - Processing /home/airflow/.local/lib/python3.7/site-packages/airflow/example_dags/example_branch_python_dop_operator_3.py took 0.140 seconds
[2022-09-17 13:48:37,045] {processor.py:153} INFO - Started process (PID=378) to work on /home/airflow/.local/lib/python3.7/site-packages/airflow/example_dags/example_branch_python_dop_operator_3.py
[2022-09-17 13:48:37,046] {processor.py:641} INFO - Processing file /home/airflow/.local/lib/python3.7/site-packages/airflow/example_dags/example_branch_python_dop_operator_3.py for tasks to queue
[2022-09-17 13:48:37,046] {logging_mixin.py:115} INFO - [2022-09-17 13:48:37,046] {dagbag.py:507} INFO - Filling up the DagBag from /home/airflow/.local/lib/python3.7/site-packages/airflow/example_dags/example_branch_python_dop_operator_3.py
[2022-09-17 13:48:37,056] {processor.py:651} INFO - DAG(s) dict_keys(['example_branch_dop_operator_v3']) retrieved from /home/airflow/.local/lib/python3.7/site-packages/airflow/example_dags/example_branch_python_dop_operator_3.py
[2022-09-17 13:48:37,084] {logging_mixin.py:115} INFO - [2022-09-17 13:48:37,084] {dag.py:2371} INFO - Sync 1 DAGs
[2022-09-17 13:48:37,114] {logging_mixin.py:115} INFO - [2022-09-17 13:48:37,113] {dag.py:2919} INFO - Setting next_dagrun for example_branch_dop_operator_v3 to 2022-09-17T13:47:00+00:00, run_after=2022-09-17T13:48:00+00:00
[2022-09-17 13:48:37,127] {processor.py:161} INFO - Processing /home/airflow/.local/lib/python3.7/site-packages/airflow/example_dags/example_branch_python_dop_operator_3.py took 0.085 seconds
[2022-09-17 13:49:07,206] {processor.py:153} INFO - Started process (PID=441) to work on /home/airflow/.local/lib/python3.7/site-packages/airflow/example_dags/example_branch_python_dop_operator_3.py
[2022-09-17 13:49:07,209] {processor.py:641} INFO - Processing file /home/airflow/.local/lib/python3.7/site-packages/airflow/example_dags/example_branch_python_dop_operator_3.py for tasks to queue
[2022-09-17 13:49:07,211] {logging_mixin.py:115} INFO - [2022-09-17 13:49:07,210] {dagbag.py:507} INFO - Filling up the DagBag from /home/airflow/.local/lib/python3.7/site-packages/airflow/example_dags/example_branch_python_dop_operator_3.py
[2022-09-17 13:49:07,226] {processor.py:651} INFO - DAG(s) dict_keys(['example_branch_dop_operator_v3']) retrieved from /home/airflow/.local/lib/python3.7/site-packages/airflow/example_dags/example_branch_python_dop_operator_3.py
[2022-09-17 13:49:07,272] {logging_mixin.py:115} INFO - [2022-09-17 13:49:07,272] {dag.py:2371} INFO - Sync 1 DAGs
[2022-09-17 13:49:07,309] {logging_mixin.py:115} INFO - [2022-09-17 13:49:07,309] {dag.py:2919} INFO - Setting next_dagrun for example_branch_dop_operator_v3 to 2022-09-17T13:48:00+00:00, run_after=2022-09-17T13:49:00+00:00
[2022-09-17 13:49:07,326] {processor.py:161} INFO - Processing /home/airflow/.local/lib/python3.7/site-packages/airflow/example_dags/example_branch_python_dop_operator_3.py took 0.123 seconds
[2022-09-17 13:49:37,384] {processor.py:153} INFO - Started process (PID=504) to work on /home/airflow/.local/lib/python3.7/site-packages/airflow/example_dags/example_branch_python_dop_operator_3.py
[2022-09-17 13:49:37,385] {processor.py:641} INFO - Processing file /home/airflow/.local/lib/python3.7/site-packages/airflow/example_dags/example_branch_python_dop_operator_3.py for tasks to queue
[2022-09-17 13:49:37,386] {logging_mixin.py:115} INFO - [2022-09-17 13:49:37,385] {dagbag.py:507} INFO - Filling up the DagBag from /home/airflow/.local/lib/python3.7/site-packages/airflow/example_dags/example_branch_python_dop_operator_3.py
[2022-09-17 13:49:37,395] {processor.py:651} INFO - DAG(s) dict_keys(['example_branch_dop_operator_v3']) retrieved from /home/airflow/.local/lib/python3.7/site-packages/airflow/example_dags/example_branch_python_dop_operator_3.py
[2022-09-17 13:49:37,422] {logging_mixin.py:115} INFO - [2022-09-17 13:49:37,422] {dag.py:2371} INFO - Sync 1 DAGs
[2022-09-17 13:49:37,461] {logging_mixin.py:115} INFO - [2022-09-17 13:49:37,461] {dag.py:2919} INFO - Setting next_dagrun for example_branch_dop_operator_v3 to 2022-09-17T13:48:00+00:00, run_after=2022-09-17T13:49:00+00:00
[2022-09-17 13:49:37,472] {processor.py:161} INFO - Processing /home/airflow/.local/lib/python3.7/site-packages/airflow/example_dags/example_branch_python_dop_operator_3.py took 0.092 seconds
[2022-09-17 13:50:07,532] {processor.py:153} INFO - Started process (PID=559) to work on /home/airflow/.local/lib/python3.7/site-packages/airflow/example_dags/example_branch_python_dop_operator_3.py
[2022-09-17 13:50:07,532] {processor.py:641} INFO - Processing file /home/airflow/.local/lib/python3.7/site-packages/airflow/example_dags/example_branch_python_dop_operator_3.py for tasks to queue
[2022-09-17 13:50:07,533] {logging_mixin.py:115} INFO - [2022-09-17 13:50:07,533] {dagbag.py:507} INFO - Filling up the DagBag from /home/airflow/.local/lib/python3.7/site-packages/airflow/example_dags/example_branch_python_dop_operator_3.py
[2022-09-17 13:50:07,544] {processor.py:651} INFO - DAG(s) dict_keys(['example_branch_dop_operator_v3']) retrieved from /home/airflow/.local/lib/python3.7/site-packages/airflow/example_dags/example_branch_python_dop_operator_3.py
[2022-09-17 13:50:07,574] {logging_mixin.py:115} INFO - [2022-09-17 13:50:07,574] {dag.py:2371} INFO - Sync 1 DAGs
[2022-09-17 13:50:07,604] {logging_mixin.py:115} INFO - [2022-09-17 13:50:07,604] {dag.py:2919} INFO - Setting next_dagrun for example_branch_dop_operator_v3 to 2022-09-17T13:49:00+00:00, run_after=2022-09-17T13:50:00+00:00
[2022-09-17 13:50:07,618] {processor.py:161} INFO - Processing /home/airflow/.local/lib/python3.7/site-packages/airflow/example_dags/example_branch_python_dop_operator_3.py took 0.091 seconds
[2022-09-17 13:50:38,019] {processor.py:153} INFO - Started process (PID=622) to work on /home/airflow/.local/lib/python3.7/site-packages/airflow/example_dags/example_branch_python_dop_operator_3.py
[2022-09-17 13:50:38,020] {processor.py:641} INFO - Processing file /home/airflow/.local/lib/python3.7/site-packages/airflow/example_dags/example_branch_python_dop_operator_3.py for tasks to queue
[2022-09-17 13:50:38,020] {logging_mixin.py:115} INFO - [2022-09-17 13:50:38,020] {dagbag.py:507} INFO - Filling up the DagBag from /home/airflow/.local/lib/python3.7/site-packages/airflow/example_dags/example_branch_python_dop_operator_3.py
[2022-09-17 13:50:38,038] {processor.py:651} INFO - DAG(s) dict_keys(['example_branch_dop_operator_v3']) retrieved from /home/airflow/.local/lib/python3.7/site-packages/airflow/example_dags/example_branch_python_dop_operator_3.py
[2022-09-17 13:50:38,073] {logging_mixin.py:115} INFO - [2022-09-17 13:50:38,073] {dag.py:2371} INFO - Sync 1 DAGs
[2022-09-17 13:50:38,113] {logging_mixin.py:115} INFO - [2022-09-17 13:50:38,113] {dag.py:2919} INFO - Setting next_dagrun for example_branch_dop_operator_v3 to 2022-09-17T13:49:00+00:00, run_after=2022-09-17T13:50:00+00:00
[2022-09-17 13:50:38,131] {processor.py:161} INFO - Processing /home/airflow/.local/lib/python3.7/site-packages/airflow/example_dags/example_branch_python_dop_operator_3.py took 0.115 seconds
[2022-09-17 13:51:08,202] {processor.py:153} INFO - Started process (PID=677) to work on /home/airflow/.local/lib/python3.7/site-packages/airflow/example_dags/example_branch_python_dop_operator_3.py
[2022-09-17 13:51:08,203] {processor.py:641} INFO - Processing file /home/airflow/.local/lib/python3.7/site-packages/airflow/example_dags/example_branch_python_dop_operator_3.py for tasks to queue
[2022-09-17 13:51:08,204] {logging_mixin.py:115} INFO - [2022-09-17 13:51:08,204] {dagbag.py:507} INFO - Filling up the DagBag from /home/airflow/.local/lib/python3.7/site-packages/airflow/example_dags/example_branch_python_dop_operator_3.py
[2022-09-17 13:51:08,219] {processor.py:651} INFO - DAG(s) dict_keys(['example_branch_dop_operator_v3']) retrieved from /home/airflow/.local/lib/python3.7/site-packages/airflow/example_dags/example_branch_python_dop_operator_3.py
[2022-09-17 13:51:08,253] {logging_mixin.py:115} INFO - [2022-09-17 13:51:08,253] {dag.py:2371} INFO - Sync 1 DAGs
[2022-09-17 13:51:08,287] {logging_mixin.py:115} INFO - [2022-09-17 13:51:08,287] {dag.py:2919} INFO - Setting next_dagrun for example_branch_dop_operator_v3 to 2022-09-17T13:50:00+00:00, run_after=2022-09-17T13:51:00+00:00
[2022-09-17 13:51:08,300] {processor.py:161} INFO - Processing /home/airflow/.local/lib/python3.7/site-packages/airflow/example_dags/example_branch_python_dop_operator_3.py took 0.102 seconds
[2022-09-17 13:51:39,160] {processor.py:153} INFO - Started process (PID=740) to work on /home/airflow/.local/lib/python3.7/site-packages/airflow/example_dags/example_branch_python_dop_operator_3.py
[2022-09-17 13:51:39,161] {processor.py:641} INFO - Processing file /home/airflow/.local/lib/python3.7/site-packages/airflow/example_dags/example_branch_python_dop_operator_3.py for tasks to queue
[2022-09-17 13:51:39,161] {logging_mixin.py:115} INFO - [2022-09-17 13:51:39,161] {dagbag.py:507} INFO - Filling up the DagBag from /home/airflow/.local/lib/python3.7/site-packages/airflow/example_dags/example_branch_python_dop_operator_3.py
[2022-09-17 13:51:39,182] {processor.py:651} INFO - DAG(s) dict_keys(['example_branch_dop_operator_v3']) retrieved from /home/airflow/.local/lib/python3.7/site-packages/airflow/example_dags/example_branch_python_dop_operator_3.py
[2022-09-17 13:51:39,212] {logging_mixin.py:115} INFO - [2022-09-17 13:51:39,212] {dag.py:2371} INFO - Sync 1 DAGs
[2022-09-17 13:51:39,244] {logging_mixin.py:115} INFO - [2022-09-17 13:51:39,244] {dag.py:2919} INFO - Setting next_dagrun for example_branch_dop_operator_v3 to 2022-09-17T13:50:00+00:00, run_after=2022-09-17T13:51:00+00:00
[2022-09-17 13:51:39,258] {processor.py:161} INFO - Processing /home/airflow/.local/lib/python3.7/site-packages/airflow/example_dags/example_branch_python_dop_operator_3.py took 0.102 seconds
[2022-09-17 13:52:09,491] {processor.py:153} INFO - Started process (PID=803) to work on /home/airflow/.local/lib/python3.7/site-packages/airflow/example_dags/example_branch_python_dop_operator_3.py
[2022-09-17 13:52:09,491] {processor.py:641} INFO - Processing file /home/airflow/.local/lib/python3.7/site-packages/airflow/example_dags/example_branch_python_dop_operator_3.py for tasks to queue
[2022-09-17 13:52:09,492] {logging_mixin.py:115} INFO - [2022-09-17 13:52:09,492] {dagbag.py:507} INFO - Filling up the DagBag from /home/airflow/.local/lib/python3.7/site-packages/airflow/example_dags/example_branch_python_dop_operator_3.py
[2022-09-17 13:52:09,515] {processor.py:651} INFO - DAG(s) dict_keys(['example_branch_dop_operator_v3']) retrieved from /home/airflow/.local/lib/python3.7/site-packages/airflow/example_dags/example_branch_python_dop_operator_3.py
[2022-09-17 13:52:09,575] {logging_mixin.py:115} INFO - [2022-09-17 13:52:09,575] {dag.py:2371} INFO - Sync 1 DAGs
[2022-09-17 13:52:09,621] {logging_mixin.py:115} INFO - [2022-09-17 13:52:09,621] {dag.py:2919} INFO - Setting next_dagrun for example_branch_dop_operator_v3 to 2022-09-17T13:51:00+00:00, run_after=2022-09-17T13:52:00+00:00
[2022-09-17 13:52:09,650] {processor.py:161} INFO - Processing /home/airflow/.local/lib/python3.7/site-packages/airflow/example_dags/example_branch_python_dop_operator_3.py took 0.169 seconds
[2022-09-17 13:52:40,072] {processor.py:153} INFO - Started process (PID=857) to work on /home/airflow/.local/lib/python3.7/site-packages/airflow/example_dags/example_branch_python_dop_operator_3.py
[2022-09-17 13:52:40,078] {processor.py:641} INFO - Processing file /home/airflow/.local/lib/python3.7/site-packages/airflow/example_dags/example_branch_python_dop_operator_3.py for tasks to queue
[2022-09-17 13:52:40,081] {logging_mixin.py:115} INFO - [2022-09-17 13:52:40,078] {dagbag.py:507} INFO - Filling up the DagBag from /home/airflow/.local/lib/python3.7/site-packages/airflow/example_dags/example_branch_python_dop_operator_3.py
[2022-09-17 13:52:40,118] {processor.py:651} INFO - DAG(s) dict_keys(['example_branch_dop_operator_v3']) retrieved from /home/airflow/.local/lib/python3.7/site-packages/airflow/example_dags/example_branch_python_dop_operator_3.py
[2022-09-17 13:52:40,210] {logging_mixin.py:115} INFO - [2022-09-17 13:52:40,210] {dag.py:2371} INFO - Sync 1 DAGs
[2022-09-17 13:52:40,290] {logging_mixin.py:115} INFO - [2022-09-17 13:52:40,290] {dag.py:2919} INFO - Setting next_dagrun for example_branch_dop_operator_v3 to 2022-09-17T13:51:00+00:00, run_after=2022-09-17T13:52:00+00:00
[2022-09-17 13:52:40,333] {processor.py:161} INFO - Processing /home/airflow/.local/lib/python3.7/site-packages/airflow/example_dags/example_branch_python_dop_operator_3.py took 0.270 seconds
[2022-09-17 13:53:10,556] {processor.py:153} INFO - Started process (PID=918) to work on /home/airflow/.local/lib/python3.7/site-packages/airflow/example_dags/example_branch_python_dop_operator_3.py
[2022-09-17 13:53:10,558] {processor.py:641} INFO - Processing file /home/airflow/.local/lib/python3.7/site-packages/airflow/example_dags/example_branch_python_dop_operator_3.py for tasks to queue
[2022-09-17 13:53:10,559] {logging_mixin.py:115} INFO - [2022-09-17 13:53:10,559] {dagbag.py:507} INFO - Filling up the DagBag from /home/airflow/.local/lib/python3.7/site-packages/airflow/example_dags/example_branch_python_dop_operator_3.py
[2022-09-17 13:53:10,595] {processor.py:651} INFO - DAG(s) dict_keys(['example_branch_dop_operator_v3']) retrieved from /home/airflow/.local/lib/python3.7/site-packages/airflow/example_dags/example_branch_python_dop_operator_3.py
[2022-09-17 13:53:10,691] {logging_mixin.py:115} INFO - [2022-09-17 13:53:10,691] {dag.py:2371} INFO - Sync 1 DAGs
[2022-09-17 13:53:10,805] {logging_mixin.py:115} INFO - [2022-09-17 13:53:10,805] {dag.py:2919} INFO - Setting next_dagrun for example_branch_dop_operator_v3 to 2022-09-17T13:52:00+00:00, run_after=2022-09-17T13:53:00+00:00
[2022-09-17 13:53:10,865] {processor.py:161} INFO - Processing /home/airflow/.local/lib/python3.7/site-packages/airflow/example_dags/example_branch_python_dop_operator_3.py took 0.317 seconds
[2022-09-17 13:53:41,766] {processor.py:153} INFO - Started process (PID=974) to work on /home/airflow/.local/lib/python3.7/site-packages/airflow/example_dags/example_branch_python_dop_operator_3.py
[2022-09-17 13:53:41,767] {processor.py:641} INFO - Processing file /home/airflow/.local/lib/python3.7/site-packages/airflow/example_dags/example_branch_python_dop_operator_3.py for tasks to queue
[2022-09-17 13:53:41,767] {logging_mixin.py:115} INFO - [2022-09-17 13:53:41,767] {dagbag.py:507} INFO - Filling up the DagBag from /home/airflow/.local/lib/python3.7/site-packages/airflow/example_dags/example_branch_python_dop_operator_3.py
[2022-09-17 13:53:41,798] {processor.py:651} INFO - DAG(s) dict_keys(['example_branch_dop_operator_v3']) retrieved from /home/airflow/.local/lib/python3.7/site-packages/airflow/example_dags/example_branch_python_dop_operator_3.py
[2022-09-17 13:53:41,848] {logging_mixin.py:115} INFO - [2022-09-17 13:53:41,848] {dag.py:2371} INFO - Sync 1 DAGs
[2022-09-17 13:53:41,901] {logging_mixin.py:115} INFO - [2022-09-17 13:53:41,901] {dag.py:2919} INFO - Setting next_dagrun for example_branch_dop_operator_v3 to 2022-09-17T13:52:00+00:00, run_after=2022-09-17T13:53:00+00:00
[2022-09-17 13:53:41,922] {processor.py:161} INFO - Processing /home/airflow/.local/lib/python3.7/site-packages/airflow/example_dags/example_branch_python_dop_operator_3.py took 0.169 seconds
[2022-09-17 13:54:12,198] {processor.py:153} INFO - Started process (PID=1037) to work on /home/airflow/.local/lib/python3.7/site-packages/airflow/example_dags/example_branch_python_dop_operator_3.py
[2022-09-17 13:54:12,210] {processor.py:641} INFO - Processing file /home/airflow/.local/lib/python3.7/site-packages/airflow/example_dags/example_branch_python_dop_operator_3.py for tasks to queue
[2022-09-17 13:54:12,213] {logging_mixin.py:115} INFO - [2022-09-17 13:54:12,213] {dagbag.py:507} INFO - Filling up the DagBag from /home/airflow/.local/lib/python3.7/site-packages/airflow/example_dags/example_branch_python_dop_operator_3.py
[2022-09-17 13:54:12,257] {processor.py:651} INFO - DAG(s) dict_keys(['example_branch_dop_operator_v3']) retrieved from /home/airflow/.local/lib/python3.7/site-packages/airflow/example_dags/example_branch_python_dop_operator_3.py
[2022-09-17 13:54:12,418] {logging_mixin.py:115} INFO - [2022-09-17 13:54:12,418] {dag.py:2371} INFO - Sync 1 DAGs
[2022-09-17 13:54:12,489] {logging_mixin.py:115} INFO - [2022-09-17 13:54:12,488] {dag.py:2919} INFO - Setting next_dagrun for example_branch_dop_operator_v3 to 2022-09-17T13:53:00+00:00, run_after=2022-09-17T13:54:00+00:00
[2022-09-17 13:54:12,517] {processor.py:161} INFO - Processing /home/airflow/.local/lib/python3.7/site-packages/airflow/example_dags/example_branch_python_dop_operator_3.py took 0.322 seconds
[2022-09-17 13:54:42,624] {processor.py:153} INFO - Started process (PID=1090) to work on /home/airflow/.local/lib/python3.7/site-packages/airflow/example_dags/example_branch_python_dop_operator_3.py
[2022-09-17 13:54:42,625] {processor.py:641} INFO - Processing file /home/airflow/.local/lib/python3.7/site-packages/airflow/example_dags/example_branch_python_dop_operator_3.py for tasks to queue
[2022-09-17 13:54:42,625] {logging_mixin.py:115} INFO - [2022-09-17 13:54:42,625] {dagbag.py:507} INFO - Filling up the DagBag from /home/airflow/.local/lib/python3.7/site-packages/airflow/example_dags/example_branch_python_dop_operator_3.py
[2022-09-17 13:54:42,642] {processor.py:651} INFO - DAG(s) dict_keys(['example_branch_dop_operator_v3']) retrieved from /home/airflow/.local/lib/python3.7/site-packages/airflow/example_dags/example_branch_python_dop_operator_3.py
[2022-09-17 13:54:42,676] {logging_mixin.py:115} INFO - [2022-09-17 13:54:42,676] {dag.py:2371} INFO - Sync 1 DAGs
[2022-09-17 13:54:42,703] {logging_mixin.py:115} INFO - [2022-09-17 13:54:42,703] {dag.py:2919} INFO - Setting next_dagrun for example_branch_dop_operator_v3 to 2022-09-17T13:53:00+00:00, run_after=2022-09-17T13:54:00+00:00
[2022-09-17 13:54:42,714] {processor.py:161} INFO - Processing /home/airflow/.local/lib/python3.7/site-packages/airflow/example_dags/example_branch_python_dop_operator_3.py took 0.097 seconds
