[2022-09-17 13:29:27,863] {processor.py:153} INFO - Started process (PID=80) to work on /home/airflow/.local/lib/python3.7/site-packages/airflow/example_dags/example_dag_decorator.py
[2022-09-17 13:29:27,864] {processor.py:641} INFO - Processing file /home/airflow/.local/lib/python3.7/site-packages/airflow/example_dags/example_dag_decorator.py for tasks to queue
[2022-09-17 13:29:27,864] {logging_mixin.py:115} INFO - [2022-09-17 13:29:27,864] {dagbag.py:507} INFO - Filling up the DagBag from /home/airflow/.local/lib/python3.7/site-packages/airflow/example_dags/example_dag_decorator.py
[2022-09-17 13:29:28,509] {processor.py:651} INFO - DAG(s) dict_keys(['example_dag_decorator']) retrieved from /home/airflow/.local/lib/python3.7/site-packages/airflow/example_dags/example_dag_decorator.py
[2022-09-17 13:29:28,751] {logging_mixin.py:115} INFO - [2022-09-17 13:29:28,751] {manager.py:508} INFO - Created Permission View: can delete on DAG:example_dag_decorator
[2022-09-17 13:29:28,762] {logging_mixin.py:115} INFO - [2022-09-17 13:29:28,761] {manager.py:508} INFO - Created Permission View: can edit on DAG:example_dag_decorator
[2022-09-17 13:29:28,770] {logging_mixin.py:115} INFO - [2022-09-17 13:29:28,770] {manager.py:508} INFO - Created Permission View: can read on DAG:example_dag_decorator
[2022-09-17 13:29:28,770] {logging_mixin.py:115} INFO - [2022-09-17 13:29:28,770] {dag.py:2371} INFO - Sync 1 DAGs
[2022-09-17 13:29:28,779] {logging_mixin.py:115} INFO - [2022-09-17 13:29:28,779] {dag.py:2390} INFO - Creating ORM DAG for example_dag_decorator
[2022-09-17 13:29:28,790] {logging_mixin.py:115} INFO - [2022-09-17 13:29:28,790] {dag.py:2919} INFO - Setting next_dagrun for example_dag_decorator to None, run_after=None
[2022-09-17 13:29:28,810] {processor.py:161} INFO - Processing /home/airflow/.local/lib/python3.7/site-packages/airflow/example_dags/example_dag_decorator.py took 0.954 seconds
[2022-09-17 13:30:02,177] {processor.py:153} INFO - Started process (PID=131) to work on /home/airflow/.local/lib/python3.7/site-packages/airflow/example_dags/example_dag_decorator.py
[2022-09-17 13:30:02,179] {processor.py:641} INFO - Processing file /home/airflow/.local/lib/python3.7/site-packages/airflow/example_dags/example_dag_decorator.py for tasks to queue
[2022-09-17 13:30:02,180] {logging_mixin.py:115} INFO - [2022-09-17 13:30:02,179] {dagbag.py:507} INFO - Filling up the DagBag from /home/airflow/.local/lib/python3.7/site-packages/airflow/example_dags/example_dag_decorator.py
[2022-09-17 13:30:02,225] {processor.py:651} INFO - DAG(s) dict_keys(['example_dag_decorator']) retrieved from /home/airflow/.local/lib/python3.7/site-packages/airflow/example_dags/example_dag_decorator.py
[2022-09-17 13:30:02,751] {logging_mixin.py:115} INFO - [2022-09-17 13:30:02,751] {dag.py:2371} INFO - Sync 1 DAGs
[2022-09-17 13:30:02,777] {logging_mixin.py:115} INFO - [2022-09-17 13:30:02,777] {dag.py:2919} INFO - Setting next_dagrun for example_dag_decorator to None, run_after=None
[2022-09-17 13:30:02,794] {processor.py:161} INFO - Processing /home/airflow/.local/lib/python3.7/site-packages/airflow/example_dags/example_dag_decorator.py took 0.623 seconds
[2022-09-17 13:30:33,426] {processor.py:153} INFO - Started process (PID=183) to work on /home/airflow/.local/lib/python3.7/site-packages/airflow/example_dags/example_dag_decorator.py
[2022-09-17 13:30:33,427] {processor.py:641} INFO - Processing file /home/airflow/.local/lib/python3.7/site-packages/airflow/example_dags/example_dag_decorator.py for tasks to queue
[2022-09-17 13:30:33,427] {logging_mixin.py:115} INFO - [2022-09-17 13:30:33,427] {dagbag.py:507} INFO - Filling up the DagBag from /home/airflow/.local/lib/python3.7/site-packages/airflow/example_dags/example_dag_decorator.py
[2022-09-17 13:30:33,603] {processor.py:651} INFO - DAG(s) dict_keys(['example_dag_decorator']) retrieved from /home/airflow/.local/lib/python3.7/site-packages/airflow/example_dags/example_dag_decorator.py
[2022-09-17 13:30:34,089] {logging_mixin.py:115} INFO - [2022-09-17 13:30:34,089] {dag.py:2371} INFO - Sync 1 DAGs
[2022-09-17 13:30:34,107] {logging_mixin.py:115} INFO - [2022-09-17 13:30:34,107] {dag.py:2919} INFO - Setting next_dagrun for example_dag_decorator to None, run_after=None
[2022-09-17 13:30:34,358] {processor.py:161} INFO - Processing /home/airflow/.local/lib/python3.7/site-packages/airflow/example_dags/example_dag_decorator.py took 0.936 seconds
[2022-09-17 13:31:08,685] {processor.py:153} INFO - Started process (PID=244) to work on /home/airflow/.local/lib/python3.7/site-packages/airflow/example_dags/example_dag_decorator.py
[2022-09-17 13:31:08,689] {processor.py:641} INFO - Processing file /home/airflow/.local/lib/python3.7/site-packages/airflow/example_dags/example_dag_decorator.py for tasks to queue
[2022-09-17 13:31:08,696] {logging_mixin.py:115} INFO - [2022-09-17 13:31:08,696] {dagbag.py:507} INFO - Filling up the DagBag from /home/airflow/.local/lib/python3.7/site-packages/airflow/example_dags/example_dag_decorator.py
[2022-09-17 13:31:08,775] {processor.py:651} INFO - DAG(s) dict_keys(['example_dag_decorator']) retrieved from /home/airflow/.local/lib/python3.7/site-packages/airflow/example_dags/example_dag_decorator.py
[2022-09-17 13:31:09,368] {logging_mixin.py:115} INFO - [2022-09-17 13:31:09,368] {dag.py:2371} INFO - Sync 1 DAGs
[2022-09-17 13:31:09,480] {logging_mixin.py:115} INFO - [2022-09-17 13:31:09,480] {dag.py:2919} INFO - Setting next_dagrun for example_dag_decorator to None, run_after=None
[2022-09-17 13:31:09,511] {processor.py:161} INFO - Processing /home/airflow/.local/lib/python3.7/site-packages/airflow/example_dags/example_dag_decorator.py took 0.844 seconds
[2022-09-17 13:31:39,683] {processor.py:153} INFO - Started process (PID=297) to work on /home/airflow/.local/lib/python3.7/site-packages/airflow/example_dags/example_dag_decorator.py
[2022-09-17 13:31:39,684] {processor.py:641} INFO - Processing file /home/airflow/.local/lib/python3.7/site-packages/airflow/example_dags/example_dag_decorator.py for tasks to queue
[2022-09-17 13:31:39,685] {logging_mixin.py:115} INFO - [2022-09-17 13:31:39,685] {dagbag.py:507} INFO - Filling up the DagBag from /home/airflow/.local/lib/python3.7/site-packages/airflow/example_dags/example_dag_decorator.py
[2022-09-17 13:31:39,727] {processor.py:651} INFO - DAG(s) dict_keys(['example_dag_decorator']) retrieved from /home/airflow/.local/lib/python3.7/site-packages/airflow/example_dags/example_dag_decorator.py
[2022-09-17 13:31:40,052] {logging_mixin.py:115} INFO - [2022-09-17 13:31:40,052] {dag.py:2371} INFO - Sync 1 DAGs
[2022-09-17 13:31:40,074] {logging_mixin.py:115} INFO - [2022-09-17 13:31:40,074] {dag.py:2919} INFO - Setting next_dagrun for example_dag_decorator to None, run_after=None
[2022-09-17 13:31:40,100] {processor.py:161} INFO - Processing /home/airflow/.local/lib/python3.7/site-packages/airflow/example_dags/example_dag_decorator.py took 0.422 seconds
[2022-09-17 13:32:10,663] {processor.py:153} INFO - Started process (PID=358) to work on /home/airflow/.local/lib/python3.7/site-packages/airflow/example_dags/example_dag_decorator.py
[2022-09-17 13:32:10,664] {processor.py:641} INFO - Processing file /home/airflow/.local/lib/python3.7/site-packages/airflow/example_dags/example_dag_decorator.py for tasks to queue
[2022-09-17 13:32:10,664] {logging_mixin.py:115} INFO - [2022-09-17 13:32:10,664] {dagbag.py:507} INFO - Filling up the DagBag from /home/airflow/.local/lib/python3.7/site-packages/airflow/example_dags/example_dag_decorator.py
[2022-09-17 13:32:10,702] {processor.py:651} INFO - DAG(s) dict_keys(['example_dag_decorator']) retrieved from /home/airflow/.local/lib/python3.7/site-packages/airflow/example_dags/example_dag_decorator.py
[2022-09-17 13:32:11,037] {logging_mixin.py:115} INFO - [2022-09-17 13:32:11,037] {dag.py:2371} INFO - Sync 1 DAGs
[2022-09-17 13:32:11,061] {logging_mixin.py:115} INFO - [2022-09-17 13:32:11,061] {dag.py:2919} INFO - Setting next_dagrun for example_dag_decorator to None, run_after=None
[2022-09-17 13:32:11,089] {processor.py:161} INFO - Processing /home/airflow/.local/lib/python3.7/site-packages/airflow/example_dags/example_dag_decorator.py took 0.431 seconds
[2022-09-17 13:32:41,477] {processor.py:153} INFO - Started process (PID=409) to work on /home/airflow/.local/lib/python3.7/site-packages/airflow/example_dags/example_dag_decorator.py
[2022-09-17 13:32:41,477] {processor.py:641} INFO - Processing file /home/airflow/.local/lib/python3.7/site-packages/airflow/example_dags/example_dag_decorator.py for tasks to queue
[2022-09-17 13:32:41,478] {logging_mixin.py:115} INFO - [2022-09-17 13:32:41,478] {dagbag.py:507} INFO - Filling up the DagBag from /home/airflow/.local/lib/python3.7/site-packages/airflow/example_dags/example_dag_decorator.py
[2022-09-17 13:32:41,509] {processor.py:651} INFO - DAG(s) dict_keys(['example_dag_decorator']) retrieved from /home/airflow/.local/lib/python3.7/site-packages/airflow/example_dags/example_dag_decorator.py
[2022-09-17 13:32:41,764] {logging_mixin.py:115} INFO - [2022-09-17 13:32:41,764] {dag.py:2371} INFO - Sync 1 DAGs
[2022-09-17 13:32:41,783] {logging_mixin.py:115} INFO - [2022-09-17 13:32:41,783] {dag.py:2919} INFO - Setting next_dagrun for example_dag_decorator to None, run_after=None
[2022-09-17 13:32:41,796] {processor.py:161} INFO - Processing /home/airflow/.local/lib/python3.7/site-packages/airflow/example_dags/example_dag_decorator.py took 0.324 seconds
[2022-09-17 13:33:18,953] {processor.py:153} INFO - Started process (PID=477) to work on /home/airflow/.local/lib/python3.7/site-packages/airflow/example_dags/example_dag_decorator.py
[2022-09-17 13:33:18,960] {processor.py:641} INFO - Processing file /home/airflow/.local/lib/python3.7/site-packages/airflow/example_dags/example_dag_decorator.py for tasks to queue
[2022-09-17 13:33:18,961] {logging_mixin.py:115} INFO - [2022-09-17 13:33:18,961] {dagbag.py:507} INFO - Filling up the DagBag from /home/airflow/.local/lib/python3.7/site-packages/airflow/example_dags/example_dag_decorator.py
[2022-09-17 13:33:19,036] {processor.py:651} INFO - DAG(s) dict_keys(['example_dag_decorator']) retrieved from /home/airflow/.local/lib/python3.7/site-packages/airflow/example_dags/example_dag_decorator.py
[2022-09-17 13:33:19,542] {logging_mixin.py:115} INFO - [2022-09-17 13:33:19,541] {dag.py:2371} INFO - Sync 1 DAGs
[2022-09-17 13:33:19,587] {logging_mixin.py:115} INFO - [2022-09-17 13:33:19,587] {dag.py:2919} INFO - Setting next_dagrun for example_dag_decorator to None, run_after=None
[2022-09-17 13:33:19,642] {processor.py:161} INFO - Processing /home/airflow/.local/lib/python3.7/site-packages/airflow/example_dags/example_dag_decorator.py took 0.694 seconds
[2022-09-17 13:33:51,479] {processor.py:153} INFO - Started process (PID=540) to work on /home/airflow/.local/lib/python3.7/site-packages/airflow/example_dags/example_dag_decorator.py
[2022-09-17 13:33:51,485] {processor.py:641} INFO - Processing file /home/airflow/.local/lib/python3.7/site-packages/airflow/example_dags/example_dag_decorator.py for tasks to queue
[2022-09-17 13:33:51,486] {logging_mixin.py:115} INFO - [2022-09-17 13:33:51,486] {dagbag.py:507} INFO - Filling up the DagBag from /home/airflow/.local/lib/python3.7/site-packages/airflow/example_dags/example_dag_decorator.py
[2022-09-17 13:33:51,575] {processor.py:651} INFO - DAG(s) dict_keys(['example_dag_decorator']) retrieved from /home/airflow/.local/lib/python3.7/site-packages/airflow/example_dags/example_dag_decorator.py
[2022-09-17 13:33:52,391] {logging_mixin.py:115} INFO - [2022-09-17 13:33:52,391] {dag.py:2371} INFO - Sync 1 DAGs
[2022-09-17 13:33:52,421] {logging_mixin.py:115} INFO - [2022-09-17 13:33:52,421] {dag.py:2919} INFO - Setting next_dagrun for example_dag_decorator to None, run_after=None
[2022-09-17 13:33:52,444] {processor.py:161} INFO - Processing /home/airflow/.local/lib/python3.7/site-packages/airflow/example_dags/example_dag_decorator.py took 0.983 seconds
[2022-09-17 13:34:26,162] {processor.py:153} INFO - Started process (PID=593) to work on /home/airflow/.local/lib/python3.7/site-packages/airflow/example_dags/example_dag_decorator.py
[2022-09-17 13:34:26,163] {processor.py:641} INFO - Processing file /home/airflow/.local/lib/python3.7/site-packages/airflow/example_dags/example_dag_decorator.py for tasks to queue
[2022-09-17 13:34:26,164] {logging_mixin.py:115} INFO - [2022-09-17 13:34:26,163] {dagbag.py:507} INFO - Filling up the DagBag from /home/airflow/.local/lib/python3.7/site-packages/airflow/example_dags/example_dag_decorator.py
[2022-09-17 13:34:26,193] {processor.py:651} INFO - DAG(s) dict_keys(['example_dag_decorator']) retrieved from /home/airflow/.local/lib/python3.7/site-packages/airflow/example_dags/example_dag_decorator.py
[2022-09-17 13:34:26,545] {logging_mixin.py:115} INFO - [2022-09-17 13:34:26,545] {dag.py:2371} INFO - Sync 1 DAGs
[2022-09-17 13:34:26,563] {logging_mixin.py:115} INFO - [2022-09-17 13:34:26,563] {dag.py:2919} INFO - Setting next_dagrun for example_dag_decorator to None, run_after=None
[2022-09-17 13:34:26,575] {processor.py:161} INFO - Processing /home/airflow/.local/lib/python3.7/site-packages/airflow/example_dags/example_dag_decorator.py took 0.417 seconds
[2022-09-17 13:34:56,767] {processor.py:153} INFO - Started process (PID=645) to work on /home/airflow/.local/lib/python3.7/site-packages/airflow/example_dags/example_dag_decorator.py
[2022-09-17 13:34:56,768] {processor.py:641} INFO - Processing file /home/airflow/.local/lib/python3.7/site-packages/airflow/example_dags/example_dag_decorator.py for tasks to queue
[2022-09-17 13:34:56,768] {logging_mixin.py:115} INFO - [2022-09-17 13:34:56,768] {dagbag.py:507} INFO - Filling up the DagBag from /home/airflow/.local/lib/python3.7/site-packages/airflow/example_dags/example_dag_decorator.py
[2022-09-17 13:34:56,813] {processor.py:651} INFO - DAG(s) dict_keys(['example_dag_decorator']) retrieved from /home/airflow/.local/lib/python3.7/site-packages/airflow/example_dags/example_dag_decorator.py
[2022-09-17 13:34:57,038] {logging_mixin.py:115} INFO - [2022-09-17 13:34:57,038] {dag.py:2371} INFO - Sync 1 DAGs
[2022-09-17 13:34:57,070] {logging_mixin.py:115} INFO - [2022-09-17 13:34:57,070] {dag.py:2919} INFO - Setting next_dagrun for example_dag_decorator to None, run_after=None
[2022-09-17 13:34:57,088] {processor.py:161} INFO - Processing /home/airflow/.local/lib/python3.7/site-packages/airflow/example_dags/example_dag_decorator.py took 0.325 seconds
[2022-09-17 13:35:27,690] {processor.py:153} INFO - Started process (PID=704) to work on /home/airflow/.local/lib/python3.7/site-packages/airflow/example_dags/example_dag_decorator.py
[2022-09-17 13:35:27,691] {processor.py:641} INFO - Processing file /home/airflow/.local/lib/python3.7/site-packages/airflow/example_dags/example_dag_decorator.py for tasks to queue
[2022-09-17 13:35:27,692] {logging_mixin.py:115} INFO - [2022-09-17 13:35:27,692] {dagbag.py:507} INFO - Filling up the DagBag from /home/airflow/.local/lib/python3.7/site-packages/airflow/example_dags/example_dag_decorator.py
[2022-09-17 13:35:27,719] {processor.py:651} INFO - DAG(s) dict_keys(['example_dag_decorator']) retrieved from /home/airflow/.local/lib/python3.7/site-packages/airflow/example_dags/example_dag_decorator.py
[2022-09-17 13:35:27,972] {logging_mixin.py:115} INFO - [2022-09-17 13:35:27,971] {dag.py:2371} INFO - Sync 1 DAGs
[2022-09-17 13:35:27,990] {logging_mixin.py:115} INFO - [2022-09-17 13:35:27,990] {dag.py:2919} INFO - Setting next_dagrun for example_dag_decorator to None, run_after=None
[2022-09-17 13:35:28,003] {processor.py:161} INFO - Processing /home/airflow/.local/lib/python3.7/site-packages/airflow/example_dags/example_dag_decorator.py took 0.317 seconds
[2022-09-17 13:35:59,099] {processor.py:153} INFO - Started process (PID=765) to work on /home/airflow/.local/lib/python3.7/site-packages/airflow/example_dags/example_dag_decorator.py
[2022-09-17 13:35:59,106] {processor.py:641} INFO - Processing file /home/airflow/.local/lib/python3.7/site-packages/airflow/example_dags/example_dag_decorator.py for tasks to queue
[2022-09-17 13:35:59,109] {logging_mixin.py:115} INFO - [2022-09-17 13:35:59,109] {dagbag.py:507} INFO - Filling up the DagBag from /home/airflow/.local/lib/python3.7/site-packages/airflow/example_dags/example_dag_decorator.py
[2022-09-17 13:35:59,170] {processor.py:651} INFO - DAG(s) dict_keys(['example_dag_decorator']) retrieved from /home/airflow/.local/lib/python3.7/site-packages/airflow/example_dags/example_dag_decorator.py
[2022-09-17 13:35:59,542] {logging_mixin.py:115} INFO - [2022-09-17 13:35:59,542] {dag.py:2371} INFO - Sync 1 DAGs
[2022-09-17 13:35:59,596] {logging_mixin.py:115} INFO - [2022-09-17 13:35:59,596] {dag.py:2919} INFO - Setting next_dagrun for example_dag_decorator to None, run_after=None
[2022-09-17 13:35:59,618] {processor.py:161} INFO - Processing /home/airflow/.local/lib/python3.7/site-packages/airflow/example_dags/example_dag_decorator.py took 0.550 seconds
[2022-09-17 13:36:33,682] {processor.py:153} INFO - Started process (PID=819) to work on /home/airflow/.local/lib/python3.7/site-packages/airflow/example_dags/example_dag_decorator.py
[2022-09-17 13:36:33,683] {processor.py:641} INFO - Processing file /home/airflow/.local/lib/python3.7/site-packages/airflow/example_dags/example_dag_decorator.py for tasks to queue
[2022-09-17 13:36:33,684] {logging_mixin.py:115} INFO - [2022-09-17 13:36:33,684] {dagbag.py:507} INFO - Filling up the DagBag from /home/airflow/.local/lib/python3.7/site-packages/airflow/example_dags/example_dag_decorator.py
[2022-09-17 13:36:33,773] {processor.py:651} INFO - DAG(s) dict_keys(['example_dag_decorator']) retrieved from /home/airflow/.local/lib/python3.7/site-packages/airflow/example_dags/example_dag_decorator.py
[2022-09-17 13:36:34,487] {logging_mixin.py:115} INFO - [2022-09-17 13:36:34,487] {dag.py:2371} INFO - Sync 1 DAGs
[2022-09-17 13:36:34,596] {logging_mixin.py:115} INFO - [2022-09-17 13:36:34,596] {dag.py:2919} INFO - Setting next_dagrun for example_dag_decorator to None, run_after=None
[2022-09-17 13:36:34,668] {processor.py:161} INFO - Processing /home/airflow/.local/lib/python3.7/site-packages/airflow/example_dags/example_dag_decorator.py took 0.990 seconds
[2022-09-17 13:37:08,677] {processor.py:153} INFO - Started process (PID=870) to work on /home/airflow/.local/lib/python3.7/site-packages/airflow/example_dags/example_dag_decorator.py
[2022-09-17 13:37:08,679] {processor.py:641} INFO - Processing file /home/airflow/.local/lib/python3.7/site-packages/airflow/example_dags/example_dag_decorator.py for tasks to queue
[2022-09-17 13:37:08,680] {logging_mixin.py:115} INFO - [2022-09-17 13:37:08,680] {dagbag.py:507} INFO - Filling up the DagBag from /home/airflow/.local/lib/python3.7/site-packages/airflow/example_dags/example_dag_decorator.py
[2022-09-17 13:37:08,729] {processor.py:651} INFO - DAG(s) dict_keys(['example_dag_decorator']) retrieved from /home/airflow/.local/lib/python3.7/site-packages/airflow/example_dags/example_dag_decorator.py
[2022-09-17 13:37:09,195] {logging_mixin.py:115} INFO - [2022-09-17 13:37:09,195] {dag.py:2371} INFO - Sync 1 DAGs
[2022-09-17 13:37:09,270] {logging_mixin.py:115} INFO - [2022-09-17 13:37:09,270] {dag.py:2919} INFO - Setting next_dagrun for example_dag_decorator to None, run_after=None
[2022-09-17 13:37:09,307] {processor.py:161} INFO - Processing /home/airflow/.local/lib/python3.7/site-packages/airflow/example_dags/example_dag_decorator.py took 0.636 seconds
[2022-09-17 13:39:28,214] {processor.py:153} INFO - Started process (PID=952) to work on /home/airflow/.local/lib/python3.7/site-packages/airflow/example_dags/example_dag_decorator.py
[2022-09-17 13:39:28,215] {processor.py:641} INFO - Processing file /home/airflow/.local/lib/python3.7/site-packages/airflow/example_dags/example_dag_decorator.py for tasks to queue
[2022-09-17 13:39:28,216] {logging_mixin.py:115} INFO - [2022-09-17 13:39:28,216] {dagbag.py:507} INFO - Filling up the DagBag from /home/airflow/.local/lib/python3.7/site-packages/airflow/example_dags/example_dag_decorator.py
[2022-09-17 13:39:28,251] {processor.py:651} INFO - DAG(s) dict_keys(['example_dag_decorator']) retrieved from /home/airflow/.local/lib/python3.7/site-packages/airflow/example_dags/example_dag_decorator.py
[2022-09-17 13:39:28,526] {logging_mixin.py:115} INFO - [2022-09-17 13:39:28,526] {dag.py:2371} INFO - Sync 1 DAGs
[2022-09-17 13:39:28,567] {logging_mixin.py:115} INFO - [2022-09-17 13:39:28,567] {dag.py:2919} INFO - Setting next_dagrun for example_dag_decorator to None, run_after=None
[2022-09-17 13:39:28,593] {processor.py:161} INFO - Processing /home/airflow/.local/lib/python3.7/site-packages/airflow/example_dags/example_dag_decorator.py took 0.383 seconds
[2022-09-17 13:39:59,054] {processor.py:153} INFO - Started process (PID=1011) to work on /home/airflow/.local/lib/python3.7/site-packages/airflow/example_dags/example_dag_decorator.py
[2022-09-17 13:39:59,058] {processor.py:641} INFO - Processing file /home/airflow/.local/lib/python3.7/site-packages/airflow/example_dags/example_dag_decorator.py for tasks to queue
[2022-09-17 13:39:59,059] {logging_mixin.py:115} INFO - [2022-09-17 13:39:59,059] {dagbag.py:507} INFO - Filling up the DagBag from /home/airflow/.local/lib/python3.7/site-packages/airflow/example_dags/example_dag_decorator.py
[2022-09-17 13:39:59,143] {processor.py:651} INFO - DAG(s) dict_keys(['example_dag_decorator']) retrieved from /home/airflow/.local/lib/python3.7/site-packages/airflow/example_dags/example_dag_decorator.py
[2022-09-17 13:39:59,402] {logging_mixin.py:115} INFO - [2022-09-17 13:39:59,402] {dag.py:2371} INFO - Sync 1 DAGs
[2022-09-17 13:39:59,434] {logging_mixin.py:115} INFO - [2022-09-17 13:39:59,434] {dag.py:2919} INFO - Setting next_dagrun for example_dag_decorator to None, run_after=None
[2022-09-17 13:39:59,444] {processor.py:161} INFO - Processing /home/airflow/.local/lib/python3.7/site-packages/airflow/example_dags/example_dag_decorator.py took 0.399 seconds
[2022-09-17 13:40:36,352] {processor.py:153} INFO - Started process (PID=1065) to work on /home/airflow/.local/lib/python3.7/site-packages/airflow/example_dags/example_dag_decorator.py
[2022-09-17 13:40:36,402] {processor.py:641} INFO - Processing file /home/airflow/.local/lib/python3.7/site-packages/airflow/example_dags/example_dag_decorator.py for tasks to queue
[2022-09-17 13:40:36,402] {logging_mixin.py:115} INFO - [2022-09-17 13:40:36,402] {dagbag.py:507} INFO - Filling up the DagBag from /home/airflow/.local/lib/python3.7/site-packages/airflow/example_dags/example_dag_decorator.py
[2022-09-17 13:40:36,744] {processor.py:651} INFO - DAG(s) dict_keys(['example_dag_decorator']) retrieved from /home/airflow/.local/lib/python3.7/site-packages/airflow/example_dags/example_dag_decorator.py
[2022-09-17 13:40:38,634] {logging_mixin.py:115} INFO - [2022-09-17 13:40:38,632] {dag.py:2371} INFO - Sync 1 DAGs
[2022-09-17 13:40:38,808] {logging_mixin.py:115} INFO - [2022-09-17 13:40:38,808] {dag.py:2919} INFO - Setting next_dagrun for example_dag_decorator to None, run_after=None
[2022-09-17 13:40:38,867] {processor.py:161} INFO - Processing /home/airflow/.local/lib/python3.7/site-packages/airflow/example_dags/example_dag_decorator.py took 2.562 seconds
[2022-09-17 13:45:38,443] {processor.py:153} INFO - Started process (PID=73) to work on /home/airflow/.local/lib/python3.7/site-packages/airflow/example_dags/example_dag_decorator.py
[2022-09-17 13:45:38,458] {processor.py:641} INFO - Processing file /home/airflow/.local/lib/python3.7/site-packages/airflow/example_dags/example_dag_decorator.py for tasks to queue
[2022-09-17 13:45:38,459] {logging_mixin.py:115} INFO - [2022-09-17 13:45:38,459] {dagbag.py:507} INFO - Filling up the DagBag from /home/airflow/.local/lib/python3.7/site-packages/airflow/example_dags/example_dag_decorator.py
[2022-09-17 13:45:38,701] {processor.py:651} INFO - DAG(s) dict_keys(['example_dag_decorator']) retrieved from /home/airflow/.local/lib/python3.7/site-packages/airflow/example_dags/example_dag_decorator.py
[2022-09-17 13:45:39,263] {logging_mixin.py:115} INFO - [2022-09-17 13:45:39,263] {dag.py:2371} INFO - Sync 1 DAGs
[2022-09-17 13:45:41,742] {logging_mixin.py:115} INFO - [2022-09-17 13:45:41,742] {dag.py:2919} INFO - Setting next_dagrun for example_dag_decorator to None, run_after=None
[2022-09-17 13:45:41,825] {processor.py:161} INFO - Processing /home/airflow/.local/lib/python3.7/site-packages/airflow/example_dags/example_dag_decorator.py took 3.409 seconds
[2022-09-17 13:46:13,771] {processor.py:153} INFO - Started process (PID=127) to work on /home/airflow/.local/lib/python3.7/site-packages/airflow/example_dags/example_dag_decorator.py
[2022-09-17 13:46:13,787] {processor.py:641} INFO - Processing file /home/airflow/.local/lib/python3.7/site-packages/airflow/example_dags/example_dag_decorator.py for tasks to queue
[2022-09-17 13:46:13,788] {logging_mixin.py:115} INFO - [2022-09-17 13:46:13,788] {dagbag.py:507} INFO - Filling up the DagBag from /home/airflow/.local/lib/python3.7/site-packages/airflow/example_dags/example_dag_decorator.py
[2022-09-17 13:46:14,385] {processor.py:651} INFO - DAG(s) dict_keys(['example_dag_decorator']) retrieved from /home/airflow/.local/lib/python3.7/site-packages/airflow/example_dags/example_dag_decorator.py
[2022-09-17 13:46:15,370] {logging_mixin.py:115} INFO - [2022-09-17 13:46:15,370] {dag.py:2371} INFO - Sync 1 DAGs
[2022-09-17 13:46:16,421] {logging_mixin.py:115} INFO - [2022-09-17 13:46:16,421] {dag.py:2919} INFO - Setting next_dagrun for example_dag_decorator to None, run_after=None
[2022-09-17 13:46:16,534] {processor.py:161} INFO - Processing /home/airflow/.local/lib/python3.7/site-packages/airflow/example_dags/example_dag_decorator.py took 2.839 seconds
[2022-09-17 13:46:46,663] {processor.py:153} INFO - Started process (PID=182) to work on /home/airflow/.local/lib/python3.7/site-packages/airflow/example_dags/example_dag_decorator.py
[2022-09-17 13:46:46,665] {processor.py:641} INFO - Processing file /home/airflow/.local/lib/python3.7/site-packages/airflow/example_dags/example_dag_decorator.py for tasks to queue
[2022-09-17 13:46:46,668] {logging_mixin.py:115} INFO - [2022-09-17 13:46:46,668] {dagbag.py:507} INFO - Filling up the DagBag from /home/airflow/.local/lib/python3.7/site-packages/airflow/example_dags/example_dag_decorator.py
[2022-09-17 13:46:46,820] {processor.py:651} INFO - DAG(s) dict_keys(['example_dag_decorator']) retrieved from /home/airflow/.local/lib/python3.7/site-packages/airflow/example_dags/example_dag_decorator.py
[2022-09-17 13:46:47,099] {logging_mixin.py:115} INFO - [2022-09-17 13:46:47,098] {dag.py:2371} INFO - Sync 1 DAGs
[2022-09-17 13:46:47,743] {logging_mixin.py:115} INFO - [2022-09-17 13:46:47,743] {dag.py:2919} INFO - Setting next_dagrun for example_dag_decorator to None, run_after=None
[2022-09-17 13:46:47,791] {processor.py:161} INFO - Processing /home/airflow/.local/lib/python3.7/site-packages/airflow/example_dags/example_dag_decorator.py took 1.149 seconds
[2022-09-17 13:47:18,656] {processor.py:153} INFO - Started process (PID=237) to work on /home/airflow/.local/lib/python3.7/site-packages/airflow/example_dags/example_dag_decorator.py
[2022-09-17 13:47:18,658] {processor.py:641} INFO - Processing file /home/airflow/.local/lib/python3.7/site-packages/airflow/example_dags/example_dag_decorator.py for tasks to queue
[2022-09-17 13:47:18,659] {logging_mixin.py:115} INFO - [2022-09-17 13:47:18,659] {dagbag.py:507} INFO - Filling up the DagBag from /home/airflow/.local/lib/python3.7/site-packages/airflow/example_dags/example_dag_decorator.py
[2022-09-17 13:47:18,709] {processor.py:651} INFO - DAG(s) dict_keys(['example_dag_decorator']) retrieved from /home/airflow/.local/lib/python3.7/site-packages/airflow/example_dags/example_dag_decorator.py
[2022-09-17 13:47:18,931] {logging_mixin.py:115} INFO - [2022-09-17 13:47:18,931] {dag.py:2371} INFO - Sync 1 DAGs
[2022-09-17 13:47:19,206] {logging_mixin.py:115} INFO - [2022-09-17 13:47:19,206] {dag.py:2919} INFO - Setting next_dagrun for example_dag_decorator to None, run_after=None
[2022-09-17 13:47:19,219] {processor.py:161} INFO - Processing /home/airflow/.local/lib/python3.7/site-packages/airflow/example_dags/example_dag_decorator.py took 0.566 seconds
[2022-09-17 13:47:49,811] {processor.py:153} INFO - Started process (PID=300) to work on /home/airflow/.local/lib/python3.7/site-packages/airflow/example_dags/example_dag_decorator.py
[2022-09-17 13:47:49,813] {processor.py:641} INFO - Processing file /home/airflow/.local/lib/python3.7/site-packages/airflow/example_dags/example_dag_decorator.py for tasks to queue
[2022-09-17 13:47:49,815] {logging_mixin.py:115} INFO - [2022-09-17 13:47:49,815] {dagbag.py:507} INFO - Filling up the DagBag from /home/airflow/.local/lib/python3.7/site-packages/airflow/example_dags/example_dag_decorator.py
[2022-09-17 13:47:49,850] {processor.py:651} INFO - DAG(s) dict_keys(['example_dag_decorator']) retrieved from /home/airflow/.local/lib/python3.7/site-packages/airflow/example_dags/example_dag_decorator.py
[2022-09-17 13:47:50,144] {logging_mixin.py:115} INFO - [2022-09-17 13:47:50,144] {dag.py:2371} INFO - Sync 1 DAGs
[2022-09-17 13:47:50,557] {logging_mixin.py:115} INFO - [2022-09-17 13:47:50,557] {dag.py:2919} INFO - Setting next_dagrun for example_dag_decorator to None, run_after=None
[2022-09-17 13:47:50,581] {processor.py:161} INFO - Processing /home/airflow/.local/lib/python3.7/site-packages/airflow/example_dags/example_dag_decorator.py took 0.773 seconds
[2022-09-17 13:48:21,451] {processor.py:153} INFO - Started process (PID=353) to work on /home/airflow/.local/lib/python3.7/site-packages/airflow/example_dags/example_dag_decorator.py
[2022-09-17 13:48:21,456] {processor.py:641} INFO - Processing file /home/airflow/.local/lib/python3.7/site-packages/airflow/example_dags/example_dag_decorator.py for tasks to queue
[2022-09-17 13:48:21,457] {logging_mixin.py:115} INFO - [2022-09-17 13:48:21,457] {dagbag.py:507} INFO - Filling up the DagBag from /home/airflow/.local/lib/python3.7/site-packages/airflow/example_dags/example_dag_decorator.py
[2022-09-17 13:48:21,493] {processor.py:651} INFO - DAG(s) dict_keys(['example_dag_decorator']) retrieved from /home/airflow/.local/lib/python3.7/site-packages/airflow/example_dags/example_dag_decorator.py
[2022-09-17 13:48:21,599] {logging_mixin.py:115} INFO - [2022-09-17 13:48:21,599] {dag.py:2371} INFO - Sync 1 DAGs
[2022-09-17 13:48:21,849] {logging_mixin.py:115} INFO - [2022-09-17 13:48:21,849] {dag.py:2919} INFO - Setting next_dagrun for example_dag_decorator to None, run_after=None
[2022-09-17 13:48:21,869] {processor.py:161} INFO - Processing /home/airflow/.local/lib/python3.7/site-packages/airflow/example_dags/example_dag_decorator.py took 0.421 seconds
[2022-09-17 13:48:52,127] {processor.py:153} INFO - Started process (PID=415) to work on /home/airflow/.local/lib/python3.7/site-packages/airflow/example_dags/example_dag_decorator.py
[2022-09-17 13:48:52,127] {processor.py:641} INFO - Processing file /home/airflow/.local/lib/python3.7/site-packages/airflow/example_dags/example_dag_decorator.py for tasks to queue
[2022-09-17 13:48:52,128] {logging_mixin.py:115} INFO - [2022-09-17 13:48:52,128] {dagbag.py:507} INFO - Filling up the DagBag from /home/airflow/.local/lib/python3.7/site-packages/airflow/example_dags/example_dag_decorator.py
[2022-09-17 13:48:52,152] {processor.py:651} INFO - DAG(s) dict_keys(['example_dag_decorator']) retrieved from /home/airflow/.local/lib/python3.7/site-packages/airflow/example_dags/example_dag_decorator.py
[2022-09-17 13:48:52,226] {logging_mixin.py:115} INFO - [2022-09-17 13:48:52,226] {dag.py:2371} INFO - Sync 1 DAGs
[2022-09-17 13:48:52,377] {logging_mixin.py:115} INFO - [2022-09-17 13:48:52,377] {dag.py:2919} INFO - Setting next_dagrun for example_dag_decorator to None, run_after=None
[2022-09-17 13:48:52,388] {processor.py:161} INFO - Processing /home/airflow/.local/lib/python3.7/site-packages/airflow/example_dags/example_dag_decorator.py took 0.264 seconds
[2022-09-17 13:49:22,721] {processor.py:153} INFO - Started process (PID=469) to work on /home/airflow/.local/lib/python3.7/site-packages/airflow/example_dags/example_dag_decorator.py
[2022-09-17 13:49:22,721] {processor.py:641} INFO - Processing file /home/airflow/.local/lib/python3.7/site-packages/airflow/example_dags/example_dag_decorator.py for tasks to queue
[2022-09-17 13:49:22,722] {logging_mixin.py:115} INFO - [2022-09-17 13:49:22,722] {dagbag.py:507} INFO - Filling up the DagBag from /home/airflow/.local/lib/python3.7/site-packages/airflow/example_dags/example_dag_decorator.py
[2022-09-17 13:49:22,803] {processor.py:651} INFO - DAG(s) dict_keys(['example_dag_decorator']) retrieved from /home/airflow/.local/lib/python3.7/site-packages/airflow/example_dags/example_dag_decorator.py
[2022-09-17 13:49:22,997] {logging_mixin.py:115} INFO - [2022-09-17 13:49:22,997] {dag.py:2371} INFO - Sync 1 DAGs
[2022-09-17 13:49:23,410] {logging_mixin.py:115} INFO - [2022-09-17 13:49:23,410] {dag.py:2919} INFO - Setting next_dagrun for example_dag_decorator to None, run_after=None
[2022-09-17 13:49:23,491] {processor.py:161} INFO - Processing /home/airflow/.local/lib/python3.7/site-packages/airflow/example_dags/example_dag_decorator.py took 0.778 seconds
[2022-09-17 13:49:54,376] {processor.py:153} INFO - Started process (PID=535) to work on /home/airflow/.local/lib/python3.7/site-packages/airflow/example_dags/example_dag_decorator.py
[2022-09-17 13:49:54,377] {processor.py:641} INFO - Processing file /home/airflow/.local/lib/python3.7/site-packages/airflow/example_dags/example_dag_decorator.py for tasks to queue
[2022-09-17 13:49:54,377] {logging_mixin.py:115} INFO - [2022-09-17 13:49:54,377] {dagbag.py:507} INFO - Filling up the DagBag from /home/airflow/.local/lib/python3.7/site-packages/airflow/example_dags/example_dag_decorator.py
[2022-09-17 13:49:54,429] {processor.py:651} INFO - DAG(s) dict_keys(['example_dag_decorator']) retrieved from /home/airflow/.local/lib/python3.7/site-packages/airflow/example_dags/example_dag_decorator.py
[2022-09-17 13:49:54,494] {logging_mixin.py:115} INFO - [2022-09-17 13:49:54,494] {dag.py:2371} INFO - Sync 1 DAGs
[2022-09-17 13:49:54,539] {logging_mixin.py:115} INFO - [2022-09-17 13:49:54,539] {dag.py:2919} INFO - Setting next_dagrun for example_dag_decorator to None, run_after=None
[2022-09-17 13:49:54,557] {processor.py:161} INFO - Processing /home/airflow/.local/lib/python3.7/site-packages/airflow/example_dags/example_dag_decorator.py took 0.186 seconds
[2022-09-17 13:50:24,732] {processor.py:153} INFO - Started process (PID=599) to work on /home/airflow/.local/lib/python3.7/site-packages/airflow/example_dags/example_dag_decorator.py
[2022-09-17 13:50:24,738] {processor.py:641} INFO - Processing file /home/airflow/.local/lib/python3.7/site-packages/airflow/example_dags/example_dag_decorator.py for tasks to queue
[2022-09-17 13:50:24,739] {logging_mixin.py:115} INFO - [2022-09-17 13:50:24,739] {dagbag.py:507} INFO - Filling up the DagBag from /home/airflow/.local/lib/python3.7/site-packages/airflow/example_dags/example_dag_decorator.py
[2022-09-17 13:50:24,777] {processor.py:651} INFO - DAG(s) dict_keys(['example_dag_decorator']) retrieved from /home/airflow/.local/lib/python3.7/site-packages/airflow/example_dags/example_dag_decorator.py
[2022-09-17 13:50:24,865] {logging_mixin.py:115} INFO - [2022-09-17 13:50:24,865] {dag.py:2371} INFO - Sync 1 DAGs
[2022-09-17 13:50:25,038] {logging_mixin.py:115} INFO - [2022-09-17 13:50:25,037] {dag.py:2919} INFO - Setting next_dagrun for example_dag_decorator to None, run_after=None
[2022-09-17 13:50:25,048] {processor.py:161} INFO - Processing /home/airflow/.local/lib/python3.7/site-packages/airflow/example_dags/example_dag_decorator.py took 0.328 seconds
[2022-09-17 13:50:55,854] {processor.py:153} INFO - Started process (PID=653) to work on /home/airflow/.local/lib/python3.7/site-packages/airflow/example_dags/example_dag_decorator.py
[2022-09-17 13:50:55,855] {processor.py:641} INFO - Processing file /home/airflow/.local/lib/python3.7/site-packages/airflow/example_dags/example_dag_decorator.py for tasks to queue
[2022-09-17 13:50:55,855] {logging_mixin.py:115} INFO - [2022-09-17 13:50:55,855] {dagbag.py:507} INFO - Filling up the DagBag from /home/airflow/.local/lib/python3.7/site-packages/airflow/example_dags/example_dag_decorator.py
[2022-09-17 13:50:55,881] {processor.py:651} INFO - DAG(s) dict_keys(['example_dag_decorator']) retrieved from /home/airflow/.local/lib/python3.7/site-packages/airflow/example_dags/example_dag_decorator.py
[2022-09-17 13:50:55,957] {logging_mixin.py:115} INFO - [2022-09-17 13:50:55,956] {dag.py:2371} INFO - Sync 1 DAGs
[2022-09-17 13:50:56,118] {logging_mixin.py:115} INFO - [2022-09-17 13:50:56,117] {dag.py:2919} INFO - Setting next_dagrun for example_dag_decorator to None, run_after=None
[2022-09-17 13:50:56,130] {processor.py:161} INFO - Processing /home/airflow/.local/lib/python3.7/site-packages/airflow/example_dags/example_dag_decorator.py took 0.280 seconds
[2022-09-17 13:51:26,357] {processor.py:153} INFO - Started process (PID=716) to work on /home/airflow/.local/lib/python3.7/site-packages/airflow/example_dags/example_dag_decorator.py
[2022-09-17 13:51:26,357] {processor.py:641} INFO - Processing file /home/airflow/.local/lib/python3.7/site-packages/airflow/example_dags/example_dag_decorator.py for tasks to queue
[2022-09-17 13:51:26,358] {logging_mixin.py:115} INFO - [2022-09-17 13:51:26,358] {dagbag.py:507} INFO - Filling up the DagBag from /home/airflow/.local/lib/python3.7/site-packages/airflow/example_dags/example_dag_decorator.py
[2022-09-17 13:51:26,385] {processor.py:651} INFO - DAG(s) dict_keys(['example_dag_decorator']) retrieved from /home/airflow/.local/lib/python3.7/site-packages/airflow/example_dags/example_dag_decorator.py
[2022-09-17 13:51:26,411] {logging_mixin.py:115} INFO - [2022-09-17 13:51:26,411] {dag.py:2371} INFO - Sync 1 DAGs
[2022-09-17 13:51:26,433] {logging_mixin.py:115} INFO - [2022-09-17 13:51:26,433] {dag.py:2919} INFO - Setting next_dagrun for example_dag_decorator to None, run_after=None
[2022-09-17 13:51:26,446] {processor.py:161} INFO - Processing /home/airflow/.local/lib/python3.7/site-packages/airflow/example_dags/example_dag_decorator.py took 0.093 seconds
[2022-09-17 13:51:56,597] {processor.py:153} INFO - Started process (PID=770) to work on /home/airflow/.local/lib/python3.7/site-packages/airflow/example_dags/example_dag_decorator.py
[2022-09-17 13:51:56,597] {processor.py:641} INFO - Processing file /home/airflow/.local/lib/python3.7/site-packages/airflow/example_dags/example_dag_decorator.py for tasks to queue
[2022-09-17 13:51:56,598] {logging_mixin.py:115} INFO - [2022-09-17 13:51:56,598] {dagbag.py:507} INFO - Filling up the DagBag from /home/airflow/.local/lib/python3.7/site-packages/airflow/example_dags/example_dag_decorator.py
[2022-09-17 13:51:56,627] {processor.py:651} INFO - DAG(s) dict_keys(['example_dag_decorator']) retrieved from /home/airflow/.local/lib/python3.7/site-packages/airflow/example_dags/example_dag_decorator.py
[2022-09-17 13:51:56,707] {logging_mixin.py:115} INFO - [2022-09-17 13:51:56,706] {dag.py:2371} INFO - Sync 1 DAGs
[2022-09-17 13:51:56,846] {logging_mixin.py:115} INFO - [2022-09-17 13:51:56,846] {dag.py:2919} INFO - Setting next_dagrun for example_dag_decorator to None, run_after=None
[2022-09-17 13:51:56,858] {processor.py:161} INFO - Processing /home/airflow/.local/lib/python3.7/site-packages/airflow/example_dags/example_dag_decorator.py took 0.265 seconds
[2022-09-17 13:52:27,032] {processor.py:153} INFO - Started process (PID=833) to work on /home/airflow/.local/lib/python3.7/site-packages/airflow/example_dags/example_dag_decorator.py
[2022-09-17 13:52:27,033] {processor.py:641} INFO - Processing file /home/airflow/.local/lib/python3.7/site-packages/airflow/example_dags/example_dag_decorator.py for tasks to queue
[2022-09-17 13:52:27,033] {logging_mixin.py:115} INFO - [2022-09-17 13:52:27,033] {dagbag.py:507} INFO - Filling up the DagBag from /home/airflow/.local/lib/python3.7/site-packages/airflow/example_dags/example_dag_decorator.py
[2022-09-17 13:52:27,067] {processor.py:651} INFO - DAG(s) dict_keys(['example_dag_decorator']) retrieved from /home/airflow/.local/lib/python3.7/site-packages/airflow/example_dags/example_dag_decorator.py
[2022-09-17 13:52:27,140] {logging_mixin.py:115} INFO - [2022-09-17 13:52:27,140] {dag.py:2371} INFO - Sync 1 DAGs
[2022-09-17 13:52:27,281] {logging_mixin.py:115} INFO - [2022-09-17 13:52:27,281] {dag.py:2919} INFO - Setting next_dagrun for example_dag_decorator to None, run_after=None
[2022-09-17 13:52:27,293] {processor.py:161} INFO - Processing /home/airflow/.local/lib/python3.7/site-packages/airflow/example_dags/example_dag_decorator.py took 0.264 seconds
[2022-09-17 13:52:58,128] {processor.py:153} INFO - Started process (PID=898) to work on /home/airflow/.local/lib/python3.7/site-packages/airflow/example_dags/example_dag_decorator.py
[2022-09-17 13:52:58,143] {processor.py:641} INFO - Processing file /home/airflow/.local/lib/python3.7/site-packages/airflow/example_dags/example_dag_decorator.py for tasks to queue
[2022-09-17 13:52:58,144] {logging_mixin.py:115} INFO - [2022-09-17 13:52:58,144] {dagbag.py:507} INFO - Filling up the DagBag from /home/airflow/.local/lib/python3.7/site-packages/airflow/example_dags/example_dag_decorator.py
[2022-09-17 13:52:58,312] {processor.py:651} INFO - DAG(s) dict_keys(['example_dag_decorator']) retrieved from /home/airflow/.local/lib/python3.7/site-packages/airflow/example_dags/example_dag_decorator.py
[2022-09-17 13:52:58,592] {logging_mixin.py:115} INFO - [2022-09-17 13:52:58,592] {dag.py:2371} INFO - Sync 1 DAGs
[2022-09-17 13:52:59,144] {logging_mixin.py:115} INFO - [2022-09-17 13:52:59,144] {dag.py:2919} INFO - Setting next_dagrun for example_dag_decorator to None, run_after=None
[2022-09-17 13:52:59,182] {processor.py:161} INFO - Processing /home/airflow/.local/lib/python3.7/site-packages/airflow/example_dags/example_dag_decorator.py took 1.093 seconds
[2022-09-17 13:53:29,732] {processor.py:153} INFO - Started process (PID=954) to work on /home/airflow/.local/lib/python3.7/site-packages/airflow/example_dags/example_dag_decorator.py
[2022-09-17 13:53:29,733] {processor.py:641} INFO - Processing file /home/airflow/.local/lib/python3.7/site-packages/airflow/example_dags/example_dag_decorator.py for tasks to queue
[2022-09-17 13:53:29,734] {logging_mixin.py:115} INFO - [2022-09-17 13:53:29,734] {dagbag.py:507} INFO - Filling up the DagBag from /home/airflow/.local/lib/python3.7/site-packages/airflow/example_dags/example_dag_decorator.py
[2022-09-17 13:53:29,776] {processor.py:651} INFO - DAG(s) dict_keys(['example_dag_decorator']) retrieved from /home/airflow/.local/lib/python3.7/site-packages/airflow/example_dags/example_dag_decorator.py
[2022-09-17 13:53:29,873] {logging_mixin.py:115} INFO - [2022-09-17 13:53:29,873] {dag.py:2371} INFO - Sync 1 DAGs
[2022-09-17 13:53:30,058] {logging_mixin.py:115} INFO - [2022-09-17 13:53:30,058] {dag.py:2919} INFO - Setting next_dagrun for example_dag_decorator to None, run_after=None
[2022-09-17 13:53:30,078] {processor.py:161} INFO - Processing /home/airflow/.local/lib/python3.7/site-packages/airflow/example_dags/example_dag_decorator.py took 0.351 seconds
[2022-09-17 13:54:00,961] {processor.py:153} INFO - Started process (PID=1017) to work on /home/airflow/.local/lib/python3.7/site-packages/airflow/example_dags/example_dag_decorator.py
[2022-09-17 13:54:00,962] {processor.py:641} INFO - Processing file /home/airflow/.local/lib/python3.7/site-packages/airflow/example_dags/example_dag_decorator.py for tasks to queue
[2022-09-17 13:54:00,962] {logging_mixin.py:115} INFO - [2022-09-17 13:54:00,962] {dagbag.py:507} INFO - Filling up the DagBag from /home/airflow/.local/lib/python3.7/site-packages/airflow/example_dags/example_dag_decorator.py
[2022-09-17 13:54:01,012] {processor.py:651} INFO - DAG(s) dict_keys(['example_dag_decorator']) retrieved from /home/airflow/.local/lib/python3.7/site-packages/airflow/example_dags/example_dag_decorator.py
[2022-09-17 13:54:01,051] {logging_mixin.py:115} INFO - [2022-09-17 13:54:01,051] {dag.py:2371} INFO - Sync 1 DAGs
[2022-09-17 13:54:01,144] {logging_mixin.py:115} INFO - [2022-09-17 13:54:01,144] {dag.py:2919} INFO - Setting next_dagrun for example_dag_decorator to None, run_after=None
[2022-09-17 13:54:01,199] {processor.py:161} INFO - Processing /home/airflow/.local/lib/python3.7/site-packages/airflow/example_dags/example_dag_decorator.py took 0.241 seconds
[2022-09-17 13:54:31,477] {processor.py:153} INFO - Started process (PID=1070) to work on /home/airflow/.local/lib/python3.7/site-packages/airflow/example_dags/example_dag_decorator.py
[2022-09-17 13:54:31,482] {processor.py:641} INFO - Processing file /home/airflow/.local/lib/python3.7/site-packages/airflow/example_dags/example_dag_decorator.py for tasks to queue
[2022-09-17 13:54:31,483] {logging_mixin.py:115} INFO - [2022-09-17 13:54:31,483] {dagbag.py:507} INFO - Filling up the DagBag from /home/airflow/.local/lib/python3.7/site-packages/airflow/example_dags/example_dag_decorator.py
[2022-09-17 13:54:31,554] {processor.py:651} INFO - DAG(s) dict_keys(['example_dag_decorator']) retrieved from /home/airflow/.local/lib/python3.7/site-packages/airflow/example_dags/example_dag_decorator.py
[2022-09-17 13:54:31,954] {logging_mixin.py:115} INFO - [2022-09-17 13:54:31,954] {dag.py:2371} INFO - Sync 1 DAGs
[2022-09-17 13:54:32,411] {logging_mixin.py:115} INFO - [2022-09-17 13:54:32,411] {dag.py:2919} INFO - Setting next_dagrun for example_dag_decorator to None, run_after=None
[2022-09-17 13:54:32,468] {processor.py:161} INFO - Processing /home/airflow/.local/lib/python3.7/site-packages/airflow/example_dags/example_dag_decorator.py took 0.998 seconds
[2022-09-17 13:55:02,918] {processor.py:153} INFO - Started process (PID=1133) to work on /home/airflow/.local/lib/python3.7/site-packages/airflow/example_dags/example_dag_decorator.py
[2022-09-17 13:55:02,956] {processor.py:641} INFO - Processing file /home/airflow/.local/lib/python3.7/site-packages/airflow/example_dags/example_dag_decorator.py for tasks to queue
[2022-09-17 13:55:02,964] {logging_mixin.py:115} INFO - [2022-09-17 13:55:02,964] {dagbag.py:507} INFO - Filling up the DagBag from /home/airflow/.local/lib/python3.7/site-packages/airflow/example_dags/example_dag_decorator.py
[2022-09-17 13:55:03,185] {processor.py:651} INFO - DAG(s) dict_keys(['example_dag_decorator']) retrieved from /home/airflow/.local/lib/python3.7/site-packages/airflow/example_dags/example_dag_decorator.py
[2022-09-17 13:55:03,430] {logging_mixin.py:115} INFO - [2022-09-17 13:55:03,430] {dag.py:2371} INFO - Sync 1 DAGs
[2022-09-17 13:55:03,703] {logging_mixin.py:115} INFO - [2022-09-17 13:55:03,702] {dag.py:2919} INFO - Setting next_dagrun for example_dag_decorator to None, run_after=None
[2022-09-17 13:55:03,892] {processor.py:161} INFO - Processing /home/airflow/.local/lib/python3.7/site-packages/airflow/example_dags/example_dag_decorator.py took 0.977 seconds
