[2022-09-17 13:29:26,070] {processor.py:153} INFO - Started process (PID=75) to work on /home/airflow/.local/lib/python3.7/site-packages/airflow/example_dags/example_xcom.py
[2022-09-17 13:29:26,071] {processor.py:641} INFO - Processing file /home/airflow/.local/lib/python3.7/site-packages/airflow/example_dags/example_xcom.py for tasks to queue
[2022-09-17 13:29:26,072] {logging_mixin.py:115} INFO - [2022-09-17 13:29:26,072] {dagbag.py:507} INFO - Filling up the DagBag from /home/airflow/.local/lib/python3.7/site-packages/airflow/example_dags/example_xcom.py
[2022-09-17 13:29:26,094] {processor.py:651} INFO - DAG(s) dict_keys(['example_xcom']) retrieved from /home/airflow/.local/lib/python3.7/site-packages/airflow/example_dags/example_xcom.py
[2022-09-17 13:29:26,343] {logging_mixin.py:115} INFO - [2022-09-17 13:29:26,343] {manager.py:508} INFO - Created Permission View: can delete on DAG:example_xcom
[2022-09-17 13:29:26,362] {logging_mixin.py:115} INFO - [2022-09-17 13:29:26,362] {manager.py:508} INFO - Created Permission View: can edit on DAG:example_xcom
[2022-09-17 13:29:26,370] {logging_mixin.py:115} INFO - [2022-09-17 13:29:26,370] {manager.py:508} INFO - Created Permission View: can read on DAG:example_xcom
[2022-09-17 13:29:26,371] {logging_mixin.py:115} INFO - [2022-09-17 13:29:26,370] {dag.py:2371} INFO - Sync 1 DAGs
[2022-09-17 13:29:26,380] {logging_mixin.py:115} INFO - [2022-09-17 13:29:26,380] {dag.py:2390} INFO - Creating ORM DAG for example_xcom
[2022-09-17 13:29:26,391] {logging_mixin.py:115} INFO - [2022-09-17 13:29:26,391] {dag.py:2919} INFO - Setting next_dagrun for example_xcom to 2021-01-01T00:00:00+00:00, run_after=2021-01-01T00:00:00+00:00
[2022-09-17 13:29:26,405] {processor.py:161} INFO - Processing /home/airflow/.local/lib/python3.7/site-packages/airflow/example_dags/example_xcom.py took 0.339 seconds
[2022-09-17 13:30:01,285] {processor.py:153} INFO - Started process (PID=126) to work on /home/airflow/.local/lib/python3.7/site-packages/airflow/example_dags/example_xcom.py
[2022-09-17 13:30:01,288] {processor.py:641} INFO - Processing file /home/airflow/.local/lib/python3.7/site-packages/airflow/example_dags/example_xcom.py for tasks to queue
[2022-09-17 13:30:01,289] {logging_mixin.py:115} INFO - [2022-09-17 13:30:01,289] {dagbag.py:507} INFO - Filling up the DagBag from /home/airflow/.local/lib/python3.7/site-packages/airflow/example_dags/example_xcom.py
[2022-09-17 13:30:01,316] {processor.py:651} INFO - DAG(s) dict_keys(['example_xcom']) retrieved from /home/airflow/.local/lib/python3.7/site-packages/airflow/example_dags/example_xcom.py
[2022-09-17 13:30:01,659] {logging_mixin.py:115} INFO - [2022-09-17 13:30:01,659] {dag.py:2371} INFO - Sync 1 DAGs
[2022-09-17 13:30:01,678] {logging_mixin.py:115} INFO - [2022-09-17 13:30:01,678] {dag.py:2919} INFO - Setting next_dagrun for example_xcom to 2021-01-01T00:00:00+00:00, run_after=2021-01-01T00:00:00+00:00
[2022-09-17 13:30:01,691] {processor.py:161} INFO - Processing /home/airflow/.local/lib/python3.7/site-packages/airflow/example_dags/example_xcom.py took 0.410 seconds
[2022-09-17 13:30:32,546] {processor.py:153} INFO - Started process (PID=178) to work on /home/airflow/.local/lib/python3.7/site-packages/airflow/example_dags/example_xcom.py
[2022-09-17 13:30:32,556] {processor.py:641} INFO - Processing file /home/airflow/.local/lib/python3.7/site-packages/airflow/example_dags/example_xcom.py for tasks to queue
[2022-09-17 13:30:32,557] {logging_mixin.py:115} INFO - [2022-09-17 13:30:32,557] {dagbag.py:507} INFO - Filling up the DagBag from /home/airflow/.local/lib/python3.7/site-packages/airflow/example_dags/example_xcom.py
[2022-09-17 13:30:32,606] {processor.py:651} INFO - DAG(s) dict_keys(['example_xcom']) retrieved from /home/airflow/.local/lib/python3.7/site-packages/airflow/example_dags/example_xcom.py
[2022-09-17 13:30:32,642] {logging_mixin.py:115} INFO - [2022-09-17 13:30:32,642] {dag.py:2371} INFO - Sync 1 DAGs
[2022-09-17 13:30:32,879] {logging_mixin.py:115} INFO - [2022-09-17 13:30:32,879] {dag.py:2919} INFO - Setting next_dagrun for example_xcom to 2021-01-01T00:00:00+00:00, run_after=2021-01-01T00:00:00+00:00
[2022-09-17 13:30:32,895] {processor.py:161} INFO - Processing /home/airflow/.local/lib/python3.7/site-packages/airflow/example_dags/example_xcom.py took 0.360 seconds
[2022-09-17 13:31:04,775] {processor.py:153} INFO - Started process (PID=238) to work on /home/airflow/.local/lib/python3.7/site-packages/airflow/example_dags/example_xcom.py
[2022-09-17 13:31:04,780] {processor.py:641} INFO - Processing file /home/airflow/.local/lib/python3.7/site-packages/airflow/example_dags/example_xcom.py for tasks to queue
[2022-09-17 13:31:04,782] {logging_mixin.py:115} INFO - [2022-09-17 13:31:04,782] {dagbag.py:507} INFO - Filling up the DagBag from /home/airflow/.local/lib/python3.7/site-packages/airflow/example_dags/example_xcom.py
[2022-09-17 13:31:04,883] {processor.py:651} INFO - DAG(s) dict_keys(['example_xcom']) retrieved from /home/airflow/.local/lib/python3.7/site-packages/airflow/example_dags/example_xcom.py
[2022-09-17 13:31:06,619] {logging_mixin.py:115} INFO - [2022-09-17 13:31:06,619] {dag.py:2371} INFO - Sync 1 DAGs
[2022-09-17 13:31:06,806] {logging_mixin.py:115} INFO - [2022-09-17 13:31:06,806] {dag.py:2919} INFO - Setting next_dagrun for example_xcom to 2021-01-01T00:00:00+00:00, run_after=2021-01-01T00:00:00+00:00
[2022-09-17 13:31:06,904] {processor.py:161} INFO - Processing /home/airflow/.local/lib/python3.7/site-packages/airflow/example_dags/example_xcom.py took 2.149 seconds
[2022-09-17 13:31:37,855] {processor.py:153} INFO - Started process (PID=290) to work on /home/airflow/.local/lib/python3.7/site-packages/airflow/example_dags/example_xcom.py
[2022-09-17 13:31:37,856] {processor.py:641} INFO - Processing file /home/airflow/.local/lib/python3.7/site-packages/airflow/example_dags/example_xcom.py for tasks to queue
[2022-09-17 13:31:37,858] {logging_mixin.py:115} INFO - [2022-09-17 13:31:37,858] {dagbag.py:507} INFO - Filling up the DagBag from /home/airflow/.local/lib/python3.7/site-packages/airflow/example_dags/example_xcom.py
[2022-09-17 13:31:37,881] {processor.py:651} INFO - DAG(s) dict_keys(['example_xcom']) retrieved from /home/airflow/.local/lib/python3.7/site-packages/airflow/example_dags/example_xcom.py
[2022-09-17 13:31:38,149] {logging_mixin.py:115} INFO - [2022-09-17 13:31:38,149] {dag.py:2371} INFO - Sync 1 DAGs
[2022-09-17 13:31:38,171] {logging_mixin.py:115} INFO - [2022-09-17 13:31:38,170] {dag.py:2919} INFO - Setting next_dagrun for example_xcom to 2021-01-01T00:00:00+00:00, run_after=2021-01-01T00:00:00+00:00
[2022-09-17 13:31:38,184] {processor.py:161} INFO - Processing /home/airflow/.local/lib/python3.7/site-packages/airflow/example_dags/example_xcom.py took 0.334 seconds
[2022-09-17 13:32:08,397] {processor.py:153} INFO - Started process (PID=342) to work on /home/airflow/.local/lib/python3.7/site-packages/airflow/example_dags/example_xcom.py
[2022-09-17 13:32:08,405] {processor.py:641} INFO - Processing file /home/airflow/.local/lib/python3.7/site-packages/airflow/example_dags/example_xcom.py for tasks to queue
[2022-09-17 13:32:08,405] {logging_mixin.py:115} INFO - [2022-09-17 13:32:08,405] {dagbag.py:507} INFO - Filling up the DagBag from /home/airflow/.local/lib/python3.7/site-packages/airflow/example_dags/example_xcom.py
[2022-09-17 13:32:08,444] {processor.py:651} INFO - DAG(s) dict_keys(['example_xcom']) retrieved from /home/airflow/.local/lib/python3.7/site-packages/airflow/example_dags/example_xcom.py
[2022-09-17 13:32:08,878] {logging_mixin.py:115} INFO - [2022-09-17 13:32:08,878] {dag.py:2371} INFO - Sync 1 DAGs
[2022-09-17 13:32:08,906] {logging_mixin.py:115} INFO - [2022-09-17 13:32:08,905] {dag.py:2919} INFO - Setting next_dagrun for example_xcom to 2021-01-01T00:00:00+00:00, run_after=2021-01-01T00:00:00+00:00
[2022-09-17 13:32:08,937] {processor.py:161} INFO - Processing /home/airflow/.local/lib/python3.7/site-packages/airflow/example_dags/example_xcom.py took 0.552 seconds
[2022-09-17 13:32:39,213] {processor.py:153} INFO - Started process (PID=403) to work on /home/airflow/.local/lib/python3.7/site-packages/airflow/example_dags/example_xcom.py
[2022-09-17 13:32:39,214] {processor.py:641} INFO - Processing file /home/airflow/.local/lib/python3.7/site-packages/airflow/example_dags/example_xcom.py for tasks to queue
[2022-09-17 13:32:39,214] {logging_mixin.py:115} INFO - [2022-09-17 13:32:39,214] {dagbag.py:507} INFO - Filling up the DagBag from /home/airflow/.local/lib/python3.7/site-packages/airflow/example_dags/example_xcom.py
[2022-09-17 13:32:39,235] {processor.py:651} INFO - DAG(s) dict_keys(['example_xcom']) retrieved from /home/airflow/.local/lib/python3.7/site-packages/airflow/example_dags/example_xcom.py
[2022-09-17 13:32:39,441] {logging_mixin.py:115} INFO - [2022-09-17 13:32:39,441] {dag.py:2371} INFO - Sync 1 DAGs
[2022-09-17 13:32:39,458] {logging_mixin.py:115} INFO - [2022-09-17 13:32:39,458] {dag.py:2919} INFO - Setting next_dagrun for example_xcom to 2021-01-01T00:00:00+00:00, run_after=2021-01-01T00:00:00+00:00
[2022-09-17 13:32:39,470] {processor.py:161} INFO - Processing /home/airflow/.local/lib/python3.7/site-packages/airflow/example_dags/example_xcom.py took 0.261 seconds
[2022-09-17 13:33:15,923] {processor.py:153} INFO - Started process (PID=465) to work on /home/airflow/.local/lib/python3.7/site-packages/airflow/example_dags/example_xcom.py
[2022-09-17 13:33:15,930] {processor.py:641} INFO - Processing file /home/airflow/.local/lib/python3.7/site-packages/airflow/example_dags/example_xcom.py for tasks to queue
[2022-09-17 13:33:15,932] {logging_mixin.py:115} INFO - [2022-09-17 13:33:15,931] {dagbag.py:507} INFO - Filling up the DagBag from /home/airflow/.local/lib/python3.7/site-packages/airflow/example_dags/example_xcom.py
[2022-09-17 13:33:15,998] {processor.py:651} INFO - DAG(s) dict_keys(['example_xcom']) retrieved from /home/airflow/.local/lib/python3.7/site-packages/airflow/example_dags/example_xcom.py
[2022-09-17 13:33:16,327] {logging_mixin.py:115} INFO - [2022-09-17 13:33:16,327] {dag.py:2371} INFO - Sync 1 DAGs
[2022-09-17 13:33:16,350] {logging_mixin.py:115} INFO - [2022-09-17 13:33:16,350] {dag.py:2919} INFO - Setting next_dagrun for example_xcom to 2021-01-01T00:00:00+00:00, run_after=2021-01-01T00:00:00+00:00
[2022-09-17 13:33:16,364] {processor.py:161} INFO - Processing /home/airflow/.local/lib/python3.7/site-packages/airflow/example_dags/example_xcom.py took 0.464 seconds
[2022-09-17 13:33:46,411] {processor.py:153} INFO - Started process (PID=518) to work on /home/airflow/.local/lib/python3.7/site-packages/airflow/example_dags/example_xcom.py
[2022-09-17 13:33:46,412] {processor.py:641} INFO - Processing file /home/airflow/.local/lib/python3.7/site-packages/airflow/example_dags/example_xcom.py for tasks to queue
[2022-09-17 13:33:46,412] {logging_mixin.py:115} INFO - [2022-09-17 13:33:46,412] {dagbag.py:507} INFO - Filling up the DagBag from /home/airflow/.local/lib/python3.7/site-packages/airflow/example_dags/example_xcom.py
[2022-09-17 13:33:46,434] {processor.py:651} INFO - DAG(s) dict_keys(['example_xcom']) retrieved from /home/airflow/.local/lib/python3.7/site-packages/airflow/example_dags/example_xcom.py
[2022-09-17 13:33:46,676] {logging_mixin.py:115} INFO - [2022-09-17 13:33:46,676] {dag.py:2371} INFO - Sync 1 DAGs
[2022-09-17 13:33:46,693] {logging_mixin.py:115} INFO - [2022-09-17 13:33:46,693] {dag.py:2919} INFO - Setting next_dagrun for example_xcom to 2021-01-01T00:00:00+00:00, run_after=2021-01-01T00:00:00+00:00
[2022-09-17 13:33:46,705] {processor.py:161} INFO - Processing /home/airflow/.local/lib/python3.7/site-packages/airflow/example_dags/example_xcom.py took 0.298 seconds
[2022-09-17 13:34:19,088] {processor.py:153} INFO - Started process (PID=570) to work on /home/airflow/.local/lib/python3.7/site-packages/airflow/example_dags/example_xcom.py
[2022-09-17 13:34:19,089] {processor.py:641} INFO - Processing file /home/airflow/.local/lib/python3.7/site-packages/airflow/example_dags/example_xcom.py for tasks to queue
[2022-09-17 13:34:19,090] {logging_mixin.py:115} INFO - [2022-09-17 13:34:19,089] {dagbag.py:507} INFO - Filling up the DagBag from /home/airflow/.local/lib/python3.7/site-packages/airflow/example_dags/example_xcom.py
[2022-09-17 13:34:19,122] {processor.py:651} INFO - DAG(s) dict_keys(['example_xcom']) retrieved from /home/airflow/.local/lib/python3.7/site-packages/airflow/example_dags/example_xcom.py
[2022-09-17 13:34:19,216] {logging_mixin.py:115} INFO - [2022-09-17 13:34:19,216] {dag.py:2371} INFO - Sync 1 DAGs
[2022-09-17 13:34:19,414] {logging_mixin.py:115} INFO - [2022-09-17 13:34:19,414] {dag.py:2919} INFO - Setting next_dagrun for example_xcom to 2021-01-01T00:00:00+00:00, run_after=2021-01-01T00:00:00+00:00
[2022-09-17 13:34:19,446] {processor.py:161} INFO - Processing /home/airflow/.local/lib/python3.7/site-packages/airflow/example_dags/example_xcom.py took 0.362 seconds
[2022-09-17 13:34:49,978] {processor.py:153} INFO - Started process (PID=630) to work on /home/airflow/.local/lib/python3.7/site-packages/airflow/example_dags/example_xcom.py
[2022-09-17 13:34:49,985] {processor.py:641} INFO - Processing file /home/airflow/.local/lib/python3.7/site-packages/airflow/example_dags/example_xcom.py for tasks to queue
[2022-09-17 13:34:49,986] {logging_mixin.py:115} INFO - [2022-09-17 13:34:49,986] {dagbag.py:507} INFO - Filling up the DagBag from /home/airflow/.local/lib/python3.7/site-packages/airflow/example_dags/example_xcom.py
[2022-09-17 13:34:50,043] {processor.py:651} INFO - DAG(s) dict_keys(['example_xcom']) retrieved from /home/airflow/.local/lib/python3.7/site-packages/airflow/example_dags/example_xcom.py
[2022-09-17 13:34:50,564] {logging_mixin.py:115} INFO - [2022-09-17 13:34:50,564] {dag.py:2371} INFO - Sync 1 DAGs
[2022-09-17 13:34:50,617] {logging_mixin.py:115} INFO - [2022-09-17 13:34:50,617] {dag.py:2919} INFO - Setting next_dagrun for example_xcom to 2021-01-01T00:00:00+00:00, run_after=2021-01-01T00:00:00+00:00
[2022-09-17 13:34:50,648] {processor.py:161} INFO - Processing /home/airflow/.local/lib/python3.7/site-packages/airflow/example_dags/example_xcom.py took 0.675 seconds
[2022-09-17 13:35:20,779] {processor.py:153} INFO - Started process (PID=681) to work on /home/airflow/.local/lib/python3.7/site-packages/airflow/example_dags/example_xcom.py
[2022-09-17 13:35:20,779] {processor.py:641} INFO - Processing file /home/airflow/.local/lib/python3.7/site-packages/airflow/example_dags/example_xcom.py for tasks to queue
[2022-09-17 13:35:20,780] {logging_mixin.py:115} INFO - [2022-09-17 13:35:20,780] {dagbag.py:507} INFO - Filling up the DagBag from /home/airflow/.local/lib/python3.7/site-packages/airflow/example_dags/example_xcom.py
[2022-09-17 13:35:20,801] {processor.py:651} INFO - DAG(s) dict_keys(['example_xcom']) retrieved from /home/airflow/.local/lib/python3.7/site-packages/airflow/example_dags/example_xcom.py
[2022-09-17 13:35:21,018] {logging_mixin.py:115} INFO - [2022-09-17 13:35:21,017] {dag.py:2371} INFO - Sync 1 DAGs
[2022-09-17 13:35:21,037] {logging_mixin.py:115} INFO - [2022-09-17 13:35:21,037] {dag.py:2919} INFO - Setting next_dagrun for example_xcom to 2021-01-01T00:00:00+00:00, run_after=2021-01-01T00:00:00+00:00
[2022-09-17 13:35:21,049] {processor.py:161} INFO - Processing /home/airflow/.local/lib/python3.7/site-packages/airflow/example_dags/example_xcom.py took 0.274 seconds
[2022-09-17 13:35:52,405] {processor.py:153} INFO - Started process (PID=742) to work on /home/airflow/.local/lib/python3.7/site-packages/airflow/example_dags/example_xcom.py
[2022-09-17 13:35:52,406] {processor.py:641} INFO - Processing file /home/airflow/.local/lib/python3.7/site-packages/airflow/example_dags/example_xcom.py for tasks to queue
[2022-09-17 13:35:52,407] {logging_mixin.py:115} INFO - [2022-09-17 13:35:52,407] {dagbag.py:507} INFO - Filling up the DagBag from /home/airflow/.local/lib/python3.7/site-packages/airflow/example_dags/example_xcom.py
[2022-09-17 13:35:52,433] {processor.py:651} INFO - DAG(s) dict_keys(['example_xcom']) retrieved from /home/airflow/.local/lib/python3.7/site-packages/airflow/example_dags/example_xcom.py
[2022-09-17 13:35:52,748] {logging_mixin.py:115} INFO - [2022-09-17 13:35:52,748] {dag.py:2371} INFO - Sync 1 DAGs
[2022-09-17 13:35:52,768] {logging_mixin.py:115} INFO - [2022-09-17 13:35:52,767] {dag.py:2919} INFO - Setting next_dagrun for example_xcom to 2021-01-01T00:00:00+00:00, run_after=2021-01-01T00:00:00+00:00
[2022-09-17 13:35:52,783] {processor.py:161} INFO - Processing /home/airflow/.local/lib/python3.7/site-packages/airflow/example_dags/example_xcom.py took 0.385 seconds
[2022-09-17 13:36:26,101] {processor.py:153} INFO - Started process (PID=808) to work on /home/airflow/.local/lib/python3.7/site-packages/airflow/example_dags/example_xcom.py
[2022-09-17 13:36:26,109] {processor.py:641} INFO - Processing file /home/airflow/.local/lib/python3.7/site-packages/airflow/example_dags/example_xcom.py for tasks to queue
[2022-09-17 13:36:26,109] {logging_mixin.py:115} INFO - [2022-09-17 13:36:26,109] {dagbag.py:507} INFO - Filling up the DagBag from /home/airflow/.local/lib/python3.7/site-packages/airflow/example_dags/example_xcom.py
[2022-09-17 13:36:26,145] {processor.py:651} INFO - DAG(s) dict_keys(['example_xcom']) retrieved from /home/airflow/.local/lib/python3.7/site-packages/airflow/example_dags/example_xcom.py
[2022-09-17 13:36:27,594] {logging_mixin.py:115} INFO - [2022-09-17 13:36:27,594] {dag.py:2371} INFO - Sync 1 DAGs
[2022-09-17 13:36:27,717] {logging_mixin.py:115} INFO - [2022-09-17 13:36:27,717] {dag.py:2919} INFO - Setting next_dagrun for example_xcom to 2021-01-01T00:00:00+00:00, run_after=2021-01-01T00:00:00+00:00
[2022-09-17 13:36:27,750] {processor.py:161} INFO - Processing /home/airflow/.local/lib/python3.7/site-packages/airflow/example_dags/example_xcom.py took 1.657 seconds
[2022-09-17 13:37:06,818] {processor.py:153} INFO - Started process (PID=863) to work on /home/airflow/.local/lib/python3.7/site-packages/airflow/example_dags/example_xcom.py
[2022-09-17 13:37:06,820] {processor.py:641} INFO - Processing file /home/airflow/.local/lib/python3.7/site-packages/airflow/example_dags/example_xcom.py for tasks to queue
[2022-09-17 13:37:06,821] {logging_mixin.py:115} INFO - [2022-09-17 13:37:06,821] {dagbag.py:507} INFO - Filling up the DagBag from /home/airflow/.local/lib/python3.7/site-packages/airflow/example_dags/example_xcom.py
[2022-09-17 13:37:06,970] {processor.py:651} INFO - DAG(s) dict_keys(['example_xcom']) retrieved from /home/airflow/.local/lib/python3.7/site-packages/airflow/example_dags/example_xcom.py
[2022-09-17 13:37:07,097] {logging_mixin.py:115} INFO - [2022-09-17 13:37:07,097] {dag.py:2371} INFO - Sync 1 DAGs
[2022-09-17 13:37:07,512] {logging_mixin.py:115} INFO - [2022-09-17 13:37:07,511] {dag.py:2919} INFO - Setting next_dagrun for example_xcom to 2021-01-01T00:00:00+00:00, run_after=2021-01-01T00:00:00+00:00
[2022-09-17 13:37:07,528] {processor.py:161} INFO - Processing /home/airflow/.local/lib/python3.7/site-packages/airflow/example_dags/example_xcom.py took 0.716 seconds
[2022-09-17 13:39:13,718] {processor.py:153} INFO - Started process (PID=923) to work on /home/airflow/.local/lib/python3.7/site-packages/airflow/example_dags/example_xcom.py
[2022-09-17 13:39:13,726] {processor.py:641} INFO - Processing file /home/airflow/.local/lib/python3.7/site-packages/airflow/example_dags/example_xcom.py for tasks to queue
[2022-09-17 13:39:13,727] {logging_mixin.py:115} INFO - [2022-09-17 13:39:13,727] {dagbag.py:507} INFO - Filling up the DagBag from /home/airflow/.local/lib/python3.7/site-packages/airflow/example_dags/example_xcom.py
[2022-09-17 13:39:13,864] {processor.py:651} INFO - DAG(s) dict_keys(['example_xcom']) retrieved from /home/airflow/.local/lib/python3.7/site-packages/airflow/example_dags/example_xcom.py
[2022-09-17 13:39:15,296] {logging_mixin.py:115} INFO - [2022-09-17 13:39:15,296] {dag.py:2371} INFO - Sync 1 DAGs
[2022-09-17 13:39:15,428] {logging_mixin.py:115} INFO - [2022-09-17 13:39:15,428] {dag.py:2919} INFO - Setting next_dagrun for example_xcom to 2021-01-01T00:00:00+00:00, run_after=2021-01-01T00:00:00+00:00
[2022-09-17 13:39:15,468] {processor.py:161} INFO - Processing /home/airflow/.local/lib/python3.7/site-packages/airflow/example_dags/example_xcom.py took 1.775 seconds
[2022-09-17 13:39:46,079] {processor.py:153} INFO - Started process (PID=978) to work on /home/airflow/.local/lib/python3.7/site-packages/airflow/example_dags/example_xcom.py
[2022-09-17 13:39:46,083] {processor.py:641} INFO - Processing file /home/airflow/.local/lib/python3.7/site-packages/airflow/example_dags/example_xcom.py for tasks to queue
[2022-09-17 13:39:46,084] {logging_mixin.py:115} INFO - [2022-09-17 13:39:46,084] {dagbag.py:507} INFO - Filling up the DagBag from /home/airflow/.local/lib/python3.7/site-packages/airflow/example_dags/example_xcom.py
[2022-09-17 13:39:46,131] {processor.py:651} INFO - DAG(s) dict_keys(['example_xcom']) retrieved from /home/airflow/.local/lib/python3.7/site-packages/airflow/example_dags/example_xcom.py
[2022-09-17 13:39:46,702] {logging_mixin.py:115} INFO - [2022-09-17 13:39:46,701] {dag.py:2371} INFO - Sync 1 DAGs
[2022-09-17 13:39:46,720] {logging_mixin.py:115} INFO - [2022-09-17 13:39:46,720] {dag.py:2919} INFO - Setting next_dagrun for example_xcom to 2021-01-01T00:00:00+00:00, run_after=2021-01-01T00:00:00+00:00
[2022-09-17 13:39:46,871] {processor.py:161} INFO - Processing /home/airflow/.local/lib/python3.7/site-packages/airflow/example_dags/example_xcom.py took 0.797 seconds
[2022-09-17 13:40:17,506] {processor.py:153} INFO - Started process (PID=1041) to work on /home/airflow/.local/lib/python3.7/site-packages/airflow/example_dags/example_xcom.py
[2022-09-17 13:40:17,522] {processor.py:641} INFO - Processing file /home/airflow/.local/lib/python3.7/site-packages/airflow/example_dags/example_xcom.py for tasks to queue
[2022-09-17 13:40:17,524] {logging_mixin.py:115} INFO - [2022-09-17 13:40:17,523] {dagbag.py:507} INFO - Filling up the DagBag from /home/airflow/.local/lib/python3.7/site-packages/airflow/example_dags/example_xcom.py
[2022-09-17 13:40:18,508] {processor.py:651} INFO - DAG(s) dict_keys(['example_xcom']) retrieved from /home/airflow/.local/lib/python3.7/site-packages/airflow/example_dags/example_xcom.py
[2022-09-17 13:40:21,566] {logging_mixin.py:115} INFO - [2022-09-17 13:40:21,565] {dag.py:2371} INFO - Sync 1 DAGs
[2022-09-17 13:40:22,082] {logging_mixin.py:115} INFO - [2022-09-17 13:40:22,082] {dag.py:2919} INFO - Setting next_dagrun for example_xcom to 2021-01-01T00:00:00+00:00, run_after=2021-01-01T00:00:00+00:00
[2022-09-17 13:40:22,140] {processor.py:161} INFO - Processing /home/airflow/.local/lib/python3.7/site-packages/airflow/example_dags/example_xcom.py took 4.716 seconds
[2022-09-17 13:45:36,304] {processor.py:153} INFO - Started process (PID=68) to work on /home/airflow/.local/lib/python3.7/site-packages/airflow/example_dags/example_xcom.py
[2022-09-17 13:45:36,306] {processor.py:641} INFO - Processing file /home/airflow/.local/lib/python3.7/site-packages/airflow/example_dags/example_xcom.py for tasks to queue
[2022-09-17 13:45:36,308] {logging_mixin.py:115} INFO - [2022-09-17 13:45:36,307] {dagbag.py:507} INFO - Filling up the DagBag from /home/airflow/.local/lib/python3.7/site-packages/airflow/example_dags/example_xcom.py
[2022-09-17 13:45:36,411] {processor.py:651} INFO - DAG(s) dict_keys(['example_xcom']) retrieved from /home/airflow/.local/lib/python3.7/site-packages/airflow/example_dags/example_xcom.py
[2022-09-17 13:45:36,799] {logging_mixin.py:115} INFO - [2022-09-17 13:45:36,799] {dag.py:2371} INFO - Sync 1 DAGs
[2022-09-17 13:45:37,391] {logging_mixin.py:115} INFO - [2022-09-17 13:45:37,391] {dag.py:2919} INFO - Setting next_dagrun for example_xcom to 2021-01-01T00:00:00+00:00, run_after=2021-01-01T00:00:00+00:00
[2022-09-17 13:45:37,440] {processor.py:161} INFO - Processing /home/airflow/.local/lib/python3.7/site-packages/airflow/example_dags/example_xcom.py took 1.148 seconds
[2022-09-17 13:46:08,757] {processor.py:153} INFO - Started process (PID=122) to work on /home/airflow/.local/lib/python3.7/site-packages/airflow/example_dags/example_xcom.py
[2022-09-17 13:46:08,767] {processor.py:641} INFO - Processing file /home/airflow/.local/lib/python3.7/site-packages/airflow/example_dags/example_xcom.py for tasks to queue
[2022-09-17 13:46:08,768] {logging_mixin.py:115} INFO - [2022-09-17 13:46:08,768] {dagbag.py:507} INFO - Filling up the DagBag from /home/airflow/.local/lib/python3.7/site-packages/airflow/example_dags/example_xcom.py
[2022-09-17 13:46:08,829] {processor.py:651} INFO - DAG(s) dict_keys(['example_xcom']) retrieved from /home/airflow/.local/lib/python3.7/site-packages/airflow/example_dags/example_xcom.py
[2022-09-17 13:46:09,060] {logging_mixin.py:115} INFO - [2022-09-17 13:46:09,060] {dag.py:2371} INFO - Sync 1 DAGs
[2022-09-17 13:46:10,895] {logging_mixin.py:115} INFO - [2022-09-17 13:46:10,895] {dag.py:2919} INFO - Setting next_dagrun for example_xcom to 2021-01-01T00:00:00+00:00, run_after=2021-01-01T00:00:00+00:00
[2022-09-17 13:46:10,974] {processor.py:161} INFO - Processing /home/airflow/.local/lib/python3.7/site-packages/airflow/example_dags/example_xcom.py took 2.255 seconds
[2022-09-17 13:46:41,510] {processor.py:153} INFO - Started process (PID=177) to work on /home/airflow/.local/lib/python3.7/site-packages/airflow/example_dags/example_xcom.py
[2022-09-17 13:46:41,514] {processor.py:641} INFO - Processing file /home/airflow/.local/lib/python3.7/site-packages/airflow/example_dags/example_xcom.py for tasks to queue
[2022-09-17 13:46:41,514] {logging_mixin.py:115} INFO - [2022-09-17 13:46:41,514] {dagbag.py:507} INFO - Filling up the DagBag from /home/airflow/.local/lib/python3.7/site-packages/airflow/example_dags/example_xcom.py
[2022-09-17 13:46:41,546] {processor.py:651} INFO - DAG(s) dict_keys(['example_xcom']) retrieved from /home/airflow/.local/lib/python3.7/site-packages/airflow/example_dags/example_xcom.py
[2022-09-17 13:46:41,760] {logging_mixin.py:115} INFO - [2022-09-17 13:46:41,760] {dag.py:2371} INFO - Sync 1 DAGs
[2022-09-17 13:46:42,291] {logging_mixin.py:115} INFO - [2022-09-17 13:46:42,291] {dag.py:2919} INFO - Setting next_dagrun for example_xcom to 2021-01-01T00:00:00+00:00, run_after=2021-01-01T00:00:00+00:00
[2022-09-17 13:46:42,340] {processor.py:161} INFO - Processing /home/airflow/.local/lib/python3.7/site-packages/airflow/example_dags/example_xcom.py took 0.834 seconds
[2022-09-17 13:47:12,703] {processor.py:153} INFO - Started process (PID=231) to work on /home/airflow/.local/lib/python3.7/site-packages/airflow/example_dags/example_xcom.py
[2022-09-17 13:47:12,705] {processor.py:641} INFO - Processing file /home/airflow/.local/lib/python3.7/site-packages/airflow/example_dags/example_xcom.py for tasks to queue
[2022-09-17 13:47:12,705] {logging_mixin.py:115} INFO - [2022-09-17 13:47:12,705] {dagbag.py:507} INFO - Filling up the DagBag from /home/airflow/.local/lib/python3.7/site-packages/airflow/example_dags/example_xcom.py
[2022-09-17 13:47:12,778] {processor.py:651} INFO - DAG(s) dict_keys(['example_xcom']) retrieved from /home/airflow/.local/lib/python3.7/site-packages/airflow/example_dags/example_xcom.py
[2022-09-17 13:47:13,059] {logging_mixin.py:115} INFO - [2022-09-17 13:47:13,059] {dag.py:2371} INFO - Sync 1 DAGs
[2022-09-17 13:47:13,260] {logging_mixin.py:115} INFO - [2022-09-17 13:47:13,260] {dag.py:2919} INFO - Setting next_dagrun for example_xcom to 2021-01-01T00:00:00+00:00, run_after=2021-01-01T00:00:00+00:00
[2022-09-17 13:47:13,278] {processor.py:161} INFO - Processing /home/airflow/.local/lib/python3.7/site-packages/airflow/example_dags/example_xcom.py took 0.595 seconds
[2022-09-17 13:47:43,473] {processor.py:153} INFO - Started process (PID=285) to work on /home/airflow/.local/lib/python3.7/site-packages/airflow/example_dags/example_xcom.py
[2022-09-17 13:47:43,476] {processor.py:641} INFO - Processing file /home/airflow/.local/lib/python3.7/site-packages/airflow/example_dags/example_xcom.py for tasks to queue
[2022-09-17 13:47:43,477] {logging_mixin.py:115} INFO - [2022-09-17 13:47:43,477] {dagbag.py:507} INFO - Filling up the DagBag from /home/airflow/.local/lib/python3.7/site-packages/airflow/example_dags/example_xcom.py
[2022-09-17 13:47:43,530] {processor.py:651} INFO - DAG(s) dict_keys(['example_xcom']) retrieved from /home/airflow/.local/lib/python3.7/site-packages/airflow/example_dags/example_xcom.py
[2022-09-17 13:47:43,671] {logging_mixin.py:115} INFO - [2022-09-17 13:47:43,671] {dag.py:2371} INFO - Sync 1 DAGs
[2022-09-17 13:47:43,844] {logging_mixin.py:115} INFO - [2022-09-17 13:47:43,844] {dag.py:2919} INFO - Setting next_dagrun for example_xcom to 2021-01-01T00:00:00+00:00, run_after=2021-01-01T00:00:00+00:00
[2022-09-17 13:47:43,857] {processor.py:161} INFO - Processing /home/airflow/.local/lib/python3.7/site-packages/airflow/example_dags/example_xcom.py took 0.389 seconds
[2022-09-17 13:48:13,921] {processor.py:153} INFO - Started process (PID=338) to work on /home/airflow/.local/lib/python3.7/site-packages/airflow/example_dags/example_xcom.py
[2022-09-17 13:48:13,922] {processor.py:641} INFO - Processing file /home/airflow/.local/lib/python3.7/site-packages/airflow/example_dags/example_xcom.py for tasks to queue
[2022-09-17 13:48:13,922] {logging_mixin.py:115} INFO - [2022-09-17 13:48:13,922] {dagbag.py:507} INFO - Filling up the DagBag from /home/airflow/.local/lib/python3.7/site-packages/airflow/example_dags/example_xcom.py
[2022-09-17 13:48:13,952] {processor.py:651} INFO - DAG(s) dict_keys(['example_xcom']) retrieved from /home/airflow/.local/lib/python3.7/site-packages/airflow/example_dags/example_xcom.py
[2022-09-17 13:48:13,997] {logging_mixin.py:115} INFO - [2022-09-17 13:48:13,997] {dag.py:2371} INFO - Sync 1 DAGs
[2022-09-17 13:48:14,033] {logging_mixin.py:115} INFO - [2022-09-17 13:48:14,033] {dag.py:2919} INFO - Setting next_dagrun for example_xcom to 2021-01-01T00:00:00+00:00, run_after=2021-01-01T00:00:00+00:00
[2022-09-17 13:48:14,051] {processor.py:161} INFO - Processing /home/airflow/.local/lib/python3.7/site-packages/airflow/example_dags/example_xcom.py took 0.136 seconds
[2022-09-17 13:48:44,819] {processor.py:153} INFO - Started process (PID=399) to work on /home/airflow/.local/lib/python3.7/site-packages/airflow/example_dags/example_xcom.py
[2022-09-17 13:48:44,820] {processor.py:641} INFO - Processing file /home/airflow/.local/lib/python3.7/site-packages/airflow/example_dags/example_xcom.py for tasks to queue
[2022-09-17 13:48:44,820] {logging_mixin.py:115} INFO - [2022-09-17 13:48:44,820] {dagbag.py:507} INFO - Filling up the DagBag from /home/airflow/.local/lib/python3.7/site-packages/airflow/example_dags/example_xcom.py
[2022-09-17 13:48:44,838] {processor.py:651} INFO - DAG(s) dict_keys(['example_xcom']) retrieved from /home/airflow/.local/lib/python3.7/site-packages/airflow/example_dags/example_xcom.py
[2022-09-17 13:48:44,916] {logging_mixin.py:115} INFO - [2022-09-17 13:48:44,916] {dag.py:2371} INFO - Sync 1 DAGs
[2022-09-17 13:48:45,064] {logging_mixin.py:115} INFO - [2022-09-17 13:48:45,064] {dag.py:2919} INFO - Setting next_dagrun for example_xcom to 2021-01-01T00:00:00+00:00, run_after=2021-01-01T00:00:00+00:00
[2022-09-17 13:48:45,075] {processor.py:161} INFO - Processing /home/airflow/.local/lib/python3.7/site-packages/airflow/example_dags/example_xcom.py took 0.260 seconds
[2022-09-17 13:49:15,104] {processor.py:153} INFO - Started process (PID=462) to work on /home/airflow/.local/lib/python3.7/site-packages/airflow/example_dags/example_xcom.py
[2022-09-17 13:49:15,105] {processor.py:641} INFO - Processing file /home/airflow/.local/lib/python3.7/site-packages/airflow/example_dags/example_xcom.py for tasks to queue
[2022-09-17 13:49:15,105] {logging_mixin.py:115} INFO - [2022-09-17 13:49:15,105] {dagbag.py:507} INFO - Filling up the DagBag from /home/airflow/.local/lib/python3.7/site-packages/airflow/example_dags/example_xcom.py
[2022-09-17 13:49:15,127] {processor.py:651} INFO - DAG(s) dict_keys(['example_xcom']) retrieved from /home/airflow/.local/lib/python3.7/site-packages/airflow/example_dags/example_xcom.py
[2022-09-17 13:49:15,261] {logging_mixin.py:115} INFO - [2022-09-17 13:49:15,261] {dag.py:2371} INFO - Sync 1 DAGs
[2022-09-17 13:49:15,407] {logging_mixin.py:115} INFO - [2022-09-17 13:49:15,406] {dag.py:2919} INFO - Setting next_dagrun for example_xcom to 2021-01-01T00:00:00+00:00, run_after=2021-01-01T00:00:00+00:00
[2022-09-17 13:49:15,428] {processor.py:161} INFO - Processing /home/airflow/.local/lib/python3.7/site-packages/airflow/example_dags/example_xcom.py took 0.327 seconds
[2022-09-17 13:49:45,667] {processor.py:153} INFO - Started process (PID=516) to work on /home/airflow/.local/lib/python3.7/site-packages/airflow/example_dags/example_xcom.py
[2022-09-17 13:49:45,667] {processor.py:641} INFO - Processing file /home/airflow/.local/lib/python3.7/site-packages/airflow/example_dags/example_xcom.py for tasks to queue
[2022-09-17 13:49:45,668] {logging_mixin.py:115} INFO - [2022-09-17 13:49:45,668] {dagbag.py:507} INFO - Filling up the DagBag from /home/airflow/.local/lib/python3.7/site-packages/airflow/example_dags/example_xcom.py
[2022-09-17 13:49:45,685] {processor.py:651} INFO - DAG(s) dict_keys(['example_xcom']) retrieved from /home/airflow/.local/lib/python3.7/site-packages/airflow/example_dags/example_xcom.py
[2022-09-17 13:49:45,764] {logging_mixin.py:115} INFO - [2022-09-17 13:49:45,763] {dag.py:2371} INFO - Sync 1 DAGs
[2022-09-17 13:49:45,913] {logging_mixin.py:115} INFO - [2022-09-17 13:49:45,913] {dag.py:2919} INFO - Setting next_dagrun for example_xcom to 2021-01-01T00:00:00+00:00, run_after=2021-01-01T00:00:00+00:00
[2022-09-17 13:49:45,926] {processor.py:161} INFO - Processing /home/airflow/.local/lib/python3.7/site-packages/airflow/example_dags/example_xcom.py took 0.263 seconds
[2022-09-17 13:50:16,696] {processor.py:153} INFO - Started process (PID=581) to work on /home/airflow/.local/lib/python3.7/site-packages/airflow/example_dags/example_xcom.py
[2022-09-17 13:50:16,697] {processor.py:641} INFO - Processing file /home/airflow/.local/lib/python3.7/site-packages/airflow/example_dags/example_xcom.py for tasks to queue
[2022-09-17 13:50:16,698] {logging_mixin.py:115} INFO - [2022-09-17 13:50:16,698] {dagbag.py:507} INFO - Filling up the DagBag from /home/airflow/.local/lib/python3.7/site-packages/airflow/example_dags/example_xcom.py
[2022-09-17 13:50:16,716] {processor.py:651} INFO - DAG(s) dict_keys(['example_xcom']) retrieved from /home/airflow/.local/lib/python3.7/site-packages/airflow/example_dags/example_xcom.py
[2022-09-17 13:50:16,792] {logging_mixin.py:115} INFO - [2022-09-17 13:50:16,792] {dag.py:2371} INFO - Sync 1 DAGs
[2022-09-17 13:50:16,933] {logging_mixin.py:115} INFO - [2022-09-17 13:50:16,933] {dag.py:2919} INFO - Setting next_dagrun for example_xcom to 2021-01-01T00:00:00+00:00, run_after=2021-01-01T00:00:00+00:00
[2022-09-17 13:50:16,944] {processor.py:161} INFO - Processing /home/airflow/.local/lib/python3.7/site-packages/airflow/example_dags/example_xcom.py took 0.251 seconds
[2022-09-17 13:50:47,061] {processor.py:153} INFO - Started process (PID=634) to work on /home/airflow/.local/lib/python3.7/site-packages/airflow/example_dags/example_xcom.py
[2022-09-17 13:50:47,062] {processor.py:641} INFO - Processing file /home/airflow/.local/lib/python3.7/site-packages/airflow/example_dags/example_xcom.py for tasks to queue
[2022-09-17 13:50:47,063] {logging_mixin.py:115} INFO - [2022-09-17 13:50:47,063] {dagbag.py:507} INFO - Filling up the DagBag from /home/airflow/.local/lib/python3.7/site-packages/airflow/example_dags/example_xcom.py
[2022-09-17 13:50:47,083] {processor.py:651} INFO - DAG(s) dict_keys(['example_xcom']) retrieved from /home/airflow/.local/lib/python3.7/site-packages/airflow/example_dags/example_xcom.py
[2022-09-17 13:50:47,113] {logging_mixin.py:115} INFO - [2022-09-17 13:50:47,113] {dag.py:2371} INFO - Sync 1 DAGs
[2022-09-17 13:50:47,137] {logging_mixin.py:115} INFO - [2022-09-17 13:50:47,137] {dag.py:2919} INFO - Setting next_dagrun for example_xcom to 2021-01-01T00:00:00+00:00, run_after=2021-01-01T00:00:00+00:00
[2022-09-17 13:50:47,150] {processor.py:161} INFO - Processing /home/airflow/.local/lib/python3.7/site-packages/airflow/example_dags/example_xcom.py took 0.093 seconds
[2022-09-17 13:51:17,344] {processor.py:153} INFO - Started process (PID=697) to work on /home/airflow/.local/lib/python3.7/site-packages/airflow/example_dags/example_xcom.py
[2022-09-17 13:51:17,347] {processor.py:641} INFO - Processing file /home/airflow/.local/lib/python3.7/site-packages/airflow/example_dags/example_xcom.py for tasks to queue
[2022-09-17 13:51:17,348] {logging_mixin.py:115} INFO - [2022-09-17 13:51:17,347] {dagbag.py:507} INFO - Filling up the DagBag from /home/airflow/.local/lib/python3.7/site-packages/airflow/example_dags/example_xcom.py
[2022-09-17 13:51:17,377] {processor.py:651} INFO - DAG(s) dict_keys(['example_xcom']) retrieved from /home/airflow/.local/lib/python3.7/site-packages/airflow/example_dags/example_xcom.py
[2022-09-17 13:51:17,470] {logging_mixin.py:115} INFO - [2022-09-17 13:51:17,470] {dag.py:2371} INFO - Sync 1 DAGs
[2022-09-17 13:51:17,828] {logging_mixin.py:115} INFO - [2022-09-17 13:51:17,827] {dag.py:2919} INFO - Setting next_dagrun for example_xcom to 2021-01-01T00:00:00+00:00, run_after=2021-01-01T00:00:00+00:00
[2022-09-17 13:51:17,857] {processor.py:161} INFO - Processing /home/airflow/.local/lib/python3.7/site-packages/airflow/example_dags/example_xcom.py took 0.517 seconds
[2022-09-17 13:51:48,700] {processor.py:153} INFO - Started process (PID=761) to work on /home/airflow/.local/lib/python3.7/site-packages/airflow/example_dags/example_xcom.py
[2022-09-17 13:51:48,700] {processor.py:641} INFO - Processing file /home/airflow/.local/lib/python3.7/site-packages/airflow/example_dags/example_xcom.py for tasks to queue
[2022-09-17 13:51:48,701] {logging_mixin.py:115} INFO - [2022-09-17 13:51:48,701] {dagbag.py:507} INFO - Filling up the DagBag from /home/airflow/.local/lib/python3.7/site-packages/airflow/example_dags/example_xcom.py
[2022-09-17 13:51:48,724] {processor.py:651} INFO - DAG(s) dict_keys(['example_xcom']) retrieved from /home/airflow/.local/lib/python3.7/site-packages/airflow/example_dags/example_xcom.py
[2022-09-17 13:51:48,804] {logging_mixin.py:115} INFO - [2022-09-17 13:51:48,804] {dag.py:2371} INFO - Sync 1 DAGs
[2022-09-17 13:51:48,979] {logging_mixin.py:115} INFO - [2022-09-17 13:51:48,979] {dag.py:2919} INFO - Setting next_dagrun for example_xcom to 2021-01-01T00:00:00+00:00, run_after=2021-01-01T00:00:00+00:00
[2022-09-17 13:51:49,008] {processor.py:161} INFO - Processing /home/airflow/.local/lib/python3.7/site-packages/airflow/example_dags/example_xcom.py took 0.312 seconds
[2022-09-17 13:52:19,180] {processor.py:153} INFO - Started process (PID=815) to work on /home/airflow/.local/lib/python3.7/site-packages/airflow/example_dags/example_xcom.py
[2022-09-17 13:52:19,187] {processor.py:641} INFO - Processing file /home/airflow/.local/lib/python3.7/site-packages/airflow/example_dags/example_xcom.py for tasks to queue
[2022-09-17 13:52:19,188] {logging_mixin.py:115} INFO - [2022-09-17 13:52:19,188] {dagbag.py:507} INFO - Filling up the DagBag from /home/airflow/.local/lib/python3.7/site-packages/airflow/example_dags/example_xcom.py
[2022-09-17 13:52:19,233] {processor.py:651} INFO - DAG(s) dict_keys(['example_xcom']) retrieved from /home/airflow/.local/lib/python3.7/site-packages/airflow/example_dags/example_xcom.py
[2022-09-17 13:52:19,327] {logging_mixin.py:115} INFO - [2022-09-17 13:52:19,326] {dag.py:2371} INFO - Sync 1 DAGs
[2022-09-17 13:52:19,378] {logging_mixin.py:115} INFO - [2022-09-17 13:52:19,378] {dag.py:2919} INFO - Setting next_dagrun for example_xcom to 2021-01-01T00:00:00+00:00, run_after=2021-01-01T00:00:00+00:00
[2022-09-17 13:52:19,406] {processor.py:161} INFO - Processing /home/airflow/.local/lib/python3.7/site-packages/airflow/example_dags/example_xcom.py took 0.233 seconds
[2022-09-17 13:52:49,941] {processor.py:153} INFO - Started process (PID=878) to work on /home/airflow/.local/lib/python3.7/site-packages/airflow/example_dags/example_xcom.py
[2022-09-17 13:52:49,942] {processor.py:641} INFO - Processing file /home/airflow/.local/lib/python3.7/site-packages/airflow/example_dags/example_xcom.py for tasks to queue
[2022-09-17 13:52:49,943] {logging_mixin.py:115} INFO - [2022-09-17 13:52:49,942] {dagbag.py:507} INFO - Filling up the DagBag from /home/airflow/.local/lib/python3.7/site-packages/airflow/example_dags/example_xcom.py
[2022-09-17 13:52:49,989] {processor.py:651} INFO - DAG(s) dict_keys(['example_xcom']) retrieved from /home/airflow/.local/lib/python3.7/site-packages/airflow/example_dags/example_xcom.py
[2022-09-17 13:52:50,196] {logging_mixin.py:115} INFO - [2022-09-17 13:52:50,196] {dag.py:2371} INFO - Sync 1 DAGs
[2022-09-17 13:52:51,001] {logging_mixin.py:115} INFO - [2022-09-17 13:52:51,001] {dag.py:2919} INFO - Setting next_dagrun for example_xcom to 2021-01-01T00:00:00+00:00, run_after=2021-01-01T00:00:00+00:00
[2022-09-17 13:52:51,059] {processor.py:161} INFO - Processing /home/airflow/.local/lib/python3.7/site-packages/airflow/example_dags/example_xcom.py took 1.131 seconds
[2022-09-17 13:53:21,165] {processor.py:153} INFO - Started process (PID=932) to work on /home/airflow/.local/lib/python3.7/site-packages/airflow/example_dags/example_xcom.py
[2022-09-17 13:53:21,167] {processor.py:641} INFO - Processing file /home/airflow/.local/lib/python3.7/site-packages/airflow/example_dags/example_xcom.py for tasks to queue
[2022-09-17 13:53:21,168] {logging_mixin.py:115} INFO - [2022-09-17 13:53:21,168] {dagbag.py:507} INFO - Filling up the DagBag from /home/airflow/.local/lib/python3.7/site-packages/airflow/example_dags/example_xcom.py
[2022-09-17 13:53:21,212] {processor.py:651} INFO - DAG(s) dict_keys(['example_xcom']) retrieved from /home/airflow/.local/lib/python3.7/site-packages/airflow/example_dags/example_xcom.py
[2022-09-17 13:53:21,407] {logging_mixin.py:115} INFO - [2022-09-17 13:53:21,406] {dag.py:2371} INFO - Sync 1 DAGs
[2022-09-17 13:53:21,754] {logging_mixin.py:115} INFO - [2022-09-17 13:53:21,754] {dag.py:2919} INFO - Setting next_dagrun for example_xcom to 2021-01-01T00:00:00+00:00, run_after=2021-01-01T00:00:00+00:00
[2022-09-17 13:53:21,788] {processor.py:161} INFO - Processing /home/airflow/.local/lib/python3.7/site-packages/airflow/example_dags/example_xcom.py took 0.630 seconds
[2022-09-17 13:53:52,031] {processor.py:153} INFO - Started process (PID=997) to work on /home/airflow/.local/lib/python3.7/site-packages/airflow/example_dags/example_xcom.py
[2022-09-17 13:53:52,032] {processor.py:641} INFO - Processing file /home/airflow/.local/lib/python3.7/site-packages/airflow/example_dags/example_xcom.py for tasks to queue
[2022-09-17 13:53:52,033] {logging_mixin.py:115} INFO - [2022-09-17 13:53:52,032] {dagbag.py:507} INFO - Filling up the DagBag from /home/airflow/.local/lib/python3.7/site-packages/airflow/example_dags/example_xcom.py
[2022-09-17 13:53:52,062] {processor.py:651} INFO - DAG(s) dict_keys(['example_xcom']) retrieved from /home/airflow/.local/lib/python3.7/site-packages/airflow/example_dags/example_xcom.py
[2022-09-17 13:53:52,164] {logging_mixin.py:115} INFO - [2022-09-17 13:53:52,164] {dag.py:2371} INFO - Sync 1 DAGs
[2022-09-17 13:53:52,316] {logging_mixin.py:115} INFO - [2022-09-17 13:53:52,316] {dag.py:2919} INFO - Setting next_dagrun for example_xcom to 2021-01-01T00:00:00+00:00, run_after=2021-01-01T00:00:00+00:00
[2022-09-17 13:53:52,330] {processor.py:161} INFO - Processing /home/airflow/.local/lib/python3.7/site-packages/airflow/example_dags/example_xcom.py took 0.303 seconds
[2022-09-17 13:54:22,915] {processor.py:153} INFO - Started process (PID=1051) to work on /home/airflow/.local/lib/python3.7/site-packages/airflow/example_dags/example_xcom.py
[2022-09-17 13:54:22,916] {processor.py:641} INFO - Processing file /home/airflow/.local/lib/python3.7/site-packages/airflow/example_dags/example_xcom.py for tasks to queue
[2022-09-17 13:54:22,917] {logging_mixin.py:115} INFO - [2022-09-17 13:54:22,917] {dagbag.py:507} INFO - Filling up the DagBag from /home/airflow/.local/lib/python3.7/site-packages/airflow/example_dags/example_xcom.py
[2022-09-17 13:54:22,943] {processor.py:651} INFO - DAG(s) dict_keys(['example_xcom']) retrieved from /home/airflow/.local/lib/python3.7/site-packages/airflow/example_dags/example_xcom.py
[2022-09-17 13:54:23,058] {logging_mixin.py:115} INFO - [2022-09-17 13:54:23,058] {dag.py:2371} INFO - Sync 1 DAGs
[2022-09-17 13:54:23,312] {logging_mixin.py:115} INFO - [2022-09-17 13:54:23,312] {dag.py:2919} INFO - Setting next_dagrun for example_xcom to 2021-01-01T00:00:00+00:00, run_after=2021-01-01T00:00:00+00:00
[2022-09-17 13:54:23,328] {processor.py:161} INFO - Processing /home/airflow/.local/lib/python3.7/site-packages/airflow/example_dags/example_xcom.py took 0.417 seconds
[2022-09-17 13:54:53,514] {processor.py:153} INFO - Started process (PID=1113) to work on /home/airflow/.local/lib/python3.7/site-packages/airflow/example_dags/example_xcom.py
[2022-09-17 13:54:53,514] {processor.py:641} INFO - Processing file /home/airflow/.local/lib/python3.7/site-packages/airflow/example_dags/example_xcom.py for tasks to queue
[2022-09-17 13:54:53,515] {logging_mixin.py:115} INFO - [2022-09-17 13:54:53,515] {dagbag.py:507} INFO - Filling up the DagBag from /home/airflow/.local/lib/python3.7/site-packages/airflow/example_dags/example_xcom.py
[2022-09-17 13:54:53,537] {processor.py:651} INFO - DAG(s) dict_keys(['example_xcom']) retrieved from /home/airflow/.local/lib/python3.7/site-packages/airflow/example_dags/example_xcom.py
[2022-09-17 13:54:53,615] {logging_mixin.py:115} INFO - [2022-09-17 13:54:53,615] {dag.py:2371} INFO - Sync 1 DAGs
[2022-09-17 13:54:53,764] {logging_mixin.py:115} INFO - [2022-09-17 13:54:53,764] {dag.py:2919} INFO - Setting next_dagrun for example_xcom to 2021-01-01T00:00:00+00:00, run_after=2021-01-01T00:00:00+00:00
[2022-09-17 13:54:53,777] {processor.py:161} INFO - Processing /home/airflow/.local/lib/python3.7/site-packages/airflow/example_dags/example_xcom.py took 0.266 seconds
