[2022-09-17 13:27:54,393] {processor.py:153} INFO - Started process (PID=49) to work on /home/airflow/.local/lib/python3.7/site-packages/airflow/example_dags/example_branch_operator_decorator.py
[2022-09-17 13:27:54,422] {processor.py:641} INFO - Processing file /home/airflow/.local/lib/python3.7/site-packages/airflow/example_dags/example_branch_operator_decorator.py for tasks to queue
[2022-09-17 13:27:54,429] {logging_mixin.py:115} INFO - [2022-09-17 13:27:54,428] {dagbag.py:507} INFO - Filling up the DagBag from /home/airflow/.local/lib/python3.7/site-packages/airflow/example_dags/example_branch_operator_decorator.py
[2022-09-17 13:27:55,252] {processor.py:651} INFO - DAG(s) dict_keys(['example_branch_python_operator_decorator']) retrieved from /home/airflow/.local/lib/python3.7/site-packages/airflow/example_dags/example_branch_operator_decorator.py
[2022-09-17 13:27:55,752] {logging_mixin.py:115} INFO - [2022-09-17 13:27:55,752] {manager.py:508} INFO - Created Permission View: can delete on DAG:example_branch_python_operator_decorator
[2022-09-17 13:27:56,369] {logging_mixin.py:115} INFO - [2022-09-17 13:27:56,369] {manager.py:508} INFO - Created Permission View: can edit on DAG:example_branch_python_operator_decorator
[2022-09-17 13:27:56,605] {logging_mixin.py:115} INFO - [2022-09-17 13:27:56,604] {manager.py:508} INFO - Created Permission View: can read on DAG:example_branch_python_operator_decorator
[2022-09-17 13:27:56,606] {logging_mixin.py:115} INFO - [2022-09-17 13:27:56,606] {dag.py:2371} INFO - Sync 1 DAGs
[2022-09-17 13:27:56,621] {logging_mixin.py:115} INFO - [2022-09-17 13:27:56,621] {dag.py:2390} INFO - Creating ORM DAG for example_branch_python_operator_decorator
[2022-09-17 13:27:56,640] {logging_mixin.py:115} INFO - [2022-09-17 13:27:56,639] {dag.py:2919} INFO - Setting next_dagrun for example_branch_python_operator_decorator to 2022-09-16T00:00:00+00:00, run_after=2022-09-17T00:00:00+00:00
[2022-09-17 13:27:56,947] {processor.py:161} INFO - Processing /home/airflow/.local/lib/python3.7/site-packages/airflow/example_dags/example_branch_operator_decorator.py took 2.575 seconds
[2022-09-17 13:29:31,305] {processor.py:153} INFO - Started process (PID=96) to work on /home/airflow/.local/lib/python3.7/site-packages/airflow/example_dags/example_branch_operator_decorator.py
[2022-09-17 13:29:31,306] {processor.py:641} INFO - Processing file /home/airflow/.local/lib/python3.7/site-packages/airflow/example_dags/example_branch_operator_decorator.py for tasks to queue
[2022-09-17 13:29:31,307] {logging_mixin.py:115} INFO - [2022-09-17 13:29:31,306] {dagbag.py:507} INFO - Filling up the DagBag from /home/airflow/.local/lib/python3.7/site-packages/airflow/example_dags/example_branch_operator_decorator.py
[2022-09-17 13:29:31,329] {processor.py:651} INFO - DAG(s) dict_keys(['example_branch_python_operator_decorator']) retrieved from /home/airflow/.local/lib/python3.7/site-packages/airflow/example_dags/example_branch_operator_decorator.py
[2022-09-17 13:29:31,360] {logging_mixin.py:115} INFO - [2022-09-17 13:29:31,360] {dag.py:2371} INFO - Sync 1 DAGs
[2022-09-17 13:29:31,599] {logging_mixin.py:115} INFO - [2022-09-17 13:29:31,599] {dag.py:2919} INFO - Setting next_dagrun for example_branch_python_operator_decorator to 2022-09-16T00:00:00+00:00, run_after=2022-09-17T00:00:00+00:00
[2022-09-17 13:29:31,608] {processor.py:161} INFO - Processing /home/airflow/.local/lib/python3.7/site-packages/airflow/example_dags/example_branch_operator_decorator.py took 0.307 seconds
[2022-09-17 13:30:03,879] {processor.py:153} INFO - Started process (PID=140) to work on /home/airflow/.local/lib/python3.7/site-packages/airflow/example_dags/example_branch_operator_decorator.py
[2022-09-17 13:30:03,880] {processor.py:641} INFO - Processing file /home/airflow/.local/lib/python3.7/site-packages/airflow/example_dags/example_branch_operator_decorator.py for tasks to queue
[2022-09-17 13:30:03,881] {logging_mixin.py:115} INFO - [2022-09-17 13:30:03,881] {dagbag.py:507} INFO - Filling up the DagBag from /home/airflow/.local/lib/python3.7/site-packages/airflow/example_dags/example_branch_operator_decorator.py
[2022-09-17 13:30:03,910] {processor.py:651} INFO - DAG(s) dict_keys(['example_branch_python_operator_decorator']) retrieved from /home/airflow/.local/lib/python3.7/site-packages/airflow/example_dags/example_branch_operator_decorator.py
[2022-09-17 13:30:03,948] {logging_mixin.py:115} INFO - [2022-09-17 13:30:03,948] {dag.py:2371} INFO - Sync 1 DAGs
[2022-09-17 13:30:04,198] {logging_mixin.py:115} INFO - [2022-09-17 13:30:04,198] {dag.py:2919} INFO - Setting next_dagrun for example_branch_python_operator_decorator to 2022-09-16T00:00:00+00:00, run_after=2022-09-17T00:00:00+00:00
[2022-09-17 13:30:04,232] {processor.py:161} INFO - Processing /home/airflow/.local/lib/python3.7/site-packages/airflow/example_dags/example_branch_operator_decorator.py took 0.357 seconds
[2022-09-17 13:30:34,529] {processor.py:153} INFO - Started process (PID=195) to work on /home/airflow/.local/lib/python3.7/site-packages/airflow/example_dags/example_branch_operator_decorator.py
[2022-09-17 13:30:34,534] {processor.py:641} INFO - Processing file /home/airflow/.local/lib/python3.7/site-packages/airflow/example_dags/example_branch_operator_decorator.py for tasks to queue
[2022-09-17 13:30:34,535] {logging_mixin.py:115} INFO - [2022-09-17 13:30:34,535] {dagbag.py:507} INFO - Filling up the DagBag from /home/airflow/.local/lib/python3.7/site-packages/airflow/example_dags/example_branch_operator_decorator.py
[2022-09-17 13:30:34,678] {processor.py:651} INFO - DAG(s) dict_keys(['example_branch_python_operator_decorator']) retrieved from /home/airflow/.local/lib/python3.7/site-packages/airflow/example_dags/example_branch_operator_decorator.py
[2022-09-17 13:30:34,811] {logging_mixin.py:115} INFO - [2022-09-17 13:30:34,811] {dag.py:2371} INFO - Sync 1 DAGs
[2022-09-17 13:30:36,292] {logging_mixin.py:115} INFO - [2022-09-17 13:30:36,292] {dag.py:2919} INFO - Setting next_dagrun for example_branch_python_operator_decorator to 2022-09-16T00:00:00+00:00, run_after=2022-09-17T00:00:00+00:00
[2022-09-17 13:30:36,455] {processor.py:161} INFO - Processing /home/airflow/.local/lib/python3.7/site-packages/airflow/example_dags/example_branch_operator_decorator.py took 1.970 seconds
[2022-09-17 13:31:07,739] {processor.py:153} INFO - Started process (PID=241) to work on /home/airflow/.local/lib/python3.7/site-packages/airflow/example_dags/example_branch_operator_decorator.py
[2022-09-17 13:31:07,740] {processor.py:641} INFO - Processing file /home/airflow/.local/lib/python3.7/site-packages/airflow/example_dags/example_branch_operator_decorator.py for tasks to queue
[2022-09-17 13:31:07,744] {logging_mixin.py:115} INFO - [2022-09-17 13:31:07,744] {dagbag.py:507} INFO - Filling up the DagBag from /home/airflow/.local/lib/python3.7/site-packages/airflow/example_dags/example_branch_operator_decorator.py
[2022-09-17 13:31:07,784] {processor.py:651} INFO - DAG(s) dict_keys(['example_branch_python_operator_decorator']) retrieved from /home/airflow/.local/lib/python3.7/site-packages/airflow/example_dags/example_branch_operator_decorator.py
[2022-09-17 13:31:07,831] {logging_mixin.py:115} INFO - [2022-09-17 13:31:07,830] {dag.py:2371} INFO - Sync 1 DAGs
[2022-09-17 13:31:08,465] {logging_mixin.py:115} INFO - [2022-09-17 13:31:08,465] {dag.py:2919} INFO - Setting next_dagrun for example_branch_python_operator_decorator to 2022-09-16T00:00:00+00:00, run_after=2022-09-17T00:00:00+00:00
[2022-09-17 13:31:08,479] {processor.py:161} INFO - Processing /home/airflow/.local/lib/python3.7/site-packages/airflow/example_dags/example_branch_operator_decorator.py took 0.744 seconds
[2022-09-17 13:31:39,223] {processor.py:153} INFO - Started process (PID=292) to work on /home/airflow/.local/lib/python3.7/site-packages/airflow/example_dags/example_branch_operator_decorator.py
[2022-09-17 13:31:39,224] {processor.py:641} INFO - Processing file /home/airflow/.local/lib/python3.7/site-packages/airflow/example_dags/example_branch_operator_decorator.py for tasks to queue
[2022-09-17 13:31:39,224] {logging_mixin.py:115} INFO - [2022-09-17 13:31:39,224] {dagbag.py:507} INFO - Filling up the DagBag from /home/airflow/.local/lib/python3.7/site-packages/airflow/example_dags/example_branch_operator_decorator.py
[2022-09-17 13:31:39,246] {processor.py:651} INFO - DAG(s) dict_keys(['example_branch_python_operator_decorator']) retrieved from /home/airflow/.local/lib/python3.7/site-packages/airflow/example_dags/example_branch_operator_decorator.py
[2022-09-17 13:31:39,278] {logging_mixin.py:115} INFO - [2022-09-17 13:31:39,278] {dag.py:2371} INFO - Sync 1 DAGs
[2022-09-17 13:31:39,454] {logging_mixin.py:115} INFO - [2022-09-17 13:31:39,454] {dag.py:2919} INFO - Setting next_dagrun for example_branch_python_operator_decorator to 2022-09-16T00:00:00+00:00, run_after=2022-09-17T00:00:00+00:00
[2022-09-17 13:31:39,464] {processor.py:161} INFO - Processing /home/airflow/.local/lib/python3.7/site-packages/airflow/example_dags/example_branch_operator_decorator.py took 0.245 seconds
[2022-09-17 13:32:09,983] {processor.py:153} INFO - Started process (PID=353) to work on /home/airflow/.local/lib/python3.7/site-packages/airflow/example_dags/example_branch_operator_decorator.py
[2022-09-17 13:32:09,986] {processor.py:641} INFO - Processing file /home/airflow/.local/lib/python3.7/site-packages/airflow/example_dags/example_branch_operator_decorator.py for tasks to queue
[2022-09-17 13:32:09,987] {logging_mixin.py:115} INFO - [2022-09-17 13:32:09,987] {dagbag.py:507} INFO - Filling up the DagBag from /home/airflow/.local/lib/python3.7/site-packages/airflow/example_dags/example_branch_operator_decorator.py
[2022-09-17 13:32:10,047] {processor.py:651} INFO - DAG(s) dict_keys(['example_branch_python_operator_decorator']) retrieved from /home/airflow/.local/lib/python3.7/site-packages/airflow/example_dags/example_branch_operator_decorator.py
[2022-09-17 13:32:10,117] {logging_mixin.py:115} INFO - [2022-09-17 13:32:10,117] {dag.py:2371} INFO - Sync 1 DAGs
[2022-09-17 13:32:10,470] {logging_mixin.py:115} INFO - [2022-09-17 13:32:10,470] {dag.py:2919} INFO - Setting next_dagrun for example_branch_python_operator_decorator to 2022-09-16T00:00:00+00:00, run_after=2022-09-17T00:00:00+00:00
[2022-09-17 13:32:10,504] {processor.py:161} INFO - Processing /home/airflow/.local/lib/python3.7/site-packages/airflow/example_dags/example_branch_operator_decorator.py took 0.525 seconds
[2022-09-17 13:32:40,733] {processor.py:153} INFO - Started process (PID=406) to work on /home/airflow/.local/lib/python3.7/site-packages/airflow/example_dags/example_branch_operator_decorator.py
[2022-09-17 13:32:40,734] {processor.py:641} INFO - Processing file /home/airflow/.local/lib/python3.7/site-packages/airflow/example_dags/example_branch_operator_decorator.py for tasks to queue
[2022-09-17 13:32:40,735] {logging_mixin.py:115} INFO - [2022-09-17 13:32:40,734] {dagbag.py:507} INFO - Filling up the DagBag from /home/airflow/.local/lib/python3.7/site-packages/airflow/example_dags/example_branch_operator_decorator.py
[2022-09-17 13:32:40,799] {processor.py:651} INFO - DAG(s) dict_keys(['example_branch_python_operator_decorator']) retrieved from /home/airflow/.local/lib/python3.7/site-packages/airflow/example_dags/example_branch_operator_decorator.py
[2022-09-17 13:32:40,839] {logging_mixin.py:115} INFO - [2022-09-17 13:32:40,839] {dag.py:2371} INFO - Sync 1 DAGs
[2022-09-17 13:32:41,058] {logging_mixin.py:115} INFO - [2022-09-17 13:32:41,058] {dag.py:2919} INFO - Setting next_dagrun for example_branch_python_operator_decorator to 2022-09-16T00:00:00+00:00, run_after=2022-09-17T00:00:00+00:00
[2022-09-17 13:32:41,442] {processor.py:161} INFO - Processing /home/airflow/.local/lib/python3.7/site-packages/airflow/example_dags/example_branch_operator_decorator.py took 0.713 seconds
[2022-09-17 13:33:16,708] {processor.py:153} INFO - Started process (PID=468) to work on /home/airflow/.local/lib/python3.7/site-packages/airflow/example_dags/example_branch_operator_decorator.py
[2022-09-17 13:33:16,709] {processor.py:641} INFO - Processing file /home/airflow/.local/lib/python3.7/site-packages/airflow/example_dags/example_branch_operator_decorator.py for tasks to queue
[2022-09-17 13:33:16,710] {logging_mixin.py:115} INFO - [2022-09-17 13:33:16,709] {dagbag.py:507} INFO - Filling up the DagBag from /home/airflow/.local/lib/python3.7/site-packages/airflow/example_dags/example_branch_operator_decorator.py
[2022-09-17 13:33:16,757] {processor.py:651} INFO - DAG(s) dict_keys(['example_branch_python_operator_decorator']) retrieved from /home/airflow/.local/lib/python3.7/site-packages/airflow/example_dags/example_branch_operator_decorator.py
[2022-09-17 13:33:16,889] {logging_mixin.py:115} INFO - [2022-09-17 13:33:16,889] {dag.py:2371} INFO - Sync 1 DAGs
[2022-09-17 13:33:17,318] {logging_mixin.py:115} INFO - [2022-09-17 13:33:17,318] {dag.py:2919} INFO - Setting next_dagrun for example_branch_python_operator_decorator to 2022-09-16T00:00:00+00:00, run_after=2022-09-17T00:00:00+00:00
[2022-09-17 13:33:17,371] {processor.py:161} INFO - Processing /home/airflow/.local/lib/python3.7/site-packages/airflow/example_dags/example_branch_operator_decorator.py took 0.676 seconds
[2022-09-17 13:33:47,745] {processor.py:153} INFO - Started process (PID=521) to work on /home/airflow/.local/lib/python3.7/site-packages/airflow/example_dags/example_branch_operator_decorator.py
[2022-09-17 13:33:47,748] {processor.py:641} INFO - Processing file /home/airflow/.local/lib/python3.7/site-packages/airflow/example_dags/example_branch_operator_decorator.py for tasks to queue
[2022-09-17 13:33:47,749] {logging_mixin.py:115} INFO - [2022-09-17 13:33:47,748] {dagbag.py:507} INFO - Filling up the DagBag from /home/airflow/.local/lib/python3.7/site-packages/airflow/example_dags/example_branch_operator_decorator.py
[2022-09-17 13:33:47,781] {processor.py:651} INFO - DAG(s) dict_keys(['example_branch_python_operator_decorator']) retrieved from /home/airflow/.local/lib/python3.7/site-packages/airflow/example_dags/example_branch_operator_decorator.py
[2022-09-17 13:33:47,819] {logging_mixin.py:115} INFO - [2022-09-17 13:33:47,819] {dag.py:2371} INFO - Sync 1 DAGs
[2022-09-17 13:33:48,383] {logging_mixin.py:115} INFO - [2022-09-17 13:33:48,383] {dag.py:2919} INFO - Setting next_dagrun for example_branch_python_operator_decorator to 2022-09-16T00:00:00+00:00, run_after=2022-09-17T00:00:00+00:00
[2022-09-17 13:33:48,413] {processor.py:161} INFO - Processing /home/airflow/.local/lib/python3.7/site-packages/airflow/example_dags/example_branch_operator_decorator.py took 0.677 seconds
[2022-09-17 13:34:19,641] {processor.py:153} INFO - Started process (PID=579) to work on /home/airflow/.local/lib/python3.7/site-packages/airflow/example_dags/example_branch_operator_decorator.py
[2022-09-17 13:34:19,644] {processor.py:641} INFO - Processing file /home/airflow/.local/lib/python3.7/site-packages/airflow/example_dags/example_branch_operator_decorator.py for tasks to queue
[2022-09-17 13:34:19,645] {logging_mixin.py:115} INFO - [2022-09-17 13:34:19,645] {dagbag.py:507} INFO - Filling up the DagBag from /home/airflow/.local/lib/python3.7/site-packages/airflow/example_dags/example_branch_operator_decorator.py
[2022-09-17 13:34:19,702] {processor.py:651} INFO - DAG(s) dict_keys(['example_branch_python_operator_decorator']) retrieved from /home/airflow/.local/lib/python3.7/site-packages/airflow/example_dags/example_branch_operator_decorator.py
[2022-09-17 13:34:19,803] {logging_mixin.py:115} INFO - [2022-09-17 13:34:19,803] {dag.py:2371} INFO - Sync 1 DAGs
[2022-09-17 13:34:20,095] {logging_mixin.py:115} INFO - [2022-09-17 13:34:20,095] {dag.py:2919} INFO - Setting next_dagrun for example_branch_python_operator_decorator to 2022-09-16T00:00:00+00:00, run_after=2022-09-17T00:00:00+00:00
[2022-09-17 13:34:20,127] {processor.py:161} INFO - Processing /home/airflow/.local/lib/python3.7/site-packages/airflow/example_dags/example_branch_operator_decorator.py took 0.494 seconds
[2022-09-17 13:34:50,672] {processor.py:153} INFO - Started process (PID=632) to work on /home/airflow/.local/lib/python3.7/site-packages/airflow/example_dags/example_branch_operator_decorator.py
[2022-09-17 13:34:50,673] {processor.py:641} INFO - Processing file /home/airflow/.local/lib/python3.7/site-packages/airflow/example_dags/example_branch_operator_decorator.py for tasks to queue
[2022-09-17 13:34:50,674] {logging_mixin.py:115} INFO - [2022-09-17 13:34:50,673] {dagbag.py:507} INFO - Filling up the DagBag from /home/airflow/.local/lib/python3.7/site-packages/airflow/example_dags/example_branch_operator_decorator.py
[2022-09-17 13:34:50,765] {processor.py:651} INFO - DAG(s) dict_keys(['example_branch_python_operator_decorator']) retrieved from /home/airflow/.local/lib/python3.7/site-packages/airflow/example_dags/example_branch_operator_decorator.py
[2022-09-17 13:34:50,836] {logging_mixin.py:115} INFO - [2022-09-17 13:34:50,836] {dag.py:2371} INFO - Sync 1 DAGs
[2022-09-17 13:34:51,093] {logging_mixin.py:115} INFO - [2022-09-17 13:34:51,093] {dag.py:2919} INFO - Setting next_dagrun for example_branch_python_operator_decorator to 2022-09-16T00:00:00+00:00, run_after=2022-09-17T00:00:00+00:00
[2022-09-17 13:34:51,121] {processor.py:161} INFO - Processing /home/airflow/.local/lib/python3.7/site-packages/airflow/example_dags/example_branch_operator_decorator.py took 0.453 seconds
[2022-09-17 13:35:21,795] {processor.py:153} INFO - Started process (PID=682) to work on /home/airflow/.local/lib/python3.7/site-packages/airflow/example_dags/example_branch_operator_decorator.py
[2022-09-17 13:35:21,800] {processor.py:641} INFO - Processing file /home/airflow/.local/lib/python3.7/site-packages/airflow/example_dags/example_branch_operator_decorator.py for tasks to queue
[2022-09-17 13:35:21,801] {logging_mixin.py:115} INFO - [2022-09-17 13:35:21,801] {dagbag.py:507} INFO - Filling up the DagBag from /home/airflow/.local/lib/python3.7/site-packages/airflow/example_dags/example_branch_operator_decorator.py
[2022-09-17 13:35:21,844] {processor.py:651} INFO - DAG(s) dict_keys(['example_branch_python_operator_decorator']) retrieved from /home/airflow/.local/lib/python3.7/site-packages/airflow/example_dags/example_branch_operator_decorator.py
[2022-09-17 13:35:21,909] {logging_mixin.py:115} INFO - [2022-09-17 13:35:21,909] {dag.py:2371} INFO - Sync 1 DAGs
[2022-09-17 13:35:22,286] {logging_mixin.py:115} INFO - [2022-09-17 13:35:22,286] {dag.py:2919} INFO - Setting next_dagrun for example_branch_python_operator_decorator to 2022-09-16T00:00:00+00:00, run_after=2022-09-17T00:00:00+00:00
[2022-09-17 13:35:22,330] {processor.py:161} INFO - Processing /home/airflow/.local/lib/python3.7/site-packages/airflow/example_dags/example_branch_operator_decorator.py took 0.539 seconds
[2022-09-17 13:35:52,809] {processor.py:153} INFO - Started process (PID=743) to work on /home/airflow/.local/lib/python3.7/site-packages/airflow/example_dags/example_branch_operator_decorator.py
[2022-09-17 13:35:52,810] {processor.py:641} INFO - Processing file /home/airflow/.local/lib/python3.7/site-packages/airflow/example_dags/example_branch_operator_decorator.py for tasks to queue
[2022-09-17 13:35:52,811] {logging_mixin.py:115} INFO - [2022-09-17 13:35:52,811] {dagbag.py:507} INFO - Filling up the DagBag from /home/airflow/.local/lib/python3.7/site-packages/airflow/example_dags/example_branch_operator_decorator.py
[2022-09-17 13:35:52,833] {processor.py:651} INFO - DAG(s) dict_keys(['example_branch_python_operator_decorator']) retrieved from /home/airflow/.local/lib/python3.7/site-packages/airflow/example_dags/example_branch_operator_decorator.py
[2022-09-17 13:35:52,885] {logging_mixin.py:115} INFO - [2022-09-17 13:35:52,885] {dag.py:2371} INFO - Sync 1 DAGs
[2022-09-17 13:35:53,105] {logging_mixin.py:115} INFO - [2022-09-17 13:35:53,105] {dag.py:2919} INFO - Setting next_dagrun for example_branch_python_operator_decorator to 2022-09-16T00:00:00+00:00, run_after=2022-09-17T00:00:00+00:00
[2022-09-17 13:35:53,116] {processor.py:161} INFO - Processing /home/airflow/.local/lib/python3.7/site-packages/airflow/example_dags/example_branch_operator_decorator.py took 0.311 seconds
[2022-09-17 13:36:24,401] {processor.py:153} INFO - Started process (PID=803) to work on /home/airflow/.local/lib/python3.7/site-packages/airflow/example_dags/example_branch_operator_decorator.py
[2022-09-17 13:36:24,404] {processor.py:641} INFO - Processing file /home/airflow/.local/lib/python3.7/site-packages/airflow/example_dags/example_branch_operator_decorator.py for tasks to queue
[2022-09-17 13:36:24,406] {logging_mixin.py:115} INFO - [2022-09-17 13:36:24,405] {dagbag.py:507} INFO - Filling up the DagBag from /home/airflow/.local/lib/python3.7/site-packages/airflow/example_dags/example_branch_operator_decorator.py
[2022-09-17 13:36:24,462] {processor.py:651} INFO - DAG(s) dict_keys(['example_branch_python_operator_decorator']) retrieved from /home/airflow/.local/lib/python3.7/site-packages/airflow/example_dags/example_branch_operator_decorator.py
[2022-09-17 13:36:24,576] {logging_mixin.py:115} INFO - [2022-09-17 13:36:24,576] {dag.py:2371} INFO - Sync 1 DAGs
[2022-09-17 13:36:25,044] {logging_mixin.py:115} INFO - [2022-09-17 13:36:25,044] {dag.py:2919} INFO - Setting next_dagrun for example_branch_python_operator_decorator to 2022-09-16T00:00:00+00:00, run_after=2022-09-17T00:00:00+00:00
[2022-09-17 13:36:25,065] {processor.py:161} INFO - Processing /home/airflow/.local/lib/python3.7/site-packages/airflow/example_dags/example_branch_operator_decorator.py took 0.676 seconds
[2022-09-17 13:36:57,874] {processor.py:153} INFO - Started process (PID=854) to work on /home/airflow/.local/lib/python3.7/site-packages/airflow/example_dags/example_branch_operator_decorator.py
[2022-09-17 13:36:57,885] {processor.py:641} INFO - Processing file /home/airflow/.local/lib/python3.7/site-packages/airflow/example_dags/example_branch_operator_decorator.py for tasks to queue
[2022-09-17 13:36:57,886] {logging_mixin.py:115} INFO - [2022-09-17 13:36:57,885] {dagbag.py:507} INFO - Filling up the DagBag from /home/airflow/.local/lib/python3.7/site-packages/airflow/example_dags/example_branch_operator_decorator.py
[2022-09-17 13:36:58,020] {processor.py:651} INFO - DAG(s) dict_keys(['example_branch_python_operator_decorator']) retrieved from /home/airflow/.local/lib/python3.7/site-packages/airflow/example_dags/example_branch_operator_decorator.py
[2022-09-17 13:36:58,413] {logging_mixin.py:115} INFO - [2022-09-17 13:36:58,413] {dag.py:2371} INFO - Sync 1 DAGs
[2022-09-17 13:36:59,819] {logging_mixin.py:115} INFO - [2022-09-17 13:36:59,819] {dag.py:2919} INFO - Setting next_dagrun for example_branch_python_operator_decorator to 2022-09-16T00:00:00+00:00, run_after=2022-09-17T00:00:00+00:00
[2022-09-17 13:36:59,875] {processor.py:161} INFO - Processing /home/airflow/.local/lib/python3.7/site-packages/airflow/example_dags/example_branch_operator_decorator.py took 2.025 seconds
[2022-09-17 13:37:31,080] {processor.py:153} INFO - Started process (PID=903) to work on /home/airflow/.local/lib/python3.7/site-packages/airflow/example_dags/example_branch_operator_decorator.py
[2022-09-17 13:37:31,081] {processor.py:641} INFO - Processing file /home/airflow/.local/lib/python3.7/site-packages/airflow/example_dags/example_branch_operator_decorator.py for tasks to queue
[2022-09-17 13:37:31,082] {logging_mixin.py:115} INFO - [2022-09-17 13:37:31,082] {dagbag.py:507} INFO - Filling up the DagBag from /home/airflow/.local/lib/python3.7/site-packages/airflow/example_dags/example_branch_operator_decorator.py
[2022-09-17 13:37:31,323] {processor.py:651} INFO - DAG(s) dict_keys(['example_branch_python_operator_decorator']) retrieved from /home/airflow/.local/lib/python3.7/site-packages/airflow/example_dags/example_branch_operator_decorator.py
[2022-09-17 13:37:32,017] {logging_mixin.py:115} INFO - [2022-09-17 13:37:32,006] {dag.py:2371} INFO - Sync 1 DAGs
[2022-09-17 13:37:35,083] {logging_mixin.py:115} INFO - [2022-09-17 13:37:35,062] {dag.py:2919} INFO - Setting next_dagrun for example_branch_python_operator_decorator to 2022-09-16T00:00:00+00:00, run_after=2022-09-17T00:00:00+00:00
[2022-09-17 13:37:36,302] {processor.py:161} INFO - Processing /home/airflow/.local/lib/python3.7/site-packages/airflow/example_dags/example_branch_operator_decorator.py took 5.244 seconds
[2022-09-17 13:39:18,614] {processor.py:153} INFO - Started process (PID=936) to work on /home/airflow/.local/lib/python3.7/site-packages/airflow/example_dags/example_branch_operator_decorator.py
[2022-09-17 13:39:18,635] {processor.py:641} INFO - Processing file /home/airflow/.local/lib/python3.7/site-packages/airflow/example_dags/example_branch_operator_decorator.py for tasks to queue
[2022-09-17 13:39:18,636] {logging_mixin.py:115} INFO - [2022-09-17 13:39:18,636] {dagbag.py:507} INFO - Filling up the DagBag from /home/airflow/.local/lib/python3.7/site-packages/airflow/example_dags/example_branch_operator_decorator.py
[2022-09-17 13:39:18,921] {processor.py:651} INFO - DAG(s) dict_keys(['example_branch_python_operator_decorator']) retrieved from /home/airflow/.local/lib/python3.7/site-packages/airflow/example_dags/example_branch_operator_decorator.py
[2022-09-17 13:39:21,228] {logging_mixin.py:115} INFO - [2022-09-17 13:39:21,227] {dag.py:2371} INFO - Sync 1 DAGs
[2022-09-17 13:39:21,559] {logging_mixin.py:115} INFO - [2022-09-17 13:39:21,558] {dag.py:2919} INFO - Setting next_dagrun for example_branch_python_operator_decorator to 2022-09-16T00:00:00+00:00, run_after=2022-09-17T00:00:00+00:00
[2022-09-17 13:39:21,806] {processor.py:161} INFO - Processing /home/airflow/.local/lib/python3.7/site-packages/airflow/example_dags/example_branch_operator_decorator.py took 3.328 seconds
[2022-09-17 13:39:52,028] {processor.py:153} INFO - Started process (PID=991) to work on /home/airflow/.local/lib/python3.7/site-packages/airflow/example_dags/example_branch_operator_decorator.py
[2022-09-17 13:39:52,030] {processor.py:641} INFO - Processing file /home/airflow/.local/lib/python3.7/site-packages/airflow/example_dags/example_branch_operator_decorator.py for tasks to queue
[2022-09-17 13:39:52,030] {logging_mixin.py:115} INFO - [2022-09-17 13:39:52,030] {dagbag.py:507} INFO - Filling up the DagBag from /home/airflow/.local/lib/python3.7/site-packages/airflow/example_dags/example_branch_operator_decorator.py
[2022-09-17 13:39:52,054] {processor.py:651} INFO - DAG(s) dict_keys(['example_branch_python_operator_decorator']) retrieved from /home/airflow/.local/lib/python3.7/site-packages/airflow/example_dags/example_branch_operator_decorator.py
[2022-09-17 13:39:52,237] {logging_mixin.py:115} INFO - [2022-09-17 13:39:52,237] {dag.py:2371} INFO - Sync 1 DAGs
[2022-09-17 13:39:52,260] {logging_mixin.py:115} INFO - [2022-09-17 13:39:52,260] {dag.py:2919} INFO - Setting next_dagrun for example_branch_python_operator_decorator to 2022-09-16T00:00:00+00:00, run_after=2022-09-17T00:00:00+00:00
[2022-09-17 13:39:52,270] {processor.py:161} INFO - Processing /home/airflow/.local/lib/python3.7/site-packages/airflow/example_dags/example_branch_operator_decorator.py took 0.247 seconds
[2022-09-17 13:40:24,668] {processor.py:153} INFO - Started process (PID=1045) to work on /home/airflow/.local/lib/python3.7/site-packages/airflow/example_dags/example_branch_operator_decorator.py
[2022-09-17 13:40:24,670] {processor.py:641} INFO - Processing file /home/airflow/.local/lib/python3.7/site-packages/airflow/example_dags/example_branch_operator_decorator.py for tasks to queue
[2022-09-17 13:40:24,671] {logging_mixin.py:115} INFO - [2022-09-17 13:40:24,671] {dagbag.py:507} INFO - Filling up the DagBag from /home/airflow/.local/lib/python3.7/site-packages/airflow/example_dags/example_branch_operator_decorator.py
[2022-09-17 13:40:24,834] {processor.py:651} INFO - DAG(s) dict_keys(['example_branch_python_operator_decorator']) retrieved from /home/airflow/.local/lib/python3.7/site-packages/airflow/example_dags/example_branch_operator_decorator.py
[2022-09-17 13:40:26,189] {logging_mixin.py:115} INFO - [2022-09-17 13:40:26,188] {dag.py:2371} INFO - Sync 1 DAGs
[2022-09-17 13:40:26,486] {logging_mixin.py:115} INFO - [2022-09-17 13:40:26,486] {dag.py:2919} INFO - Setting next_dagrun for example_branch_python_operator_decorator to 2022-09-16T00:00:00+00:00, run_after=2022-09-17T00:00:00+00:00
[2022-09-17 13:40:26,579] {processor.py:161} INFO - Processing /home/airflow/.local/lib/python3.7/site-packages/airflow/example_dags/example_branch_operator_decorator.py took 1.924 seconds
[2022-09-17 13:41:03,775] {processor.py:153} INFO - Started process (PID=1089) to work on /home/airflow/.local/lib/python3.7/site-packages/airflow/example_dags/example_branch_operator_decorator.py
[2022-09-17 13:41:03,777] {processor.py:641} INFO - Processing file /home/airflow/.local/lib/python3.7/site-packages/airflow/example_dags/example_branch_operator_decorator.py for tasks to queue
[2022-09-17 13:41:03,778] {logging_mixin.py:115} INFO - [2022-09-17 13:41:03,778] {dagbag.py:507} INFO - Filling up the DagBag from /home/airflow/.local/lib/python3.7/site-packages/airflow/example_dags/example_branch_operator_decorator.py
[2022-09-17 13:41:04,219] {processor.py:651} INFO - DAG(s) dict_keys(['example_branch_python_operator_decorator']) retrieved from /home/airflow/.local/lib/python3.7/site-packages/airflow/example_dags/example_branch_operator_decorator.py
[2022-09-17 13:41:09,058] {logging_mixin.py:115} INFO - [2022-09-17 13:41:09,035] {dag.py:2371} INFO - Sync 1 DAGs
[2022-09-17 13:41:10,635] {logging_mixin.py:115} INFO - [2022-09-17 13:41:10,586] {dag.py:2919} INFO - Setting next_dagrun for example_branch_python_operator_decorator to 2022-09-16T00:00:00+00:00, run_after=2022-09-17T00:00:00+00:00
[2022-09-17 13:41:11,215] {processor.py:161} INFO - Processing /home/airflow/.local/lib/python3.7/site-packages/airflow/example_dags/example_branch_operator_decorator.py took 7.497 seconds
[2022-09-17 13:45:26,841] {processor.py:153} INFO - Started process (PID=47) to work on /home/airflow/.local/lib/python3.7/site-packages/airflow/example_dags/example_branch_operator_decorator.py
[2022-09-17 13:45:26,880] {processor.py:641} INFO - Processing file /home/airflow/.local/lib/python3.7/site-packages/airflow/example_dags/example_branch_operator_decorator.py for tasks to queue
[2022-09-17 13:45:26,887] {logging_mixin.py:115} INFO - [2022-09-17 13:45:26,887] {dagbag.py:507} INFO - Filling up the DagBag from /home/airflow/.local/lib/python3.7/site-packages/airflow/example_dags/example_branch_operator_decorator.py
[2022-09-17 13:45:27,130] {processor.py:651} INFO - DAG(s) dict_keys(['example_branch_python_operator_decorator']) retrieved from /home/airflow/.local/lib/python3.7/site-packages/airflow/example_dags/example_branch_operator_decorator.py
[2022-09-17 13:45:27,404] {logging_mixin.py:115} INFO - [2022-09-17 13:45:27,404] {dag.py:2371} INFO - Sync 1 DAGs
[2022-09-17 13:45:27,866] {logging_mixin.py:115} INFO - [2022-09-17 13:45:27,866] {dag.py:2919} INFO - Setting next_dagrun for example_branch_python_operator_decorator to 2022-09-16T00:00:00+00:00, run_after=2022-09-17T00:00:00+00:00
[2022-09-17 13:45:28,110] {processor.py:161} INFO - Processing /home/airflow/.local/lib/python3.7/site-packages/airflow/example_dags/example_branch_operator_decorator.py took 1.434 seconds
[2022-09-17 13:45:58,374] {processor.py:153} INFO - Started process (PID=93) to work on /home/airflow/.local/lib/python3.7/site-packages/airflow/example_dags/example_branch_operator_decorator.py
[2022-09-17 13:45:58,381] {processor.py:641} INFO - Processing file /home/airflow/.local/lib/python3.7/site-packages/airflow/example_dags/example_branch_operator_decorator.py for tasks to queue
[2022-09-17 13:45:58,382] {logging_mixin.py:115} INFO - [2022-09-17 13:45:58,382] {dagbag.py:507} INFO - Filling up the DagBag from /home/airflow/.local/lib/python3.7/site-packages/airflow/example_dags/example_branch_operator_decorator.py
[2022-09-17 13:45:58,435] {processor.py:651} INFO - DAG(s) dict_keys(['example_branch_python_operator_decorator']) retrieved from /home/airflow/.local/lib/python3.7/site-packages/airflow/example_dags/example_branch_operator_decorator.py
[2022-09-17 13:45:58,520] {logging_mixin.py:115} INFO - [2022-09-17 13:45:58,519] {dag.py:2371} INFO - Sync 1 DAGs
[2022-09-17 13:45:58,572] {logging_mixin.py:115} INFO - [2022-09-17 13:45:58,572] {dag.py:2919} INFO - Setting next_dagrun for example_branch_python_operator_decorator to 2022-09-16T00:00:00+00:00, run_after=2022-09-17T00:00:00+00:00
[2022-09-17 13:45:58,597] {processor.py:161} INFO - Processing /home/airflow/.local/lib/python3.7/site-packages/airflow/example_dags/example_branch_operator_decorator.py took 0.237 seconds
[2022-09-17 13:46:29,107] {processor.py:153} INFO - Started process (PID=147) to work on /home/airflow/.local/lib/python3.7/site-packages/airflow/example_dags/example_branch_operator_decorator.py
[2022-09-17 13:46:29,108] {processor.py:641} INFO - Processing file /home/airflow/.local/lib/python3.7/site-packages/airflow/example_dags/example_branch_operator_decorator.py for tasks to queue
[2022-09-17 13:46:29,109] {logging_mixin.py:115} INFO - [2022-09-17 13:46:29,109] {dagbag.py:507} INFO - Filling up the DagBag from /home/airflow/.local/lib/python3.7/site-packages/airflow/example_dags/example_branch_operator_decorator.py
[2022-09-17 13:46:29,171] {processor.py:651} INFO - DAG(s) dict_keys(['example_branch_python_operator_decorator']) retrieved from /home/airflow/.local/lib/python3.7/site-packages/airflow/example_dags/example_branch_operator_decorator.py
[2022-09-17 13:46:29,352] {logging_mixin.py:115} INFO - [2022-09-17 13:46:29,352] {dag.py:2371} INFO - Sync 1 DAGs
[2022-09-17 13:46:29,477] {logging_mixin.py:115} INFO - [2022-09-17 13:46:29,477] {dag.py:2919} INFO - Setting next_dagrun for example_branch_python_operator_decorator to 2022-09-16T00:00:00+00:00, run_after=2022-09-17T00:00:00+00:00
[2022-09-17 13:46:29,526] {processor.py:161} INFO - Processing /home/airflow/.local/lib/python3.7/site-packages/airflow/example_dags/example_branch_operator_decorator.py took 0.436 seconds
[2022-09-17 13:47:00,351] {processor.py:153} INFO - Started process (PID=201) to work on /home/airflow/.local/lib/python3.7/site-packages/airflow/example_dags/example_branch_operator_decorator.py
[2022-09-17 13:47:00,354] {processor.py:641} INFO - Processing file /home/airflow/.local/lib/python3.7/site-packages/airflow/example_dags/example_branch_operator_decorator.py for tasks to queue
[2022-09-17 13:47:00,356] {logging_mixin.py:115} INFO - [2022-09-17 13:47:00,356] {dagbag.py:507} INFO - Filling up the DagBag from /home/airflow/.local/lib/python3.7/site-packages/airflow/example_dags/example_branch_operator_decorator.py
[2022-09-17 13:47:00,415] {processor.py:651} INFO - DAG(s) dict_keys(['example_branch_python_operator_decorator']) retrieved from /home/airflow/.local/lib/python3.7/site-packages/airflow/example_dags/example_branch_operator_decorator.py
[2022-09-17 13:47:00,578] {logging_mixin.py:115} INFO - [2022-09-17 13:47:00,578] {dag.py:2371} INFO - Sync 1 DAGs
[2022-09-17 13:47:00,684] {logging_mixin.py:115} INFO - [2022-09-17 13:47:00,684] {dag.py:2919} INFO - Setting next_dagrun for example_branch_python_operator_decorator to 2022-09-16T00:00:00+00:00, run_after=2022-09-17T00:00:00+00:00
[2022-09-17 13:47:00,718] {processor.py:161} INFO - Processing /home/airflow/.local/lib/python3.7/site-packages/airflow/example_dags/example_branch_operator_decorator.py took 0.385 seconds
[2022-09-17 13:47:30,833] {processor.py:153} INFO - Started process (PID=255) to work on /home/airflow/.local/lib/python3.7/site-packages/airflow/example_dags/example_branch_operator_decorator.py
[2022-09-17 13:47:30,834] {processor.py:641} INFO - Processing file /home/airflow/.local/lib/python3.7/site-packages/airflow/example_dags/example_branch_operator_decorator.py for tasks to queue
[2022-09-17 13:47:30,835] {logging_mixin.py:115} INFO - [2022-09-17 13:47:30,835] {dagbag.py:507} INFO - Filling up the DagBag from /home/airflow/.local/lib/python3.7/site-packages/airflow/example_dags/example_branch_operator_decorator.py
[2022-09-17 13:47:30,852] {processor.py:651} INFO - DAG(s) dict_keys(['example_branch_python_operator_decorator']) retrieved from /home/airflow/.local/lib/python3.7/site-packages/airflow/example_dags/example_branch_operator_decorator.py
[2022-09-17 13:47:30,880] {logging_mixin.py:115} INFO - [2022-09-17 13:47:30,880] {dag.py:2371} INFO - Sync 1 DAGs
[2022-09-17 13:47:30,905] {logging_mixin.py:115} INFO - [2022-09-17 13:47:30,905] {dag.py:2919} INFO - Setting next_dagrun for example_branch_python_operator_decorator to 2022-09-16T00:00:00+00:00, run_after=2022-09-17T00:00:00+00:00
[2022-09-17 13:47:30,918] {processor.py:161} INFO - Processing /home/airflow/.local/lib/python3.7/site-packages/airflow/example_dags/example_branch_operator_decorator.py took 0.088 seconds
[2022-09-17 13:48:01,246] {processor.py:153} INFO - Started process (PID=309) to work on /home/airflow/.local/lib/python3.7/site-packages/airflow/example_dags/example_branch_operator_decorator.py
[2022-09-17 13:48:01,247] {processor.py:641} INFO - Processing file /home/airflow/.local/lib/python3.7/site-packages/airflow/example_dags/example_branch_operator_decorator.py for tasks to queue
[2022-09-17 13:48:01,247] {logging_mixin.py:115} INFO - [2022-09-17 13:48:01,247] {dagbag.py:507} INFO - Filling up the DagBag from /home/airflow/.local/lib/python3.7/site-packages/airflow/example_dags/example_branch_operator_decorator.py
[2022-09-17 13:48:01,290] {processor.py:651} INFO - DAG(s) dict_keys(['example_branch_python_operator_decorator']) retrieved from /home/airflow/.local/lib/python3.7/site-packages/airflow/example_dags/example_branch_operator_decorator.py
[2022-09-17 13:48:01,333] {logging_mixin.py:115} INFO - [2022-09-17 13:48:01,333] {dag.py:2371} INFO - Sync 1 DAGs
[2022-09-17 13:48:01,387] {logging_mixin.py:115} INFO - [2022-09-17 13:48:01,387] {dag.py:2919} INFO - Setting next_dagrun for example_branch_python_operator_decorator to 2022-09-16T00:00:00+00:00, run_after=2022-09-17T00:00:00+00:00
[2022-09-17 13:48:01,410] {processor.py:161} INFO - Processing /home/airflow/.local/lib/python3.7/site-packages/airflow/example_dags/example_branch_operator_decorator.py took 0.168 seconds
[2022-09-17 13:48:31,503] {processor.py:153} INFO - Started process (PID=369) to work on /home/airflow/.local/lib/python3.7/site-packages/airflow/example_dags/example_branch_operator_decorator.py
[2022-09-17 13:48:31,504] {processor.py:641} INFO - Processing file /home/airflow/.local/lib/python3.7/site-packages/airflow/example_dags/example_branch_operator_decorator.py for tasks to queue
[2022-09-17 13:48:31,504] {logging_mixin.py:115} INFO - [2022-09-17 13:48:31,504] {dagbag.py:507} INFO - Filling up the DagBag from /home/airflow/.local/lib/python3.7/site-packages/airflow/example_dags/example_branch_operator_decorator.py
[2022-09-17 13:48:31,532] {processor.py:651} INFO - DAG(s) dict_keys(['example_branch_python_operator_decorator']) retrieved from /home/airflow/.local/lib/python3.7/site-packages/airflow/example_dags/example_branch_operator_decorator.py
[2022-09-17 13:48:31,561] {logging_mixin.py:115} INFO - [2022-09-17 13:48:31,561] {dag.py:2371} INFO - Sync 1 DAGs
[2022-09-17 13:48:31,584] {logging_mixin.py:115} INFO - [2022-09-17 13:48:31,584] {dag.py:2919} INFO - Setting next_dagrun for example_branch_python_operator_decorator to 2022-09-16T00:00:00+00:00, run_after=2022-09-17T00:00:00+00:00
[2022-09-17 13:48:31,596] {processor.py:161} INFO - Processing /home/airflow/.local/lib/python3.7/site-packages/airflow/example_dags/example_branch_operator_decorator.py took 0.097 seconds
[2022-09-17 13:49:01,622] {processor.py:153} INFO - Started process (PID=423) to work on /home/airflow/.local/lib/python3.7/site-packages/airflow/example_dags/example_branch_operator_decorator.py
[2022-09-17 13:49:01,623] {processor.py:641} INFO - Processing file /home/airflow/.local/lib/python3.7/site-packages/airflow/example_dags/example_branch_operator_decorator.py for tasks to queue
[2022-09-17 13:49:01,623] {logging_mixin.py:115} INFO - [2022-09-17 13:49:01,623] {dagbag.py:507} INFO - Filling up the DagBag from /home/airflow/.local/lib/python3.7/site-packages/airflow/example_dags/example_branch_operator_decorator.py
[2022-09-17 13:49:01,642] {processor.py:651} INFO - DAG(s) dict_keys(['example_branch_python_operator_decorator']) retrieved from /home/airflow/.local/lib/python3.7/site-packages/airflow/example_dags/example_branch_operator_decorator.py
[2022-09-17 13:49:01,668] {logging_mixin.py:115} INFO - [2022-09-17 13:49:01,667] {dag.py:2371} INFO - Sync 1 DAGs
[2022-09-17 13:49:01,691] {logging_mixin.py:115} INFO - [2022-09-17 13:49:01,690] {dag.py:2919} INFO - Setting next_dagrun for example_branch_python_operator_decorator to 2022-09-16T00:00:00+00:00, run_after=2022-09-17T00:00:00+00:00
[2022-09-17 13:49:01,704] {processor.py:161} INFO - Processing /home/airflow/.local/lib/python3.7/site-packages/airflow/example_dags/example_branch_operator_decorator.py took 0.087 seconds
[2022-09-17 13:49:31,954] {processor.py:153} INFO - Started process (PID=486) to work on /home/airflow/.local/lib/python3.7/site-packages/airflow/example_dags/example_branch_operator_decorator.py
[2022-09-17 13:49:31,955] {processor.py:641} INFO - Processing file /home/airflow/.local/lib/python3.7/site-packages/airflow/example_dags/example_branch_operator_decorator.py for tasks to queue
[2022-09-17 13:49:31,955] {logging_mixin.py:115} INFO - [2022-09-17 13:49:31,955] {dagbag.py:507} INFO - Filling up the DagBag from /home/airflow/.local/lib/python3.7/site-packages/airflow/example_dags/example_branch_operator_decorator.py
[2022-09-17 13:49:31,975] {processor.py:651} INFO - DAG(s) dict_keys(['example_branch_python_operator_decorator']) retrieved from /home/airflow/.local/lib/python3.7/site-packages/airflow/example_dags/example_branch_operator_decorator.py
[2022-09-17 13:49:32,013] {logging_mixin.py:115} INFO - [2022-09-17 13:49:32,013] {dag.py:2371} INFO - Sync 1 DAGs
[2022-09-17 13:49:32,038] {logging_mixin.py:115} INFO - [2022-09-17 13:49:32,038] {dag.py:2919} INFO - Setting next_dagrun for example_branch_python_operator_decorator to 2022-09-16T00:00:00+00:00, run_after=2022-09-17T00:00:00+00:00
[2022-09-17 13:49:32,053] {processor.py:161} INFO - Processing /home/airflow/.local/lib/python3.7/site-packages/airflow/example_dags/example_branch_operator_decorator.py took 0.102 seconds
[2022-09-17 13:50:02,769] {processor.py:153} INFO - Started process (PID=550) to work on /home/airflow/.local/lib/python3.7/site-packages/airflow/example_dags/example_branch_operator_decorator.py
[2022-09-17 13:50:02,770] {processor.py:641} INFO - Processing file /home/airflow/.local/lib/python3.7/site-packages/airflow/example_dags/example_branch_operator_decorator.py for tasks to queue
[2022-09-17 13:50:02,771] {logging_mixin.py:115} INFO - [2022-09-17 13:50:02,770] {dagbag.py:507} INFO - Filling up the DagBag from /home/airflow/.local/lib/python3.7/site-packages/airflow/example_dags/example_branch_operator_decorator.py
[2022-09-17 13:50:02,790] {processor.py:651} INFO - DAG(s) dict_keys(['example_branch_python_operator_decorator']) retrieved from /home/airflow/.local/lib/python3.7/site-packages/airflow/example_dags/example_branch_operator_decorator.py
[2022-09-17 13:50:02,820] {logging_mixin.py:115} INFO - [2022-09-17 13:50:02,820] {dag.py:2371} INFO - Sync 1 DAGs
[2022-09-17 13:50:02,845] {logging_mixin.py:115} INFO - [2022-09-17 13:50:02,845] {dag.py:2919} INFO - Setting next_dagrun for example_branch_python_operator_decorator to 2022-09-16T00:00:00+00:00, run_after=2022-09-17T00:00:00+00:00
[2022-09-17 13:50:02,857] {processor.py:161} INFO - Processing /home/airflow/.local/lib/python3.7/site-packages/airflow/example_dags/example_branch_operator_decorator.py took 0.091 seconds
[2022-09-17 13:50:33,223] {processor.py:153} INFO - Started process (PID=605) to work on /home/airflow/.local/lib/python3.7/site-packages/airflow/example_dags/example_branch_operator_decorator.py
[2022-09-17 13:50:33,224] {processor.py:641} INFO - Processing file /home/airflow/.local/lib/python3.7/site-packages/airflow/example_dags/example_branch_operator_decorator.py for tasks to queue
[2022-09-17 13:50:33,224] {logging_mixin.py:115} INFO - [2022-09-17 13:50:33,224] {dagbag.py:507} INFO - Filling up the DagBag from /home/airflow/.local/lib/python3.7/site-packages/airflow/example_dags/example_branch_operator_decorator.py
[2022-09-17 13:50:33,272] {processor.py:651} INFO - DAG(s) dict_keys(['example_branch_python_operator_decorator']) retrieved from /home/airflow/.local/lib/python3.7/site-packages/airflow/example_dags/example_branch_operator_decorator.py
[2022-09-17 13:50:33,318] {logging_mixin.py:115} INFO - [2022-09-17 13:50:33,318] {dag.py:2371} INFO - Sync 1 DAGs
[2022-09-17 13:50:33,352] {logging_mixin.py:115} INFO - [2022-09-17 13:50:33,352] {dag.py:2919} INFO - Setting next_dagrun for example_branch_python_operator_decorator to 2022-09-16T00:00:00+00:00, run_after=2022-09-17T00:00:00+00:00
[2022-09-17 13:50:33,366] {processor.py:161} INFO - Processing /home/airflow/.local/lib/python3.7/site-packages/airflow/example_dags/example_branch_operator_decorator.py took 0.148 seconds
[2022-09-17 13:51:03,577] {processor.py:153} INFO - Started process (PID=668) to work on /home/airflow/.local/lib/python3.7/site-packages/airflow/example_dags/example_branch_operator_decorator.py
[2022-09-17 13:51:03,578] {processor.py:641} INFO - Processing file /home/airflow/.local/lib/python3.7/site-packages/airflow/example_dags/example_branch_operator_decorator.py for tasks to queue
[2022-09-17 13:51:03,578] {logging_mixin.py:115} INFO - [2022-09-17 13:51:03,578] {dagbag.py:507} INFO - Filling up the DagBag from /home/airflow/.local/lib/python3.7/site-packages/airflow/example_dags/example_branch_operator_decorator.py
[2022-09-17 13:51:03,599] {processor.py:651} INFO - DAG(s) dict_keys(['example_branch_python_operator_decorator']) retrieved from /home/airflow/.local/lib/python3.7/site-packages/airflow/example_dags/example_branch_operator_decorator.py
[2022-09-17 13:51:03,631] {logging_mixin.py:115} INFO - [2022-09-17 13:51:03,631] {dag.py:2371} INFO - Sync 1 DAGs
[2022-09-17 13:51:03,657] {logging_mixin.py:115} INFO - [2022-09-17 13:51:03,657] {dag.py:2919} INFO - Setting next_dagrun for example_branch_python_operator_decorator to 2022-09-16T00:00:00+00:00, run_after=2022-09-17T00:00:00+00:00
[2022-09-17 13:51:03,669] {processor.py:161} INFO - Processing /home/airflow/.local/lib/python3.7/site-packages/airflow/example_dags/example_branch_operator_decorator.py took 0.096 seconds
[2022-09-17 13:51:33,696] {processor.py:153} INFO - Started process (PID=722) to work on /home/airflow/.local/lib/python3.7/site-packages/airflow/example_dags/example_branch_operator_decorator.py
[2022-09-17 13:51:33,696] {processor.py:641} INFO - Processing file /home/airflow/.local/lib/python3.7/site-packages/airflow/example_dags/example_branch_operator_decorator.py for tasks to queue
[2022-09-17 13:51:33,697] {logging_mixin.py:115} INFO - [2022-09-17 13:51:33,697] {dagbag.py:507} INFO - Filling up the DagBag from /home/airflow/.local/lib/python3.7/site-packages/airflow/example_dags/example_branch_operator_decorator.py
[2022-09-17 13:51:33,718] {processor.py:651} INFO - DAG(s) dict_keys(['example_branch_python_operator_decorator']) retrieved from /home/airflow/.local/lib/python3.7/site-packages/airflow/example_dags/example_branch_operator_decorator.py
[2022-09-17 13:51:33,752] {logging_mixin.py:115} INFO - [2022-09-17 13:51:33,752] {dag.py:2371} INFO - Sync 1 DAGs
[2022-09-17 13:51:33,783] {logging_mixin.py:115} INFO - [2022-09-17 13:51:33,782] {dag.py:2919} INFO - Setting next_dagrun for example_branch_python_operator_decorator to 2022-09-16T00:00:00+00:00, run_after=2022-09-17T00:00:00+00:00
[2022-09-17 13:51:33,796] {processor.py:161} INFO - Processing /home/airflow/.local/lib/python3.7/site-packages/airflow/example_dags/example_branch_operator_decorator.py took 0.104 seconds
[2022-09-17 13:52:03,911] {processor.py:153} INFO - Started process (PID=785) to work on /home/airflow/.local/lib/python3.7/site-packages/airflow/example_dags/example_branch_operator_decorator.py
[2022-09-17 13:52:03,911] {processor.py:641} INFO - Processing file /home/airflow/.local/lib/python3.7/site-packages/airflow/example_dags/example_branch_operator_decorator.py for tasks to queue
[2022-09-17 13:52:03,912] {logging_mixin.py:115} INFO - [2022-09-17 13:52:03,912] {dagbag.py:507} INFO - Filling up the DagBag from /home/airflow/.local/lib/python3.7/site-packages/airflow/example_dags/example_branch_operator_decorator.py
[2022-09-17 13:52:03,930] {processor.py:651} INFO - DAG(s) dict_keys(['example_branch_python_operator_decorator']) retrieved from /home/airflow/.local/lib/python3.7/site-packages/airflow/example_dags/example_branch_operator_decorator.py
[2022-09-17 13:52:03,962] {logging_mixin.py:115} INFO - [2022-09-17 13:52:03,962] {dag.py:2371} INFO - Sync 1 DAGs
[2022-09-17 13:52:03,985] {logging_mixin.py:115} INFO - [2022-09-17 13:52:03,985] {dag.py:2919} INFO - Setting next_dagrun for example_branch_python_operator_decorator to 2022-09-16T00:00:00+00:00, run_after=2022-09-17T00:00:00+00:00
[2022-09-17 13:52:03,997] {processor.py:161} INFO - Processing /home/airflow/.local/lib/python3.7/site-packages/airflow/example_dags/example_branch_operator_decorator.py took 0.090 seconds
[2022-09-17 13:52:34,362] {processor.py:153} INFO - Started process (PID=848) to work on /home/airflow/.local/lib/python3.7/site-packages/airflow/example_dags/example_branch_operator_decorator.py
[2022-09-17 13:52:34,363] {processor.py:641} INFO - Processing file /home/airflow/.local/lib/python3.7/site-packages/airflow/example_dags/example_branch_operator_decorator.py for tasks to queue
[2022-09-17 13:52:34,363] {logging_mixin.py:115} INFO - [2022-09-17 13:52:34,363] {dagbag.py:507} INFO - Filling up the DagBag from /home/airflow/.local/lib/python3.7/site-packages/airflow/example_dags/example_branch_operator_decorator.py
[2022-09-17 13:52:34,383] {processor.py:651} INFO - DAG(s) dict_keys(['example_branch_python_operator_decorator']) retrieved from /home/airflow/.local/lib/python3.7/site-packages/airflow/example_dags/example_branch_operator_decorator.py
[2022-09-17 13:52:34,413] {logging_mixin.py:115} INFO - [2022-09-17 13:52:34,413] {dag.py:2371} INFO - Sync 1 DAGs
[2022-09-17 13:52:34,438] {logging_mixin.py:115} INFO - [2022-09-17 13:52:34,437] {dag.py:2919} INFO - Setting next_dagrun for example_branch_python_operator_decorator to 2022-09-16T00:00:00+00:00, run_after=2022-09-17T00:00:00+00:00
[2022-09-17 13:52:34,449] {processor.py:161} INFO - Processing /home/airflow/.local/lib/python3.7/site-packages/airflow/example_dags/example_branch_operator_decorator.py took 0.091 seconds
[2022-09-17 13:53:04,605] {processor.py:153} INFO - Started process (PID=902) to work on /home/airflow/.local/lib/python3.7/site-packages/airflow/example_dags/example_branch_operator_decorator.py
[2022-09-17 13:53:04,606] {processor.py:641} INFO - Processing file /home/airflow/.local/lib/python3.7/site-packages/airflow/example_dags/example_branch_operator_decorator.py for tasks to queue
[2022-09-17 13:53:04,606] {logging_mixin.py:115} INFO - [2022-09-17 13:53:04,606] {dagbag.py:507} INFO - Filling up the DagBag from /home/airflow/.local/lib/python3.7/site-packages/airflow/example_dags/example_branch_operator_decorator.py
[2022-09-17 13:53:04,635] {processor.py:651} INFO - DAG(s) dict_keys(['example_branch_python_operator_decorator']) retrieved from /home/airflow/.local/lib/python3.7/site-packages/airflow/example_dags/example_branch_operator_decorator.py
[2022-09-17 13:53:04,673] {logging_mixin.py:115} INFO - [2022-09-17 13:53:04,673] {dag.py:2371} INFO - Sync 1 DAGs
[2022-09-17 13:53:04,700] {logging_mixin.py:115} INFO - [2022-09-17 13:53:04,700] {dag.py:2919} INFO - Setting next_dagrun for example_branch_python_operator_decorator to 2022-09-16T00:00:00+00:00, run_after=2022-09-17T00:00:00+00:00
[2022-09-17 13:53:04,715] {processor.py:161} INFO - Processing /home/airflow/.local/lib/python3.7/site-packages/airflow/example_dags/example_branch_operator_decorator.py took 0.113 seconds
[2022-09-17 13:53:35,136] {processor.py:153} INFO - Started process (PID=956) to work on /home/airflow/.local/lib/python3.7/site-packages/airflow/example_dags/example_branch_operator_decorator.py
[2022-09-17 13:53:35,139] {processor.py:641} INFO - Processing file /home/airflow/.local/lib/python3.7/site-packages/airflow/example_dags/example_branch_operator_decorator.py for tasks to queue
[2022-09-17 13:53:35,139] {logging_mixin.py:115} INFO - [2022-09-17 13:53:35,139] {dagbag.py:507} INFO - Filling up the DagBag from /home/airflow/.local/lib/python3.7/site-packages/airflow/example_dags/example_branch_operator_decorator.py
[2022-09-17 13:53:35,192] {processor.py:651} INFO - DAG(s) dict_keys(['example_branch_python_operator_decorator']) retrieved from /home/airflow/.local/lib/python3.7/site-packages/airflow/example_dags/example_branch_operator_decorator.py
[2022-09-17 13:53:35,258] {logging_mixin.py:115} INFO - [2022-09-17 13:53:35,258] {dag.py:2371} INFO - Sync 1 DAGs
[2022-09-17 13:53:35,375] {logging_mixin.py:115} INFO - [2022-09-17 13:53:35,375] {dag.py:2919} INFO - Setting next_dagrun for example_branch_python_operator_decorator to 2022-09-16T00:00:00+00:00, run_after=2022-09-17T00:00:00+00:00
[2022-09-17 13:53:35,436] {processor.py:161} INFO - Processing /home/airflow/.local/lib/python3.7/site-packages/airflow/example_dags/example_branch_operator_decorator.py took 0.304 seconds
[2022-09-17 13:54:05,498] {processor.py:153} INFO - Started process (PID=1019) to work on /home/airflow/.local/lib/python3.7/site-packages/airflow/example_dags/example_branch_operator_decorator.py
[2022-09-17 13:54:05,500] {processor.py:641} INFO - Processing file /home/airflow/.local/lib/python3.7/site-packages/airflow/example_dags/example_branch_operator_decorator.py for tasks to queue
[2022-09-17 13:54:05,501] {logging_mixin.py:115} INFO - [2022-09-17 13:54:05,501] {dagbag.py:507} INFO - Filling up the DagBag from /home/airflow/.local/lib/python3.7/site-packages/airflow/example_dags/example_branch_operator_decorator.py
[2022-09-17 13:54:05,522] {processor.py:651} INFO - DAG(s) dict_keys(['example_branch_python_operator_decorator']) retrieved from /home/airflow/.local/lib/python3.7/site-packages/airflow/example_dags/example_branch_operator_decorator.py
[2022-09-17 13:54:05,559] {logging_mixin.py:115} INFO - [2022-09-17 13:54:05,559] {dag.py:2371} INFO - Sync 1 DAGs
[2022-09-17 13:54:05,585] {logging_mixin.py:115} INFO - [2022-09-17 13:54:05,585] {dag.py:2919} INFO - Setting next_dagrun for example_branch_python_operator_decorator to 2022-09-16T00:00:00+00:00, run_after=2022-09-17T00:00:00+00:00
[2022-09-17 13:54:05,598] {processor.py:161} INFO - Processing /home/airflow/.local/lib/python3.7/site-packages/airflow/example_dags/example_branch_operator_decorator.py took 0.106 seconds
[2022-09-17 13:54:35,677] {processor.py:153} INFO - Started process (PID=1072) to work on /home/airflow/.local/lib/python3.7/site-packages/airflow/example_dags/example_branch_operator_decorator.py
[2022-09-17 13:54:35,677] {processor.py:641} INFO - Processing file /home/airflow/.local/lib/python3.7/site-packages/airflow/example_dags/example_branch_operator_decorator.py for tasks to queue
[2022-09-17 13:54:35,678] {logging_mixin.py:115} INFO - [2022-09-17 13:54:35,678] {dagbag.py:507} INFO - Filling up the DagBag from /home/airflow/.local/lib/python3.7/site-packages/airflow/example_dags/example_branch_operator_decorator.py
[2022-09-17 13:54:35,703] {processor.py:651} INFO - DAG(s) dict_keys(['example_branch_python_operator_decorator']) retrieved from /home/airflow/.local/lib/python3.7/site-packages/airflow/example_dags/example_branch_operator_decorator.py
[2022-09-17 13:54:35,730] {logging_mixin.py:115} INFO - [2022-09-17 13:54:35,730] {dag.py:2371} INFO - Sync 1 DAGs
[2022-09-17 13:54:35,769] {logging_mixin.py:115} INFO - [2022-09-17 13:54:35,769] {dag.py:2919} INFO - Setting next_dagrun for example_branch_python_operator_decorator to 2022-09-16T00:00:00+00:00, run_after=2022-09-17T00:00:00+00:00
[2022-09-17 13:54:35,798] {processor.py:161} INFO - Processing /home/airflow/.local/lib/python3.7/site-packages/airflow/example_dags/example_branch_operator_decorator.py took 0.125 seconds
