[2022-09-17 13:28:12,488] {processor.py:153} INFO - Started process (PID=64) to work on /home/airflow/.local/lib/python3.7/site-packages/airflow/example_dags/example_subdag_operator.py
[2022-09-17 13:28:12,489] {processor.py:641} INFO - Processing file /home/airflow/.local/lib/python3.7/site-packages/airflow/example_dags/example_subdag_operator.py for tasks to queue
[2022-09-17 13:28:12,490] {logging_mixin.py:115} INFO - [2022-09-17 13:28:12,490] {dagbag.py:507} INFO - Filling up the DagBag from /home/airflow/.local/lib/python3.7/site-packages/airflow/example_dags/example_subdag_operator.py
[2022-09-17 13:28:14,900] {processor.py:651} INFO - DAG(s) dict_keys(['example_subdag_operator.section-1', 'example_subdag_operator.section-2', 'example_subdag_operator']) retrieved from /home/airflow/.local/lib/python3.7/site-packages/airflow/example_dags/example_subdag_operator.py
[2022-09-17 13:28:20,587] {logging_mixin.py:115} INFO - [2022-09-17 13:28:20,587] {manager.py:508} INFO - Created Permission View: can delete on DAG:example_subdag_operator
[2022-09-17 13:28:20,843] {logging_mixin.py:115} INFO - [2022-09-17 13:28:20,843] {manager.py:508} INFO - Created Permission View: can edit on DAG:example_subdag_operator
[2022-09-17 13:28:20,865] {logging_mixin.py:115} INFO - [2022-09-17 13:28:20,863] {manager.py:508} INFO - Created Permission View: can read on DAG:example_subdag_operator
[2022-09-17 13:28:20,868] {logging_mixin.py:115} INFO - [2022-09-17 13:28:20,868] {dag.py:2371} INFO - Sync 3 DAGs
[2022-09-17 13:28:20,909] {logging_mixin.py:115} INFO - [2022-09-17 13:28:20,909] {dag.py:2390} INFO - Creating ORM DAG for example_subdag_operator
[2022-09-17 13:28:20,916] {logging_mixin.py:115} INFO - [2022-09-17 13:28:20,916] {dag.py:2390} INFO - Creating ORM DAG for example_subdag_operator.section-2
[2022-09-17 13:28:20,919] {logging_mixin.py:115} INFO - [2022-09-17 13:28:20,919] {dag.py:2390} INFO - Creating ORM DAG for example_subdag_operator.section-1
[2022-09-17 13:28:20,975] {logging_mixin.py:115} INFO - [2022-09-17 13:28:20,975] {dag.py:2919} INFO - Setting next_dagrun for example_subdag_operator to 2022-09-15T00:00:00+00:00, run_after=2022-09-15T00:00:00+00:00
[2022-09-17 13:28:20,976] {logging_mixin.py:115} INFO - [2022-09-17 13:28:20,976] {dag.py:2919} INFO - Setting next_dagrun for example_subdag_operator.section-1 to None, run_after=None
[2022-09-17 13:28:20,979] {logging_mixin.py:115} INFO - [2022-09-17 13:28:20,978] {dag.py:2919} INFO - Setting next_dagrun for example_subdag_operator.section-2 to None, run_after=None
[2022-09-17 13:28:21,180] {logging_mixin.py:115} INFO - [2022-09-17 13:28:21,180] {dag.py:2371} INFO - Sync 2 DAGs
[2022-09-17 13:28:21,185] {logging_mixin.py:115} INFO - [2022-09-17 13:28:21,185] {dag.py:2919} INFO - Setting next_dagrun for example_subdag_operator.section-1 to None, run_after=None
[2022-09-17 13:28:21,185] {logging_mixin.py:115} INFO - [2022-09-17 13:28:21,185] {dag.py:2919} INFO - Setting next_dagrun for example_subdag_operator.section-2 to None, run_after=None
[2022-09-17 13:28:21,292] {processor.py:161} INFO - Processing /home/airflow/.local/lib/python3.7/site-packages/airflow/example_dags/example_subdag_operator.py took 8.817 seconds
[2022-09-17 13:29:32,273] {processor.py:153} INFO - Started process (PID=103) to work on /home/airflow/.local/lib/python3.7/site-packages/airflow/example_dags/example_subdag_operator.py
[2022-09-17 13:29:32,274] {processor.py:641} INFO - Processing file /home/airflow/.local/lib/python3.7/site-packages/airflow/example_dags/example_subdag_operator.py for tasks to queue
[2022-09-17 13:29:32,275] {logging_mixin.py:115} INFO - [2022-09-17 13:29:32,275] {dagbag.py:507} INFO - Filling up the DagBag from /home/airflow/.local/lib/python3.7/site-packages/airflow/example_dags/example_subdag_operator.py
[2022-09-17 13:29:32,308] {processor.py:651} INFO - DAG(s) dict_keys(['example_subdag_operator.section-1', 'example_subdag_operator.section-2', 'example_subdag_operator']) retrieved from /home/airflow/.local/lib/python3.7/site-packages/airflow/example_dags/example_subdag_operator.py
[2022-09-17 13:29:32,346] {logging_mixin.py:115} INFO - [2022-09-17 13:29:32,346] {dag.py:2371} INFO - Sync 3 DAGs
[2022-09-17 13:29:32,373] {logging_mixin.py:115} INFO - [2022-09-17 13:29:32,373] {dag.py:2919} INFO - Setting next_dagrun for example_subdag_operator to 2022-09-15T00:00:00+00:00, run_after=2022-09-15T00:00:00+00:00
[2022-09-17 13:29:32,373] {logging_mixin.py:115} INFO - [2022-09-17 13:29:32,373] {dag.py:2919} INFO - Setting next_dagrun for example_subdag_operator.section-1 to None, run_after=None
[2022-09-17 13:29:32,373] {logging_mixin.py:115} INFO - [2022-09-17 13:29:32,373] {dag.py:2919} INFO - Setting next_dagrun for example_subdag_operator.section-2 to None, run_after=None
[2022-09-17 13:29:32,585] {logging_mixin.py:115} INFO - [2022-09-17 13:29:32,585] {dag.py:2371} INFO - Sync 2 DAGs
[2022-09-17 13:29:32,590] {logging_mixin.py:115} INFO - [2022-09-17 13:29:32,590] {dag.py:2919} INFO - Setting next_dagrun for example_subdag_operator.section-1 to None, run_after=None
[2022-09-17 13:29:32,590] {logging_mixin.py:115} INFO - [2022-09-17 13:29:32,590] {dag.py:2919} INFO - Setting next_dagrun for example_subdag_operator.section-2 to None, run_after=None
[2022-09-17 13:29:32,598] {processor.py:161} INFO - Processing /home/airflow/.local/lib/python3.7/site-packages/airflow/example_dags/example_subdag_operator.py took 0.329 seconds
[2022-09-17 13:30:05,008] {processor.py:153} INFO - Started process (PID=147) to work on /home/airflow/.local/lib/python3.7/site-packages/airflow/example_dags/example_subdag_operator.py
[2022-09-17 13:30:05,010] {processor.py:641} INFO - Processing file /home/airflow/.local/lib/python3.7/site-packages/airflow/example_dags/example_subdag_operator.py for tasks to queue
[2022-09-17 13:30:05,013] {logging_mixin.py:115} INFO - [2022-09-17 13:30:05,013] {dagbag.py:507} INFO - Filling up the DagBag from /home/airflow/.local/lib/python3.7/site-packages/airflow/example_dags/example_subdag_operator.py
[2022-09-17 13:30:05,076] {processor.py:651} INFO - DAG(s) dict_keys(['example_subdag_operator.section-1', 'example_subdag_operator.section-2', 'example_subdag_operator']) retrieved from /home/airflow/.local/lib/python3.7/site-packages/airflow/example_dags/example_subdag_operator.py
[2022-09-17 13:30:05,126] {logging_mixin.py:115} INFO - [2022-09-17 13:30:05,126] {dag.py:2371} INFO - Sync 3 DAGs
[2022-09-17 13:30:05,159] {logging_mixin.py:115} INFO - [2022-09-17 13:30:05,159] {dag.py:2919} INFO - Setting next_dagrun for example_subdag_operator to 2022-09-15T00:00:00+00:00, run_after=2022-09-15T00:00:00+00:00
[2022-09-17 13:30:05,159] {logging_mixin.py:115} INFO - [2022-09-17 13:30:05,159] {dag.py:2919} INFO - Setting next_dagrun for example_subdag_operator.section-1 to None, run_after=None
[2022-09-17 13:30:05,159] {logging_mixin.py:115} INFO - [2022-09-17 13:30:05,159] {dag.py:2919} INFO - Setting next_dagrun for example_subdag_operator.section-2 to None, run_after=None
[2022-09-17 13:30:05,316] {logging_mixin.py:115} INFO - [2022-09-17 13:30:05,316] {dag.py:2371} INFO - Sync 2 DAGs
[2022-09-17 13:30:05,324] {logging_mixin.py:115} INFO - [2022-09-17 13:30:05,324] {dag.py:2919} INFO - Setting next_dagrun for example_subdag_operator.section-1 to None, run_after=None
[2022-09-17 13:30:05,325] {logging_mixin.py:115} INFO - [2022-09-17 13:30:05,325] {dag.py:2919} INFO - Setting next_dagrun for example_subdag_operator.section-2 to None, run_after=None
[2022-09-17 13:30:05,331] {processor.py:161} INFO - Processing /home/airflow/.local/lib/python3.7/site-packages/airflow/example_dags/example_subdag_operator.py took 0.328 seconds
[2022-09-17 13:30:42,397] {processor.py:153} INFO - Started process (PID=208) to work on /home/airflow/.local/lib/python3.7/site-packages/airflow/example_dags/example_subdag_operator.py
[2022-09-17 13:30:42,398] {processor.py:641} INFO - Processing file /home/airflow/.local/lib/python3.7/site-packages/airflow/example_dags/example_subdag_operator.py for tasks to queue
[2022-09-17 13:30:42,399] {logging_mixin.py:115} INFO - [2022-09-17 13:30:42,399] {dagbag.py:507} INFO - Filling up the DagBag from /home/airflow/.local/lib/python3.7/site-packages/airflow/example_dags/example_subdag_operator.py
[2022-09-17 13:30:42,484] {processor.py:651} INFO - DAG(s) dict_keys(['example_subdag_operator.section-1', 'example_subdag_operator.section-2', 'example_subdag_operator']) retrieved from /home/airflow/.local/lib/python3.7/site-packages/airflow/example_dags/example_subdag_operator.py
[2022-09-17 13:30:42,561] {logging_mixin.py:115} INFO - [2022-09-17 13:30:42,561] {dag.py:2371} INFO - Sync 3 DAGs
[2022-09-17 13:30:42,611] {logging_mixin.py:115} INFO - [2022-09-17 13:30:42,611] {dag.py:2919} INFO - Setting next_dagrun for example_subdag_operator to 2022-09-15T00:00:00+00:00, run_after=2022-09-15T00:00:00+00:00
[2022-09-17 13:30:42,611] {logging_mixin.py:115} INFO - [2022-09-17 13:30:42,611] {dag.py:2919} INFO - Setting next_dagrun for example_subdag_operator.section-1 to None, run_after=None
[2022-09-17 13:30:42,611] {logging_mixin.py:115} INFO - [2022-09-17 13:30:42,611] {dag.py:2919} INFO - Setting next_dagrun for example_subdag_operator.section-2 to None, run_after=None
[2022-09-17 13:30:42,820] {logging_mixin.py:115} INFO - [2022-09-17 13:30:42,820] {dag.py:2371} INFO - Sync 2 DAGs
[2022-09-17 13:30:42,832] {logging_mixin.py:115} INFO - [2022-09-17 13:30:42,832] {dag.py:2919} INFO - Setting next_dagrun for example_subdag_operator.section-1 to None, run_after=None
[2022-09-17 13:30:42,833] {logging_mixin.py:115} INFO - [2022-09-17 13:30:42,833] {dag.py:2919} INFO - Setting next_dagrun for example_subdag_operator.section-2 to None, run_after=None
[2022-09-17 13:30:42,849] {processor.py:161} INFO - Processing /home/airflow/.local/lib/python3.7/site-packages/airflow/example_dags/example_subdag_operator.py took 0.459 seconds
[2022-09-17 13:31:13,263] {processor.py:153} INFO - Started process (PID=260) to work on /home/airflow/.local/lib/python3.7/site-packages/airflow/example_dags/example_subdag_operator.py
[2022-09-17 13:31:13,267] {processor.py:641} INFO - Processing file /home/airflow/.local/lib/python3.7/site-packages/airflow/example_dags/example_subdag_operator.py for tasks to queue
[2022-09-17 13:31:13,267] {logging_mixin.py:115} INFO - [2022-09-17 13:31:13,267] {dagbag.py:507} INFO - Filling up the DagBag from /home/airflow/.local/lib/python3.7/site-packages/airflow/example_dags/example_subdag_operator.py
[2022-09-17 13:31:13,356] {processor.py:651} INFO - DAG(s) dict_keys(['example_subdag_operator.section-1', 'example_subdag_operator.section-2', 'example_subdag_operator']) retrieved from /home/airflow/.local/lib/python3.7/site-packages/airflow/example_dags/example_subdag_operator.py
[2022-09-17 13:31:13,391] {logging_mixin.py:115} INFO - [2022-09-17 13:31:13,391] {dag.py:2371} INFO - Sync 3 DAGs
[2022-09-17 13:31:13,418] {logging_mixin.py:115} INFO - [2022-09-17 13:31:13,418] {dag.py:2919} INFO - Setting next_dagrun for example_subdag_operator to 2022-09-15T00:00:00+00:00, run_after=2022-09-15T00:00:00+00:00
[2022-09-17 13:31:13,418] {logging_mixin.py:115} INFO - [2022-09-17 13:31:13,418] {dag.py:2919} INFO - Setting next_dagrun for example_subdag_operator.section-1 to None, run_after=None
[2022-09-17 13:31:13,419] {logging_mixin.py:115} INFO - [2022-09-17 13:31:13,419] {dag.py:2919} INFO - Setting next_dagrun for example_subdag_operator.section-2 to None, run_after=None
[2022-09-17 13:31:13,601] {logging_mixin.py:115} INFO - [2022-09-17 13:31:13,600] {dag.py:2371} INFO - Sync 2 DAGs
[2022-09-17 13:31:13,605] {logging_mixin.py:115} INFO - [2022-09-17 13:31:13,605] {dag.py:2919} INFO - Setting next_dagrun for example_subdag_operator.section-1 to None, run_after=None
[2022-09-17 13:31:13,606] {logging_mixin.py:115} INFO - [2022-09-17 13:31:13,606] {dag.py:2919} INFO - Setting next_dagrun for example_subdag_operator.section-2 to None, run_after=None
[2022-09-17 13:31:13,611] {processor.py:161} INFO - Processing /home/airflow/.local/lib/python3.7/site-packages/airflow/example_dags/example_subdag_operator.py took 0.359 seconds
[2022-09-17 13:31:43,809] {processor.py:153} INFO - Started process (PID=312) to work on /home/airflow/.local/lib/python3.7/site-packages/airflow/example_dags/example_subdag_operator.py
[2022-09-17 13:31:43,809] {processor.py:641} INFO - Processing file /home/airflow/.local/lib/python3.7/site-packages/airflow/example_dags/example_subdag_operator.py for tasks to queue
[2022-09-17 13:31:43,810] {logging_mixin.py:115} INFO - [2022-09-17 13:31:43,810] {dagbag.py:507} INFO - Filling up the DagBag from /home/airflow/.local/lib/python3.7/site-packages/airflow/example_dags/example_subdag_operator.py
[2022-09-17 13:31:43,887] {processor.py:651} INFO - DAG(s) dict_keys(['example_subdag_operator.section-1', 'example_subdag_operator.section-2', 'example_subdag_operator']) retrieved from /home/airflow/.local/lib/python3.7/site-packages/airflow/example_dags/example_subdag_operator.py
[2022-09-17 13:31:43,952] {logging_mixin.py:115} INFO - [2022-09-17 13:31:43,952] {dag.py:2371} INFO - Sync 3 DAGs
[2022-09-17 13:31:44,007] {logging_mixin.py:115} INFO - [2022-09-17 13:31:44,007] {dag.py:2919} INFO - Setting next_dagrun for example_subdag_operator to 2022-09-15T00:00:00+00:00, run_after=2022-09-15T00:00:00+00:00
[2022-09-17 13:31:44,007] {logging_mixin.py:115} INFO - [2022-09-17 13:31:44,007] {dag.py:2919} INFO - Setting next_dagrun for example_subdag_operator.section-1 to None, run_after=None
[2022-09-17 13:31:44,007] {logging_mixin.py:115} INFO - [2022-09-17 13:31:44,007] {dag.py:2919} INFO - Setting next_dagrun for example_subdag_operator.section-2 to None, run_after=None
[2022-09-17 13:31:44,514] {logging_mixin.py:115} INFO - [2022-09-17 13:31:44,514] {dag.py:2371} INFO - Sync 2 DAGs
[2022-09-17 13:31:44,558] {logging_mixin.py:115} INFO - [2022-09-17 13:31:44,558] {dag.py:2919} INFO - Setting next_dagrun for example_subdag_operator.section-1 to None, run_after=None
[2022-09-17 13:31:44,558] {logging_mixin.py:115} INFO - [2022-09-17 13:31:44,558] {dag.py:2919} INFO - Setting next_dagrun for example_subdag_operator.section-2 to None, run_after=None
[2022-09-17 13:31:44,578] {processor.py:161} INFO - Processing /home/airflow/.local/lib/python3.7/site-packages/airflow/example_dags/example_subdag_operator.py took 0.785 seconds
[2022-09-17 13:32:14,903] {processor.py:153} INFO - Started process (PID=373) to work on /home/airflow/.local/lib/python3.7/site-packages/airflow/example_dags/example_subdag_operator.py
[2022-09-17 13:32:14,904] {processor.py:641} INFO - Processing file /home/airflow/.local/lib/python3.7/site-packages/airflow/example_dags/example_subdag_operator.py for tasks to queue
[2022-09-17 13:32:14,905] {logging_mixin.py:115} INFO - [2022-09-17 13:32:14,905] {dagbag.py:507} INFO - Filling up the DagBag from /home/airflow/.local/lib/python3.7/site-packages/airflow/example_dags/example_subdag_operator.py
[2022-09-17 13:32:14,936] {processor.py:651} INFO - DAG(s) dict_keys(['example_subdag_operator.section-1', 'example_subdag_operator.section-2', 'example_subdag_operator']) retrieved from /home/airflow/.local/lib/python3.7/site-packages/airflow/example_dags/example_subdag_operator.py
[2022-09-17 13:32:14,971] {logging_mixin.py:115} INFO - [2022-09-17 13:32:14,971] {dag.py:2371} INFO - Sync 3 DAGs
[2022-09-17 13:32:15,006] {logging_mixin.py:115} INFO - [2022-09-17 13:32:15,006] {dag.py:2919} INFO - Setting next_dagrun for example_subdag_operator to 2022-09-15T00:00:00+00:00, run_after=2022-09-15T00:00:00+00:00
[2022-09-17 13:32:15,006] {logging_mixin.py:115} INFO - [2022-09-17 13:32:15,006] {dag.py:2919} INFO - Setting next_dagrun for example_subdag_operator.section-1 to None, run_after=None
[2022-09-17 13:32:15,006] {logging_mixin.py:115} INFO - [2022-09-17 13:32:15,006] {dag.py:2919} INFO - Setting next_dagrun for example_subdag_operator.section-2 to None, run_after=None
[2022-09-17 13:32:15,177] {logging_mixin.py:115} INFO - [2022-09-17 13:32:15,176] {dag.py:2371} INFO - Sync 2 DAGs
[2022-09-17 13:32:15,182] {logging_mixin.py:115} INFO - [2022-09-17 13:32:15,182] {dag.py:2919} INFO - Setting next_dagrun for example_subdag_operator.section-1 to None, run_after=None
[2022-09-17 13:32:15,182] {logging_mixin.py:115} INFO - [2022-09-17 13:32:15,182] {dag.py:2919} INFO - Setting next_dagrun for example_subdag_operator.section-2 to None, run_after=None
[2022-09-17 13:32:15,189] {processor.py:161} INFO - Processing /home/airflow/.local/lib/python3.7/site-packages/airflow/example_dags/example_subdag_operator.py took 0.290 seconds
[2022-09-17 13:32:47,262] {processor.py:153} INFO - Started process (PID=434) to work on /home/airflow/.local/lib/python3.7/site-packages/airflow/example_dags/example_subdag_operator.py
[2022-09-17 13:32:47,264] {processor.py:641} INFO - Processing file /home/airflow/.local/lib/python3.7/site-packages/airflow/example_dags/example_subdag_operator.py for tasks to queue
[2022-09-17 13:32:47,268] {logging_mixin.py:115} INFO - [2022-09-17 13:32:47,268] {dagbag.py:507} INFO - Filling up the DagBag from /home/airflow/.local/lib/python3.7/site-packages/airflow/example_dags/example_subdag_operator.py
[2022-09-17 13:32:47,369] {processor.py:651} INFO - DAG(s) dict_keys(['example_subdag_operator.section-1', 'example_subdag_operator.section-2', 'example_subdag_operator']) retrieved from /home/airflow/.local/lib/python3.7/site-packages/airflow/example_dags/example_subdag_operator.py
[2022-09-17 13:32:47,483] {logging_mixin.py:115} INFO - [2022-09-17 13:32:47,483] {dag.py:2371} INFO - Sync 3 DAGs
[2022-09-17 13:32:47,555] {logging_mixin.py:115} INFO - [2022-09-17 13:32:47,555] {dag.py:2919} INFO - Setting next_dagrun for example_subdag_operator to 2022-09-15T00:00:00+00:00, run_after=2022-09-15T00:00:00+00:00
[2022-09-17 13:32:47,555] {logging_mixin.py:115} INFO - [2022-09-17 13:32:47,555] {dag.py:2919} INFO - Setting next_dagrun for example_subdag_operator.section-1 to None, run_after=None
[2022-09-17 13:32:47,555] {logging_mixin.py:115} INFO - [2022-09-17 13:32:47,555] {dag.py:2919} INFO - Setting next_dagrun for example_subdag_operator.section-2 to None, run_after=None
[2022-09-17 13:32:48,069] {logging_mixin.py:115} INFO - [2022-09-17 13:32:48,069] {dag.py:2371} INFO - Sync 2 DAGs
[2022-09-17 13:32:48,074] {logging_mixin.py:115} INFO - [2022-09-17 13:32:48,074] {dag.py:2919} INFO - Setting next_dagrun for example_subdag_operator.section-1 to None, run_after=None
[2022-09-17 13:32:48,074] {logging_mixin.py:115} INFO - [2022-09-17 13:32:48,074] {dag.py:2919} INFO - Setting next_dagrun for example_subdag_operator.section-2 to None, run_after=None
[2022-09-17 13:32:48,317] {processor.py:161} INFO - Processing /home/airflow/.local/lib/python3.7/site-packages/airflow/example_dags/example_subdag_operator.py took 1.074 seconds
[2022-09-17 13:33:21,751] {processor.py:153} INFO - Started process (PID=486) to work on /home/airflow/.local/lib/python3.7/site-packages/airflow/example_dags/example_subdag_operator.py
[2022-09-17 13:33:21,755] {processor.py:641} INFO - Processing file /home/airflow/.local/lib/python3.7/site-packages/airflow/example_dags/example_subdag_operator.py for tasks to queue
[2022-09-17 13:33:21,756] {logging_mixin.py:115} INFO - [2022-09-17 13:33:21,756] {dagbag.py:507} INFO - Filling up the DagBag from /home/airflow/.local/lib/python3.7/site-packages/airflow/example_dags/example_subdag_operator.py
[2022-09-17 13:33:21,855] {processor.py:651} INFO - DAG(s) dict_keys(['example_subdag_operator.section-1', 'example_subdag_operator.section-2', 'example_subdag_operator']) retrieved from /home/airflow/.local/lib/python3.7/site-packages/airflow/example_dags/example_subdag_operator.py
[2022-09-17 13:33:22,057] {logging_mixin.py:115} INFO - [2022-09-17 13:33:22,057] {dag.py:2371} INFO - Sync 3 DAGs
[2022-09-17 13:33:22,992] {logging_mixin.py:115} INFO - [2022-09-17 13:33:22,992] {dag.py:2919} INFO - Setting next_dagrun for example_subdag_operator to 2022-09-15T00:00:00+00:00, run_after=2022-09-15T00:00:00+00:00
[2022-09-17 13:33:22,993] {logging_mixin.py:115} INFO - [2022-09-17 13:33:22,993] {dag.py:2919} INFO - Setting next_dagrun for example_subdag_operator.section-1 to None, run_after=None
[2022-09-17 13:33:22,993] {logging_mixin.py:115} INFO - [2022-09-17 13:33:22,993] {dag.py:2919} INFO - Setting next_dagrun for example_subdag_operator.section-2 to None, run_after=None
[2022-09-17 13:33:23,020] {logging_mixin.py:115} INFO - [2022-09-17 13:33:23,019] {dag.py:2371} INFO - Sync 2 DAGs
[2022-09-17 13:33:23,046] {logging_mixin.py:115} INFO - [2022-09-17 13:33:23,046] {dag.py:2919} INFO - Setting next_dagrun for example_subdag_operator.section-1 to None, run_after=None
[2022-09-17 13:33:23,046] {logging_mixin.py:115} INFO - [2022-09-17 13:33:23,046] {dag.py:2919} INFO - Setting next_dagrun for example_subdag_operator.section-2 to None, run_after=None
[2022-09-17 13:33:23,077] {processor.py:161} INFO - Processing /home/airflow/.local/lib/python3.7/site-packages/airflow/example_dags/example_subdag_operator.py took 1.359 seconds
[2022-09-17 13:33:53,322] {processor.py:153} INFO - Started process (PID=548) to work on /home/airflow/.local/lib/python3.7/site-packages/airflow/example_dags/example_subdag_operator.py
[2022-09-17 13:33:53,323] {processor.py:641} INFO - Processing file /home/airflow/.local/lib/python3.7/site-packages/airflow/example_dags/example_subdag_operator.py for tasks to queue
[2022-09-17 13:33:53,324] {logging_mixin.py:115} INFO - [2022-09-17 13:33:53,324] {dagbag.py:507} INFO - Filling up the DagBag from /home/airflow/.local/lib/python3.7/site-packages/airflow/example_dags/example_subdag_operator.py
[2022-09-17 13:33:53,357] {processor.py:651} INFO - DAG(s) dict_keys(['example_subdag_operator.section-1', 'example_subdag_operator.section-2', 'example_subdag_operator']) retrieved from /home/airflow/.local/lib/python3.7/site-packages/airflow/example_dags/example_subdag_operator.py
[2022-09-17 13:33:53,392] {logging_mixin.py:115} INFO - [2022-09-17 13:33:53,392] {dag.py:2371} INFO - Sync 3 DAGs
[2022-09-17 13:33:53,597] {logging_mixin.py:115} INFO - [2022-09-17 13:33:53,597] {dag.py:2919} INFO - Setting next_dagrun for example_subdag_operator to 2022-09-15T00:00:00+00:00, run_after=2022-09-15T00:00:00+00:00
[2022-09-17 13:33:53,597] {logging_mixin.py:115} INFO - [2022-09-17 13:33:53,597] {dag.py:2919} INFO - Setting next_dagrun for example_subdag_operator.section-1 to None, run_after=None
[2022-09-17 13:33:53,597] {logging_mixin.py:115} INFO - [2022-09-17 13:33:53,597] {dag.py:2919} INFO - Setting next_dagrun for example_subdag_operator.section-2 to None, run_after=None
[2022-09-17 13:33:53,603] {logging_mixin.py:115} INFO - [2022-09-17 13:33:53,603] {dag.py:2371} INFO - Sync 2 DAGs
[2022-09-17 13:33:53,609] {logging_mixin.py:115} INFO - [2022-09-17 13:33:53,609] {dag.py:2919} INFO - Setting next_dagrun for example_subdag_operator.section-1 to None, run_after=None
[2022-09-17 13:33:53,609] {logging_mixin.py:115} INFO - [2022-09-17 13:33:53,609] {dag.py:2919} INFO - Setting next_dagrun for example_subdag_operator.section-2 to None, run_after=None
[2022-09-17 13:33:53,615] {processor.py:161} INFO - Processing /home/airflow/.local/lib/python3.7/site-packages/airflow/example_dags/example_subdag_operator.py took 0.297 seconds
[2022-09-17 13:34:24,933] {processor.py:153} INFO - Started process (PID=592) to work on /home/airflow/.local/lib/python3.7/site-packages/airflow/example_dags/example_subdag_operator.py
[2022-09-17 13:34:24,934] {processor.py:641} INFO - Processing file /home/airflow/.local/lib/python3.7/site-packages/airflow/example_dags/example_subdag_operator.py for tasks to queue
[2022-09-17 13:34:24,935] {logging_mixin.py:115} INFO - [2022-09-17 13:34:24,935] {dagbag.py:507} INFO - Filling up the DagBag from /home/airflow/.local/lib/python3.7/site-packages/airflow/example_dags/example_subdag_operator.py
[2022-09-17 13:34:24,970] {processor.py:651} INFO - DAG(s) dict_keys(['example_subdag_operator.section-1', 'example_subdag_operator.section-2', 'example_subdag_operator']) retrieved from /home/airflow/.local/lib/python3.7/site-packages/airflow/example_dags/example_subdag_operator.py
[2022-09-17 13:34:25,747] {logging_mixin.py:115} INFO - [2022-09-17 13:34:25,746] {dag.py:2371} INFO - Sync 3 DAGs
[2022-09-17 13:34:26,009] {logging_mixin.py:115} INFO - [2022-09-17 13:34:26,008] {dag.py:2919} INFO - Setting next_dagrun for example_subdag_operator to 2022-09-15T00:00:00+00:00, run_after=2022-09-15T00:00:00+00:00
[2022-09-17 13:34:26,045] {logging_mixin.py:115} INFO - [2022-09-17 13:34:26,045] {dag.py:2919} INFO - Setting next_dagrun for example_subdag_operator.section-1 to None, run_after=None
[2022-09-17 13:34:26,046] {logging_mixin.py:115} INFO - [2022-09-17 13:34:26,046] {dag.py:2919} INFO - Setting next_dagrun for example_subdag_operator.section-2 to None, run_after=None
[2022-09-17 13:34:26,076] {logging_mixin.py:115} INFO - [2022-09-17 13:34:26,076] {dag.py:2371} INFO - Sync 2 DAGs
[2022-09-17 13:34:26,103] {logging_mixin.py:115} INFO - [2022-09-17 13:34:26,103] {dag.py:2919} INFO - Setting next_dagrun for example_subdag_operator.section-1 to None, run_after=None
[2022-09-17 13:34:26,104] {logging_mixin.py:115} INFO - [2022-09-17 13:34:26,104] {dag.py:2919} INFO - Setting next_dagrun for example_subdag_operator.section-2 to None, run_after=None
[2022-09-17 13:34:26,123] {processor.py:161} INFO - Processing /home/airflow/.local/lib/python3.7/site-packages/airflow/example_dags/example_subdag_operator.py took 1.194 seconds
[2022-09-17 13:34:56,429] {processor.py:153} INFO - Started process (PID=643) to work on /home/airflow/.local/lib/python3.7/site-packages/airflow/example_dags/example_subdag_operator.py
[2022-09-17 13:34:56,431] {processor.py:641} INFO - Processing file /home/airflow/.local/lib/python3.7/site-packages/airflow/example_dags/example_subdag_operator.py for tasks to queue
[2022-09-17 13:34:56,431] {logging_mixin.py:115} INFO - [2022-09-17 13:34:56,431] {dagbag.py:507} INFO - Filling up the DagBag from /home/airflow/.local/lib/python3.7/site-packages/airflow/example_dags/example_subdag_operator.py
[2022-09-17 13:34:56,467] {processor.py:651} INFO - DAG(s) dict_keys(['example_subdag_operator.section-1', 'example_subdag_operator.section-2', 'example_subdag_operator']) retrieved from /home/airflow/.local/lib/python3.7/site-packages/airflow/example_dags/example_subdag_operator.py
[2022-09-17 13:34:56,509] {logging_mixin.py:115} INFO - [2022-09-17 13:34:56,509] {dag.py:2371} INFO - Sync 3 DAGs
[2022-09-17 13:34:56,754] {logging_mixin.py:115} INFO - [2022-09-17 13:34:56,754] {dag.py:2919} INFO - Setting next_dagrun for example_subdag_operator to 2022-09-15T00:00:00+00:00, run_after=2022-09-15T00:00:00+00:00
[2022-09-17 13:34:56,755] {logging_mixin.py:115} INFO - [2022-09-17 13:34:56,755] {dag.py:2919} INFO - Setting next_dagrun for example_subdag_operator.section-1 to None, run_after=None
[2022-09-17 13:34:56,755] {logging_mixin.py:115} INFO - [2022-09-17 13:34:56,755] {dag.py:2919} INFO - Setting next_dagrun for example_subdag_operator.section-2 to None, run_after=None
[2022-09-17 13:34:56,761] {logging_mixin.py:115} INFO - [2022-09-17 13:34:56,761] {dag.py:2371} INFO - Sync 2 DAGs
[2022-09-17 13:34:56,766] {logging_mixin.py:115} INFO - [2022-09-17 13:34:56,766] {dag.py:2919} INFO - Setting next_dagrun for example_subdag_operator.section-1 to None, run_after=None
[2022-09-17 13:34:56,766] {logging_mixin.py:115} INFO - [2022-09-17 13:34:56,766] {dag.py:2919} INFO - Setting next_dagrun for example_subdag_operator.section-2 to None, run_after=None
[2022-09-17 13:34:56,773] {processor.py:161} INFO - Processing /home/airflow/.local/lib/python3.7/site-packages/airflow/example_dags/example_subdag_operator.py took 0.350 seconds
[2022-09-17 13:35:27,224] {processor.py:153} INFO - Started process (PID=702) to work on /home/airflow/.local/lib/python3.7/site-packages/airflow/example_dags/example_subdag_operator.py
[2022-09-17 13:35:27,234] {processor.py:641} INFO - Processing file /home/airflow/.local/lib/python3.7/site-packages/airflow/example_dags/example_subdag_operator.py for tasks to queue
[2022-09-17 13:35:27,235] {logging_mixin.py:115} INFO - [2022-09-17 13:35:27,235] {dagbag.py:507} INFO - Filling up the DagBag from /home/airflow/.local/lib/python3.7/site-packages/airflow/example_dags/example_subdag_operator.py
[2022-09-17 13:35:27,294] {processor.py:651} INFO - DAG(s) dict_keys(['example_subdag_operator.section-1', 'example_subdag_operator.section-2', 'example_subdag_operator']) retrieved from /home/airflow/.local/lib/python3.7/site-packages/airflow/example_dags/example_subdag_operator.py
[2022-09-17 13:35:27,373] {logging_mixin.py:115} INFO - [2022-09-17 13:35:27,373] {dag.py:2371} INFO - Sync 3 DAGs
[2022-09-17 13:35:27,793] {logging_mixin.py:115} INFO - [2022-09-17 13:35:27,793] {dag.py:2919} INFO - Setting next_dagrun for example_subdag_operator to 2022-09-15T00:00:00+00:00, run_after=2022-09-15T00:00:00+00:00
[2022-09-17 13:35:27,793] {logging_mixin.py:115} INFO - [2022-09-17 13:35:27,793] {dag.py:2919} INFO - Setting next_dagrun for example_subdag_operator.section-1 to None, run_after=None
[2022-09-17 13:35:27,793] {logging_mixin.py:115} INFO - [2022-09-17 13:35:27,793] {dag.py:2919} INFO - Setting next_dagrun for example_subdag_operator.section-2 to None, run_after=None
[2022-09-17 13:35:27,809] {logging_mixin.py:115} INFO - [2022-09-17 13:35:27,809] {dag.py:2371} INFO - Sync 2 DAGs
[2022-09-17 13:35:27,825] {logging_mixin.py:115} INFO - [2022-09-17 13:35:27,825] {dag.py:2919} INFO - Setting next_dagrun for example_subdag_operator.section-1 to None, run_after=None
[2022-09-17 13:35:27,825] {logging_mixin.py:115} INFO - [2022-09-17 13:35:27,825] {dag.py:2919} INFO - Setting next_dagrun for example_subdag_operator.section-2 to None, run_after=None
[2022-09-17 13:35:27,833] {processor.py:161} INFO - Processing /home/airflow/.local/lib/python3.7/site-packages/airflow/example_dags/example_subdag_operator.py took 0.613 seconds
[2022-09-17 13:35:58,273] {processor.py:153} INFO - Started process (PID=761) to work on /home/airflow/.local/lib/python3.7/site-packages/airflow/example_dags/example_subdag_operator.py
[2022-09-17 13:35:58,280] {processor.py:641} INFO - Processing file /home/airflow/.local/lib/python3.7/site-packages/airflow/example_dags/example_subdag_operator.py for tasks to queue
[2022-09-17 13:35:58,281] {logging_mixin.py:115} INFO - [2022-09-17 13:35:58,281] {dagbag.py:507} INFO - Filling up the DagBag from /home/airflow/.local/lib/python3.7/site-packages/airflow/example_dags/example_subdag_operator.py
[2022-09-17 13:35:58,345] {processor.py:651} INFO - DAG(s) dict_keys(['example_subdag_operator.section-1', 'example_subdag_operator.section-2', 'example_subdag_operator']) retrieved from /home/airflow/.local/lib/python3.7/site-packages/airflow/example_dags/example_subdag_operator.py
[2022-09-17 13:35:58,539] {logging_mixin.py:115} INFO - [2022-09-17 13:35:58,539] {dag.py:2371} INFO - Sync 3 DAGs
[2022-09-17 13:35:58,988] {logging_mixin.py:115} INFO - [2022-09-17 13:35:58,988] {dag.py:2919} INFO - Setting next_dagrun for example_subdag_operator to 2022-09-15T00:00:00+00:00, run_after=2022-09-15T00:00:00+00:00
[2022-09-17 13:35:58,989] {logging_mixin.py:115} INFO - [2022-09-17 13:35:58,989] {dag.py:2919} INFO - Setting next_dagrun for example_subdag_operator.section-1 to None, run_after=None
[2022-09-17 13:35:58,989] {logging_mixin.py:115} INFO - [2022-09-17 13:35:58,989] {dag.py:2919} INFO - Setting next_dagrun for example_subdag_operator.section-2 to None, run_after=None
[2022-09-17 13:35:59,001] {logging_mixin.py:115} INFO - [2022-09-17 13:35:59,001] {dag.py:2371} INFO - Sync 2 DAGs
[2022-09-17 13:35:59,014] {logging_mixin.py:115} INFO - [2022-09-17 13:35:59,014] {dag.py:2919} INFO - Setting next_dagrun for example_subdag_operator.section-1 to None, run_after=None
[2022-09-17 13:35:59,015] {logging_mixin.py:115} INFO - [2022-09-17 13:35:59,015] {dag.py:2919} INFO - Setting next_dagrun for example_subdag_operator.section-2 to None, run_after=None
[2022-09-17 13:35:59,024] {processor.py:161} INFO - Processing /home/airflow/.local/lib/python3.7/site-packages/airflow/example_dags/example_subdag_operator.py took 0.760 seconds
[2022-09-17 13:36:32,366] {processor.py:153} INFO - Started process (PID=816) to work on /home/airflow/.local/lib/python3.7/site-packages/airflow/example_dags/example_subdag_operator.py
[2022-09-17 13:36:32,371] {processor.py:641} INFO - Processing file /home/airflow/.local/lib/python3.7/site-packages/airflow/example_dags/example_subdag_operator.py for tasks to queue
[2022-09-17 13:36:32,373] {logging_mixin.py:115} INFO - [2022-09-17 13:36:32,373] {dagbag.py:507} INFO - Filling up the DagBag from /home/airflow/.local/lib/python3.7/site-packages/airflow/example_dags/example_subdag_operator.py
[2022-09-17 13:36:32,481] {processor.py:651} INFO - DAG(s) dict_keys(['example_subdag_operator.section-1', 'example_subdag_operator.section-2', 'example_subdag_operator']) retrieved from /home/airflow/.local/lib/python3.7/site-packages/airflow/example_dags/example_subdag_operator.py
[2022-09-17 13:36:32,621] {logging_mixin.py:115} INFO - [2022-09-17 13:36:32,620] {dag.py:2371} INFO - Sync 3 DAGs
[2022-09-17 13:36:32,876] {logging_mixin.py:115} INFO - [2022-09-17 13:36:32,876] {dag.py:2919} INFO - Setting next_dagrun for example_subdag_operator to 2022-09-15T00:00:00+00:00, run_after=2022-09-15T00:00:00+00:00
[2022-09-17 13:36:32,930] {logging_mixin.py:115} INFO - [2022-09-17 13:36:32,930] {dag.py:2919} INFO - Setting next_dagrun for example_subdag_operator.section-1 to None, run_after=None
[2022-09-17 13:36:32,930] {logging_mixin.py:115} INFO - [2022-09-17 13:36:32,930] {dag.py:2919} INFO - Setting next_dagrun for example_subdag_operator.section-2 to None, run_after=None
[2022-09-17 13:36:32,942] {logging_mixin.py:115} INFO - [2022-09-17 13:36:32,941] {dag.py:2371} INFO - Sync 2 DAGs
[2022-09-17 13:36:32,950] {logging_mixin.py:115} INFO - [2022-09-17 13:36:32,950] {dag.py:2919} INFO - Setting next_dagrun for example_subdag_operator.section-1 to None, run_after=None
[2022-09-17 13:36:32,950] {logging_mixin.py:115} INFO - [2022-09-17 13:36:32,950] {dag.py:2919} INFO - Setting next_dagrun for example_subdag_operator.section-2 to None, run_after=None
[2022-09-17 13:36:33,004] {processor.py:161} INFO - Processing /home/airflow/.local/lib/python3.7/site-packages/airflow/example_dags/example_subdag_operator.py took 0.644 seconds
[2022-09-17 13:37:05,466] {processor.py:153} INFO - Started process (PID=861) to work on /home/airflow/.local/lib/python3.7/site-packages/airflow/example_dags/example_subdag_operator.py
[2022-09-17 13:37:05,477] {processor.py:641} INFO - Processing file /home/airflow/.local/lib/python3.7/site-packages/airflow/example_dags/example_subdag_operator.py for tasks to queue
[2022-09-17 13:37:05,478] {logging_mixin.py:115} INFO - [2022-09-17 13:37:05,478] {dagbag.py:507} INFO - Filling up the DagBag from /home/airflow/.local/lib/python3.7/site-packages/airflow/example_dags/example_subdag_operator.py
[2022-09-17 13:37:05,716] {processor.py:651} INFO - DAG(s) dict_keys(['example_subdag_operator.section-1', 'example_subdag_operator.section-2', 'example_subdag_operator']) retrieved from /home/airflow/.local/lib/python3.7/site-packages/airflow/example_dags/example_subdag_operator.py
[2022-09-17 13:37:06,147] {logging_mixin.py:115} INFO - [2022-09-17 13:37:06,146] {dag.py:2371} INFO - Sync 3 DAGs
[2022-09-17 13:37:06,739] {logging_mixin.py:115} INFO - [2022-09-17 13:37:06,739] {dag.py:2919} INFO - Setting next_dagrun for example_subdag_operator to 2022-09-15T00:00:00+00:00, run_after=2022-09-15T00:00:00+00:00
[2022-09-17 13:37:06,740] {logging_mixin.py:115} INFO - [2022-09-17 13:37:06,740] {dag.py:2919} INFO - Setting next_dagrun for example_subdag_operator.section-1 to None, run_after=None
[2022-09-17 13:37:06,740] {logging_mixin.py:115} INFO - [2022-09-17 13:37:06,740] {dag.py:2919} INFO - Setting next_dagrun for example_subdag_operator.section-2 to None, run_after=None
[2022-09-17 13:37:06,753] {logging_mixin.py:115} INFO - [2022-09-17 13:37:06,753] {dag.py:2371} INFO - Sync 2 DAGs
[2022-09-17 13:37:06,772] {logging_mixin.py:115} INFO - [2022-09-17 13:37:06,772] {dag.py:2919} INFO - Setting next_dagrun for example_subdag_operator.section-1 to None, run_after=None
[2022-09-17 13:37:06,773] {logging_mixin.py:115} INFO - [2022-09-17 13:37:06,772] {dag.py:2919} INFO - Setting next_dagrun for example_subdag_operator.section-2 to None, run_after=None
[2022-09-17 13:37:06,835] {processor.py:161} INFO - Processing /home/airflow/.local/lib/python3.7/site-packages/airflow/example_dags/example_subdag_operator.py took 1.389 seconds
[2022-09-17 13:39:10,546] {processor.py:153} INFO - Started process (PID=921) to work on /home/airflow/.local/lib/python3.7/site-packages/airflow/example_dags/example_subdag_operator.py
[2022-09-17 13:39:10,557] {processor.py:641} INFO - Processing file /home/airflow/.local/lib/python3.7/site-packages/airflow/example_dags/example_subdag_operator.py for tasks to queue
[2022-09-17 13:39:10,558] {logging_mixin.py:115} INFO - [2022-09-17 13:39:10,558] {dagbag.py:507} INFO - Filling up the DagBag from /home/airflow/.local/lib/python3.7/site-packages/airflow/example_dags/example_subdag_operator.py
[2022-09-17 13:39:10,848] {processor.py:651} INFO - DAG(s) dict_keys(['example_subdag_operator.section-1', 'example_subdag_operator.section-2', 'example_subdag_operator']) retrieved from /home/airflow/.local/lib/python3.7/site-packages/airflow/example_dags/example_subdag_operator.py
[2022-09-17 13:39:11,520] {logging_mixin.py:115} INFO - [2022-09-17 13:39:11,520] {dag.py:2371} INFO - Sync 3 DAGs
[2022-09-17 13:39:13,707] {logging_mixin.py:115} INFO - [2022-09-17 13:39:13,707] {dag.py:2919} INFO - Setting next_dagrun for example_subdag_operator to 2022-09-15T00:00:00+00:00, run_after=2022-09-15T00:00:00+00:00
[2022-09-17 13:39:13,709] {logging_mixin.py:115} INFO - [2022-09-17 13:39:13,709] {dag.py:2919} INFO - Setting next_dagrun for example_subdag_operator.section-1 to None, run_after=None
[2022-09-17 13:39:13,709] {logging_mixin.py:115} INFO - [2022-09-17 13:39:13,709] {dag.py:2919} INFO - Setting next_dagrun for example_subdag_operator.section-2 to None, run_after=None
[2022-09-17 13:39:13,737] {logging_mixin.py:115} INFO - [2022-09-17 13:39:13,737] {dag.py:2371} INFO - Sync 2 DAGs
[2022-09-17 13:39:13,772] {logging_mixin.py:115} INFO - [2022-09-17 13:39:13,772] {dag.py:2919} INFO - Setting next_dagrun for example_subdag_operator.section-1 to None, run_after=None
[2022-09-17 13:39:13,772] {logging_mixin.py:115} INFO - [2022-09-17 13:39:13,772] {dag.py:2919} INFO - Setting next_dagrun for example_subdag_operator.section-2 to None, run_after=None
[2022-09-17 13:39:13,805] {processor.py:161} INFO - Processing /home/airflow/.local/lib/python3.7/site-packages/airflow/example_dags/example_subdag_operator.py took 3.279 seconds
[2022-09-17 13:39:44,057] {processor.py:153} INFO - Started process (PID=977) to work on /home/airflow/.local/lib/python3.7/site-packages/airflow/example_dags/example_subdag_operator.py
[2022-09-17 13:39:44,058] {processor.py:641} INFO - Processing file /home/airflow/.local/lib/python3.7/site-packages/airflow/example_dags/example_subdag_operator.py for tasks to queue
[2022-09-17 13:39:44,059] {logging_mixin.py:115} INFO - [2022-09-17 13:39:44,059] {dagbag.py:507} INFO - Filling up the DagBag from /home/airflow/.local/lib/python3.7/site-packages/airflow/example_dags/example_subdag_operator.py
[2022-09-17 13:39:44,088] {processor.py:651} INFO - DAG(s) dict_keys(['example_subdag_operator.section-1', 'example_subdag_operator.section-2', 'example_subdag_operator']) retrieved from /home/airflow/.local/lib/python3.7/site-packages/airflow/example_dags/example_subdag_operator.py
[2022-09-17 13:39:44,126] {logging_mixin.py:115} INFO - [2022-09-17 13:39:44,126] {dag.py:2371} INFO - Sync 3 DAGs
[2022-09-17 13:39:44,299] {logging_mixin.py:115} INFO - [2022-09-17 13:39:44,299] {dag.py:2919} INFO - Setting next_dagrun for example_subdag_operator to 2022-09-15T00:00:00+00:00, run_after=2022-09-15T00:00:00+00:00
[2022-09-17 13:39:44,299] {logging_mixin.py:115} INFO - [2022-09-17 13:39:44,299] {dag.py:2919} INFO - Setting next_dagrun for example_subdag_operator.section-1 to None, run_after=None
[2022-09-17 13:39:44,299] {logging_mixin.py:115} INFO - [2022-09-17 13:39:44,299] {dag.py:2919} INFO - Setting next_dagrun for example_subdag_operator.section-2 to None, run_after=None
[2022-09-17 13:39:44,305] {logging_mixin.py:115} INFO - [2022-09-17 13:39:44,305] {dag.py:2371} INFO - Sync 2 DAGs
[2022-09-17 13:39:44,310] {logging_mixin.py:115} INFO - [2022-09-17 13:39:44,310] {dag.py:2919} INFO - Setting next_dagrun for example_subdag_operator.section-1 to None, run_after=None
[2022-09-17 13:39:44,310] {logging_mixin.py:115} INFO - [2022-09-17 13:39:44,310] {dag.py:2919} INFO - Setting next_dagrun for example_subdag_operator.section-2 to None, run_after=None
[2022-09-17 13:39:44,316] {processor.py:161} INFO - Processing /home/airflow/.local/lib/python3.7/site-packages/airflow/example_dags/example_subdag_operator.py took 0.265 seconds
[2022-09-17 13:40:14,581] {processor.py:153} INFO - Started process (PID=1040) to work on /home/airflow/.local/lib/python3.7/site-packages/airflow/example_dags/example_subdag_operator.py
[2022-09-17 13:40:14,591] {processor.py:641} INFO - Processing file /home/airflow/.local/lib/python3.7/site-packages/airflow/example_dags/example_subdag_operator.py for tasks to queue
[2022-09-17 13:40:14,596] {logging_mixin.py:115} INFO - [2022-09-17 13:40:14,596] {dagbag.py:507} INFO - Filling up the DagBag from /home/airflow/.local/lib/python3.7/site-packages/airflow/example_dags/example_subdag_operator.py
[2022-09-17 13:40:14,967] {processor.py:651} INFO - DAG(s) dict_keys(['example_subdag_operator.section-1', 'example_subdag_operator.section-2', 'example_subdag_operator']) retrieved from /home/airflow/.local/lib/python3.7/site-packages/airflow/example_dags/example_subdag_operator.py
[2022-09-17 13:40:15,888] {logging_mixin.py:115} INFO - [2022-09-17 13:40:15,887] {dag.py:2371} INFO - Sync 3 DAGs
[2022-09-17 13:40:18,835] {logging_mixin.py:115} INFO - [2022-09-17 13:40:18,835] {dag.py:2919} INFO - Setting next_dagrun for example_subdag_operator to 2022-09-15T00:00:00+00:00, run_after=2022-09-15T00:00:00+00:00
[2022-09-17 13:40:18,841] {logging_mixin.py:115} INFO - [2022-09-17 13:40:18,841] {dag.py:2919} INFO - Setting next_dagrun for example_subdag_operator.section-1 to None, run_after=None
[2022-09-17 13:40:18,842] {logging_mixin.py:115} INFO - [2022-09-17 13:40:18,841] {dag.py:2919} INFO - Setting next_dagrun for example_subdag_operator.section-2 to None, run_after=None
[2022-09-17 13:40:18,986] {logging_mixin.py:115} INFO - [2022-09-17 13:40:18,986] {dag.py:2371} INFO - Sync 2 DAGs
[2022-09-17 13:40:19,094] {logging_mixin.py:115} INFO - [2022-09-17 13:40:19,094] {dag.py:2919} INFO - Setting next_dagrun for example_subdag_operator.section-1 to None, run_after=None
[2022-09-17 13:40:19,094] {logging_mixin.py:115} INFO - [2022-09-17 13:40:19,094] {dag.py:2919} INFO - Setting next_dagrun for example_subdag_operator.section-2 to None, run_after=None
[2022-09-17 13:40:19,191] {processor.py:161} INFO - Processing /home/airflow/.local/lib/python3.7/site-packages/airflow/example_dags/example_subdag_operator.py took 4.677 seconds
[2022-09-17 13:41:21,926] {processor.py:153} INFO - Started process (PID=1103) to work on /home/airflow/.local/lib/python3.7/site-packages/airflow/example_dags/example_subdag_operator.py
[2022-09-17 13:41:21,934] {processor.py:641} INFO - Processing file /home/airflow/.local/lib/python3.7/site-packages/airflow/example_dags/example_subdag_operator.py for tasks to queue
[2022-09-17 13:41:21,934] {logging_mixin.py:115} INFO - [2022-09-17 13:41:21,934] {dagbag.py:507} INFO - Filling up the DagBag from /home/airflow/.local/lib/python3.7/site-packages/airflow/example_dags/example_subdag_operator.py
[2022-09-17 13:41:22,690] {processor.py:651} INFO - DAG(s) dict_keys(['example_subdag_operator.section-1', 'example_subdag_operator.section-2', 'example_subdag_operator']) retrieved from /home/airflow/.local/lib/python3.7/site-packages/airflow/example_dags/example_subdag_operator.py
[2022-09-17 13:41:23,306] {logging_mixin.py:115} INFO - [2022-09-17 13:41:23,305] {dag.py:2371} INFO - Sync 3 DAGs
[2022-09-17 13:41:28,351] {logging_mixin.py:115} INFO - [2022-09-17 13:41:28,351] {dag.py:2919} INFO - Setting next_dagrun for example_subdag_operator to 2022-09-15T00:00:00+00:00, run_after=2022-09-15T00:00:00+00:00
[2022-09-17 13:41:28,383] {logging_mixin.py:115} INFO - [2022-09-17 13:41:28,383] {dag.py:2919} INFO - Setting next_dagrun for example_subdag_operator.section-1 to None, run_after=None
[2022-09-17 13:41:28,398] {logging_mixin.py:115} INFO - [2022-09-17 13:41:28,398] {dag.py:2919} INFO - Setting next_dagrun for example_subdag_operator.section-2 to None, run_after=None
[2022-09-17 13:41:28,497] {logging_mixin.py:115} INFO - [2022-09-17 13:41:28,497] {dag.py:2371} INFO - Sync 2 DAGs
[2022-09-17 13:41:28,628] {logging_mixin.py:115} INFO - [2022-09-17 13:41:28,627] {dag.py:2919} INFO - Setting next_dagrun for example_subdag_operator.section-1 to None, run_after=None
[2022-09-17 13:41:28,666] {logging_mixin.py:115} INFO - [2022-09-17 13:41:28,666] {dag.py:2919} INFO - Setting next_dagrun for example_subdag_operator.section-2 to None, run_after=None
[2022-09-17 13:41:29,096] {processor.py:161} INFO - Processing /home/airflow/.local/lib/python3.7/site-packages/airflow/example_dags/example_subdag_operator.py took 7.208 seconds
[2022-09-17 13:45:30,460] {processor.py:153} INFO - Started process (PID=57) to work on /home/airflow/.local/lib/python3.7/site-packages/airflow/example_dags/example_subdag_operator.py
[2022-09-17 13:45:30,466] {processor.py:641} INFO - Processing file /home/airflow/.local/lib/python3.7/site-packages/airflow/example_dags/example_subdag_operator.py for tasks to queue
[2022-09-17 13:45:30,467] {logging_mixin.py:115} INFO - [2022-09-17 13:45:30,467] {dagbag.py:507} INFO - Filling up the DagBag from /home/airflow/.local/lib/python3.7/site-packages/airflow/example_dags/example_subdag_operator.py
[2022-09-17 13:45:30,527] {processor.py:651} INFO - DAG(s) dict_keys(['example_subdag_operator.section-1', 'example_subdag_operator.section-2', 'example_subdag_operator']) retrieved from /home/airflow/.local/lib/python3.7/site-packages/airflow/example_dags/example_subdag_operator.py
[2022-09-17 13:45:30,607] {logging_mixin.py:115} INFO - [2022-09-17 13:45:30,605] {dag.py:2371} INFO - Sync 3 DAGs
[2022-09-17 13:45:30,669] {logging_mixin.py:115} INFO - [2022-09-17 13:45:30,669] {dag.py:2919} INFO - Setting next_dagrun for example_subdag_operator to 2022-09-15T00:00:00+00:00, run_after=2022-09-15T00:00:00+00:00
[2022-09-17 13:45:30,670] {logging_mixin.py:115} INFO - [2022-09-17 13:45:30,670] {dag.py:2919} INFO - Setting next_dagrun for example_subdag_operator.section-1 to None, run_after=None
[2022-09-17 13:45:30,670] {logging_mixin.py:115} INFO - [2022-09-17 13:45:30,670] {dag.py:2919} INFO - Setting next_dagrun for example_subdag_operator.section-2 to None, run_after=None
[2022-09-17 13:45:30,680] {logging_mixin.py:115} INFO - [2022-09-17 13:45:30,680] {dag.py:2371} INFO - Sync 2 DAGs
[2022-09-17 13:45:30,700] {logging_mixin.py:115} INFO - [2022-09-17 13:45:30,699] {dag.py:2919} INFO - Setting next_dagrun for example_subdag_operator.section-1 to None, run_after=None
[2022-09-17 13:45:30,700] {logging_mixin.py:115} INFO - [2022-09-17 13:45:30,700] {dag.py:2919} INFO - Setting next_dagrun for example_subdag_operator.section-2 to None, run_after=None
[2022-09-17 13:45:30,717] {processor.py:161} INFO - Processing /home/airflow/.local/lib/python3.7/site-packages/airflow/example_dags/example_subdag_operator.py took 0.276 seconds
[2022-09-17 13:46:02,695] {processor.py:153} INFO - Started process (PID=109) to work on /home/airflow/.local/lib/python3.7/site-packages/airflow/example_dags/example_subdag_operator.py
[2022-09-17 13:46:02,703] {processor.py:641} INFO - Processing file /home/airflow/.local/lib/python3.7/site-packages/airflow/example_dags/example_subdag_operator.py for tasks to queue
[2022-09-17 13:46:02,704] {logging_mixin.py:115} INFO - [2022-09-17 13:46:02,704] {dagbag.py:507} INFO - Filling up the DagBag from /home/airflow/.local/lib/python3.7/site-packages/airflow/example_dags/example_subdag_operator.py
[2022-09-17 13:46:02,991] {processor.py:651} INFO - DAG(s) dict_keys(['example_subdag_operator.section-1', 'example_subdag_operator.section-2', 'example_subdag_operator']) retrieved from /home/airflow/.local/lib/python3.7/site-packages/airflow/example_dags/example_subdag_operator.py
[2022-09-17 13:46:03,373] {logging_mixin.py:115} INFO - [2022-09-17 13:46:03,373] {dag.py:2371} INFO - Sync 3 DAGs
[2022-09-17 13:46:03,575] {logging_mixin.py:115} INFO - [2022-09-17 13:46:03,574] {dag.py:2919} INFO - Setting next_dagrun for example_subdag_operator to 2022-09-15T00:00:00+00:00, run_after=2022-09-15T00:00:00+00:00
[2022-09-17 13:46:03,575] {logging_mixin.py:115} INFO - [2022-09-17 13:46:03,575] {dag.py:2919} INFO - Setting next_dagrun for example_subdag_operator.section-1 to None, run_after=None
[2022-09-17 13:46:03,575] {logging_mixin.py:115} INFO - [2022-09-17 13:46:03,575] {dag.py:2919} INFO - Setting next_dagrun for example_subdag_operator.section-2 to None, run_after=None
[2022-09-17 13:46:03,622] {logging_mixin.py:115} INFO - [2022-09-17 13:46:03,622] {dag.py:2371} INFO - Sync 2 DAGs
[2022-09-17 13:46:03,654] {logging_mixin.py:115} INFO - [2022-09-17 13:46:03,654] {dag.py:2919} INFO - Setting next_dagrun for example_subdag_operator.section-1 to None, run_after=None
[2022-09-17 13:46:03,655] {logging_mixin.py:115} INFO - [2022-09-17 13:46:03,654] {dag.py:2919} INFO - Setting next_dagrun for example_subdag_operator.section-2 to None, run_after=None
[2022-09-17 13:46:03,701] {processor.py:161} INFO - Processing /home/airflow/.local/lib/python3.7/site-packages/airflow/example_dags/example_subdag_operator.py took 1.015 seconds
[2022-09-17 13:46:34,122] {processor.py:153} INFO - Started process (PID=154) to work on /home/airflow/.local/lib/python3.7/site-packages/airflow/example_dags/example_subdag_operator.py
[2022-09-17 13:46:34,123] {processor.py:641} INFO - Processing file /home/airflow/.local/lib/python3.7/site-packages/airflow/example_dags/example_subdag_operator.py for tasks to queue
[2022-09-17 13:46:34,124] {logging_mixin.py:115} INFO - [2022-09-17 13:46:34,124] {dagbag.py:507} INFO - Filling up the DagBag from /home/airflow/.local/lib/python3.7/site-packages/airflow/example_dags/example_subdag_operator.py
[2022-09-17 13:46:34,176] {processor.py:651} INFO - DAG(s) dict_keys(['example_subdag_operator.section-1', 'example_subdag_operator.section-2', 'example_subdag_operator']) retrieved from /home/airflow/.local/lib/python3.7/site-packages/airflow/example_dags/example_subdag_operator.py
[2022-09-17 13:46:34,254] {logging_mixin.py:115} INFO - [2022-09-17 13:46:34,254] {dag.py:2371} INFO - Sync 3 DAGs
[2022-09-17 13:46:34,295] {logging_mixin.py:115} INFO - [2022-09-17 13:46:34,295] {dag.py:2919} INFO - Setting next_dagrun for example_subdag_operator to 2022-09-15T00:00:00+00:00, run_after=2022-09-15T00:00:00+00:00
[2022-09-17 13:46:34,295] {logging_mixin.py:115} INFO - [2022-09-17 13:46:34,295] {dag.py:2919} INFO - Setting next_dagrun for example_subdag_operator.section-1 to None, run_after=None
[2022-09-17 13:46:34,295] {logging_mixin.py:115} INFO - [2022-09-17 13:46:34,295] {dag.py:2919} INFO - Setting next_dagrun for example_subdag_operator.section-2 to None, run_after=None
[2022-09-17 13:46:34,304] {logging_mixin.py:115} INFO - [2022-09-17 13:46:34,304] {dag.py:2371} INFO - Sync 2 DAGs
[2022-09-17 13:46:34,310] {logging_mixin.py:115} INFO - [2022-09-17 13:46:34,310] {dag.py:2919} INFO - Setting next_dagrun for example_subdag_operator.section-1 to None, run_after=None
[2022-09-17 13:46:34,310] {logging_mixin.py:115} INFO - [2022-09-17 13:46:34,310] {dag.py:2919} INFO - Setting next_dagrun for example_subdag_operator.section-2 to None, run_after=None
[2022-09-17 13:46:34,323] {processor.py:161} INFO - Processing /home/airflow/.local/lib/python3.7/site-packages/airflow/example_dags/example_subdag_operator.py took 0.212 seconds
[2022-09-17 13:47:04,580] {processor.py:153} INFO - Started process (PID=215) to work on /home/airflow/.local/lib/python3.7/site-packages/airflow/example_dags/example_subdag_operator.py
[2022-09-17 13:47:04,581] {processor.py:641} INFO - Processing file /home/airflow/.local/lib/python3.7/site-packages/airflow/example_dags/example_subdag_operator.py for tasks to queue
[2022-09-17 13:47:04,582] {logging_mixin.py:115} INFO - [2022-09-17 13:47:04,582] {dagbag.py:507} INFO - Filling up the DagBag from /home/airflow/.local/lib/python3.7/site-packages/airflow/example_dags/example_subdag_operator.py
[2022-09-17 13:47:04,613] {processor.py:651} INFO - DAG(s) dict_keys(['example_subdag_operator.section-1', 'example_subdag_operator.section-2', 'example_subdag_operator']) retrieved from /home/airflow/.local/lib/python3.7/site-packages/airflow/example_dags/example_subdag_operator.py
[2022-09-17 13:47:04,642] {logging_mixin.py:115} INFO - [2022-09-17 13:47:04,642] {dag.py:2371} INFO - Sync 3 DAGs
[2022-09-17 13:47:04,662] {logging_mixin.py:115} INFO - [2022-09-17 13:47:04,662] {dag.py:2919} INFO - Setting next_dagrun for example_subdag_operator to 2022-09-15T00:00:00+00:00, run_after=2022-09-15T00:00:00+00:00
[2022-09-17 13:47:04,662] {logging_mixin.py:115} INFO - [2022-09-17 13:47:04,662] {dag.py:2919} INFO - Setting next_dagrun for example_subdag_operator.section-1 to None, run_after=None
[2022-09-17 13:47:04,662] {logging_mixin.py:115} INFO - [2022-09-17 13:47:04,662] {dag.py:2919} INFO - Setting next_dagrun for example_subdag_operator.section-2 to None, run_after=None
[2022-09-17 13:47:04,668] {logging_mixin.py:115} INFO - [2022-09-17 13:47:04,668] {dag.py:2371} INFO - Sync 2 DAGs
[2022-09-17 13:47:04,673] {logging_mixin.py:115} INFO - [2022-09-17 13:47:04,673] {dag.py:2919} INFO - Setting next_dagrun for example_subdag_operator.section-1 to None, run_after=None
[2022-09-17 13:47:04,673] {logging_mixin.py:115} INFO - [2022-09-17 13:47:04,673] {dag.py:2919} INFO - Setting next_dagrun for example_subdag_operator.section-2 to None, run_after=None
[2022-09-17 13:47:04,678] {processor.py:161} INFO - Processing /home/airflow/.local/lib/python3.7/site-packages/airflow/example_dags/example_subdag_operator.py took 0.101 seconds
[2022-09-17 13:47:35,272] {processor.py:153} INFO - Started process (PID=269) to work on /home/airflow/.local/lib/python3.7/site-packages/airflow/example_dags/example_subdag_operator.py
[2022-09-17 13:47:35,278] {processor.py:641} INFO - Processing file /home/airflow/.local/lib/python3.7/site-packages/airflow/example_dags/example_subdag_operator.py for tasks to queue
[2022-09-17 13:47:35,278] {logging_mixin.py:115} INFO - [2022-09-17 13:47:35,278] {dagbag.py:507} INFO - Filling up the DagBag from /home/airflow/.local/lib/python3.7/site-packages/airflow/example_dags/example_subdag_operator.py
[2022-09-17 13:47:35,367] {processor.py:651} INFO - DAG(s) dict_keys(['example_subdag_operator.section-1', 'example_subdag_operator.section-2', 'example_subdag_operator']) retrieved from /home/airflow/.local/lib/python3.7/site-packages/airflow/example_dags/example_subdag_operator.py
[2022-09-17 13:47:35,474] {logging_mixin.py:115} INFO - [2022-09-17 13:47:35,474] {dag.py:2371} INFO - Sync 3 DAGs
[2022-09-17 13:47:35,508] {logging_mixin.py:115} INFO - [2022-09-17 13:47:35,508] {dag.py:2919} INFO - Setting next_dagrun for example_subdag_operator to 2022-09-15T00:00:00+00:00, run_after=2022-09-15T00:00:00+00:00
[2022-09-17 13:47:35,509] {logging_mixin.py:115} INFO - [2022-09-17 13:47:35,509] {dag.py:2919} INFO - Setting next_dagrun for example_subdag_operator.section-1 to None, run_after=None
[2022-09-17 13:47:35,509] {logging_mixin.py:115} INFO - [2022-09-17 13:47:35,509] {dag.py:2919} INFO - Setting next_dagrun for example_subdag_operator.section-2 to None, run_after=None
[2022-09-17 13:47:35,525] {logging_mixin.py:115} INFO - [2022-09-17 13:47:35,524] {dag.py:2371} INFO - Sync 2 DAGs
[2022-09-17 13:47:35,534] {logging_mixin.py:115} INFO - [2022-09-17 13:47:35,534] {dag.py:2919} INFO - Setting next_dagrun for example_subdag_operator.section-1 to None, run_after=None
[2022-09-17 13:47:35,535] {logging_mixin.py:115} INFO - [2022-09-17 13:47:35,535] {dag.py:2919} INFO - Setting next_dagrun for example_subdag_operator.section-2 to None, run_after=None
[2022-09-17 13:47:35,550] {processor.py:161} INFO - Processing /home/airflow/.local/lib/python3.7/site-packages/airflow/example_dags/example_subdag_operator.py took 0.298 seconds
[2022-09-17 13:48:05,725] {processor.py:153} INFO - Started process (PID=324) to work on /home/airflow/.local/lib/python3.7/site-packages/airflow/example_dags/example_subdag_operator.py
[2022-09-17 13:48:05,725] {processor.py:641} INFO - Processing file /home/airflow/.local/lib/python3.7/site-packages/airflow/example_dags/example_subdag_operator.py for tasks to queue
[2022-09-17 13:48:05,726] {logging_mixin.py:115} INFO - [2022-09-17 13:48:05,726] {dagbag.py:507} INFO - Filling up the DagBag from /home/airflow/.local/lib/python3.7/site-packages/airflow/example_dags/example_subdag_operator.py
[2022-09-17 13:48:05,765] {processor.py:651} INFO - DAG(s) dict_keys(['example_subdag_operator.section-1', 'example_subdag_operator.section-2', 'example_subdag_operator']) retrieved from /home/airflow/.local/lib/python3.7/site-packages/airflow/example_dags/example_subdag_operator.py
[2022-09-17 13:48:05,805] {logging_mixin.py:115} INFO - [2022-09-17 13:48:05,805] {dag.py:2371} INFO - Sync 3 DAGs
[2022-09-17 13:48:05,837] {logging_mixin.py:115} INFO - [2022-09-17 13:48:05,835] {dag.py:2919} INFO - Setting next_dagrun for example_subdag_operator to 2022-09-15T00:00:00+00:00, run_after=2022-09-15T00:00:00+00:00
[2022-09-17 13:48:05,839] {logging_mixin.py:115} INFO - [2022-09-17 13:48:05,838] {dag.py:2919} INFO - Setting next_dagrun for example_subdag_operator.section-1 to None, run_after=None
[2022-09-17 13:48:05,839] {logging_mixin.py:115} INFO - [2022-09-17 13:48:05,839] {dag.py:2919} INFO - Setting next_dagrun for example_subdag_operator.section-2 to None, run_after=None
[2022-09-17 13:48:05,850] {logging_mixin.py:115} INFO - [2022-09-17 13:48:05,850] {dag.py:2371} INFO - Sync 2 DAGs
[2022-09-17 13:48:05,857] {logging_mixin.py:115} INFO - [2022-09-17 13:48:05,857] {dag.py:2919} INFO - Setting next_dagrun for example_subdag_operator.section-1 to None, run_after=None
[2022-09-17 13:48:05,857] {logging_mixin.py:115} INFO - [2022-09-17 13:48:05,857] {dag.py:2919} INFO - Setting next_dagrun for example_subdag_operator.section-2 to None, run_after=None
[2022-09-17 13:48:05,864] {processor.py:161} INFO - Processing /home/airflow/.local/lib/python3.7/site-packages/airflow/example_dags/example_subdag_operator.py took 0.143 seconds
[2022-09-17 13:48:35,922] {processor.py:153} INFO - Started process (PID=376) to work on /home/airflow/.local/lib/python3.7/site-packages/airflow/example_dags/example_subdag_operator.py
[2022-09-17 13:48:35,923] {processor.py:641} INFO - Processing file /home/airflow/.local/lib/python3.7/site-packages/airflow/example_dags/example_subdag_operator.py for tasks to queue
[2022-09-17 13:48:35,923] {logging_mixin.py:115} INFO - [2022-09-17 13:48:35,923] {dagbag.py:507} INFO - Filling up the DagBag from /home/airflow/.local/lib/python3.7/site-packages/airflow/example_dags/example_subdag_operator.py
[2022-09-17 13:48:35,951] {processor.py:651} INFO - DAG(s) dict_keys(['example_subdag_operator.section-1', 'example_subdag_operator.section-2', 'example_subdag_operator']) retrieved from /home/airflow/.local/lib/python3.7/site-packages/airflow/example_dags/example_subdag_operator.py
[2022-09-17 13:48:35,987] {logging_mixin.py:115} INFO - [2022-09-17 13:48:35,987] {dag.py:2371} INFO - Sync 3 DAGs
[2022-09-17 13:48:36,015] {logging_mixin.py:115} INFO - [2022-09-17 13:48:36,014] {dag.py:2919} INFO - Setting next_dagrun for example_subdag_operator to 2022-09-15T00:00:00+00:00, run_after=2022-09-15T00:00:00+00:00
[2022-09-17 13:48:36,015] {logging_mixin.py:115} INFO - [2022-09-17 13:48:36,015] {dag.py:2919} INFO - Setting next_dagrun for example_subdag_operator.section-1 to None, run_after=None
[2022-09-17 13:48:36,016] {logging_mixin.py:115} INFO - [2022-09-17 13:48:36,016] {dag.py:2919} INFO - Setting next_dagrun for example_subdag_operator.section-2 to None, run_after=None
[2022-09-17 13:48:36,033] {logging_mixin.py:115} INFO - [2022-09-17 13:48:36,033] {dag.py:2371} INFO - Sync 2 DAGs
[2022-09-17 13:48:36,053] {logging_mixin.py:115} INFO - [2022-09-17 13:48:36,053] {dag.py:2919} INFO - Setting next_dagrun for example_subdag_operator.section-1 to None, run_after=None
[2022-09-17 13:48:36,054] {logging_mixin.py:115} INFO - [2022-09-17 13:48:36,053] {dag.py:2919} INFO - Setting next_dagrun for example_subdag_operator.section-2 to None, run_after=None
[2022-09-17 13:48:36,069] {processor.py:161} INFO - Processing /home/airflow/.local/lib/python3.7/site-packages/airflow/example_dags/example_subdag_operator.py took 0.150 seconds
[2022-09-17 13:49:06,199] {processor.py:153} INFO - Started process (PID=440) to work on /home/airflow/.local/lib/python3.7/site-packages/airflow/example_dags/example_subdag_operator.py
[2022-09-17 13:49:06,200] {processor.py:641} INFO - Processing file /home/airflow/.local/lib/python3.7/site-packages/airflow/example_dags/example_subdag_operator.py for tasks to queue
[2022-09-17 13:49:06,201] {logging_mixin.py:115} INFO - [2022-09-17 13:49:06,201] {dagbag.py:507} INFO - Filling up the DagBag from /home/airflow/.local/lib/python3.7/site-packages/airflow/example_dags/example_subdag_operator.py
[2022-09-17 13:49:06,227] {processor.py:651} INFO - DAG(s) dict_keys(['example_subdag_operator.section-1', 'example_subdag_operator.section-2', 'example_subdag_operator']) retrieved from /home/airflow/.local/lib/python3.7/site-packages/airflow/example_dags/example_subdag_operator.py
[2022-09-17 13:49:06,268] {logging_mixin.py:115} INFO - [2022-09-17 13:49:06,268] {dag.py:2371} INFO - Sync 3 DAGs
[2022-09-17 13:49:06,289] {logging_mixin.py:115} INFO - [2022-09-17 13:49:06,289] {dag.py:2919} INFO - Setting next_dagrun for example_subdag_operator to 2022-09-15T00:00:00+00:00, run_after=2022-09-15T00:00:00+00:00
[2022-09-17 13:49:06,290] {logging_mixin.py:115} INFO - [2022-09-17 13:49:06,289] {dag.py:2919} INFO - Setting next_dagrun for example_subdag_operator.section-1 to None, run_after=None
[2022-09-17 13:49:06,297] {logging_mixin.py:115} INFO - [2022-09-17 13:49:06,297] {dag.py:2919} INFO - Setting next_dagrun for example_subdag_operator.section-2 to None, run_after=None
[2022-09-17 13:49:06,307] {logging_mixin.py:115} INFO - [2022-09-17 13:49:06,307] {dag.py:2371} INFO - Sync 2 DAGs
[2022-09-17 13:49:06,312] {logging_mixin.py:115} INFO - [2022-09-17 13:49:06,312] {dag.py:2919} INFO - Setting next_dagrun for example_subdag_operator.section-1 to None, run_after=None
[2022-09-17 13:49:06,312] {logging_mixin.py:115} INFO - [2022-09-17 13:49:06,312] {dag.py:2919} INFO - Setting next_dagrun for example_subdag_operator.section-2 to None, run_after=None
[2022-09-17 13:49:06,318] {processor.py:161} INFO - Processing /home/airflow/.local/lib/python3.7/site-packages/airflow/example_dags/example_subdag_operator.py took 0.122 seconds
[2022-09-17 13:49:36,378] {processor.py:153} INFO - Started process (PID=494) to work on /home/airflow/.local/lib/python3.7/site-packages/airflow/example_dags/example_subdag_operator.py
[2022-09-17 13:49:36,378] {processor.py:641} INFO - Processing file /home/airflow/.local/lib/python3.7/site-packages/airflow/example_dags/example_subdag_operator.py for tasks to queue
[2022-09-17 13:49:36,379] {logging_mixin.py:115} INFO - [2022-09-17 13:49:36,379] {dagbag.py:507} INFO - Filling up the DagBag from /home/airflow/.local/lib/python3.7/site-packages/airflow/example_dags/example_subdag_operator.py
[2022-09-17 13:49:36,407] {processor.py:651} INFO - DAG(s) dict_keys(['example_subdag_operator.section-1', 'example_subdag_operator.section-2', 'example_subdag_operator']) retrieved from /home/airflow/.local/lib/python3.7/site-packages/airflow/example_dags/example_subdag_operator.py
[2022-09-17 13:49:36,445] {logging_mixin.py:115} INFO - [2022-09-17 13:49:36,445] {dag.py:2371} INFO - Sync 3 DAGs
[2022-09-17 13:49:36,473] {logging_mixin.py:115} INFO - [2022-09-17 13:49:36,473] {dag.py:2919} INFO - Setting next_dagrun for example_subdag_operator to 2022-09-15T00:00:00+00:00, run_after=2022-09-15T00:00:00+00:00
[2022-09-17 13:49:36,473] {logging_mixin.py:115} INFO - [2022-09-17 13:49:36,473] {dag.py:2919} INFO - Setting next_dagrun for example_subdag_operator.section-1 to None, run_after=None
[2022-09-17 13:49:36,473] {logging_mixin.py:115} INFO - [2022-09-17 13:49:36,473] {dag.py:2919} INFO - Setting next_dagrun for example_subdag_operator.section-2 to None, run_after=None
[2022-09-17 13:49:36,502] {logging_mixin.py:115} INFO - [2022-09-17 13:49:36,502] {dag.py:2371} INFO - Sync 2 DAGs
[2022-09-17 13:49:36,510] {logging_mixin.py:115} INFO - [2022-09-17 13:49:36,510] {dag.py:2919} INFO - Setting next_dagrun for example_subdag_operator.section-1 to None, run_after=None
[2022-09-17 13:49:36,510] {logging_mixin.py:115} INFO - [2022-09-17 13:49:36,510] {dag.py:2919} INFO - Setting next_dagrun for example_subdag_operator.section-2 to None, run_after=None
[2022-09-17 13:49:36,519] {processor.py:161} INFO - Processing /home/airflow/.local/lib/python3.7/site-packages/airflow/example_dags/example_subdag_operator.py took 0.145 seconds
[2022-09-17 13:50:07,386] {processor.py:153} INFO - Started process (PID=558) to work on /home/airflow/.local/lib/python3.7/site-packages/airflow/example_dags/example_subdag_operator.py
[2022-09-17 13:50:07,386] {processor.py:641} INFO - Processing file /home/airflow/.local/lib/python3.7/site-packages/airflow/example_dags/example_subdag_operator.py for tasks to queue
[2022-09-17 13:50:07,387] {logging_mixin.py:115} INFO - [2022-09-17 13:50:07,387] {dagbag.py:507} INFO - Filling up the DagBag from /home/airflow/.local/lib/python3.7/site-packages/airflow/example_dags/example_subdag_operator.py
[2022-09-17 13:50:07,419] {processor.py:651} INFO - DAG(s) dict_keys(['example_subdag_operator.section-1', 'example_subdag_operator.section-2', 'example_subdag_operator']) retrieved from /home/airflow/.local/lib/python3.7/site-packages/airflow/example_dags/example_subdag_operator.py
[2022-09-17 13:50:07,456] {logging_mixin.py:115} INFO - [2022-09-17 13:50:07,456] {dag.py:2371} INFO - Sync 3 DAGs
[2022-09-17 13:50:07,485] {logging_mixin.py:115} INFO - [2022-09-17 13:50:07,485] {dag.py:2919} INFO - Setting next_dagrun for example_subdag_operator to 2022-09-15T00:00:00+00:00, run_after=2022-09-15T00:00:00+00:00
[2022-09-17 13:50:07,486] {logging_mixin.py:115} INFO - [2022-09-17 13:50:07,486] {dag.py:2919} INFO - Setting next_dagrun for example_subdag_operator.section-1 to None, run_after=None
[2022-09-17 13:50:07,486] {logging_mixin.py:115} INFO - [2022-09-17 13:50:07,486] {dag.py:2919} INFO - Setting next_dagrun for example_subdag_operator.section-2 to None, run_after=None
[2022-09-17 13:50:07,495] {logging_mixin.py:115} INFO - [2022-09-17 13:50:07,495] {dag.py:2371} INFO - Sync 2 DAGs
[2022-09-17 13:50:07,503] {logging_mixin.py:115} INFO - [2022-09-17 13:50:07,503] {dag.py:2919} INFO - Setting next_dagrun for example_subdag_operator.section-1 to None, run_after=None
[2022-09-17 13:50:07,504] {logging_mixin.py:115} INFO - [2022-09-17 13:50:07,504] {dag.py:2919} INFO - Setting next_dagrun for example_subdag_operator.section-2 to None, run_after=None
[2022-09-17 13:50:07,512] {processor.py:161} INFO - Processing /home/airflow/.local/lib/python3.7/site-packages/airflow/example_dags/example_subdag_operator.py took 0.130 seconds
[2022-09-17 13:50:38,014] {processor.py:153} INFO - Started process (PID=621) to work on /home/airflow/.local/lib/python3.7/site-packages/airflow/example_dags/example_subdag_operator.py
[2022-09-17 13:50:38,014] {processor.py:641} INFO - Processing file /home/airflow/.local/lib/python3.7/site-packages/airflow/example_dags/example_subdag_operator.py for tasks to queue
[2022-09-17 13:50:38,015] {logging_mixin.py:115} INFO - [2022-09-17 13:50:38,015] {dagbag.py:507} INFO - Filling up the DagBag from /home/airflow/.local/lib/python3.7/site-packages/airflow/example_dags/example_subdag_operator.py
[2022-09-17 13:50:38,050] {processor.py:651} INFO - DAG(s) dict_keys(['example_subdag_operator.section-1', 'example_subdag_operator.section-2', 'example_subdag_operator']) retrieved from /home/airflow/.local/lib/python3.7/site-packages/airflow/example_dags/example_subdag_operator.py
[2022-09-17 13:50:38,094] {logging_mixin.py:115} INFO - [2022-09-17 13:50:38,094] {dag.py:2371} INFO - Sync 3 DAGs
[2022-09-17 13:50:38,131] {logging_mixin.py:115} INFO - [2022-09-17 13:50:38,130] {dag.py:2919} INFO - Setting next_dagrun for example_subdag_operator to 2022-09-15T00:00:00+00:00, run_after=2022-09-15T00:00:00+00:00
[2022-09-17 13:50:38,131] {logging_mixin.py:115} INFO - [2022-09-17 13:50:38,131] {dag.py:2919} INFO - Setting next_dagrun for example_subdag_operator.section-1 to None, run_after=None
[2022-09-17 13:50:38,133] {logging_mixin.py:115} INFO - [2022-09-17 13:50:38,133] {dag.py:2919} INFO - Setting next_dagrun for example_subdag_operator.section-2 to None, run_after=None
[2022-09-17 13:50:38,141] {logging_mixin.py:115} INFO - [2022-09-17 13:50:38,141] {dag.py:2371} INFO - Sync 2 DAGs
[2022-09-17 13:50:38,149] {logging_mixin.py:115} INFO - [2022-09-17 13:50:38,149] {dag.py:2919} INFO - Setting next_dagrun for example_subdag_operator.section-1 to None, run_after=None
[2022-09-17 13:50:38,149] {logging_mixin.py:115} INFO - [2022-09-17 13:50:38,149] {dag.py:2919} INFO - Setting next_dagrun for example_subdag_operator.section-2 to None, run_after=None
[2022-09-17 13:50:38,155] {processor.py:161} INFO - Processing /home/airflow/.local/lib/python3.7/site-packages/airflow/example_dags/example_subdag_operator.py took 0.145 seconds
[2022-09-17 13:51:08,197] {processor.py:153} INFO - Started process (PID=676) to work on /home/airflow/.local/lib/python3.7/site-packages/airflow/example_dags/example_subdag_operator.py
[2022-09-17 13:51:08,198] {processor.py:641} INFO - Processing file /home/airflow/.local/lib/python3.7/site-packages/airflow/example_dags/example_subdag_operator.py for tasks to queue
[2022-09-17 13:51:08,198] {logging_mixin.py:115} INFO - [2022-09-17 13:51:08,198] {dagbag.py:507} INFO - Filling up the DagBag from /home/airflow/.local/lib/python3.7/site-packages/airflow/example_dags/example_subdag_operator.py
[2022-09-17 13:51:08,233] {processor.py:651} INFO - DAG(s) dict_keys(['example_subdag_operator.section-1', 'example_subdag_operator.section-2', 'example_subdag_operator']) retrieved from /home/airflow/.local/lib/python3.7/site-packages/airflow/example_dags/example_subdag_operator.py
[2022-09-17 13:51:08,271] {logging_mixin.py:115} INFO - [2022-09-17 13:51:08,271] {dag.py:2371} INFO - Sync 3 DAGs
[2022-09-17 13:51:08,300] {logging_mixin.py:115} INFO - [2022-09-17 13:51:08,300] {dag.py:2919} INFO - Setting next_dagrun for example_subdag_operator to 2022-09-15T00:00:00+00:00, run_after=2022-09-15T00:00:00+00:00
[2022-09-17 13:51:08,303] {logging_mixin.py:115} INFO - [2022-09-17 13:51:08,303] {dag.py:2919} INFO - Setting next_dagrun for example_subdag_operator.section-1 to None, run_after=None
[2022-09-17 13:51:08,304] {logging_mixin.py:115} INFO - [2022-09-17 13:51:08,303] {dag.py:2919} INFO - Setting next_dagrun for example_subdag_operator.section-2 to None, run_after=None
[2022-09-17 13:51:08,311] {logging_mixin.py:115} INFO - [2022-09-17 13:51:08,311] {dag.py:2371} INFO - Sync 2 DAGs
[2022-09-17 13:51:08,316] {logging_mixin.py:115} INFO - [2022-09-17 13:51:08,316] {dag.py:2919} INFO - Setting next_dagrun for example_subdag_operator.section-1 to None, run_after=None
[2022-09-17 13:51:08,316] {logging_mixin.py:115} INFO - [2022-09-17 13:51:08,316] {dag.py:2919} INFO - Setting next_dagrun for example_subdag_operator.section-2 to None, run_after=None
[2022-09-17 13:51:08,325] {processor.py:161} INFO - Processing /home/airflow/.local/lib/python3.7/site-packages/airflow/example_dags/example_subdag_operator.py took 0.131 seconds
[2022-09-17 13:51:39,154] {processor.py:153} INFO - Started process (PID=739) to work on /home/airflow/.local/lib/python3.7/site-packages/airflow/example_dags/example_subdag_operator.py
[2022-09-17 13:51:39,155] {processor.py:641} INFO - Processing file /home/airflow/.local/lib/python3.7/site-packages/airflow/example_dags/example_subdag_operator.py for tasks to queue
[2022-09-17 13:51:39,156] {logging_mixin.py:115} INFO - [2022-09-17 13:51:39,156] {dagbag.py:507} INFO - Filling up the DagBag from /home/airflow/.local/lib/python3.7/site-packages/airflow/example_dags/example_subdag_operator.py
[2022-09-17 13:51:39,193] {processor.py:651} INFO - DAG(s) dict_keys(['example_subdag_operator.section-1', 'example_subdag_operator.section-2', 'example_subdag_operator']) retrieved from /home/airflow/.local/lib/python3.7/site-packages/airflow/example_dags/example_subdag_operator.py
[2022-09-17 13:51:39,229] {logging_mixin.py:115} INFO - [2022-09-17 13:51:39,228] {dag.py:2371} INFO - Sync 3 DAGs
[2022-09-17 13:51:39,257] {logging_mixin.py:115} INFO - [2022-09-17 13:51:39,257] {dag.py:2919} INFO - Setting next_dagrun for example_subdag_operator to 2022-09-15T00:00:00+00:00, run_after=2022-09-15T00:00:00+00:00
[2022-09-17 13:51:39,257] {logging_mixin.py:115} INFO - [2022-09-17 13:51:39,257] {dag.py:2919} INFO - Setting next_dagrun for example_subdag_operator.section-1 to None, run_after=None
[2022-09-17 13:51:39,258] {logging_mixin.py:115} INFO - [2022-09-17 13:51:39,258] {dag.py:2919} INFO - Setting next_dagrun for example_subdag_operator.section-2 to None, run_after=None
[2022-09-17 13:51:39,267] {logging_mixin.py:115} INFO - [2022-09-17 13:51:39,267] {dag.py:2371} INFO - Sync 2 DAGs
[2022-09-17 13:51:39,272] {logging_mixin.py:115} INFO - [2022-09-17 13:51:39,272] {dag.py:2919} INFO - Setting next_dagrun for example_subdag_operator.section-1 to None, run_after=None
[2022-09-17 13:51:39,273] {logging_mixin.py:115} INFO - [2022-09-17 13:51:39,273] {dag.py:2919} INFO - Setting next_dagrun for example_subdag_operator.section-2 to None, run_after=None
[2022-09-17 13:51:39,280] {processor.py:161} INFO - Processing /home/airflow/.local/lib/python3.7/site-packages/airflow/example_dags/example_subdag_operator.py took 0.130 seconds
[2022-09-17 13:52:09,487] {processor.py:153} INFO - Started process (PID=802) to work on /home/airflow/.local/lib/python3.7/site-packages/airflow/example_dags/example_subdag_operator.py
[2022-09-17 13:52:09,498] {processor.py:641} INFO - Processing file /home/airflow/.local/lib/python3.7/site-packages/airflow/example_dags/example_subdag_operator.py for tasks to queue
[2022-09-17 13:52:09,499] {logging_mixin.py:115} INFO - [2022-09-17 13:52:09,498] {dagbag.py:507} INFO - Filling up the DagBag from /home/airflow/.local/lib/python3.7/site-packages/airflow/example_dags/example_subdag_operator.py
[2022-09-17 13:52:09,550] {processor.py:651} INFO - DAG(s) dict_keys(['example_subdag_operator.section-1', 'example_subdag_operator.section-2', 'example_subdag_operator']) retrieved from /home/airflow/.local/lib/python3.7/site-packages/airflow/example_dags/example_subdag_operator.py
[2022-09-17 13:52:09,622] {logging_mixin.py:115} INFO - [2022-09-17 13:52:09,622] {dag.py:2371} INFO - Sync 3 DAGs
[2022-09-17 13:52:09,661] {logging_mixin.py:115} INFO - [2022-09-17 13:52:09,661] {dag.py:2919} INFO - Setting next_dagrun for example_subdag_operator to 2022-09-15T00:00:00+00:00, run_after=2022-09-15T00:00:00+00:00
[2022-09-17 13:52:09,661] {logging_mixin.py:115} INFO - [2022-09-17 13:52:09,661] {dag.py:2919} INFO - Setting next_dagrun for example_subdag_operator.section-1 to None, run_after=None
[2022-09-17 13:52:09,661] {logging_mixin.py:115} INFO - [2022-09-17 13:52:09,661] {dag.py:2919} INFO - Setting next_dagrun for example_subdag_operator.section-2 to None, run_after=None
[2022-09-17 13:52:09,669] {logging_mixin.py:115} INFO - [2022-09-17 13:52:09,669] {dag.py:2371} INFO - Sync 2 DAGs
[2022-09-17 13:52:09,674] {logging_mixin.py:115} INFO - [2022-09-17 13:52:09,674] {dag.py:2919} INFO - Setting next_dagrun for example_subdag_operator.section-1 to None, run_after=None
[2022-09-17 13:52:09,674] {logging_mixin.py:115} INFO - [2022-09-17 13:52:09,674] {dag.py:2919} INFO - Setting next_dagrun for example_subdag_operator.section-2 to None, run_after=None
[2022-09-17 13:52:09,681] {processor.py:161} INFO - Processing /home/airflow/.local/lib/python3.7/site-packages/airflow/example_dags/example_subdag_operator.py took 0.197 seconds
[2022-09-17 13:52:40,062] {processor.py:153} INFO - Started process (PID=856) to work on /home/airflow/.local/lib/python3.7/site-packages/airflow/example_dags/example_subdag_operator.py
[2022-09-17 13:52:40,072] {processor.py:641} INFO - Processing file /home/airflow/.local/lib/python3.7/site-packages/airflow/example_dags/example_subdag_operator.py for tasks to queue
[2022-09-17 13:52:40,073] {logging_mixin.py:115} INFO - [2022-09-17 13:52:40,073] {dagbag.py:507} INFO - Filling up the DagBag from /home/airflow/.local/lib/python3.7/site-packages/airflow/example_dags/example_subdag_operator.py
[2022-09-17 13:52:40,170] {processor.py:651} INFO - DAG(s) dict_keys(['example_subdag_operator.section-1', 'example_subdag_operator.section-2', 'example_subdag_operator']) retrieved from /home/airflow/.local/lib/python3.7/site-packages/airflow/example_dags/example_subdag_operator.py
[2022-09-17 13:52:40,272] {logging_mixin.py:115} INFO - [2022-09-17 13:52:40,272] {dag.py:2371} INFO - Sync 3 DAGs
[2022-09-17 13:52:40,360] {logging_mixin.py:115} INFO - [2022-09-17 13:52:40,359] {dag.py:2919} INFO - Setting next_dagrun for example_subdag_operator to 2022-09-15T00:00:00+00:00, run_after=2022-09-15T00:00:00+00:00
[2022-09-17 13:52:40,360] {logging_mixin.py:115} INFO - [2022-09-17 13:52:40,360] {dag.py:2919} INFO - Setting next_dagrun for example_subdag_operator.section-1 to None, run_after=None
[2022-09-17 13:52:40,360] {logging_mixin.py:115} INFO - [2022-09-17 13:52:40,360] {dag.py:2919} INFO - Setting next_dagrun for example_subdag_operator.section-2 to None, run_after=None
[2022-09-17 13:52:40,375] {logging_mixin.py:115} INFO - [2022-09-17 13:52:40,375] {dag.py:2371} INFO - Sync 2 DAGs
[2022-09-17 13:52:40,387] {logging_mixin.py:115} INFO - [2022-09-17 13:52:40,387] {dag.py:2919} INFO - Setting next_dagrun for example_subdag_operator.section-1 to None, run_after=None
[2022-09-17 13:52:40,387] {logging_mixin.py:115} INFO - [2022-09-17 13:52:40,387] {dag.py:2919} INFO - Setting next_dagrun for example_subdag_operator.section-2 to None, run_after=None
[2022-09-17 13:52:40,404] {processor.py:161} INFO - Processing /home/airflow/.local/lib/python3.7/site-packages/airflow/example_dags/example_subdag_operator.py took 0.360 seconds
[2022-09-17 13:53:10,542] {processor.py:153} INFO - Started process (PID=917) to work on /home/airflow/.local/lib/python3.7/site-packages/airflow/example_dags/example_subdag_operator.py
[2022-09-17 13:53:10,547] {processor.py:641} INFO - Processing file /home/airflow/.local/lib/python3.7/site-packages/airflow/example_dags/example_subdag_operator.py for tasks to queue
[2022-09-17 13:53:10,547] {logging_mixin.py:115} INFO - [2022-09-17 13:53:10,547] {dagbag.py:507} INFO - Filling up the DagBag from /home/airflow/.local/lib/python3.7/site-packages/airflow/example_dags/example_subdag_operator.py
[2022-09-17 13:53:10,662] {processor.py:651} INFO - DAG(s) dict_keys(['example_subdag_operator.section-1', 'example_subdag_operator.section-2', 'example_subdag_operator']) retrieved from /home/airflow/.local/lib/python3.7/site-packages/airflow/example_dags/example_subdag_operator.py
[2022-09-17 13:53:10,798] {logging_mixin.py:115} INFO - [2022-09-17 13:53:10,797] {dag.py:2371} INFO - Sync 3 DAGs
[2022-09-17 13:53:10,895] {logging_mixin.py:115} INFO - [2022-09-17 13:53:10,895] {dag.py:2919} INFO - Setting next_dagrun for example_subdag_operator to 2022-09-15T00:00:00+00:00, run_after=2022-09-15T00:00:00+00:00
[2022-09-17 13:53:10,897] {logging_mixin.py:115} INFO - [2022-09-17 13:53:10,897] {dag.py:2919} INFO - Setting next_dagrun for example_subdag_operator.section-1 to None, run_after=None
[2022-09-17 13:53:10,897] {logging_mixin.py:115} INFO - [2022-09-17 13:53:10,897] {dag.py:2919} INFO - Setting next_dagrun for example_subdag_operator.section-2 to None, run_after=None
[2022-09-17 13:53:10,919] {logging_mixin.py:115} INFO - [2022-09-17 13:53:10,919] {dag.py:2371} INFO - Sync 2 DAGs
[2022-09-17 13:53:10,930] {logging_mixin.py:115} INFO - [2022-09-17 13:53:10,930] {dag.py:2919} INFO - Setting next_dagrun for example_subdag_operator.section-1 to None, run_after=None
[2022-09-17 13:53:10,931] {logging_mixin.py:115} INFO - [2022-09-17 13:53:10,931] {dag.py:2919} INFO - Setting next_dagrun for example_subdag_operator.section-2 to None, run_after=None
[2022-09-17 13:53:10,959] {processor.py:161} INFO - Processing /home/airflow/.local/lib/python3.7/site-packages/airflow/example_dags/example_subdag_operator.py took 0.433 seconds
[2022-09-17 13:53:41,748] {processor.py:153} INFO - Started process (PID=973) to work on /home/airflow/.local/lib/python3.7/site-packages/airflow/example_dags/example_subdag_operator.py
[2022-09-17 13:53:41,749] {processor.py:641} INFO - Processing file /home/airflow/.local/lib/python3.7/site-packages/airflow/example_dags/example_subdag_operator.py for tasks to queue
[2022-09-17 13:53:41,750] {logging_mixin.py:115} INFO - [2022-09-17 13:53:41,750] {dagbag.py:507} INFO - Filling up the DagBag from /home/airflow/.local/lib/python3.7/site-packages/airflow/example_dags/example_subdag_operator.py
[2022-09-17 13:53:41,799] {processor.py:651} INFO - DAG(s) dict_keys(['example_subdag_operator.section-1', 'example_subdag_operator.section-2', 'example_subdag_operator']) retrieved from /home/airflow/.local/lib/python3.7/site-packages/airflow/example_dags/example_subdag_operator.py
[2022-09-17 13:53:41,852] {logging_mixin.py:115} INFO - [2022-09-17 13:53:41,851] {dag.py:2371} INFO - Sync 3 DAGs
[2022-09-17 13:53:41,887] {logging_mixin.py:115} INFO - [2022-09-17 13:53:41,886] {dag.py:2919} INFO - Setting next_dagrun for example_subdag_operator to 2022-09-15T00:00:00+00:00, run_after=2022-09-15T00:00:00+00:00
[2022-09-17 13:53:41,887] {logging_mixin.py:115} INFO - [2022-09-17 13:53:41,887] {dag.py:2919} INFO - Setting next_dagrun for example_subdag_operator.section-1 to None, run_after=None
[2022-09-17 13:53:41,887] {logging_mixin.py:115} INFO - [2022-09-17 13:53:41,887] {dag.py:2919} INFO - Setting next_dagrun for example_subdag_operator.section-2 to None, run_after=None
[2022-09-17 13:53:41,899] {logging_mixin.py:115} INFO - [2022-09-17 13:53:41,899] {dag.py:2371} INFO - Sync 2 DAGs
[2022-09-17 13:53:41,904] {logging_mixin.py:115} INFO - [2022-09-17 13:53:41,904] {dag.py:2919} INFO - Setting next_dagrun for example_subdag_operator.section-1 to None, run_after=None
[2022-09-17 13:53:41,904] {logging_mixin.py:115} INFO - [2022-09-17 13:53:41,904] {dag.py:2919} INFO - Setting next_dagrun for example_subdag_operator.section-2 to None, run_after=None
[2022-09-17 13:53:41,917] {processor.py:161} INFO - Processing /home/airflow/.local/lib/python3.7/site-packages/airflow/example_dags/example_subdag_operator.py took 0.177 seconds
[2022-09-17 13:54:12,166] {processor.py:153} INFO - Started process (PID=1036) to work on /home/airflow/.local/lib/python3.7/site-packages/airflow/example_dags/example_subdag_operator.py
[2022-09-17 13:54:12,168] {processor.py:641} INFO - Processing file /home/airflow/.local/lib/python3.7/site-packages/airflow/example_dags/example_subdag_operator.py for tasks to queue
[2022-09-17 13:54:12,169] {logging_mixin.py:115} INFO - [2022-09-17 13:54:12,169] {dagbag.py:507} INFO - Filling up the DagBag from /home/airflow/.local/lib/python3.7/site-packages/airflow/example_dags/example_subdag_operator.py
[2022-09-17 13:54:12,243] {processor.py:651} INFO - DAG(s) dict_keys(['example_subdag_operator.section-1', 'example_subdag_operator.section-2', 'example_subdag_operator']) retrieved from /home/airflow/.local/lib/python3.7/site-packages/airflow/example_dags/example_subdag_operator.py
[2022-09-17 13:54:12,340] {logging_mixin.py:115} INFO - [2022-09-17 13:54:12,340] {dag.py:2371} INFO - Sync 3 DAGs
[2022-09-17 13:54:12,400] {logging_mixin.py:115} INFO - [2022-09-17 13:54:12,400] {dag.py:2919} INFO - Setting next_dagrun for example_subdag_operator to 2022-09-15T00:00:00+00:00, run_after=2022-09-15T00:00:00+00:00
[2022-09-17 13:54:12,401] {logging_mixin.py:115} INFO - [2022-09-17 13:54:12,401] {dag.py:2919} INFO - Setting next_dagrun for example_subdag_operator.section-1 to None, run_after=None
[2022-09-17 13:54:12,402] {logging_mixin.py:115} INFO - [2022-09-17 13:54:12,402] {dag.py:2919} INFO - Setting next_dagrun for example_subdag_operator.section-2 to None, run_after=None
[2022-09-17 13:54:12,423] {logging_mixin.py:115} INFO - [2022-09-17 13:54:12,423] {dag.py:2371} INFO - Sync 2 DAGs
[2022-09-17 13:54:12,440] {logging_mixin.py:115} INFO - [2022-09-17 13:54:12,440] {dag.py:2919} INFO - Setting next_dagrun for example_subdag_operator.section-1 to None, run_after=None
[2022-09-17 13:54:12,441] {logging_mixin.py:115} INFO - [2022-09-17 13:54:12,441] {dag.py:2919} INFO - Setting next_dagrun for example_subdag_operator.section-2 to None, run_after=None
[2022-09-17 13:54:12,450] {processor.py:161} INFO - Processing /home/airflow/.local/lib/python3.7/site-packages/airflow/example_dags/example_subdag_operator.py took 0.289 seconds
[2022-09-17 13:54:42,530] {processor.py:153} INFO - Started process (PID=1089) to work on /home/airflow/.local/lib/python3.7/site-packages/airflow/example_dags/example_subdag_operator.py
[2022-09-17 13:54:42,530] {processor.py:641} INFO - Processing file /home/airflow/.local/lib/python3.7/site-packages/airflow/example_dags/example_subdag_operator.py for tasks to queue
[2022-09-17 13:54:42,531] {logging_mixin.py:115} INFO - [2022-09-17 13:54:42,531] {dagbag.py:507} INFO - Filling up the DagBag from /home/airflow/.local/lib/python3.7/site-packages/airflow/example_dags/example_subdag_operator.py
[2022-09-17 13:54:42,561] {processor.py:651} INFO - DAG(s) dict_keys(['example_subdag_operator.section-1', 'example_subdag_operator.section-2', 'example_subdag_operator']) retrieved from /home/airflow/.local/lib/python3.7/site-packages/airflow/example_dags/example_subdag_operator.py
[2022-09-17 13:54:42,594] {logging_mixin.py:115} INFO - [2022-09-17 13:54:42,594] {dag.py:2371} INFO - Sync 3 DAGs
[2022-09-17 13:54:42,616] {logging_mixin.py:115} INFO - [2022-09-17 13:54:42,616] {dag.py:2919} INFO - Setting next_dagrun for example_subdag_operator to 2022-09-15T00:00:00+00:00, run_after=2022-09-15T00:00:00+00:00
[2022-09-17 13:54:42,617] {logging_mixin.py:115} INFO - [2022-09-17 13:54:42,617] {dag.py:2919} INFO - Setting next_dagrun for example_subdag_operator.section-1 to None, run_after=None
[2022-09-17 13:54:42,617] {logging_mixin.py:115} INFO - [2022-09-17 13:54:42,617] {dag.py:2919} INFO - Setting next_dagrun for example_subdag_operator.section-2 to None, run_after=None
[2022-09-17 13:54:42,628] {logging_mixin.py:115} INFO - [2022-09-17 13:54:42,628] {dag.py:2371} INFO - Sync 2 DAGs
[2022-09-17 13:54:42,632] {logging_mixin.py:115} INFO - [2022-09-17 13:54:42,632] {dag.py:2919} INFO - Setting next_dagrun for example_subdag_operator.section-1 to None, run_after=None
[2022-09-17 13:54:42,633] {logging_mixin.py:115} INFO - [2022-09-17 13:54:42,633] {dag.py:2919} INFO - Setting next_dagrun for example_subdag_operator.section-2 to None, run_after=None
[2022-09-17 13:54:42,642] {processor.py:161} INFO - Processing /home/airflow/.local/lib/python3.7/site-packages/airflow/example_dags/example_subdag_operator.py took 0.116 seconds
