[2022-09-17 13:29:25,136] {processor.py:153} INFO - Started process (PID=71) to work on /home/airflow/.local/lib/python3.7/site-packages/airflow/example_dags/example_skip_dag.py
[2022-09-17 13:29:25,137] {processor.py:641} INFO - Processing file /home/airflow/.local/lib/python3.7/site-packages/airflow/example_dags/example_skip_dag.py for tasks to queue
[2022-09-17 13:29:25,138] {logging_mixin.py:115} INFO - [2022-09-17 13:29:25,137] {dagbag.py:507} INFO - Filling up the DagBag from /home/airflow/.local/lib/python3.7/site-packages/airflow/example_dags/example_skip_dag.py
[2022-09-17 13:29:25,146] {processor.py:651} INFO - DAG(s) dict_keys(['example_skip_dag']) retrieved from /home/airflow/.local/lib/python3.7/site-packages/airflow/example_dags/example_skip_dag.py
[2022-09-17 13:29:25,450] {logging_mixin.py:115} INFO - [2022-09-17 13:29:25,450] {manager.py:508} INFO - Created Permission View: can delete on DAG:example_skip_dag
[2022-09-17 13:29:25,460] {logging_mixin.py:115} INFO - [2022-09-17 13:29:25,460] {manager.py:508} INFO - Created Permission View: can edit on DAG:example_skip_dag
[2022-09-17 13:29:25,467] {logging_mixin.py:115} INFO - [2022-09-17 13:29:25,467] {manager.py:508} INFO - Created Permission View: can read on DAG:example_skip_dag
[2022-09-17 13:29:25,467] {logging_mixin.py:115} INFO - [2022-09-17 13:29:25,467] {dag.py:2371} INFO - Sync 1 DAGs
[2022-09-17 13:29:25,475] {logging_mixin.py:115} INFO - [2022-09-17 13:29:25,475] {dag.py:2390} INFO - Creating ORM DAG for example_skip_dag
[2022-09-17 13:29:25,493] {logging_mixin.py:115} INFO - [2022-09-17 13:29:25,492] {dag.py:2919} INFO - Setting next_dagrun for example_skip_dag to 2022-09-16T13:29:25.492647+00:00, run_after=2022-09-17T13:29:25.492647+00:00
[2022-09-17 13:29:25,505] {processor.py:161} INFO - Processing /home/airflow/.local/lib/python3.7/site-packages/airflow/example_dags/example_skip_dag.py took 0.373 seconds
[2022-09-17 13:30:00,022] {processor.py:153} INFO - Started process (PID=122) to work on /home/airflow/.local/lib/python3.7/site-packages/airflow/example_dags/example_skip_dag.py
[2022-09-17 13:30:00,029] {processor.py:641} INFO - Processing file /home/airflow/.local/lib/python3.7/site-packages/airflow/example_dags/example_skip_dag.py for tasks to queue
[2022-09-17 13:30:00,030] {logging_mixin.py:115} INFO - [2022-09-17 13:30:00,030] {dagbag.py:507} INFO - Filling up the DagBag from /home/airflow/.local/lib/python3.7/site-packages/airflow/example_dags/example_skip_dag.py
[2022-09-17 13:30:00,053] {processor.py:651} INFO - DAG(s) dict_keys(['example_skip_dag']) retrieved from /home/airflow/.local/lib/python3.7/site-packages/airflow/example_dags/example_skip_dag.py
[2022-09-17 13:30:00,171] {logging_mixin.py:115} INFO - [2022-09-17 13:30:00,171] {dag.py:2371} INFO - Sync 1 DAGs
[2022-09-17 13:30:00,313] {logging_mixin.py:115} INFO - [2022-09-17 13:30:00,313] {dag.py:2919} INFO - Setting next_dagrun for example_skip_dag to 2022-09-16T13:30:00.313062+00:00, run_after=2022-09-17T13:30:00.313062+00:00
[2022-09-17 13:30:00,376] {processor.py:161} INFO - Processing /home/airflow/.local/lib/python3.7/site-packages/airflow/example_dags/example_skip_dag.py took 0.360 seconds
[2022-09-17 13:30:30,839] {processor.py:153} INFO - Started process (PID=174) to work on /home/airflow/.local/lib/python3.7/site-packages/airflow/example_dags/example_skip_dag.py
[2022-09-17 13:30:30,839] {processor.py:641} INFO - Processing file /home/airflow/.local/lib/python3.7/site-packages/airflow/example_dags/example_skip_dag.py for tasks to queue
[2022-09-17 13:30:30,840] {logging_mixin.py:115} INFO - [2022-09-17 13:30:30,840] {dagbag.py:507} INFO - Filling up the DagBag from /home/airflow/.local/lib/python3.7/site-packages/airflow/example_dags/example_skip_dag.py
[2022-09-17 13:30:30,848] {processor.py:651} INFO - DAG(s) dict_keys(['example_skip_dag']) retrieved from /home/airflow/.local/lib/python3.7/site-packages/airflow/example_dags/example_skip_dag.py
[2022-09-17 13:30:30,911] {logging_mixin.py:115} INFO - [2022-09-17 13:30:30,911] {dag.py:2371} INFO - Sync 1 DAGs
[2022-09-17 13:30:30,965] {logging_mixin.py:115} INFO - [2022-09-17 13:30:30,965] {dag.py:2919} INFO - Setting next_dagrun for example_skip_dag to 2022-09-16T13:30:30.965248+00:00, run_after=2022-09-17T13:30:30.965248+00:00
[2022-09-17 13:30:30,983] {processor.py:161} INFO - Processing /home/airflow/.local/lib/python3.7/site-packages/airflow/example_dags/example_skip_dag.py took 0.149 seconds
[2022-09-17 13:31:02,281] {processor.py:153} INFO - Started process (PID=226) to work on /home/airflow/.local/lib/python3.7/site-packages/airflow/example_dags/example_skip_dag.py
[2022-09-17 13:31:02,283] {processor.py:641} INFO - Processing file /home/airflow/.local/lib/python3.7/site-packages/airflow/example_dags/example_skip_dag.py for tasks to queue
[2022-09-17 13:31:02,284] {logging_mixin.py:115} INFO - [2022-09-17 13:31:02,284] {dagbag.py:507} INFO - Filling up the DagBag from /home/airflow/.local/lib/python3.7/site-packages/airflow/example_dags/example_skip_dag.py
[2022-09-17 13:31:02,306] {processor.py:651} INFO - DAG(s) dict_keys(['example_skip_dag']) retrieved from /home/airflow/.local/lib/python3.7/site-packages/airflow/example_dags/example_skip_dag.py
[2022-09-17 13:31:02,352] {logging_mixin.py:115} INFO - [2022-09-17 13:31:02,352] {dag.py:2371} INFO - Sync 1 DAGs
[2022-09-17 13:31:02,380] {logging_mixin.py:115} INFO - [2022-09-17 13:31:02,380] {dag.py:2919} INFO - Setting next_dagrun for example_skip_dag to 2022-09-16T13:31:02.379820+00:00, run_after=2022-09-17T13:31:02.379820+00:00
[2022-09-17 13:31:02,392] {processor.py:161} INFO - Processing /home/airflow/.local/lib/python3.7/site-packages/airflow/example_dags/example_skip_dag.py took 0.115 seconds
[2022-09-17 13:31:33,158] {processor.py:153} INFO - Started process (PID=286) to work on /home/airflow/.local/lib/python3.7/site-packages/airflow/example_dags/example_skip_dag.py
[2022-09-17 13:31:33,168] {processor.py:641} INFO - Processing file /home/airflow/.local/lib/python3.7/site-packages/airflow/example_dags/example_skip_dag.py for tasks to queue
[2022-09-17 13:31:33,169] {logging_mixin.py:115} INFO - [2022-09-17 13:31:33,169] {dagbag.py:507} INFO - Filling up the DagBag from /home/airflow/.local/lib/python3.7/site-packages/airflow/example_dags/example_skip_dag.py
[2022-09-17 13:31:33,194] {processor.py:651} INFO - DAG(s) dict_keys(['example_skip_dag']) retrieved from /home/airflow/.local/lib/python3.7/site-packages/airflow/example_dags/example_skip_dag.py
[2022-09-17 13:31:33,329] {logging_mixin.py:115} INFO - [2022-09-17 13:31:33,329] {dag.py:2371} INFO - Sync 1 DAGs
[2022-09-17 13:31:33,438] {logging_mixin.py:115} INFO - [2022-09-17 13:31:33,438] {dag.py:2919} INFO - Setting next_dagrun for example_skip_dag to 2022-09-16T13:31:33.436304+00:00, run_after=2022-09-17T13:31:33.436304+00:00
[2022-09-17 13:31:33,497] {processor.py:161} INFO - Processing /home/airflow/.local/lib/python3.7/site-packages/airflow/example_dags/example_skip_dag.py took 0.360 seconds
[2022-09-17 13:32:03,555] {processor.py:153} INFO - Started process (PID=337) to work on /home/airflow/.local/lib/python3.7/site-packages/airflow/example_dags/example_skip_dag.py
[2022-09-17 13:32:03,556] {processor.py:641} INFO - Processing file /home/airflow/.local/lib/python3.7/site-packages/airflow/example_dags/example_skip_dag.py for tasks to queue
[2022-09-17 13:32:03,556] {logging_mixin.py:115} INFO - [2022-09-17 13:32:03,556] {dagbag.py:507} INFO - Filling up the DagBag from /home/airflow/.local/lib/python3.7/site-packages/airflow/example_dags/example_skip_dag.py
[2022-09-17 13:32:03,565] {processor.py:651} INFO - DAG(s) dict_keys(['example_skip_dag']) retrieved from /home/airflow/.local/lib/python3.7/site-packages/airflow/example_dags/example_skip_dag.py
[2022-09-17 13:32:03,602] {logging_mixin.py:115} INFO - [2022-09-17 13:32:03,602] {dag.py:2371} INFO - Sync 1 DAGs
[2022-09-17 13:32:03,630] {logging_mixin.py:115} INFO - [2022-09-17 13:32:03,630] {dag.py:2919} INFO - Setting next_dagrun for example_skip_dag to 2022-09-16T13:32:03.630145+00:00, run_after=2022-09-17T13:32:03.630145+00:00
[2022-09-17 13:32:03,641] {processor.py:161} INFO - Processing /home/airflow/.local/lib/python3.7/site-packages/airflow/example_dags/example_skip_dag.py took 0.090 seconds
[2022-09-17 13:32:35,035] {processor.py:153} INFO - Started process (PID=399) to work on /home/airflow/.local/lib/python3.7/site-packages/airflow/example_dags/example_skip_dag.py
[2022-09-17 13:32:35,084] {processor.py:641} INFO - Processing file /home/airflow/.local/lib/python3.7/site-packages/airflow/example_dags/example_skip_dag.py for tasks to queue
[2022-09-17 13:32:35,129] {logging_mixin.py:115} INFO - [2022-09-17 13:32:35,129] {dagbag.py:507} INFO - Filling up the DagBag from /home/airflow/.local/lib/python3.7/site-packages/airflow/example_dags/example_skip_dag.py
[2022-09-17 13:32:35,177] {processor.py:651} INFO - DAG(s) dict_keys(['example_skip_dag']) retrieved from /home/airflow/.local/lib/python3.7/site-packages/airflow/example_dags/example_skip_dag.py
[2022-09-17 13:32:35,265] {logging_mixin.py:115} INFO - [2022-09-17 13:32:35,265] {dag.py:2371} INFO - Sync 1 DAGs
[2022-09-17 13:32:35,324] {logging_mixin.py:115} INFO - [2022-09-17 13:32:35,324] {dag.py:2919} INFO - Setting next_dagrun for example_skip_dag to 2022-09-16T13:32:35.323832+00:00, run_after=2022-09-17T13:32:35.323832+00:00
[2022-09-17 13:32:35,341] {processor.py:161} INFO - Processing /home/airflow/.local/lib/python3.7/site-packages/airflow/example_dags/example_skip_dag.py took 0.329 seconds
[2022-09-17 13:33:14,773] {processor.py:153} INFO - Started process (PID=461) to work on /home/airflow/.local/lib/python3.7/site-packages/airflow/example_dags/example_skip_dag.py
[2022-09-17 13:33:14,774] {processor.py:641} INFO - Processing file /home/airflow/.local/lib/python3.7/site-packages/airflow/example_dags/example_skip_dag.py for tasks to queue
[2022-09-17 13:33:14,775] {logging_mixin.py:115} INFO - [2022-09-17 13:33:14,775] {dagbag.py:507} INFO - Filling up the DagBag from /home/airflow/.local/lib/python3.7/site-packages/airflow/example_dags/example_skip_dag.py
[2022-09-17 13:33:14,793] {processor.py:651} INFO - DAG(s) dict_keys(['example_skip_dag']) retrieved from /home/airflow/.local/lib/python3.7/site-packages/airflow/example_dags/example_skip_dag.py
[2022-09-17 13:33:14,840] {logging_mixin.py:115} INFO - [2022-09-17 13:33:14,839] {dag.py:2371} INFO - Sync 1 DAGs
[2022-09-17 13:33:15,083] {logging_mixin.py:115} INFO - [2022-09-17 13:33:15,083] {dag.py:2919} INFO - Setting next_dagrun for example_skip_dag to 2022-09-16T13:33:15.082908+00:00, run_after=2022-09-17T13:33:15.082908+00:00
[2022-09-17 13:33:15,097] {processor.py:161} INFO - Processing /home/airflow/.local/lib/python3.7/site-packages/airflow/example_dags/example_skip_dag.py took 0.329 seconds
[2022-09-17 13:33:45,290] {processor.py:153} INFO - Started process (PID=513) to work on /home/airflow/.local/lib/python3.7/site-packages/airflow/example_dags/example_skip_dag.py
[2022-09-17 13:33:45,291] {processor.py:641} INFO - Processing file /home/airflow/.local/lib/python3.7/site-packages/airflow/example_dags/example_skip_dag.py for tasks to queue
[2022-09-17 13:33:45,292] {logging_mixin.py:115} INFO - [2022-09-17 13:33:45,292] {dagbag.py:507} INFO - Filling up the DagBag from /home/airflow/.local/lib/python3.7/site-packages/airflow/example_dags/example_skip_dag.py
[2022-09-17 13:33:45,299] {processor.py:651} INFO - DAG(s) dict_keys(['example_skip_dag']) retrieved from /home/airflow/.local/lib/python3.7/site-packages/airflow/example_dags/example_skip_dag.py
[2022-09-17 13:33:45,332] {logging_mixin.py:115} INFO - [2022-09-17 13:33:45,332] {dag.py:2371} INFO - Sync 1 DAGs
[2022-09-17 13:33:45,507] {logging_mixin.py:115} INFO - [2022-09-17 13:33:45,507] {dag.py:2919} INFO - Setting next_dagrun for example_skip_dag to 2022-09-16T13:33:45.506793+00:00, run_after=2022-09-17T13:33:45.506793+00:00
[2022-09-17 13:33:45,519] {processor.py:161} INFO - Processing /home/airflow/.local/lib/python3.7/site-packages/airflow/example_dags/example_skip_dag.py took 0.232 seconds
[2022-09-17 13:34:18,426] {processor.py:153} INFO - Started process (PID=566) to work on /home/airflow/.local/lib/python3.7/site-packages/airflow/example_dags/example_skip_dag.py
[2022-09-17 13:34:18,427] {processor.py:641} INFO - Processing file /home/airflow/.local/lib/python3.7/site-packages/airflow/example_dags/example_skip_dag.py for tasks to queue
[2022-09-17 13:34:18,428] {logging_mixin.py:115} INFO - [2022-09-17 13:34:18,428] {dagbag.py:507} INFO - Filling up the DagBag from /home/airflow/.local/lib/python3.7/site-packages/airflow/example_dags/example_skip_dag.py
[2022-09-17 13:34:18,435] {processor.py:651} INFO - DAG(s) dict_keys(['example_skip_dag']) retrieved from /home/airflow/.local/lib/python3.7/site-packages/airflow/example_dags/example_skip_dag.py
[2022-09-17 13:34:18,470] {logging_mixin.py:115} INFO - [2022-09-17 13:34:18,470] {dag.py:2371} INFO - Sync 1 DAGs
[2022-09-17 13:34:18,716] {logging_mixin.py:115} INFO - [2022-09-17 13:34:18,716] {dag.py:2919} INFO - Setting next_dagrun for example_skip_dag to 2022-09-16T13:34:18.716424+00:00, run_after=2022-09-17T13:34:18.716424+00:00
[2022-09-17 13:34:18,726] {processor.py:161} INFO - Processing /home/airflow/.local/lib/python3.7/site-packages/airflow/example_dags/example_skip_dag.py took 0.304 seconds
[2022-09-17 13:34:49,266] {processor.py:153} INFO - Started process (PID=626) to work on /home/airflow/.local/lib/python3.7/site-packages/airflow/example_dags/example_skip_dag.py
[2022-09-17 13:34:49,267] {processor.py:641} INFO - Processing file /home/airflow/.local/lib/python3.7/site-packages/airflow/example_dags/example_skip_dag.py for tasks to queue
[2022-09-17 13:34:49,268] {logging_mixin.py:115} INFO - [2022-09-17 13:34:49,268] {dagbag.py:507} INFO - Filling up the DagBag from /home/airflow/.local/lib/python3.7/site-packages/airflow/example_dags/example_skip_dag.py
[2022-09-17 13:34:49,279] {processor.py:651} INFO - DAG(s) dict_keys(['example_skip_dag']) retrieved from /home/airflow/.local/lib/python3.7/site-packages/airflow/example_dags/example_skip_dag.py
[2022-09-17 13:34:49,324] {logging_mixin.py:115} INFO - [2022-09-17 13:34:49,324] {dag.py:2371} INFO - Sync 1 DAGs
[2022-09-17 13:34:49,550] {logging_mixin.py:115} INFO - [2022-09-17 13:34:49,550] {dag.py:2919} INFO - Setting next_dagrun for example_skip_dag to 2022-09-16T13:34:49.549871+00:00, run_after=2022-09-17T13:34:49.549871+00:00
[2022-09-17 13:34:49,564] {processor.py:161} INFO - Processing /home/airflow/.local/lib/python3.7/site-packages/airflow/example_dags/example_skip_dag.py took 0.306 seconds
[2022-09-17 13:35:19,840] {processor.py:153} INFO - Started process (PID=677) to work on /home/airflow/.local/lib/python3.7/site-packages/airflow/example_dags/example_skip_dag.py
[2022-09-17 13:35:19,841] {processor.py:641} INFO - Processing file /home/airflow/.local/lib/python3.7/site-packages/airflow/example_dags/example_skip_dag.py for tasks to queue
[2022-09-17 13:35:19,842] {logging_mixin.py:115} INFO - [2022-09-17 13:35:19,841] {dagbag.py:507} INFO - Filling up the DagBag from /home/airflow/.local/lib/python3.7/site-packages/airflow/example_dags/example_skip_dag.py
[2022-09-17 13:35:19,849] {processor.py:651} INFO - DAG(s) dict_keys(['example_skip_dag']) retrieved from /home/airflow/.local/lib/python3.7/site-packages/airflow/example_dags/example_skip_dag.py
[2022-09-17 13:35:19,882] {logging_mixin.py:115} INFO - [2022-09-17 13:35:19,881] {dag.py:2371} INFO - Sync 1 DAGs
[2022-09-17 13:35:20,072] {logging_mixin.py:115} INFO - [2022-09-17 13:35:20,072] {dag.py:2919} INFO - Setting next_dagrun for example_skip_dag to 2022-09-16T13:35:20.072311+00:00, run_after=2022-09-17T13:35:20.072311+00:00
[2022-09-17 13:35:20,082] {processor.py:161} INFO - Processing /home/airflow/.local/lib/python3.7/site-packages/airflow/example_dags/example_skip_dag.py took 0.246 seconds
[2022-09-17 13:35:50,900] {processor.py:153} INFO - Started process (PID=736) to work on /home/airflow/.local/lib/python3.7/site-packages/airflow/example_dags/example_skip_dag.py
[2022-09-17 13:35:50,901] {processor.py:641} INFO - Processing file /home/airflow/.local/lib/python3.7/site-packages/airflow/example_dags/example_skip_dag.py for tasks to queue
[2022-09-17 13:35:50,902] {logging_mixin.py:115} INFO - [2022-09-17 13:35:50,902] {dagbag.py:507} INFO - Filling up the DagBag from /home/airflow/.local/lib/python3.7/site-packages/airflow/example_dags/example_skip_dag.py
[2022-09-17 13:35:50,911] {processor.py:651} INFO - DAG(s) dict_keys(['example_skip_dag']) retrieved from /home/airflow/.local/lib/python3.7/site-packages/airflow/example_dags/example_skip_dag.py
[2022-09-17 13:35:50,988] {logging_mixin.py:115} INFO - [2022-09-17 13:35:50,988] {dag.py:2371} INFO - Sync 1 DAGs
[2022-09-17 13:35:51,449] {logging_mixin.py:115} INFO - [2022-09-17 13:35:51,449] {dag.py:2919} INFO - Setting next_dagrun for example_skip_dag to 2022-09-16T13:35:51.448744+00:00, run_after=2022-09-17T13:35:51.448744+00:00
[2022-09-17 13:35:51,463] {processor.py:161} INFO - Processing /home/airflow/.local/lib/python3.7/site-packages/airflow/example_dags/example_skip_dag.py took 0.574 seconds
[2022-09-17 13:36:22,850] {processor.py:153} INFO - Started process (PID=789) to work on /home/airflow/.local/lib/python3.7/site-packages/airflow/example_dags/example_skip_dag.py
[2022-09-17 13:36:22,852] {processor.py:641} INFO - Processing file /home/airflow/.local/lib/python3.7/site-packages/airflow/example_dags/example_skip_dag.py for tasks to queue
[2022-09-17 13:36:22,853] {logging_mixin.py:115} INFO - [2022-09-17 13:36:22,853] {dagbag.py:507} INFO - Filling up the DagBag from /home/airflow/.local/lib/python3.7/site-packages/airflow/example_dags/example_skip_dag.py
[2022-09-17 13:36:22,912] {processor.py:651} INFO - DAG(s) dict_keys(['example_skip_dag']) retrieved from /home/airflow/.local/lib/python3.7/site-packages/airflow/example_dags/example_skip_dag.py
[2022-09-17 13:36:23,086] {logging_mixin.py:115} INFO - [2022-09-17 13:36:23,083] {dag.py:2371} INFO - Sync 1 DAGs
[2022-09-17 13:36:23,677] {logging_mixin.py:115} INFO - [2022-09-17 13:36:23,677] {dag.py:2919} INFO - Setting next_dagrun for example_skip_dag to 2022-09-16T13:36:23.676529+00:00, run_after=2022-09-17T13:36:23.676529+00:00
[2022-09-17 13:36:23,691] {processor.py:161} INFO - Processing /home/airflow/.local/lib/python3.7/site-packages/airflow/example_dags/example_skip_dag.py took 0.889 seconds
[2022-09-17 13:36:53,775] {processor.py:153} INFO - Started process (PID=847) to work on /home/airflow/.local/lib/python3.7/site-packages/airflow/example_dags/example_skip_dag.py
[2022-09-17 13:36:53,784] {processor.py:641} INFO - Processing file /home/airflow/.local/lib/python3.7/site-packages/airflow/example_dags/example_skip_dag.py for tasks to queue
[2022-09-17 13:36:53,785] {logging_mixin.py:115} INFO - [2022-09-17 13:36:53,785] {dagbag.py:507} INFO - Filling up the DagBag from /home/airflow/.local/lib/python3.7/site-packages/airflow/example_dags/example_skip_dag.py
[2022-09-17 13:36:53,803] {processor.py:651} INFO - DAG(s) dict_keys(['example_skip_dag']) retrieved from /home/airflow/.local/lib/python3.7/site-packages/airflow/example_dags/example_skip_dag.py
[2022-09-17 13:36:53,973] {logging_mixin.py:115} INFO - [2022-09-17 13:36:53,973] {dag.py:2371} INFO - Sync 1 DAGs
[2022-09-17 13:36:54,846] {logging_mixin.py:115} INFO - [2022-09-17 13:36:54,846] {dag.py:2919} INFO - Setting next_dagrun for example_skip_dag to 2022-09-16T13:36:54.845628+00:00, run_after=2022-09-17T13:36:54.845628+00:00
[2022-09-17 13:36:54,935] {processor.py:161} INFO - Processing /home/airflow/.local/lib/python3.7/site-packages/airflow/example_dags/example_skip_dag.py took 1.171 seconds
[2022-09-17 13:37:25,160] {processor.py:153} INFO - Started process (PID=892) to work on /home/airflow/.local/lib/python3.7/site-packages/airflow/example_dags/example_skip_dag.py
[2022-09-17 13:37:25,164] {processor.py:641} INFO - Processing file /home/airflow/.local/lib/python3.7/site-packages/airflow/example_dags/example_skip_dag.py for tasks to queue
[2022-09-17 13:37:25,167] {logging_mixin.py:115} INFO - [2022-09-17 13:37:25,167] {dagbag.py:507} INFO - Filling up the DagBag from /home/airflow/.local/lib/python3.7/site-packages/airflow/example_dags/example_skip_dag.py
[2022-09-17 13:37:25,188] {processor.py:651} INFO - DAG(s) dict_keys(['example_skip_dag']) retrieved from /home/airflow/.local/lib/python3.7/site-packages/airflow/example_dags/example_skip_dag.py
[2022-09-17 13:37:25,285] {logging_mixin.py:115} INFO - [2022-09-17 13:37:25,285] {dag.py:2371} INFO - Sync 1 DAGs
[2022-09-17 13:37:25,612] {logging_mixin.py:115} INFO - [2022-09-17 13:37:25,612] {dag.py:2919} INFO - Setting next_dagrun for example_skip_dag to 2022-09-16T13:37:25.610989+00:00, run_after=2022-09-17T13:37:25.610989+00:00
[2022-09-17 13:37:25,631] {processor.py:161} INFO - Processing /home/airflow/.local/lib/python3.7/site-packages/airflow/example_dags/example_skip_dag.py took 0.484 seconds
[2022-09-17 13:39:26,265] {processor.py:153} INFO - Started process (PID=947) to work on /home/airflow/.local/lib/python3.7/site-packages/airflow/example_dags/example_skip_dag.py
[2022-09-17 13:39:26,271] {processor.py:641} INFO - Processing file /home/airflow/.local/lib/python3.7/site-packages/airflow/example_dags/example_skip_dag.py for tasks to queue
[2022-09-17 13:39:26,273] {logging_mixin.py:115} INFO - [2022-09-17 13:39:26,273] {dagbag.py:507} INFO - Filling up the DagBag from /home/airflow/.local/lib/python3.7/site-packages/airflow/example_dags/example_skip_dag.py
[2022-09-17 13:39:26,281] {processor.py:651} INFO - DAG(s) dict_keys(['example_skip_dag']) retrieved from /home/airflow/.local/lib/python3.7/site-packages/airflow/example_dags/example_skip_dag.py
[2022-09-17 13:39:26,341] {logging_mixin.py:115} INFO - [2022-09-17 13:39:26,340] {dag.py:2371} INFO - Sync 1 DAGs
[2022-09-17 13:39:26,612] {logging_mixin.py:115} INFO - [2022-09-17 13:39:26,612] {dag.py:2919} INFO - Setting next_dagrun for example_skip_dag to 2022-09-16T13:39:26.612664+00:00, run_after=2022-09-17T13:39:26.612664+00:00
[2022-09-17 13:39:26,640] {processor.py:161} INFO - Processing /home/airflow/.local/lib/python3.7/site-packages/airflow/example_dags/example_skip_dag.py took 0.379 seconds
[2022-09-17 13:39:57,186] {processor.py:153} INFO - Started process (PID=999) to work on /home/airflow/.local/lib/python3.7/site-packages/airflow/example_dags/example_skip_dag.py
[2022-09-17 13:39:57,197] {processor.py:641} INFO - Processing file /home/airflow/.local/lib/python3.7/site-packages/airflow/example_dags/example_skip_dag.py for tasks to queue
[2022-09-17 13:39:57,198] {logging_mixin.py:115} INFO - [2022-09-17 13:39:57,197] {dagbag.py:507} INFO - Filling up the DagBag from /home/airflow/.local/lib/python3.7/site-packages/airflow/example_dags/example_skip_dag.py
[2022-09-17 13:39:57,209] {processor.py:651} INFO - DAG(s) dict_keys(['example_skip_dag']) retrieved from /home/airflow/.local/lib/python3.7/site-packages/airflow/example_dags/example_skip_dag.py
[2022-09-17 13:39:57,275] {logging_mixin.py:115} INFO - [2022-09-17 13:39:57,275] {dag.py:2371} INFO - Sync 1 DAGs
[2022-09-17 13:39:57,674] {logging_mixin.py:115} INFO - [2022-09-17 13:39:57,674] {dag.py:2919} INFO - Setting next_dagrun for example_skip_dag to 2022-09-16T13:39:57.674097+00:00, run_after=2022-09-17T13:39:57.674097+00:00
[2022-09-17 13:39:57,698] {processor.py:161} INFO - Processing /home/airflow/.local/lib/python3.7/site-packages/airflow/example_dags/example_skip_dag.py took 0.517 seconds
[2022-09-17 13:40:31,125] {processor.py:153} INFO - Started process (PID=1053) to work on /home/airflow/.local/lib/python3.7/site-packages/airflow/example_dags/example_skip_dag.py
[2022-09-17 13:40:31,144] {processor.py:641} INFO - Processing file /home/airflow/.local/lib/python3.7/site-packages/airflow/example_dags/example_skip_dag.py for tasks to queue
[2022-09-17 13:40:31,145] {logging_mixin.py:115} INFO - [2022-09-17 13:40:31,145] {dagbag.py:507} INFO - Filling up the DagBag from /home/airflow/.local/lib/python3.7/site-packages/airflow/example_dags/example_skip_dag.py
[2022-09-17 13:40:31,191] {processor.py:651} INFO - DAG(s) dict_keys(['example_skip_dag']) retrieved from /home/airflow/.local/lib/python3.7/site-packages/airflow/example_dags/example_skip_dag.py
[2022-09-17 13:40:31,453] {logging_mixin.py:115} INFO - [2022-09-17 13:40:31,452] {dag.py:2371} INFO - Sync 1 DAGs
[2022-09-17 13:40:32,422] {logging_mixin.py:115} INFO - [2022-09-17 13:40:32,413] {dag.py:2919} INFO - Setting next_dagrun for example_skip_dag to 2022-09-16T13:40:32.413358+00:00, run_after=2022-09-17T13:40:32.413358+00:00
[2022-09-17 13:40:32,498] {processor.py:161} INFO - Processing /home/airflow/.local/lib/python3.7/site-packages/airflow/example_dags/example_skip_dag.py took 1.387 seconds
[2022-09-17 13:45:33,382] {processor.py:153} INFO - Started process (PID=64) to work on /home/airflow/.local/lib/python3.7/site-packages/airflow/example_dags/example_skip_dag.py
[2022-09-17 13:45:33,386] {processor.py:641} INFO - Processing file /home/airflow/.local/lib/python3.7/site-packages/airflow/example_dags/example_skip_dag.py for tasks to queue
[2022-09-17 13:45:33,408] {logging_mixin.py:115} INFO - [2022-09-17 13:45:33,408] {dagbag.py:507} INFO - Filling up the DagBag from /home/airflow/.local/lib/python3.7/site-packages/airflow/example_dags/example_skip_dag.py
[2022-09-17 13:45:33,585] {processor.py:651} INFO - DAG(s) dict_keys(['example_skip_dag']) retrieved from /home/airflow/.local/lib/python3.7/site-packages/airflow/example_dags/example_skip_dag.py
[2022-09-17 13:45:34,333] {logging_mixin.py:115} INFO - [2022-09-17 13:45:34,326] {dag.py:2371} INFO - Sync 1 DAGs
[2022-09-17 13:45:34,764] {logging_mixin.py:115} INFO - [2022-09-17 13:45:34,764] {dag.py:2919} INFO - Setting next_dagrun for example_skip_dag to 2022-09-16T13:45:34.764565+00:00, run_after=2022-09-17T13:45:34.764565+00:00
[2022-09-17 13:45:34,878] {processor.py:161} INFO - Processing /home/airflow/.local/lib/python3.7/site-packages/airflow/example_dags/example_skip_dag.py took 1.589 seconds
[2022-09-17 13:46:06,148] {processor.py:153} INFO - Started process (PID=117) to work on /home/airflow/.local/lib/python3.7/site-packages/airflow/example_dags/example_skip_dag.py
[2022-09-17 13:46:06,167] {processor.py:641} INFO - Processing file /home/airflow/.local/lib/python3.7/site-packages/airflow/example_dags/example_skip_dag.py for tasks to queue
[2022-09-17 13:46:06,174] {logging_mixin.py:115} INFO - [2022-09-17 13:46:06,174] {dagbag.py:507} INFO - Filling up the DagBag from /home/airflow/.local/lib/python3.7/site-packages/airflow/example_dags/example_skip_dag.py
[2022-09-17 13:46:06,197] {processor.py:651} INFO - DAG(s) dict_keys(['example_skip_dag']) retrieved from /home/airflow/.local/lib/python3.7/site-packages/airflow/example_dags/example_skip_dag.py
[2022-09-17 13:46:06,399] {logging_mixin.py:115} INFO - [2022-09-17 13:46:06,398] {dag.py:2371} INFO - Sync 1 DAGs
[2022-09-17 13:46:06,577] {logging_mixin.py:115} INFO - [2022-09-17 13:46:06,577] {dag.py:2919} INFO - Setting next_dagrun for example_skip_dag to 2022-09-16T13:46:06.577187+00:00, run_after=2022-09-17T13:46:06.577187+00:00
[2022-09-17 13:46:06,636] {processor.py:161} INFO - Processing /home/airflow/.local/lib/python3.7/site-packages/airflow/example_dags/example_skip_dag.py took 0.514 seconds
[2022-09-17 13:46:37,296] {processor.py:153} INFO - Started process (PID=171) to work on /home/airflow/.local/lib/python3.7/site-packages/airflow/example_dags/example_skip_dag.py
[2022-09-17 13:46:37,302] {processor.py:641} INFO - Processing file /home/airflow/.local/lib/python3.7/site-packages/airflow/example_dags/example_skip_dag.py for tasks to queue
[2022-09-17 13:46:37,303] {logging_mixin.py:115} INFO - [2022-09-17 13:46:37,303] {dagbag.py:507} INFO - Filling up the DagBag from /home/airflow/.local/lib/python3.7/site-packages/airflow/example_dags/example_skip_dag.py
[2022-09-17 13:46:37,330] {processor.py:651} INFO - DAG(s) dict_keys(['example_skip_dag']) retrieved from /home/airflow/.local/lib/python3.7/site-packages/airflow/example_dags/example_skip_dag.py
[2022-09-17 13:46:37,395] {logging_mixin.py:115} INFO - [2022-09-17 13:46:37,395] {dag.py:2371} INFO - Sync 1 DAGs
[2022-09-17 13:46:37,457] {logging_mixin.py:115} INFO - [2022-09-17 13:46:37,457] {dag.py:2919} INFO - Setting next_dagrun for example_skip_dag to 2022-09-16T13:46:37.457628+00:00, run_after=2022-09-17T13:46:37.457628+00:00
[2022-09-17 13:46:37,514] {processor.py:161} INFO - Processing /home/airflow/.local/lib/python3.7/site-packages/airflow/example_dags/example_skip_dag.py took 0.237 seconds
[2022-09-17 13:47:08,040] {processor.py:153} INFO - Started process (PID=225) to work on /home/airflow/.local/lib/python3.7/site-packages/airflow/example_dags/example_skip_dag.py
[2022-09-17 13:47:08,041] {processor.py:641} INFO - Processing file /home/airflow/.local/lib/python3.7/site-packages/airflow/example_dags/example_skip_dag.py for tasks to queue
[2022-09-17 13:47:08,041] {logging_mixin.py:115} INFO - [2022-09-17 13:47:08,041] {dagbag.py:507} INFO - Filling up the DagBag from /home/airflow/.local/lib/python3.7/site-packages/airflow/example_dags/example_skip_dag.py
[2022-09-17 13:47:08,047] {processor.py:651} INFO - DAG(s) dict_keys(['example_skip_dag']) retrieved from /home/airflow/.local/lib/python3.7/site-packages/airflow/example_dags/example_skip_dag.py
[2022-09-17 13:47:08,078] {logging_mixin.py:115} INFO - [2022-09-17 13:47:08,078] {dag.py:2371} INFO - Sync 1 DAGs
[2022-09-17 13:47:08,104] {logging_mixin.py:115} INFO - [2022-09-17 13:47:08,104] {dag.py:2919} INFO - Setting next_dagrun for example_skip_dag to 2022-09-16T13:47:08.104144+00:00, run_after=2022-09-17T13:47:08.104144+00:00
[2022-09-17 13:47:08,115] {processor.py:161} INFO - Processing /home/airflow/.local/lib/python3.7/site-packages/airflow/example_dags/example_skip_dag.py took 0.079 seconds
[2022-09-17 13:47:38,427] {processor.py:153} INFO - Started process (PID=278) to work on /home/airflow/.local/lib/python3.7/site-packages/airflow/example_dags/example_skip_dag.py
[2022-09-17 13:47:38,428] {processor.py:641} INFO - Processing file /home/airflow/.local/lib/python3.7/site-packages/airflow/example_dags/example_skip_dag.py for tasks to queue
[2022-09-17 13:47:38,429] {logging_mixin.py:115} INFO - [2022-09-17 13:47:38,429] {dagbag.py:507} INFO - Filling up the DagBag from /home/airflow/.local/lib/python3.7/site-packages/airflow/example_dags/example_skip_dag.py
[2022-09-17 13:47:38,439] {processor.py:651} INFO - DAG(s) dict_keys(['example_skip_dag']) retrieved from /home/airflow/.local/lib/python3.7/site-packages/airflow/example_dags/example_skip_dag.py
[2022-09-17 13:47:38,490] {logging_mixin.py:115} INFO - [2022-09-17 13:47:38,490] {dag.py:2371} INFO - Sync 1 DAGs
[2022-09-17 13:47:38,535] {logging_mixin.py:115} INFO - [2022-09-17 13:47:38,535] {dag.py:2919} INFO - Setting next_dagrun for example_skip_dag to 2022-09-16T13:47:38.535451+00:00, run_after=2022-09-17T13:47:38.535451+00:00
[2022-09-17 13:47:38,551] {processor.py:161} INFO - Processing /home/airflow/.local/lib/python3.7/site-packages/airflow/example_dags/example_skip_dag.py took 0.134 seconds
[2022-09-17 13:48:09,862] {processor.py:153} INFO - Started process (PID=332) to work on /home/airflow/.local/lib/python3.7/site-packages/airflow/example_dags/example_skip_dag.py
[2022-09-17 13:48:09,863] {processor.py:641} INFO - Processing file /home/airflow/.local/lib/python3.7/site-packages/airflow/example_dags/example_skip_dag.py for tasks to queue
[2022-09-17 13:48:09,864] {logging_mixin.py:115} INFO - [2022-09-17 13:48:09,864] {dagbag.py:507} INFO - Filling up the DagBag from /home/airflow/.local/lib/python3.7/site-packages/airflow/example_dags/example_skip_dag.py
[2022-09-17 13:48:09,872] {processor.py:651} INFO - DAG(s) dict_keys(['example_skip_dag']) retrieved from /home/airflow/.local/lib/python3.7/site-packages/airflow/example_dags/example_skip_dag.py
[2022-09-17 13:48:09,947] {logging_mixin.py:115} INFO - [2022-09-17 13:48:09,947] {dag.py:2371} INFO - Sync 1 DAGs
[2022-09-17 13:48:09,999] {logging_mixin.py:115} INFO - [2022-09-17 13:48:09,999] {dag.py:2919} INFO - Setting next_dagrun for example_skip_dag to 2022-09-16T13:48:09.998873+00:00, run_after=2022-09-17T13:48:09.998873+00:00
[2022-09-17 13:48:10,022] {processor.py:161} INFO - Processing /home/airflow/.local/lib/python3.7/site-packages/airflow/example_dags/example_skip_dag.py took 0.165 seconds
[2022-09-17 13:48:40,419] {processor.py:153} INFO - Started process (PID=392) to work on /home/airflow/.local/lib/python3.7/site-packages/airflow/example_dags/example_skip_dag.py
[2022-09-17 13:48:40,419] {processor.py:641} INFO - Processing file /home/airflow/.local/lib/python3.7/site-packages/airflow/example_dags/example_skip_dag.py for tasks to queue
[2022-09-17 13:48:40,420] {logging_mixin.py:115} INFO - [2022-09-17 13:48:40,420] {dagbag.py:507} INFO - Filling up the DagBag from /home/airflow/.local/lib/python3.7/site-packages/airflow/example_dags/example_skip_dag.py
[2022-09-17 13:48:40,425] {processor.py:651} INFO - DAG(s) dict_keys(['example_skip_dag']) retrieved from /home/airflow/.local/lib/python3.7/site-packages/airflow/example_dags/example_skip_dag.py
[2022-09-17 13:48:40,451] {logging_mixin.py:115} INFO - [2022-09-17 13:48:40,451] {dag.py:2371} INFO - Sync 1 DAGs
[2022-09-17 13:48:40,473] {logging_mixin.py:115} INFO - [2022-09-17 13:48:40,473] {dag.py:2919} INFO - Setting next_dagrun for example_skip_dag to 2022-09-16T13:48:40.473115+00:00, run_after=2022-09-17T13:48:40.473115+00:00
[2022-09-17 13:48:40,483] {processor.py:161} INFO - Processing /home/airflow/.local/lib/python3.7/site-packages/airflow/example_dags/example_skip_dag.py took 0.068 seconds
[2022-09-17 13:49:10,595] {processor.py:153} INFO - Started process (PID=445) to work on /home/airflow/.local/lib/python3.7/site-packages/airflow/example_dags/example_skip_dag.py
[2022-09-17 13:49:10,597] {processor.py:641} INFO - Processing file /home/airflow/.local/lib/python3.7/site-packages/airflow/example_dags/example_skip_dag.py for tasks to queue
[2022-09-17 13:49:10,598] {logging_mixin.py:115} INFO - [2022-09-17 13:49:10,598] {dagbag.py:507} INFO - Filling up the DagBag from /home/airflow/.local/lib/python3.7/site-packages/airflow/example_dags/example_skip_dag.py
[2022-09-17 13:49:10,612] {processor.py:651} INFO - DAG(s) dict_keys(['example_skip_dag']) retrieved from /home/airflow/.local/lib/python3.7/site-packages/airflow/example_dags/example_skip_dag.py
[2022-09-17 13:49:10,685] {logging_mixin.py:115} INFO - [2022-09-17 13:49:10,685] {dag.py:2371} INFO - Sync 1 DAGs
[2022-09-17 13:49:10,719] {logging_mixin.py:115} INFO - [2022-09-17 13:49:10,719] {dag.py:2919} INFO - Setting next_dagrun for example_skip_dag to 2022-09-16T13:49:10.719260+00:00, run_after=2022-09-17T13:49:10.719260+00:00
[2022-09-17 13:49:10,730] {processor.py:161} INFO - Processing /home/airflow/.local/lib/python3.7/site-packages/airflow/example_dags/example_skip_dag.py took 0.139 seconds
[2022-09-17 13:49:42,110] {processor.py:153} INFO - Started process (PID=509) to work on /home/airflow/.local/lib/python3.7/site-packages/airflow/example_dags/example_skip_dag.py
[2022-09-17 13:49:42,110] {processor.py:641} INFO - Processing file /home/airflow/.local/lib/python3.7/site-packages/airflow/example_dags/example_skip_dag.py for tasks to queue
[2022-09-17 13:49:42,111] {logging_mixin.py:115} INFO - [2022-09-17 13:49:42,111] {dagbag.py:507} INFO - Filling up the DagBag from /home/airflow/.local/lib/python3.7/site-packages/airflow/example_dags/example_skip_dag.py
[2022-09-17 13:49:42,120] {processor.py:651} INFO - DAG(s) dict_keys(['example_skip_dag']) retrieved from /home/airflow/.local/lib/python3.7/site-packages/airflow/example_dags/example_skip_dag.py
[2022-09-17 13:49:42,190] {logging_mixin.py:115} INFO - [2022-09-17 13:49:42,190] {dag.py:2371} INFO - Sync 1 DAGs
[2022-09-17 13:49:42,247] {logging_mixin.py:115} INFO - [2022-09-17 13:49:42,246] {dag.py:2919} INFO - Setting next_dagrun for example_skip_dag to 2022-09-16T13:49:42.246639+00:00, run_after=2022-09-17T13:49:42.246639+00:00
[2022-09-17 13:49:42,271] {processor.py:161} INFO - Processing /home/airflow/.local/lib/python3.7/site-packages/airflow/example_dags/example_skip_dag.py took 0.164 seconds
[2022-09-17 13:50:13,284] {processor.py:153} INFO - Started process (PID=575) to work on /home/airflow/.local/lib/python3.7/site-packages/airflow/example_dags/example_skip_dag.py
[2022-09-17 13:50:13,285] {processor.py:641} INFO - Processing file /home/airflow/.local/lib/python3.7/site-packages/airflow/example_dags/example_skip_dag.py for tasks to queue
[2022-09-17 13:50:13,286] {logging_mixin.py:115} INFO - [2022-09-17 13:50:13,285] {dagbag.py:507} INFO - Filling up the DagBag from /home/airflow/.local/lib/python3.7/site-packages/airflow/example_dags/example_skip_dag.py
[2022-09-17 13:50:13,291] {processor.py:651} INFO - DAG(s) dict_keys(['example_skip_dag']) retrieved from /home/airflow/.local/lib/python3.7/site-packages/airflow/example_dags/example_skip_dag.py
[2022-09-17 13:50:13,322] {logging_mixin.py:115} INFO - [2022-09-17 13:50:13,322] {dag.py:2371} INFO - Sync 1 DAGs
[2022-09-17 13:50:13,348] {logging_mixin.py:115} INFO - [2022-09-17 13:50:13,348] {dag.py:2919} INFO - Setting next_dagrun for example_skip_dag to 2022-09-16T13:50:13.348308+00:00, run_after=2022-09-17T13:50:13.348308+00:00
[2022-09-17 13:50:13,364] {processor.py:161} INFO - Processing /home/airflow/.local/lib/python3.7/site-packages/airflow/example_dags/example_skip_dag.py took 0.083 seconds
[2022-09-17 13:50:43,610] {processor.py:153} INFO - Started process (PID=627) to work on /home/airflow/.local/lib/python3.7/site-packages/airflow/example_dags/example_skip_dag.py
[2022-09-17 13:50:43,611] {processor.py:641} INFO - Processing file /home/airflow/.local/lib/python3.7/site-packages/airflow/example_dags/example_skip_dag.py for tasks to queue
[2022-09-17 13:50:43,611] {logging_mixin.py:115} INFO - [2022-09-17 13:50:43,611] {dagbag.py:507} INFO - Filling up the DagBag from /home/airflow/.local/lib/python3.7/site-packages/airflow/example_dags/example_skip_dag.py
[2022-09-17 13:50:43,618] {processor.py:651} INFO - DAG(s) dict_keys(['example_skip_dag']) retrieved from /home/airflow/.local/lib/python3.7/site-packages/airflow/example_dags/example_skip_dag.py
[2022-09-17 13:50:43,647] {logging_mixin.py:115} INFO - [2022-09-17 13:50:43,647] {dag.py:2371} INFO - Sync 1 DAGs
[2022-09-17 13:50:43,670] {logging_mixin.py:115} INFO - [2022-09-17 13:50:43,670] {dag.py:2919} INFO - Setting next_dagrun for example_skip_dag to 2022-09-16T13:50:43.669801+00:00, run_after=2022-09-17T13:50:43.669801+00:00
[2022-09-17 13:50:43,682] {processor.py:161} INFO - Processing /home/airflow/.local/lib/python3.7/site-packages/airflow/example_dags/example_skip_dag.py took 0.076 seconds
[2022-09-17 13:51:14,826] {processor.py:153} INFO - Started process (PID=692) to work on /home/airflow/.local/lib/python3.7/site-packages/airflow/example_dags/example_skip_dag.py
[2022-09-17 13:51:14,835] {processor.py:641} INFO - Processing file /home/airflow/.local/lib/python3.7/site-packages/airflow/example_dags/example_skip_dag.py for tasks to queue
[2022-09-17 13:51:14,836] {logging_mixin.py:115} INFO - [2022-09-17 13:51:14,835] {dagbag.py:507} INFO - Filling up the DagBag from /home/airflow/.local/lib/python3.7/site-packages/airflow/example_dags/example_skip_dag.py
[2022-09-17 13:51:14,842] {processor.py:651} INFO - DAG(s) dict_keys(['example_skip_dag']) retrieved from /home/airflow/.local/lib/python3.7/site-packages/airflow/example_dags/example_skip_dag.py
[2022-09-17 13:51:14,935] {logging_mixin.py:115} INFO - [2022-09-17 13:51:14,935] {dag.py:2371} INFO - Sync 1 DAGs
[2022-09-17 13:51:15,007] {logging_mixin.py:115} INFO - [2022-09-17 13:51:15,007] {dag.py:2919} INFO - Setting next_dagrun for example_skip_dag to 2022-09-16T13:51:15.006919+00:00, run_after=2022-09-17T13:51:15.006919+00:00
[2022-09-17 13:51:15,034] {processor.py:161} INFO - Processing /home/airflow/.local/lib/python3.7/site-packages/airflow/example_dags/example_skip_dag.py took 0.211 seconds
[2022-09-17 13:51:46,014] {processor.py:153} INFO - Started process (PID=752) to work on /home/airflow/.local/lib/python3.7/site-packages/airflow/example_dags/example_skip_dag.py
[2022-09-17 13:51:46,015] {processor.py:641} INFO - Processing file /home/airflow/.local/lib/python3.7/site-packages/airflow/example_dags/example_skip_dag.py for tasks to queue
[2022-09-17 13:51:46,019] {logging_mixin.py:115} INFO - [2022-09-17 13:51:46,019] {dagbag.py:507} INFO - Filling up the DagBag from /home/airflow/.local/lib/python3.7/site-packages/airflow/example_dags/example_skip_dag.py
[2022-09-17 13:51:46,033] {processor.py:651} INFO - DAG(s) dict_keys(['example_skip_dag']) retrieved from /home/airflow/.local/lib/python3.7/site-packages/airflow/example_dags/example_skip_dag.py
[2022-09-17 13:51:46,098] {logging_mixin.py:115} INFO - [2022-09-17 13:51:46,098] {dag.py:2371} INFO - Sync 1 DAGs
[2022-09-17 13:51:46,135] {logging_mixin.py:115} INFO - [2022-09-17 13:51:46,135] {dag.py:2919} INFO - Setting next_dagrun for example_skip_dag to 2022-09-16T13:51:46.135557+00:00, run_after=2022-09-17T13:51:46.135557+00:00
[2022-09-17 13:51:46,154] {processor.py:161} INFO - Processing /home/airflow/.local/lib/python3.7/site-packages/airflow/example_dags/example_skip_dag.py took 0.143 seconds
[2022-09-17 13:52:17,303] {processor.py:153} INFO - Started process (PID=809) to work on /home/airflow/.local/lib/python3.7/site-packages/airflow/example_dags/example_skip_dag.py
[2022-09-17 13:52:17,305] {processor.py:641} INFO - Processing file /home/airflow/.local/lib/python3.7/site-packages/airflow/example_dags/example_skip_dag.py for tasks to queue
[2022-09-17 13:52:17,305] {logging_mixin.py:115} INFO - [2022-09-17 13:52:17,305] {dagbag.py:507} INFO - Filling up the DagBag from /home/airflow/.local/lib/python3.7/site-packages/airflow/example_dags/example_skip_dag.py
[2022-09-17 13:52:17,311] {processor.py:651} INFO - DAG(s) dict_keys(['example_skip_dag']) retrieved from /home/airflow/.local/lib/python3.7/site-packages/airflow/example_dags/example_skip_dag.py
[2022-09-17 13:52:17,340] {logging_mixin.py:115} INFO - [2022-09-17 13:52:17,340] {dag.py:2371} INFO - Sync 1 DAGs
[2022-09-17 13:52:17,361] {logging_mixin.py:115} INFO - [2022-09-17 13:52:17,361] {dag.py:2919} INFO - Setting next_dagrun for example_skip_dag to 2022-09-16T13:52:17.360863+00:00, run_after=2022-09-17T13:52:17.360863+00:00
[2022-09-17 13:52:17,415] {processor.py:161} INFO - Processing /home/airflow/.local/lib/python3.7/site-packages/airflow/example_dags/example_skip_dag.py took 0.115 seconds
[2022-09-17 13:52:47,615] {processor.py:153} INFO - Started process (PID=870) to work on /home/airflow/.local/lib/python3.7/site-packages/airflow/example_dags/example_skip_dag.py
[2022-09-17 13:52:47,632] {processor.py:641} INFO - Processing file /home/airflow/.local/lib/python3.7/site-packages/airflow/example_dags/example_skip_dag.py for tasks to queue
[2022-09-17 13:52:47,632] {logging_mixin.py:115} INFO - [2022-09-17 13:52:47,632] {dagbag.py:507} INFO - Filling up the DagBag from /home/airflow/.local/lib/python3.7/site-packages/airflow/example_dags/example_skip_dag.py
[2022-09-17 13:52:47,666] {processor.py:651} INFO - DAG(s) dict_keys(['example_skip_dag']) retrieved from /home/airflow/.local/lib/python3.7/site-packages/airflow/example_dags/example_skip_dag.py
[2022-09-17 13:52:47,827] {logging_mixin.py:115} INFO - [2022-09-17 13:52:47,827] {dag.py:2371} INFO - Sync 1 DAGs
[2022-09-17 13:52:47,916] {logging_mixin.py:115} INFO - [2022-09-17 13:52:47,916] {dag.py:2919} INFO - Setting next_dagrun for example_skip_dag to 2022-09-16T13:52:47.915770+00:00, run_after=2022-09-17T13:52:47.915770+00:00
[2022-09-17 13:52:47,987] {processor.py:161} INFO - Processing /home/airflow/.local/lib/python3.7/site-packages/airflow/example_dags/example_skip_dag.py took 0.391 seconds
[2022-09-17 13:53:18,012] {processor.py:153} INFO - Started process (PID=923) to work on /home/airflow/.local/lib/python3.7/site-packages/airflow/example_dags/example_skip_dag.py
[2022-09-17 13:53:18,013] {processor.py:641} INFO - Processing file /home/airflow/.local/lib/python3.7/site-packages/airflow/example_dags/example_skip_dag.py for tasks to queue
[2022-09-17 13:53:18,013] {logging_mixin.py:115} INFO - [2022-09-17 13:53:18,013] {dagbag.py:507} INFO - Filling up the DagBag from /home/airflow/.local/lib/python3.7/site-packages/airflow/example_dags/example_skip_dag.py
[2022-09-17 13:53:18,021] {processor.py:651} INFO - DAG(s) dict_keys(['example_skip_dag']) retrieved from /home/airflow/.local/lib/python3.7/site-packages/airflow/example_dags/example_skip_dag.py
[2022-09-17 13:53:18,061] {logging_mixin.py:115} INFO - [2022-09-17 13:53:18,061] {dag.py:2371} INFO - Sync 1 DAGs
[2022-09-17 13:53:18,092] {logging_mixin.py:115} INFO - [2022-09-17 13:53:18,092] {dag.py:2919} INFO - Setting next_dagrun for example_skip_dag to 2022-09-16T13:53:18.092139+00:00, run_after=2022-09-17T13:53:18.092139+00:00
[2022-09-17 13:53:18,106] {processor.py:161} INFO - Processing /home/airflow/.local/lib/python3.7/site-packages/airflow/example_dags/example_skip_dag.py took 0.098 seconds
[2022-09-17 13:53:48,951] {processor.py:153} INFO - Started process (PID=986) to work on /home/airflow/.local/lib/python3.7/site-packages/airflow/example_dags/example_skip_dag.py
[2022-09-17 13:53:48,958] {processor.py:641} INFO - Processing file /home/airflow/.local/lib/python3.7/site-packages/airflow/example_dags/example_skip_dag.py for tasks to queue
[2022-09-17 13:53:48,959] {logging_mixin.py:115} INFO - [2022-09-17 13:53:48,959] {dagbag.py:507} INFO - Filling up the DagBag from /home/airflow/.local/lib/python3.7/site-packages/airflow/example_dags/example_skip_dag.py
[2022-09-17 13:53:48,965] {processor.py:651} INFO - DAG(s) dict_keys(['example_skip_dag']) retrieved from /home/airflow/.local/lib/python3.7/site-packages/airflow/example_dags/example_skip_dag.py
[2022-09-17 13:53:49,030] {logging_mixin.py:115} INFO - [2022-09-17 13:53:49,030] {dag.py:2371} INFO - Sync 1 DAGs
[2022-09-17 13:53:49,084] {logging_mixin.py:115} INFO - [2022-09-17 13:53:49,084] {dag.py:2919} INFO - Setting next_dagrun for example_skip_dag to 2022-09-16T13:53:49.084577+00:00, run_after=2022-09-17T13:53:49.084577+00:00
[2022-09-17 13:53:49,119] {processor.py:161} INFO - Processing /home/airflow/.local/lib/python3.7/site-packages/airflow/example_dags/example_skip_dag.py took 0.180 seconds
[2022-09-17 13:54:19,581] {processor.py:153} INFO - Started process (PID=1040) to work on /home/airflow/.local/lib/python3.7/site-packages/airflow/example_dags/example_skip_dag.py
[2022-09-17 13:54:19,582] {processor.py:641} INFO - Processing file /home/airflow/.local/lib/python3.7/site-packages/airflow/example_dags/example_skip_dag.py for tasks to queue
[2022-09-17 13:54:19,583] {logging_mixin.py:115} INFO - [2022-09-17 13:54:19,583] {dagbag.py:507} INFO - Filling up the DagBag from /home/airflow/.local/lib/python3.7/site-packages/airflow/example_dags/example_skip_dag.py
[2022-09-17 13:54:19,593] {processor.py:651} INFO - DAG(s) dict_keys(['example_skip_dag']) retrieved from /home/airflow/.local/lib/python3.7/site-packages/airflow/example_dags/example_skip_dag.py
[2022-09-17 13:54:19,645] {logging_mixin.py:115} INFO - [2022-09-17 13:54:19,645] {dag.py:2371} INFO - Sync 1 DAGs
[2022-09-17 13:54:19,686] {logging_mixin.py:115} INFO - [2022-09-17 13:54:19,686] {dag.py:2919} INFO - Setting next_dagrun for example_skip_dag to 2022-09-16T13:54:19.686434+00:00, run_after=2022-09-17T13:54:19.686434+00:00
[2022-09-17 13:54:19,702] {processor.py:161} INFO - Processing /home/airflow/.local/lib/python3.7/site-packages/airflow/example_dags/example_skip_dag.py took 0.126 seconds
[2022-09-17 13:54:49,870] {processor.py:153} INFO - Started process (PID=1102) to work on /home/airflow/.local/lib/python3.7/site-packages/airflow/example_dags/example_skip_dag.py
[2022-09-17 13:54:49,879] {processor.py:641} INFO - Processing file /home/airflow/.local/lib/python3.7/site-packages/airflow/example_dags/example_skip_dag.py for tasks to queue
[2022-09-17 13:54:49,884] {logging_mixin.py:115} INFO - [2022-09-17 13:54:49,883] {dagbag.py:507} INFO - Filling up the DagBag from /home/airflow/.local/lib/python3.7/site-packages/airflow/example_dags/example_skip_dag.py
[2022-09-17 13:54:49,894] {processor.py:651} INFO - DAG(s) dict_keys(['example_skip_dag']) retrieved from /home/airflow/.local/lib/python3.7/site-packages/airflow/example_dags/example_skip_dag.py
[2022-09-17 13:54:49,967] {logging_mixin.py:115} INFO - [2022-09-17 13:54:49,967] {dag.py:2371} INFO - Sync 1 DAGs
[2022-09-17 13:54:50,051] {logging_mixin.py:115} INFO - [2022-09-17 13:54:50,051] {dag.py:2919} INFO - Setting next_dagrun for example_skip_dag to 2022-09-16T13:54:50.051434+00:00, run_after=2022-09-17T13:54:50.051434+00:00
[2022-09-17 13:54:50,083] {processor.py:161} INFO - Processing /home/airflow/.local/lib/python3.7/site-packages/airflow/example_dags/example_skip_dag.py took 0.225 seconds
