[2022-09-17 13:29:28,840] {processor.py:153} INFO - Started process (PID=83) to work on /home/airflow/.local/lib/python3.7/site-packages/airflow/example_dags/example_short_circuit_operator.py
[2022-09-17 13:29:28,841] {processor.py:641} INFO - Processing file /home/airflow/.local/lib/python3.7/site-packages/airflow/example_dags/example_short_circuit_operator.py for tasks to queue
[2022-09-17 13:29:28,842] {logging_mixin.py:115} INFO - [2022-09-17 13:29:28,842] {dagbag.py:507} INFO - Filling up the DagBag from /home/airflow/.local/lib/python3.7/site-packages/airflow/example_dags/example_short_circuit_operator.py
[2022-09-17 13:29:28,854] {processor.py:651} INFO - DAG(s) dict_keys(['example_short_circuit_operator']) retrieved from /home/airflow/.local/lib/python3.7/site-packages/airflow/example_dags/example_short_circuit_operator.py
[2022-09-17 13:29:29,271] {logging_mixin.py:115} INFO - [2022-09-17 13:29:29,271] {manager.py:508} INFO - Created Permission View: can delete on DAG:example_short_circuit_operator
[2022-09-17 13:29:29,282] {logging_mixin.py:115} INFO - [2022-09-17 13:29:29,282] {manager.py:508} INFO - Created Permission View: can edit on DAG:example_short_circuit_operator
[2022-09-17 13:29:29,290] {logging_mixin.py:115} INFO - [2022-09-17 13:29:29,290] {manager.py:508} INFO - Created Permission View: can read on DAG:example_short_circuit_operator
[2022-09-17 13:29:29,290] {logging_mixin.py:115} INFO - [2022-09-17 13:29:29,290] {dag.py:2371} INFO - Sync 1 DAGs
[2022-09-17 13:29:29,299] {logging_mixin.py:115} INFO - [2022-09-17 13:29:29,299] {dag.py:2390} INFO - Creating ORM DAG for example_short_circuit_operator
[2022-09-17 13:29:29,312] {logging_mixin.py:115} INFO - [2022-09-17 13:29:29,311] {dag.py:2919} INFO - Setting next_dagrun for example_short_circuit_operator to 2022-09-16T13:29:29.311710+00:00, run_after=2022-09-17T13:29:29.311710+00:00
[2022-09-17 13:29:29,340] {processor.py:161} INFO - Processing /home/airflow/.local/lib/python3.7/site-packages/airflow/example_dags/example_short_circuit_operator.py took 0.503 seconds
[2022-09-17 13:30:02,772] {processor.py:153} INFO - Started process (PID=134) to work on /home/airflow/.local/lib/python3.7/site-packages/airflow/example_dags/example_short_circuit_operator.py
[2022-09-17 13:30:02,775] {processor.py:641} INFO - Processing file /home/airflow/.local/lib/python3.7/site-packages/airflow/example_dags/example_short_circuit_operator.py for tasks to queue
[2022-09-17 13:30:02,775] {logging_mixin.py:115} INFO - [2022-09-17 13:30:02,775] {dagbag.py:507} INFO - Filling up the DagBag from /home/airflow/.local/lib/python3.7/site-packages/airflow/example_dags/example_short_circuit_operator.py
[2022-09-17 13:30:02,798] {processor.py:651} INFO - DAG(s) dict_keys(['example_short_circuit_operator']) retrieved from /home/airflow/.local/lib/python3.7/site-packages/airflow/example_dags/example_short_circuit_operator.py
[2022-09-17 13:30:02,872] {logging_mixin.py:115} INFO - [2022-09-17 13:30:02,872] {dag.py:2371} INFO - Sync 1 DAGs
[2022-09-17 13:30:02,964] {logging_mixin.py:115} INFO - [2022-09-17 13:30:02,960] {dag.py:2919} INFO - Setting next_dagrun for example_short_circuit_operator to 2022-09-16T13:30:02.959727+00:00, run_after=2022-09-17T13:30:02.959727+00:00
[2022-09-17 13:30:03,223] {processor.py:161} INFO - Processing /home/airflow/.local/lib/python3.7/site-packages/airflow/example_dags/example_short_circuit_operator.py took 0.463 seconds
[2022-09-17 13:30:34,942] {processor.py:153} INFO - Started process (PID=196) to work on /home/airflow/.local/lib/python3.7/site-packages/airflow/example_dags/example_short_circuit_operator.py
[2022-09-17 13:30:34,949] {processor.py:641} INFO - Processing file /home/airflow/.local/lib/python3.7/site-packages/airflow/example_dags/example_short_circuit_operator.py for tasks to queue
[2022-09-17 13:30:34,949] {logging_mixin.py:115} INFO - [2022-09-17 13:30:34,949] {dagbag.py:507} INFO - Filling up the DagBag from /home/airflow/.local/lib/python3.7/site-packages/airflow/example_dags/example_short_circuit_operator.py
[2022-09-17 13:30:34,983] {processor.py:651} INFO - DAG(s) dict_keys(['example_short_circuit_operator']) retrieved from /home/airflow/.local/lib/python3.7/site-packages/airflow/example_dags/example_short_circuit_operator.py
[2022-09-17 13:30:35,356] {logging_mixin.py:115} INFO - [2022-09-17 13:30:35,355] {dag.py:2371} INFO - Sync 1 DAGs
[2022-09-17 13:30:35,782] {logging_mixin.py:115} INFO - [2022-09-17 13:30:35,781] {dag.py:2919} INFO - Setting next_dagrun for example_short_circuit_operator to 2022-09-16T13:30:35.781566+00:00, run_after=2022-09-17T13:30:35.781566+00:00
[2022-09-17 13:30:38,175] {processor.py:161} INFO - Processing /home/airflow/.local/lib/python3.7/site-packages/airflow/example_dags/example_short_circuit_operator.py took 3.246 seconds
[2022-09-17 13:31:09,496] {processor.py:153} INFO - Started process (PID=247) to work on /home/airflow/.local/lib/python3.7/site-packages/airflow/example_dags/example_short_circuit_operator.py
[2022-09-17 13:31:09,497] {processor.py:641} INFO - Processing file /home/airflow/.local/lib/python3.7/site-packages/airflow/example_dags/example_short_circuit_operator.py for tasks to queue
[2022-09-17 13:31:09,498] {logging_mixin.py:115} INFO - [2022-09-17 13:31:09,498] {dagbag.py:507} INFO - Filling up the DagBag from /home/airflow/.local/lib/python3.7/site-packages/airflow/example_dags/example_short_circuit_operator.py
[2022-09-17 13:31:09,551] {processor.py:651} INFO - DAG(s) dict_keys(['example_short_circuit_operator']) retrieved from /home/airflow/.local/lib/python3.7/site-packages/airflow/example_dags/example_short_circuit_operator.py
[2022-09-17 13:31:09,613] {logging_mixin.py:115} INFO - [2022-09-17 13:31:09,613] {dag.py:2371} INFO - Sync 1 DAGs
[2022-09-17 13:31:09,679] {logging_mixin.py:115} INFO - [2022-09-17 13:31:09,678] {dag.py:2919} INFO - Setting next_dagrun for example_short_circuit_operator to 2022-09-16T13:31:09.678485+00:00, run_after=2022-09-17T13:31:09.678485+00:00
[2022-09-17 13:31:09,854] {processor.py:161} INFO - Processing /home/airflow/.local/lib/python3.7/site-packages/airflow/example_dags/example_short_circuit_operator.py took 0.382 seconds
[2022-09-17 13:31:40,029] {processor.py:153} INFO - Started process (PID=299) to work on /home/airflow/.local/lib/python3.7/site-packages/airflow/example_dags/example_short_circuit_operator.py
[2022-09-17 13:31:40,029] {processor.py:641} INFO - Processing file /home/airflow/.local/lib/python3.7/site-packages/airflow/example_dags/example_short_circuit_operator.py for tasks to queue
[2022-09-17 13:31:40,030] {logging_mixin.py:115} INFO - [2022-09-17 13:31:40,030] {dagbag.py:507} INFO - Filling up the DagBag from /home/airflow/.local/lib/python3.7/site-packages/airflow/example_dags/example_short_circuit_operator.py
[2022-09-17 13:31:40,042] {processor.py:651} INFO - DAG(s) dict_keys(['example_short_circuit_operator']) retrieved from /home/airflow/.local/lib/python3.7/site-packages/airflow/example_dags/example_short_circuit_operator.py
[2022-09-17 13:31:40,085] {logging_mixin.py:115} INFO - [2022-09-17 13:31:40,085] {dag.py:2371} INFO - Sync 1 DAGs
[2022-09-17 13:31:40,130] {logging_mixin.py:115} INFO - [2022-09-17 13:31:40,130] {dag.py:2919} INFO - Setting next_dagrun for example_short_circuit_operator to 2022-09-16T13:31:40.130120+00:00, run_after=2022-09-17T13:31:40.130120+00:00
[2022-09-17 13:31:40,310] {processor.py:161} INFO - Processing /home/airflow/.local/lib/python3.7/site-packages/airflow/example_dags/example_short_circuit_operator.py took 0.287 seconds
[2022-09-17 13:32:10,949] {processor.py:153} INFO - Started process (PID=360) to work on /home/airflow/.local/lib/python3.7/site-packages/airflow/example_dags/example_short_circuit_operator.py
[2022-09-17 13:32:10,950] {processor.py:641} INFO - Processing file /home/airflow/.local/lib/python3.7/site-packages/airflow/example_dags/example_short_circuit_operator.py for tasks to queue
[2022-09-17 13:32:10,951] {logging_mixin.py:115} INFO - [2022-09-17 13:32:10,950] {dagbag.py:507} INFO - Filling up the DagBag from /home/airflow/.local/lib/python3.7/site-packages/airflow/example_dags/example_short_circuit_operator.py
[2022-09-17 13:32:10,970] {processor.py:651} INFO - DAG(s) dict_keys(['example_short_circuit_operator']) retrieved from /home/airflow/.local/lib/python3.7/site-packages/airflow/example_dags/example_short_circuit_operator.py
[2022-09-17 13:32:11,037] {logging_mixin.py:115} INFO - [2022-09-17 13:32:11,036] {dag.py:2371} INFO - Sync 1 DAGs
[2022-09-17 13:32:11,092] {logging_mixin.py:115} INFO - [2022-09-17 13:32:11,092] {dag.py:2919} INFO - Setting next_dagrun for example_short_circuit_operator to 2022-09-16T13:32:11.092212+00:00, run_after=2022-09-17T13:32:11.092212+00:00
[2022-09-17 13:32:11,499] {processor.py:161} INFO - Processing /home/airflow/.local/lib/python3.7/site-packages/airflow/example_dags/example_short_circuit_operator.py took 0.562 seconds
[2022-09-17 13:32:41,829] {processor.py:153} INFO - Started process (PID=412) to work on /home/airflow/.local/lib/python3.7/site-packages/airflow/example_dags/example_short_circuit_operator.py
[2022-09-17 13:32:41,829] {processor.py:641} INFO - Processing file /home/airflow/.local/lib/python3.7/site-packages/airflow/example_dags/example_short_circuit_operator.py for tasks to queue
[2022-09-17 13:32:41,830] {logging_mixin.py:115} INFO - [2022-09-17 13:32:41,830] {dagbag.py:507} INFO - Filling up the DagBag from /home/airflow/.local/lib/python3.7/site-packages/airflow/example_dags/example_short_circuit_operator.py
[2022-09-17 13:32:41,842] {processor.py:651} INFO - DAG(s) dict_keys(['example_short_circuit_operator']) retrieved from /home/airflow/.local/lib/python3.7/site-packages/airflow/example_dags/example_short_circuit_operator.py
[2022-09-17 13:32:41,877] {logging_mixin.py:115} INFO - [2022-09-17 13:32:41,877] {dag.py:2371} INFO - Sync 1 DAGs
[2022-09-17 13:32:41,906] {logging_mixin.py:115} INFO - [2022-09-17 13:32:41,906] {dag.py:2919} INFO - Setting next_dagrun for example_short_circuit_operator to 2022-09-16T13:32:41.906232+00:00, run_after=2022-09-17T13:32:41.906232+00:00
[2022-09-17 13:32:42,061] {processor.py:161} INFO - Processing /home/airflow/.local/lib/python3.7/site-packages/airflow/example_dags/example_short_circuit_operator.py took 0.236 seconds
[2022-09-17 13:33:19,698] {processor.py:153} INFO - Started process (PID=480) to work on /home/airflow/.local/lib/python3.7/site-packages/airflow/example_dags/example_short_circuit_operator.py
[2022-09-17 13:33:19,706] {processor.py:641} INFO - Processing file /home/airflow/.local/lib/python3.7/site-packages/airflow/example_dags/example_short_circuit_operator.py for tasks to queue
[2022-09-17 13:33:19,707] {logging_mixin.py:115} INFO - [2022-09-17 13:33:19,707] {dagbag.py:507} INFO - Filling up the DagBag from /home/airflow/.local/lib/python3.7/site-packages/airflow/example_dags/example_short_circuit_operator.py
[2022-09-17 13:33:19,731] {processor.py:651} INFO - DAG(s) dict_keys(['example_short_circuit_operator']) retrieved from /home/airflow/.local/lib/python3.7/site-packages/airflow/example_dags/example_short_circuit_operator.py
[2022-09-17 13:33:19,800] {logging_mixin.py:115} INFO - [2022-09-17 13:33:19,800] {dag.py:2371} INFO - Sync 1 DAGs
[2022-09-17 13:33:20,261] {logging_mixin.py:115} INFO - [2022-09-17 13:33:20,261] {dag.py:2919} INFO - Setting next_dagrun for example_short_circuit_operator to 2022-09-16T13:33:20.261195+00:00, run_after=2022-09-17T13:33:20.261195+00:00
[2022-09-17 13:33:20,286] {processor.py:161} INFO - Processing /home/airflow/.local/lib/python3.7/site-packages/airflow/example_dags/example_short_circuit_operator.py took 0.602 seconds
[2022-09-17 13:33:52,269] {processor.py:153} INFO - Started process (PID=542) to work on /home/airflow/.local/lib/python3.7/site-packages/airflow/example_dags/example_short_circuit_operator.py
[2022-09-17 13:33:52,270] {processor.py:641} INFO - Processing file /home/airflow/.local/lib/python3.7/site-packages/airflow/example_dags/example_short_circuit_operator.py for tasks to queue
[2022-09-17 13:33:52,271] {logging_mixin.py:115} INFO - [2022-09-17 13:33:52,271] {dagbag.py:507} INFO - Filling up the DagBag from /home/airflow/.local/lib/python3.7/site-packages/airflow/example_dags/example_short_circuit_operator.py
[2022-09-17 13:33:52,287] {processor.py:651} INFO - DAG(s) dict_keys(['example_short_circuit_operator']) retrieved from /home/airflow/.local/lib/python3.7/site-packages/airflow/example_dags/example_short_circuit_operator.py
[2022-09-17 13:33:52,328] {logging_mixin.py:115} INFO - [2022-09-17 13:33:52,328] {dag.py:2371} INFO - Sync 1 DAGs
[2022-09-17 13:33:52,701] {logging_mixin.py:115} INFO - [2022-09-17 13:33:52,701] {dag.py:2919} INFO - Setting next_dagrun for example_short_circuit_operator to 2022-09-16T13:33:52.701074+00:00, run_after=2022-09-17T13:33:52.701074+00:00
[2022-09-17 13:33:52,722] {processor.py:161} INFO - Processing /home/airflow/.local/lib/python3.7/site-packages/airflow/example_dags/example_short_circuit_operator.py took 0.457 seconds
[2022-09-17 13:34:26,619] {processor.py:153} INFO - Started process (PID=595) to work on /home/airflow/.local/lib/python3.7/site-packages/airflow/example_dags/example_short_circuit_operator.py
[2022-09-17 13:34:26,638] {processor.py:641} INFO - Processing file /home/airflow/.local/lib/python3.7/site-packages/airflow/example_dags/example_short_circuit_operator.py for tasks to queue
[2022-09-17 13:34:26,639] {logging_mixin.py:115} INFO - [2022-09-17 13:34:26,639] {dagbag.py:507} INFO - Filling up the DagBag from /home/airflow/.local/lib/python3.7/site-packages/airflow/example_dags/example_short_circuit_operator.py
[2022-09-17 13:34:26,663] {processor.py:651} INFO - DAG(s) dict_keys(['example_short_circuit_operator']) retrieved from /home/airflow/.local/lib/python3.7/site-packages/airflow/example_dags/example_short_circuit_operator.py
[2022-09-17 13:34:26,779] {logging_mixin.py:115} INFO - [2022-09-17 13:34:26,779] {dag.py:2371} INFO - Sync 1 DAGs
[2022-09-17 13:34:27,245] {logging_mixin.py:115} INFO - [2022-09-17 13:34:27,245] {dag.py:2919} INFO - Setting next_dagrun for example_short_circuit_operator to 2022-09-16T13:34:27.245612+00:00, run_after=2022-09-17T13:34:27.245612+00:00
[2022-09-17 13:34:27,258] {processor.py:161} INFO - Processing /home/airflow/.local/lib/python3.7/site-packages/airflow/example_dags/example_short_circuit_operator.py took 0.643 seconds
[2022-09-17 13:34:57,817] {processor.py:153} INFO - Started process (PID=647) to work on /home/airflow/.local/lib/python3.7/site-packages/airflow/example_dags/example_short_circuit_operator.py
[2022-09-17 13:34:57,818] {processor.py:641} INFO - Processing file /home/airflow/.local/lib/python3.7/site-packages/airflow/example_dags/example_short_circuit_operator.py for tasks to queue
[2022-09-17 13:34:57,819] {logging_mixin.py:115} INFO - [2022-09-17 13:34:57,819] {dagbag.py:507} INFO - Filling up the DagBag from /home/airflow/.local/lib/python3.7/site-packages/airflow/example_dags/example_short_circuit_operator.py
[2022-09-17 13:34:57,831] {processor.py:651} INFO - DAG(s) dict_keys(['example_short_circuit_operator']) retrieved from /home/airflow/.local/lib/python3.7/site-packages/airflow/example_dags/example_short_circuit_operator.py
[2022-09-17 13:34:57,870] {logging_mixin.py:115} INFO - [2022-09-17 13:34:57,870] {dag.py:2371} INFO - Sync 1 DAGs
[2022-09-17 13:34:58,130] {logging_mixin.py:115} INFO - [2022-09-17 13:34:58,130] {dag.py:2919} INFO - Setting next_dagrun for example_short_circuit_operator to 2022-09-16T13:34:58.130155+00:00, run_after=2022-09-17T13:34:58.130155+00:00
[2022-09-17 13:34:58,140] {processor.py:161} INFO - Processing /home/airflow/.local/lib/python3.7/site-packages/airflow/example_dags/example_short_circuit_operator.py took 0.327 seconds
[2022-09-17 13:35:28,867] {processor.py:153} INFO - Started process (PID=706) to work on /home/airflow/.local/lib/python3.7/site-packages/airflow/example_dags/example_short_circuit_operator.py
[2022-09-17 13:35:28,868] {processor.py:641} INFO - Processing file /home/airflow/.local/lib/python3.7/site-packages/airflow/example_dags/example_short_circuit_operator.py for tasks to queue
[2022-09-17 13:35:28,869] {logging_mixin.py:115} INFO - [2022-09-17 13:35:28,868] {dagbag.py:507} INFO - Filling up the DagBag from /home/airflow/.local/lib/python3.7/site-packages/airflow/example_dags/example_short_circuit_operator.py
[2022-09-17 13:35:28,886] {processor.py:651} INFO - DAG(s) dict_keys(['example_short_circuit_operator']) retrieved from /home/airflow/.local/lib/python3.7/site-packages/airflow/example_dags/example_short_circuit_operator.py
[2022-09-17 13:35:28,919] {logging_mixin.py:115} INFO - [2022-09-17 13:35:28,919] {dag.py:2371} INFO - Sync 1 DAGs
[2022-09-17 13:35:29,105] {logging_mixin.py:115} INFO - [2022-09-17 13:35:29,105] {dag.py:2919} INFO - Setting next_dagrun for example_short_circuit_operator to 2022-09-16T13:35:29.105170+00:00, run_after=2022-09-17T13:35:29.105170+00:00
[2022-09-17 13:35:29,118] {processor.py:161} INFO - Processing /home/airflow/.local/lib/python3.7/site-packages/airflow/example_dags/example_short_circuit_operator.py took 0.255 seconds
[2022-09-17 13:35:59,591] {processor.py:153} INFO - Started process (PID=767) to work on /home/airflow/.local/lib/python3.7/site-packages/airflow/example_dags/example_short_circuit_operator.py
[2022-09-17 13:35:59,595] {processor.py:641} INFO - Processing file /home/airflow/.local/lib/python3.7/site-packages/airflow/example_dags/example_short_circuit_operator.py for tasks to queue
[2022-09-17 13:35:59,598] {logging_mixin.py:115} INFO - [2022-09-17 13:35:59,598] {dagbag.py:507} INFO - Filling up the DagBag from /home/airflow/.local/lib/python3.7/site-packages/airflow/example_dags/example_short_circuit_operator.py
[2022-09-17 13:35:59,628] {processor.py:651} INFO - DAG(s) dict_keys(['example_short_circuit_operator']) retrieved from /home/airflow/.local/lib/python3.7/site-packages/airflow/example_dags/example_short_circuit_operator.py
[2022-09-17 13:35:59,668] {logging_mixin.py:115} INFO - [2022-09-17 13:35:59,668] {dag.py:2371} INFO - Sync 1 DAGs
[2022-09-17 13:35:59,874] {logging_mixin.py:115} INFO - [2022-09-17 13:35:59,874] {dag.py:2919} INFO - Setting next_dagrun for example_short_circuit_operator to 2022-09-16T13:35:59.874478+00:00, run_after=2022-09-17T13:35:59.874478+00:00
[2022-09-17 13:35:59,884] {processor.py:161} INFO - Processing /home/airflow/.local/lib/python3.7/site-packages/airflow/example_dags/example_short_circuit_operator.py took 0.297 seconds
[2022-09-17 13:36:34,769] {processor.py:153} INFO - Started process (PID=821) to work on /home/airflow/.local/lib/python3.7/site-packages/airflow/example_dags/example_short_circuit_operator.py
[2022-09-17 13:36:34,776] {processor.py:641} INFO - Processing file /home/airflow/.local/lib/python3.7/site-packages/airflow/example_dags/example_short_circuit_operator.py for tasks to queue
[2022-09-17 13:36:34,777] {logging_mixin.py:115} INFO - [2022-09-17 13:36:34,777] {dagbag.py:507} INFO - Filling up the DagBag from /home/airflow/.local/lib/python3.7/site-packages/airflow/example_dags/example_short_circuit_operator.py
[2022-09-17 13:36:34,857] {processor.py:651} INFO - DAG(s) dict_keys(['example_short_circuit_operator']) retrieved from /home/airflow/.local/lib/python3.7/site-packages/airflow/example_dags/example_short_circuit_operator.py
[2022-09-17 13:36:34,961] {logging_mixin.py:115} INFO - [2022-09-17 13:36:34,961] {dag.py:2371} INFO - Sync 1 DAGs
[2022-09-17 13:36:35,375] {logging_mixin.py:115} INFO - [2022-09-17 13:36:35,375] {dag.py:2919} INFO - Setting next_dagrun for example_short_circuit_operator to 2022-09-16T13:36:35.375099+00:00, run_after=2022-09-17T13:36:35.375099+00:00
[2022-09-17 13:36:35,411] {processor.py:161} INFO - Processing /home/airflow/.local/lib/python3.7/site-packages/airflow/example_dags/example_short_circuit_operator.py took 0.660 seconds
[2022-09-17 13:37:09,366] {processor.py:153} INFO - Started process (PID=872) to work on /home/airflow/.local/lib/python3.7/site-packages/airflow/example_dags/example_short_circuit_operator.py
[2022-09-17 13:37:09,367] {processor.py:641} INFO - Processing file /home/airflow/.local/lib/python3.7/site-packages/airflow/example_dags/example_short_circuit_operator.py for tasks to queue
[2022-09-17 13:37:09,368] {logging_mixin.py:115} INFO - [2022-09-17 13:37:09,368] {dagbag.py:507} INFO - Filling up the DagBag from /home/airflow/.local/lib/python3.7/site-packages/airflow/example_dags/example_short_circuit_operator.py
[2022-09-17 13:37:09,384] {processor.py:651} INFO - DAG(s) dict_keys(['example_short_circuit_operator']) retrieved from /home/airflow/.local/lib/python3.7/site-packages/airflow/example_dags/example_short_circuit_operator.py
[2022-09-17 13:37:09,421] {logging_mixin.py:115} INFO - [2022-09-17 13:37:09,421] {dag.py:2371} INFO - Sync 1 DAGs
[2022-09-17 13:37:10,022] {logging_mixin.py:115} INFO - [2022-09-17 13:37:10,022] {dag.py:2919} INFO - Setting next_dagrun for example_short_circuit_operator to 2022-09-16T13:37:10.021837+00:00, run_after=2022-09-17T13:37:10.021837+00:00
[2022-09-17 13:37:10,052] {processor.py:161} INFO - Processing /home/airflow/.local/lib/python3.7/site-packages/airflow/example_dags/example_short_circuit_operator.py took 0.690 seconds
[2022-09-17 13:39:29,068] {processor.py:153} INFO - Started process (PID=955) to work on /home/airflow/.local/lib/python3.7/site-packages/airflow/example_dags/example_short_circuit_operator.py
[2022-09-17 13:39:29,069] {processor.py:641} INFO - Processing file /home/airflow/.local/lib/python3.7/site-packages/airflow/example_dags/example_short_circuit_operator.py for tasks to queue
[2022-09-17 13:39:29,070] {logging_mixin.py:115} INFO - [2022-09-17 13:39:29,070] {dagbag.py:507} INFO - Filling up the DagBag from /home/airflow/.local/lib/python3.7/site-packages/airflow/example_dags/example_short_circuit_operator.py
[2022-09-17 13:39:29,088] {processor.py:651} INFO - DAG(s) dict_keys(['example_short_circuit_operator']) retrieved from /home/airflow/.local/lib/python3.7/site-packages/airflow/example_dags/example_short_circuit_operator.py
[2022-09-17 13:39:29,135] {logging_mixin.py:115} INFO - [2022-09-17 13:39:29,135] {dag.py:2371} INFO - Sync 1 DAGs
[2022-09-17 13:39:29,357] {logging_mixin.py:115} INFO - [2022-09-17 13:39:29,357] {dag.py:2919} INFO - Setting next_dagrun for example_short_circuit_operator to 2022-09-16T13:39:29.356808+00:00, run_after=2022-09-17T13:39:29.356808+00:00
[2022-09-17 13:39:29,385] {processor.py:161} INFO - Processing /home/airflow/.local/lib/python3.7/site-packages/airflow/example_dags/example_short_circuit_operator.py took 0.323 seconds
[2022-09-17 13:40:00,504] {processor.py:153} INFO - Started process (PID=1018) to work on /home/airflow/.local/lib/python3.7/site-packages/airflow/example_dags/example_short_circuit_operator.py
[2022-09-17 13:40:00,513] {processor.py:641} INFO - Processing file /home/airflow/.local/lib/python3.7/site-packages/airflow/example_dags/example_short_circuit_operator.py for tasks to queue
[2022-09-17 13:40:00,514] {logging_mixin.py:115} INFO - [2022-09-17 13:40:00,513] {dagbag.py:507} INFO - Filling up the DagBag from /home/airflow/.local/lib/python3.7/site-packages/airflow/example_dags/example_short_circuit_operator.py
[2022-09-17 13:40:00,561] {processor.py:651} INFO - DAG(s) dict_keys(['example_short_circuit_operator']) retrieved from /home/airflow/.local/lib/python3.7/site-packages/airflow/example_dags/example_short_circuit_operator.py
[2022-09-17 13:40:00,650] {logging_mixin.py:115} INFO - [2022-09-17 13:40:00,650] {dag.py:2371} INFO - Sync 1 DAGs
[2022-09-17 13:40:01,213] {logging_mixin.py:115} INFO - [2022-09-17 13:40:01,212] {dag.py:2919} INFO - Setting next_dagrun for example_short_circuit_operator to 2022-09-16T13:40:01.212710+00:00, run_after=2022-09-17T13:40:01.212710+00:00
[2022-09-17 13:40:01,233] {processor.py:161} INFO - Processing /home/airflow/.local/lib/python3.7/site-packages/airflow/example_dags/example_short_circuit_operator.py took 0.764 seconds
[2022-09-17 13:40:45,950] {processor.py:153} INFO - Started process (PID=1072) to work on /home/airflow/.local/lib/python3.7/site-packages/airflow/example_dags/example_short_circuit_operator.py
[2022-09-17 13:40:45,960] {processor.py:641} INFO - Processing file /home/airflow/.local/lib/python3.7/site-packages/airflow/example_dags/example_short_circuit_operator.py for tasks to queue
[2022-09-17 13:40:45,972] {logging_mixin.py:115} INFO - [2022-09-17 13:40:45,970] {dagbag.py:507} INFO - Filling up the DagBag from /home/airflow/.local/lib/python3.7/site-packages/airflow/example_dags/example_short_circuit_operator.py
[2022-09-17 13:40:46,266] {processor.py:651} INFO - DAG(s) dict_keys(['example_short_circuit_operator']) retrieved from /home/airflow/.local/lib/python3.7/site-packages/airflow/example_dags/example_short_circuit_operator.py
[2022-09-17 13:40:47,206] {logging_mixin.py:115} INFO - [2022-09-17 13:40:47,206] {dag.py:2371} INFO - Sync 1 DAGs
[2022-09-17 13:40:54,481] {logging_mixin.py:115} INFO - [2022-09-17 13:40:54,434] {dag.py:2919} INFO - Setting next_dagrun for example_short_circuit_operator to 2022-09-16T13:40:54.419695+00:00, run_after=2022-09-17T13:40:54.419695+00:00
[2022-09-17 13:40:54,683] {processor.py:161} INFO - Processing /home/airflow/.local/lib/python3.7/site-packages/airflow/example_dags/example_short_circuit_operator.py took 8.840 seconds
[2022-09-17 13:45:40,306] {processor.py:153} INFO - Started process (PID=76) to work on /home/airflow/.local/lib/python3.7/site-packages/airflow/example_dags/example_short_circuit_operator.py
[2022-09-17 13:45:40,327] {processor.py:641} INFO - Processing file /home/airflow/.local/lib/python3.7/site-packages/airflow/example_dags/example_short_circuit_operator.py for tasks to queue
[2022-09-17 13:45:40,338] {logging_mixin.py:115} INFO - [2022-09-17 13:45:40,338] {dagbag.py:507} INFO - Filling up the DagBag from /home/airflow/.local/lib/python3.7/site-packages/airflow/example_dags/example_short_circuit_operator.py
[2022-09-17 13:45:40,401] {processor.py:651} INFO - DAG(s) dict_keys(['example_short_circuit_operator']) retrieved from /home/airflow/.local/lib/python3.7/site-packages/airflow/example_dags/example_short_circuit_operator.py
[2022-09-17 13:45:41,017] {logging_mixin.py:115} INFO - [2022-09-17 13:45:41,017] {dag.py:2371} INFO - Sync 1 DAGs
[2022-09-17 13:45:41,331] {logging_mixin.py:115} INFO - [2022-09-17 13:45:41,331] {dag.py:2919} INFO - Setting next_dagrun for example_short_circuit_operator to 2022-09-16T13:45:41.331412+00:00, run_after=2022-09-17T13:45:41.331412+00:00
[2022-09-17 13:45:41,414] {processor.py:161} INFO - Processing /home/airflow/.local/lib/python3.7/site-packages/airflow/example_dags/example_short_circuit_operator.py took 1.117 seconds
[2022-09-17 13:46:16,673] {processor.py:153} INFO - Started process (PID=130) to work on /home/airflow/.local/lib/python3.7/site-packages/airflow/example_dags/example_short_circuit_operator.py
[2022-09-17 13:46:16,687] {processor.py:641} INFO - Processing file /home/airflow/.local/lib/python3.7/site-packages/airflow/example_dags/example_short_circuit_operator.py for tasks to queue
[2022-09-17 13:46:16,687] {logging_mixin.py:115} INFO - [2022-09-17 13:46:16,687] {dagbag.py:507} INFO - Filling up the DagBag from /home/airflow/.local/lib/python3.7/site-packages/airflow/example_dags/example_short_circuit_operator.py
[2022-09-17 13:46:16,799] {processor.py:651} INFO - DAG(s) dict_keys(['example_short_circuit_operator']) retrieved from /home/airflow/.local/lib/python3.7/site-packages/airflow/example_dags/example_short_circuit_operator.py
[2022-09-17 13:46:16,984] {logging_mixin.py:115} INFO - [2022-09-17 13:46:16,984] {dag.py:2371} INFO - Sync 1 DAGs
[2022-09-17 13:46:17,235] {logging_mixin.py:115} INFO - [2022-09-17 13:46:17,235] {dag.py:2919} INFO - Setting next_dagrun for example_short_circuit_operator to 2022-09-16T13:46:17.234976+00:00, run_after=2022-09-17T13:46:17.234976+00:00
[2022-09-17 13:46:17,343] {processor.py:161} INFO - Processing /home/airflow/.local/lib/python3.7/site-packages/airflow/example_dags/example_short_circuit_operator.py took 0.726 seconds
[2022-09-17 13:46:47,782] {processor.py:153} INFO - Started process (PID=185) to work on /home/airflow/.local/lib/python3.7/site-packages/airflow/example_dags/example_short_circuit_operator.py
[2022-09-17 13:46:47,785] {processor.py:641} INFO - Processing file /home/airflow/.local/lib/python3.7/site-packages/airflow/example_dags/example_short_circuit_operator.py for tasks to queue
[2022-09-17 13:46:47,792] {logging_mixin.py:115} INFO - [2022-09-17 13:46:47,792] {dagbag.py:507} INFO - Filling up the DagBag from /home/airflow/.local/lib/python3.7/site-packages/airflow/example_dags/example_short_circuit_operator.py
[2022-09-17 13:46:47,846] {processor.py:651} INFO - DAG(s) dict_keys(['example_short_circuit_operator']) retrieved from /home/airflow/.local/lib/python3.7/site-packages/airflow/example_dags/example_short_circuit_operator.py
[2022-09-17 13:46:47,928] {logging_mixin.py:115} INFO - [2022-09-17 13:46:47,928] {dag.py:2371} INFO - Sync 1 DAGs
[2022-09-17 13:46:47,974] {logging_mixin.py:115} INFO - [2022-09-17 13:46:47,974] {dag.py:2919} INFO - Setting next_dagrun for example_short_circuit_operator to 2022-09-16T13:46:47.973766+00:00, run_after=2022-09-17T13:46:47.973766+00:00
[2022-09-17 13:46:48,005] {processor.py:161} INFO - Processing /home/airflow/.local/lib/python3.7/site-packages/airflow/example_dags/example_short_circuit_operator.py took 0.246 seconds
[2022-09-17 13:47:18,662] {processor.py:153} INFO - Started process (PID=238) to work on /home/airflow/.local/lib/python3.7/site-packages/airflow/example_dags/example_short_circuit_operator.py
[2022-09-17 13:47:18,669] {processor.py:641} INFO - Processing file /home/airflow/.local/lib/python3.7/site-packages/airflow/example_dags/example_short_circuit_operator.py for tasks to queue
[2022-09-17 13:47:18,670] {logging_mixin.py:115} INFO - [2022-09-17 13:47:18,669] {dagbag.py:507} INFO - Filling up the DagBag from /home/airflow/.local/lib/python3.7/site-packages/airflow/example_dags/example_short_circuit_operator.py
[2022-09-17 13:47:18,699] {processor.py:651} INFO - DAG(s) dict_keys(['example_short_circuit_operator']) retrieved from /home/airflow/.local/lib/python3.7/site-packages/airflow/example_dags/example_short_circuit_operator.py
[2022-09-17 13:47:18,791] {logging_mixin.py:115} INFO - [2022-09-17 13:47:18,791] {dag.py:2371} INFO - Sync 1 DAGs
[2022-09-17 13:47:18,846] {logging_mixin.py:115} INFO - [2022-09-17 13:47:18,846] {dag.py:2919} INFO - Setting next_dagrun for example_short_circuit_operator to 2022-09-16T13:47:18.846088+00:00, run_after=2022-09-17T13:47:18.846088+00:00
[2022-09-17 13:47:18,873] {processor.py:161} INFO - Processing /home/airflow/.local/lib/python3.7/site-packages/airflow/example_dags/example_short_circuit_operator.py took 0.215 seconds
[2022-09-17 13:47:50,008] {processor.py:153} INFO - Started process (PID=301) to work on /home/airflow/.local/lib/python3.7/site-packages/airflow/example_dags/example_short_circuit_operator.py
[2022-09-17 13:47:50,009] {processor.py:641} INFO - Processing file /home/airflow/.local/lib/python3.7/site-packages/airflow/example_dags/example_short_circuit_operator.py for tasks to queue
[2022-09-17 13:47:50,009] {logging_mixin.py:115} INFO - [2022-09-17 13:47:50,009] {dagbag.py:507} INFO - Filling up the DagBag from /home/airflow/.local/lib/python3.7/site-packages/airflow/example_dags/example_short_circuit_operator.py
[2022-09-17 13:47:50,026] {processor.py:651} INFO - DAG(s) dict_keys(['example_short_circuit_operator']) retrieved from /home/airflow/.local/lib/python3.7/site-packages/airflow/example_dags/example_short_circuit_operator.py
[2022-09-17 13:47:50,069] {logging_mixin.py:115} INFO - [2022-09-17 13:47:50,069] {dag.py:2371} INFO - Sync 1 DAGs
[2022-09-17 13:47:50,122] {logging_mixin.py:115} INFO - [2022-09-17 13:47:50,122] {dag.py:2919} INFO - Setting next_dagrun for example_short_circuit_operator to 2022-09-16T13:47:50.121682+00:00, run_after=2022-09-17T13:47:50.121682+00:00
[2022-09-17 13:47:50,185] {processor.py:161} INFO - Processing /home/airflow/.local/lib/python3.7/site-packages/airflow/example_dags/example_short_circuit_operator.py took 0.287 seconds
[2022-09-17 13:48:20,365] {processor.py:153} INFO - Started process (PID=352) to work on /home/airflow/.local/lib/python3.7/site-packages/airflow/example_dags/example_short_circuit_operator.py
[2022-09-17 13:48:20,366] {processor.py:641} INFO - Processing file /home/airflow/.local/lib/python3.7/site-packages/airflow/example_dags/example_short_circuit_operator.py for tasks to queue
[2022-09-17 13:48:20,367] {logging_mixin.py:115} INFO - [2022-09-17 13:48:20,367] {dagbag.py:507} INFO - Filling up the DagBag from /home/airflow/.local/lib/python3.7/site-packages/airflow/example_dags/example_short_circuit_operator.py
[2022-09-17 13:48:20,381] {processor.py:651} INFO - DAG(s) dict_keys(['example_short_circuit_operator']) retrieved from /home/airflow/.local/lib/python3.7/site-packages/airflow/example_dags/example_short_circuit_operator.py
[2022-09-17 13:48:20,417] {logging_mixin.py:115} INFO - [2022-09-17 13:48:20,417] {dag.py:2371} INFO - Sync 1 DAGs
[2022-09-17 13:48:20,450] {logging_mixin.py:115} INFO - [2022-09-17 13:48:20,450] {dag.py:2919} INFO - Setting next_dagrun for example_short_circuit_operator to 2022-09-16T13:48:20.449971+00:00, run_after=2022-09-17T13:48:20.449971+00:00
[2022-09-17 13:48:20,471] {processor.py:161} INFO - Processing /home/airflow/.local/lib/python3.7/site-packages/airflow/example_dags/example_short_circuit_operator.py took 0.109 seconds
[2022-09-17 13:48:51,121] {processor.py:153} INFO - Started process (PID=414) to work on /home/airflow/.local/lib/python3.7/site-packages/airflow/example_dags/example_short_circuit_operator.py
[2022-09-17 13:48:51,121] {processor.py:641} INFO - Processing file /home/airflow/.local/lib/python3.7/site-packages/airflow/example_dags/example_short_circuit_operator.py for tasks to queue
[2022-09-17 13:48:51,122] {logging_mixin.py:115} INFO - [2022-09-17 13:48:51,122] {dagbag.py:507} INFO - Filling up the DagBag from /home/airflow/.local/lib/python3.7/site-packages/airflow/example_dags/example_short_circuit_operator.py
[2022-09-17 13:48:51,131] {processor.py:651} INFO - DAG(s) dict_keys(['example_short_circuit_operator']) retrieved from /home/airflow/.local/lib/python3.7/site-packages/airflow/example_dags/example_short_circuit_operator.py
[2022-09-17 13:48:51,160] {logging_mixin.py:115} INFO - [2022-09-17 13:48:51,160] {dag.py:2371} INFO - Sync 1 DAGs
[2022-09-17 13:48:51,182] {logging_mixin.py:115} INFO - [2022-09-17 13:48:51,182] {dag.py:2919} INFO - Setting next_dagrun for example_short_circuit_operator to 2022-09-16T13:48:51.182437+00:00, run_after=2022-09-17T13:48:51.182437+00:00
[2022-09-17 13:48:51,193] {processor.py:161} INFO - Processing /home/airflow/.local/lib/python3.7/site-packages/airflow/example_dags/example_short_circuit_operator.py took 0.075 seconds
[2022-09-17 13:49:21,689] {processor.py:153} INFO - Started process (PID=468) to work on /home/airflow/.local/lib/python3.7/site-packages/airflow/example_dags/example_short_circuit_operator.py
[2022-09-17 13:49:21,691] {processor.py:641} INFO - Processing file /home/airflow/.local/lib/python3.7/site-packages/airflow/example_dags/example_short_circuit_operator.py for tasks to queue
[2022-09-17 13:49:21,692] {logging_mixin.py:115} INFO - [2022-09-17 13:49:21,692] {dagbag.py:507} INFO - Filling up the DagBag from /home/airflow/.local/lib/python3.7/site-packages/airflow/example_dags/example_short_circuit_operator.py
[2022-09-17 13:49:21,703] {processor.py:651} INFO - DAG(s) dict_keys(['example_short_circuit_operator']) retrieved from /home/airflow/.local/lib/python3.7/site-packages/airflow/example_dags/example_short_circuit_operator.py
[2022-09-17 13:49:21,735] {logging_mixin.py:115} INFO - [2022-09-17 13:49:21,735] {dag.py:2371} INFO - Sync 1 DAGs
[2022-09-17 13:49:21,757] {logging_mixin.py:115} INFO - [2022-09-17 13:49:21,757] {dag.py:2919} INFO - Setting next_dagrun for example_short_circuit_operator to 2022-09-16T13:49:21.757247+00:00, run_after=2022-09-17T13:49:21.757247+00:00
[2022-09-17 13:49:21,768] {processor.py:161} INFO - Processing /home/airflow/.local/lib/python3.7/site-packages/airflow/example_dags/example_short_circuit_operator.py took 0.083 seconds
[2022-09-17 13:49:52,247] {processor.py:153} INFO - Started process (PID=532) to work on /home/airflow/.local/lib/python3.7/site-packages/airflow/example_dags/example_short_circuit_operator.py
[2022-09-17 13:49:52,248] {processor.py:641} INFO - Processing file /home/airflow/.local/lib/python3.7/site-packages/airflow/example_dags/example_short_circuit_operator.py for tasks to queue
[2022-09-17 13:49:52,248] {logging_mixin.py:115} INFO - [2022-09-17 13:49:52,248] {dagbag.py:507} INFO - Filling up the DagBag from /home/airflow/.local/lib/python3.7/site-packages/airflow/example_dags/example_short_circuit_operator.py
[2022-09-17 13:49:52,259] {processor.py:651} INFO - DAG(s) dict_keys(['example_short_circuit_operator']) retrieved from /home/airflow/.local/lib/python3.7/site-packages/airflow/example_dags/example_short_circuit_operator.py
[2022-09-17 13:49:52,295] {logging_mixin.py:115} INFO - [2022-09-17 13:49:52,295] {dag.py:2371} INFO - Sync 1 DAGs
[2022-09-17 13:49:52,319] {logging_mixin.py:115} INFO - [2022-09-17 13:49:52,319] {dag.py:2919} INFO - Setting next_dagrun for example_short_circuit_operator to 2022-09-16T13:49:52.319032+00:00, run_after=2022-09-17T13:49:52.319032+00:00
[2022-09-17 13:49:52,350] {processor.py:161} INFO - Processing /home/airflow/.local/lib/python3.7/site-packages/airflow/example_dags/example_short_circuit_operator.py took 0.106 seconds
[2022-09-17 13:50:22,424] {processor.py:153} INFO - Started process (PID=587) to work on /home/airflow/.local/lib/python3.7/site-packages/airflow/example_dags/example_short_circuit_operator.py
[2022-09-17 13:50:22,425] {processor.py:641} INFO - Processing file /home/airflow/.local/lib/python3.7/site-packages/airflow/example_dags/example_short_circuit_operator.py for tasks to queue
[2022-09-17 13:50:22,426] {logging_mixin.py:115} INFO - [2022-09-17 13:50:22,426] {dagbag.py:507} INFO - Filling up the DagBag from /home/airflow/.local/lib/python3.7/site-packages/airflow/example_dags/example_short_circuit_operator.py
[2022-09-17 13:50:22,438] {processor.py:651} INFO - DAG(s) dict_keys(['example_short_circuit_operator']) retrieved from /home/airflow/.local/lib/python3.7/site-packages/airflow/example_dags/example_short_circuit_operator.py
[2022-09-17 13:50:22,473] {logging_mixin.py:115} INFO - [2022-09-17 13:50:22,472] {dag.py:2371} INFO - Sync 1 DAGs
[2022-09-17 13:50:22,503] {logging_mixin.py:115} INFO - [2022-09-17 13:50:22,503] {dag.py:2919} INFO - Setting next_dagrun for example_short_circuit_operator to 2022-09-16T13:50:22.503021+00:00, run_after=2022-09-17T13:50:22.503021+00:00
[2022-09-17 13:50:22,516] {processor.py:161} INFO - Processing /home/airflow/.local/lib/python3.7/site-packages/airflow/example_dags/example_short_circuit_operator.py took 0.096 seconds
[2022-09-17 13:50:52,618] {processor.py:153} INFO - Started process (PID=650) to work on /home/airflow/.local/lib/python3.7/site-packages/airflow/example_dags/example_short_circuit_operator.py
[2022-09-17 13:50:52,619] {processor.py:641} INFO - Processing file /home/airflow/.local/lib/python3.7/site-packages/airflow/example_dags/example_short_circuit_operator.py for tasks to queue
[2022-09-17 13:50:52,619] {logging_mixin.py:115} INFO - [2022-09-17 13:50:52,619] {dagbag.py:507} INFO - Filling up the DagBag from /home/airflow/.local/lib/python3.7/site-packages/airflow/example_dags/example_short_circuit_operator.py
[2022-09-17 13:50:52,630] {processor.py:651} INFO - DAG(s) dict_keys(['example_short_circuit_operator']) retrieved from /home/airflow/.local/lib/python3.7/site-packages/airflow/example_dags/example_short_circuit_operator.py
[2022-09-17 13:50:52,660] {logging_mixin.py:115} INFO - [2022-09-17 13:50:52,659] {dag.py:2371} INFO - Sync 1 DAGs
[2022-09-17 13:50:52,682] {logging_mixin.py:115} INFO - [2022-09-17 13:50:52,682] {dag.py:2919} INFO - Setting next_dagrun for example_short_circuit_operator to 2022-09-16T13:50:52.682271+00:00, run_after=2022-09-17T13:50:52.682271+00:00
[2022-09-17 13:50:52,692] {processor.py:161} INFO - Processing /home/airflow/.local/lib/python3.7/site-packages/airflow/example_dags/example_short_circuit_operator.py took 0.079 seconds
[2022-09-17 13:51:23,213] {processor.py:153} INFO - Started process (PID=713) to work on /home/airflow/.local/lib/python3.7/site-packages/airflow/example_dags/example_short_circuit_operator.py
[2022-09-17 13:51:23,214] {processor.py:641} INFO - Processing file /home/airflow/.local/lib/python3.7/site-packages/airflow/example_dags/example_short_circuit_operator.py for tasks to queue
[2022-09-17 13:51:23,215] {logging_mixin.py:115} INFO - [2022-09-17 13:51:23,215] {dagbag.py:507} INFO - Filling up the DagBag from /home/airflow/.local/lib/python3.7/site-packages/airflow/example_dags/example_short_circuit_operator.py
[2022-09-17 13:51:23,225] {processor.py:651} INFO - DAG(s) dict_keys(['example_short_circuit_operator']) retrieved from /home/airflow/.local/lib/python3.7/site-packages/airflow/example_dags/example_short_circuit_operator.py
[2022-09-17 13:51:23,256] {logging_mixin.py:115} INFO - [2022-09-17 13:51:23,255] {dag.py:2371} INFO - Sync 1 DAGs
[2022-09-17 13:51:23,282] {logging_mixin.py:115} INFO - [2022-09-17 13:51:23,282] {dag.py:2919} INFO - Setting next_dagrun for example_short_circuit_operator to 2022-09-16T13:51:23.282345+00:00, run_after=2022-09-17T13:51:23.282345+00:00
[2022-09-17 13:51:23,295] {processor.py:161} INFO - Processing /home/airflow/.local/lib/python3.7/site-packages/airflow/example_dags/example_short_circuit_operator.py took 0.087 seconds
[2022-09-17 13:51:53,351] {processor.py:153} INFO - Started process (PID=767) to work on /home/airflow/.local/lib/python3.7/site-packages/airflow/example_dags/example_short_circuit_operator.py
[2022-09-17 13:51:53,351] {processor.py:641} INFO - Processing file /home/airflow/.local/lib/python3.7/site-packages/airflow/example_dags/example_short_circuit_operator.py for tasks to queue
[2022-09-17 13:51:53,352] {logging_mixin.py:115} INFO - [2022-09-17 13:51:53,352] {dagbag.py:507} INFO - Filling up the DagBag from /home/airflow/.local/lib/python3.7/site-packages/airflow/example_dags/example_short_circuit_operator.py
[2022-09-17 13:51:53,366] {processor.py:651} INFO - DAG(s) dict_keys(['example_short_circuit_operator']) retrieved from /home/airflow/.local/lib/python3.7/site-packages/airflow/example_dags/example_short_circuit_operator.py
[2022-09-17 13:51:53,400] {logging_mixin.py:115} INFO - [2022-09-17 13:51:53,400] {dag.py:2371} INFO - Sync 1 DAGs
[2022-09-17 13:51:53,428] {logging_mixin.py:115} INFO - [2022-09-17 13:51:53,428] {dag.py:2919} INFO - Setting next_dagrun for example_short_circuit_operator to 2022-09-16T13:51:53.428473+00:00, run_after=2022-09-17T13:51:53.428473+00:00
[2022-09-17 13:51:53,440] {processor.py:161} INFO - Processing /home/airflow/.local/lib/python3.7/site-packages/airflow/example_dags/example_short_circuit_operator.py took 0.093 seconds
[2022-09-17 13:52:23,927] {processor.py:153} INFO - Started process (PID=830) to work on /home/airflow/.local/lib/python3.7/site-packages/airflow/example_dags/example_short_circuit_operator.py
[2022-09-17 13:52:23,928] {processor.py:641} INFO - Processing file /home/airflow/.local/lib/python3.7/site-packages/airflow/example_dags/example_short_circuit_operator.py for tasks to queue
[2022-09-17 13:52:23,929] {logging_mixin.py:115} INFO - [2022-09-17 13:52:23,928] {dagbag.py:507} INFO - Filling up the DagBag from /home/airflow/.local/lib/python3.7/site-packages/airflow/example_dags/example_short_circuit_operator.py
[2022-09-17 13:52:23,940] {processor.py:651} INFO - DAG(s) dict_keys(['example_short_circuit_operator']) retrieved from /home/airflow/.local/lib/python3.7/site-packages/airflow/example_dags/example_short_circuit_operator.py
[2022-09-17 13:52:23,975] {logging_mixin.py:115} INFO - [2022-09-17 13:52:23,975] {dag.py:2371} INFO - Sync 1 DAGs
[2022-09-17 13:52:23,997] {logging_mixin.py:115} INFO - [2022-09-17 13:52:23,997] {dag.py:2919} INFO - Setting next_dagrun for example_short_circuit_operator to 2022-09-16T13:52:23.996108+00:00, run_after=2022-09-17T13:52:23.996108+00:00
[2022-09-17 13:52:24,008] {processor.py:161} INFO - Processing /home/airflow/.local/lib/python3.7/site-packages/airflow/example_dags/example_short_circuit_operator.py took 0.084 seconds
[2022-09-17 13:52:54,369] {processor.py:153} INFO - Started process (PID=884) to work on /home/airflow/.local/lib/python3.7/site-packages/airflow/example_dags/example_short_circuit_operator.py
[2022-09-17 13:52:54,386] {processor.py:641} INFO - Processing file /home/airflow/.local/lib/python3.7/site-packages/airflow/example_dags/example_short_circuit_operator.py for tasks to queue
[2022-09-17 13:52:54,387] {logging_mixin.py:115} INFO - [2022-09-17 13:52:54,387] {dagbag.py:507} INFO - Filling up the DagBag from /home/airflow/.local/lib/python3.7/site-packages/airflow/example_dags/example_short_circuit_operator.py
[2022-09-17 13:52:54,434] {processor.py:651} INFO - DAG(s) dict_keys(['example_short_circuit_operator']) retrieved from /home/airflow/.local/lib/python3.7/site-packages/airflow/example_dags/example_short_circuit_operator.py
[2022-09-17 13:52:54,564] {logging_mixin.py:115} INFO - [2022-09-17 13:52:54,564] {dag.py:2371} INFO - Sync 1 DAGs
[2022-09-17 13:52:54,631] {logging_mixin.py:115} INFO - [2022-09-17 13:52:54,631] {dag.py:2919} INFO - Setting next_dagrun for example_short_circuit_operator to 2022-09-16T13:52:54.631533+00:00, run_after=2022-09-17T13:52:54.631533+00:00
[2022-09-17 13:52:54,659] {processor.py:161} INFO - Processing /home/airflow/.local/lib/python3.7/site-packages/airflow/example_dags/example_short_circuit_operator.py took 0.302 seconds
[2022-09-17 13:53:25,138] {processor.py:153} INFO - Started process (PID=947) to work on /home/airflow/.local/lib/python3.7/site-packages/airflow/example_dags/example_short_circuit_operator.py
[2022-09-17 13:53:25,140] {processor.py:641} INFO - Processing file /home/airflow/.local/lib/python3.7/site-packages/airflow/example_dags/example_short_circuit_operator.py for tasks to queue
[2022-09-17 13:53:25,141] {logging_mixin.py:115} INFO - [2022-09-17 13:53:25,141] {dagbag.py:507} INFO - Filling up the DagBag from /home/airflow/.local/lib/python3.7/site-packages/airflow/example_dags/example_short_circuit_operator.py
[2022-09-17 13:53:25,156] {processor.py:651} INFO - DAG(s) dict_keys(['example_short_circuit_operator']) retrieved from /home/airflow/.local/lib/python3.7/site-packages/airflow/example_dags/example_short_circuit_operator.py
[2022-09-17 13:53:25,215] {logging_mixin.py:115} INFO - [2022-09-17 13:53:25,215] {dag.py:2371} INFO - Sync 1 DAGs
[2022-09-17 13:53:25,256] {logging_mixin.py:115} INFO - [2022-09-17 13:53:25,255] {dag.py:2919} INFO - Setting next_dagrun for example_short_circuit_operator to 2022-09-16T13:53:25.255649+00:00, run_after=2022-09-17T13:53:25.255649+00:00
[2022-09-17 13:53:25,272] {processor.py:161} INFO - Processing /home/airflow/.local/lib/python3.7/site-packages/airflow/example_dags/example_short_circuit_operator.py took 0.139 seconds
[2022-09-17 13:53:55,501] {processor.py:153} INFO - Started process (PID=1001) to work on /home/airflow/.local/lib/python3.7/site-packages/airflow/example_dags/example_short_circuit_operator.py
[2022-09-17 13:53:55,501] {processor.py:641} INFO - Processing file /home/airflow/.local/lib/python3.7/site-packages/airflow/example_dags/example_short_circuit_operator.py for tasks to queue
[2022-09-17 13:53:55,502] {logging_mixin.py:115} INFO - [2022-09-17 13:53:55,502] {dagbag.py:507} INFO - Filling up the DagBag from /home/airflow/.local/lib/python3.7/site-packages/airflow/example_dags/example_short_circuit_operator.py
[2022-09-17 13:53:55,513] {processor.py:651} INFO - DAG(s) dict_keys(['example_short_circuit_operator']) retrieved from /home/airflow/.local/lib/python3.7/site-packages/airflow/example_dags/example_short_circuit_operator.py
[2022-09-17 13:53:55,545] {logging_mixin.py:115} INFO - [2022-09-17 13:53:55,545] {dag.py:2371} INFO - Sync 1 DAGs
[2022-09-17 13:53:55,571] {logging_mixin.py:115} INFO - [2022-09-17 13:53:55,571] {dag.py:2919} INFO - Setting next_dagrun for example_short_circuit_operator to 2022-09-16T13:53:55.571145+00:00, run_after=2022-09-17T13:53:55.571145+00:00
[2022-09-17 13:53:55,585] {processor.py:161} INFO - Processing /home/airflow/.local/lib/python3.7/site-packages/airflow/example_dags/example_short_circuit_operator.py took 0.088 seconds
[2022-09-17 13:54:26,060] {processor.py:153} INFO - Started process (PID=1063) to work on /home/airflow/.local/lib/python3.7/site-packages/airflow/example_dags/example_short_circuit_operator.py
[2022-09-17 13:54:26,066] {processor.py:641} INFO - Processing file /home/airflow/.local/lib/python3.7/site-packages/airflow/example_dags/example_short_circuit_operator.py for tasks to queue
[2022-09-17 13:54:26,071] {logging_mixin.py:115} INFO - [2022-09-17 13:54:26,071] {dagbag.py:507} INFO - Filling up the DagBag from /home/airflow/.local/lib/python3.7/site-packages/airflow/example_dags/example_short_circuit_operator.py
[2022-09-17 13:54:26,100] {processor.py:651} INFO - DAG(s) dict_keys(['example_short_circuit_operator']) retrieved from /home/airflow/.local/lib/python3.7/site-packages/airflow/example_dags/example_short_circuit_operator.py
[2022-09-17 13:54:26,186] {logging_mixin.py:115} INFO - [2022-09-17 13:54:26,186] {dag.py:2371} INFO - Sync 1 DAGs
[2022-09-17 13:54:26,247] {logging_mixin.py:115} INFO - [2022-09-17 13:54:26,247] {dag.py:2919} INFO - Setting next_dagrun for example_short_circuit_operator to 2022-09-16T13:54:26.247013+00:00, run_after=2022-09-17T13:54:26.247013+00:00
[2022-09-17 13:54:26,291] {processor.py:161} INFO - Processing /home/airflow/.local/lib/python3.7/site-packages/airflow/example_dags/example_short_circuit_operator.py took 0.244 seconds
[2022-09-17 13:54:56,449] {processor.py:153} INFO - Started process (PID=1117) to work on /home/airflow/.local/lib/python3.7/site-packages/airflow/example_dags/example_short_circuit_operator.py
[2022-09-17 13:54:56,456] {processor.py:641} INFO - Processing file /home/airflow/.local/lib/python3.7/site-packages/airflow/example_dags/example_short_circuit_operator.py for tasks to queue
[2022-09-17 13:54:56,457] {logging_mixin.py:115} INFO - [2022-09-17 13:54:56,457] {dagbag.py:507} INFO - Filling up the DagBag from /home/airflow/.local/lib/python3.7/site-packages/airflow/example_dags/example_short_circuit_operator.py
[2022-09-17 13:54:56,483] {processor.py:651} INFO - DAG(s) dict_keys(['example_short_circuit_operator']) retrieved from /home/airflow/.local/lib/python3.7/site-packages/airflow/example_dags/example_short_circuit_operator.py
[2022-09-17 13:54:56,578] {logging_mixin.py:115} INFO - [2022-09-17 13:54:56,578] {dag.py:2371} INFO - Sync 1 DAGs
[2022-09-17 13:54:56,625] {logging_mixin.py:115} INFO - [2022-09-17 13:54:56,625] {dag.py:2919} INFO - Setting next_dagrun for example_short_circuit_operator to 2022-09-16T13:54:56.625282+00:00, run_after=2022-09-17T13:54:56.625282+00:00
[2022-09-17 13:54:56,643] {processor.py:161} INFO - Processing /home/airflow/.local/lib/python3.7/site-packages/airflow/example_dags/example_short_circuit_operator.py took 0.198 seconds
