[2022-09-17 13:29:29,952] {processor.py:153} INFO - Started process (PID=87) to work on /home/airflow/.local/lib/python3.7/site-packages/airflow/example_dags/example_xcomargs.py
[2022-09-17 13:29:29,953] {processor.py:641} INFO - Processing file /home/airflow/.local/lib/python3.7/site-packages/airflow/example_dags/example_xcomargs.py for tasks to queue
[2022-09-17 13:29:29,953] {logging_mixin.py:115} INFO - [2022-09-17 13:29:29,953] {dagbag.py:507} INFO - Filling up the DagBag from /home/airflow/.local/lib/python3.7/site-packages/airflow/example_dags/example_xcomargs.py
[2022-09-17 13:29:29,976] {processor.py:651} INFO - DAG(s) dict_keys(['example_xcom_args', 'example_xcom_args_with_operators']) retrieved from /home/airflow/.local/lib/python3.7/site-packages/airflow/example_dags/example_xcomargs.py
[2022-09-17 13:29:30,330] {logging_mixin.py:115} INFO - [2022-09-17 13:29:30,330] {manager.py:508} INFO - Created Permission View: can delete on DAG:example_xcom_args
[2022-09-17 13:29:30,339] {logging_mixin.py:115} INFO - [2022-09-17 13:29:30,339] {manager.py:508} INFO - Created Permission View: can edit on DAG:example_xcom_args
[2022-09-17 13:29:30,345] {logging_mixin.py:115} INFO - [2022-09-17 13:29:30,345] {manager.py:508} INFO - Created Permission View: can read on DAG:example_xcom_args
[2022-09-17 13:29:30,357] {logging_mixin.py:115} INFO - [2022-09-17 13:29:30,357] {manager.py:508} INFO - Created Permission View: can delete on DAG:example_xcom_args_with_operators
[2022-09-17 13:29:30,363] {logging_mixin.py:115} INFO - [2022-09-17 13:29:30,363] {manager.py:508} INFO - Created Permission View: can edit on DAG:example_xcom_args_with_operators
[2022-09-17 13:29:30,370] {logging_mixin.py:115} INFO - [2022-09-17 13:29:30,370] {manager.py:508} INFO - Created Permission View: can read on DAG:example_xcom_args_with_operators
[2022-09-17 13:29:30,370] {logging_mixin.py:115} INFO - [2022-09-17 13:29:30,370] {dag.py:2371} INFO - Sync 2 DAGs
[2022-09-17 13:29:30,378] {logging_mixin.py:115} INFO - [2022-09-17 13:29:30,378] {dag.py:2390} INFO - Creating ORM DAG for example_xcom_args
[2022-09-17 13:29:30,378] {logging_mixin.py:115} INFO - [2022-09-17 13:29:30,378] {dag.py:2390} INFO - Creating ORM DAG for example_xcom_args_with_operators
[2022-09-17 13:29:30,389] {logging_mixin.py:115} INFO - [2022-09-17 13:29:30,389] {dag.py:2919} INFO - Setting next_dagrun for example_xcom_args to None, run_after=None
[2022-09-17 13:29:30,390] {logging_mixin.py:115} INFO - [2022-09-17 13:29:30,390] {dag.py:2919} INFO - Setting next_dagrun for example_xcom_args_with_operators to None, run_after=None
[2022-09-17 13:29:30,416] {processor.py:161} INFO - Processing /home/airflow/.local/lib/python3.7/site-packages/airflow/example_dags/example_xcomargs.py took 0.468 seconds
[2022-09-17 13:30:03,496] {processor.py:153} INFO - Started process (PID=138) to work on /home/airflow/.local/lib/python3.7/site-packages/airflow/example_dags/example_xcomargs.py
[2022-09-17 13:30:03,504] {processor.py:641} INFO - Processing file /home/airflow/.local/lib/python3.7/site-packages/airflow/example_dags/example_xcomargs.py for tasks to queue
[2022-09-17 13:30:03,504] {logging_mixin.py:115} INFO - [2022-09-17 13:30:03,504] {dagbag.py:507} INFO - Filling up the DagBag from /home/airflow/.local/lib/python3.7/site-packages/airflow/example_dags/example_xcomargs.py
[2022-09-17 13:30:03,563] {processor.py:651} INFO - DAG(s) dict_keys(['example_xcom_args', 'example_xcom_args_with_operators']) retrieved from /home/airflow/.local/lib/python3.7/site-packages/airflow/example_dags/example_xcomargs.py
[2022-09-17 13:30:03,958] {logging_mixin.py:115} INFO - [2022-09-17 13:30:03,958] {dag.py:2371} INFO - Sync 2 DAGs
[2022-09-17 13:30:03,980] {logging_mixin.py:115} INFO - [2022-09-17 13:30:03,980] {dag.py:2919} INFO - Setting next_dagrun for example_xcom_args to None, run_after=None
[2022-09-17 13:30:03,981] {logging_mixin.py:115} INFO - [2022-09-17 13:30:03,981] {dag.py:2919} INFO - Setting next_dagrun for example_xcom_args_with_operators to None, run_after=None
[2022-09-17 13:30:03,997] {processor.py:161} INFO - Processing /home/airflow/.local/lib/python3.7/site-packages/airflow/example_dags/example_xcomargs.py took 0.508 seconds
[2022-09-17 13:30:39,282] {processor.py:153} INFO - Started process (PID=200) to work on /home/airflow/.local/lib/python3.7/site-packages/airflow/example_dags/example_xcomargs.py
[2022-09-17 13:30:39,289] {processor.py:641} INFO - Processing file /home/airflow/.local/lib/python3.7/site-packages/airflow/example_dags/example_xcomargs.py for tasks to queue
[2022-09-17 13:30:39,290] {logging_mixin.py:115} INFO - [2022-09-17 13:30:39,290] {dagbag.py:507} INFO - Filling up the DagBag from /home/airflow/.local/lib/python3.7/site-packages/airflow/example_dags/example_xcomargs.py
[2022-09-17 13:30:39,425] {processor.py:651} INFO - DAG(s) dict_keys(['example_xcom_args', 'example_xcom_args_with_operators']) retrieved from /home/airflow/.local/lib/python3.7/site-packages/airflow/example_dags/example_xcomargs.py
[2022-09-17 13:30:39,705] {logging_mixin.py:115} INFO - [2022-09-17 13:30:39,705] {dag.py:2371} INFO - Sync 2 DAGs
[2022-09-17 13:30:40,185] {logging_mixin.py:115} INFO - [2022-09-17 13:30:40,185] {dag.py:2919} INFO - Setting next_dagrun for example_xcom_args to None, run_after=None
[2022-09-17 13:30:40,185] {logging_mixin.py:115} INFO - [2022-09-17 13:30:40,185] {dag.py:2919} INFO - Setting next_dagrun for example_xcom_args_with_operators to None, run_after=None
[2022-09-17 13:30:40,477] {processor.py:161} INFO - Processing /home/airflow/.local/lib/python3.7/site-packages/airflow/example_dags/example_xcomargs.py took 1.209 seconds
[2022-09-17 13:31:11,198] {processor.py:153} INFO - Started process (PID=252) to work on /home/airflow/.local/lib/python3.7/site-packages/airflow/example_dags/example_xcomargs.py
[2022-09-17 13:31:11,200] {processor.py:641} INFO - Processing file /home/airflow/.local/lib/python3.7/site-packages/airflow/example_dags/example_xcomargs.py for tasks to queue
[2022-09-17 13:31:11,200] {logging_mixin.py:115} INFO - [2022-09-17 13:31:11,200] {dagbag.py:507} INFO - Filling up the DagBag from /home/airflow/.local/lib/python3.7/site-packages/airflow/example_dags/example_xcomargs.py
[2022-09-17 13:31:11,224] {processor.py:651} INFO - DAG(s) dict_keys(['example_xcom_args', 'example_xcom_args_with_operators']) retrieved from /home/airflow/.local/lib/python3.7/site-packages/airflow/example_dags/example_xcomargs.py
[2022-09-17 13:31:11,465] {logging_mixin.py:115} INFO - [2022-09-17 13:31:11,465] {dag.py:2371} INFO - Sync 2 DAGs
[2022-09-17 13:31:11,490] {logging_mixin.py:115} INFO - [2022-09-17 13:31:11,489] {dag.py:2919} INFO - Setting next_dagrun for example_xcom_args to None, run_after=None
[2022-09-17 13:31:11,490] {logging_mixin.py:115} INFO - [2022-09-17 13:31:11,490] {dag.py:2919} INFO - Setting next_dagrun for example_xcom_args_with_operators to None, run_after=None
[2022-09-17 13:31:11,502] {processor.py:161} INFO - Processing /home/airflow/.local/lib/python3.7/site-packages/airflow/example_dags/example_xcomargs.py took 0.312 seconds
[2022-09-17 13:31:41,823] {processor.py:153} INFO - Started process (PID=305) to work on /home/airflow/.local/lib/python3.7/site-packages/airflow/example_dags/example_xcomargs.py
[2022-09-17 13:31:41,824] {processor.py:641} INFO - Processing file /home/airflow/.local/lib/python3.7/site-packages/airflow/example_dags/example_xcomargs.py for tasks to queue
[2022-09-17 13:31:41,825] {logging_mixin.py:115} INFO - [2022-09-17 13:31:41,825] {dagbag.py:507} INFO - Filling up the DagBag from /home/airflow/.local/lib/python3.7/site-packages/airflow/example_dags/example_xcomargs.py
[2022-09-17 13:31:41,847] {processor.py:651} INFO - DAG(s) dict_keys(['example_xcom_args', 'example_xcom_args_with_operators']) retrieved from /home/airflow/.local/lib/python3.7/site-packages/airflow/example_dags/example_xcomargs.py
[2022-09-17 13:31:42,081] {logging_mixin.py:115} INFO - [2022-09-17 13:31:42,081] {dag.py:2371} INFO - Sync 2 DAGs
[2022-09-17 13:31:42,102] {logging_mixin.py:115} INFO - [2022-09-17 13:31:42,102] {dag.py:2919} INFO - Setting next_dagrun for example_xcom_args to None, run_after=None
[2022-09-17 13:31:42,102] {logging_mixin.py:115} INFO - [2022-09-17 13:31:42,102] {dag.py:2919} INFO - Setting next_dagrun for example_xcom_args_with_operators to None, run_after=None
[2022-09-17 13:31:42,115] {processor.py:161} INFO - Processing /home/airflow/.local/lib/python3.7/site-packages/airflow/example_dags/example_xcomargs.py took 0.296 seconds
[2022-09-17 13:32:13,221] {processor.py:153} INFO - Started process (PID=365) to work on /home/airflow/.local/lib/python3.7/site-packages/airflow/example_dags/example_xcomargs.py
[2022-09-17 13:32:13,222] {processor.py:641} INFO - Processing file /home/airflow/.local/lib/python3.7/site-packages/airflow/example_dags/example_xcomargs.py for tasks to queue
[2022-09-17 13:32:13,223] {logging_mixin.py:115} INFO - [2022-09-17 13:32:13,223] {dagbag.py:507} INFO - Filling up the DagBag from /home/airflow/.local/lib/python3.7/site-packages/airflow/example_dags/example_xcomargs.py
[2022-09-17 13:32:13,256] {processor.py:651} INFO - DAG(s) dict_keys(['example_xcom_args', 'example_xcom_args_with_operators']) retrieved from /home/airflow/.local/lib/python3.7/site-packages/airflow/example_dags/example_xcomargs.py
[2022-09-17 13:32:13,560] {logging_mixin.py:115} INFO - [2022-09-17 13:32:13,560] {dag.py:2371} INFO - Sync 2 DAGs
[2022-09-17 13:32:13,585] {logging_mixin.py:115} INFO - [2022-09-17 13:32:13,585] {dag.py:2919} INFO - Setting next_dagrun for example_xcom_args to None, run_after=None
[2022-09-17 13:32:13,585] {logging_mixin.py:115} INFO - [2022-09-17 13:32:13,585] {dag.py:2919} INFO - Setting next_dagrun for example_xcom_args_with_operators to None, run_after=None
[2022-09-17 13:32:13,598] {processor.py:161} INFO - Processing /home/airflow/.local/lib/python3.7/site-packages/airflow/example_dags/example_xcomargs.py took 0.382 seconds
[2022-09-17 13:32:45,625] {processor.py:153} INFO - Started process (PID=429) to work on /home/airflow/.local/lib/python3.7/site-packages/airflow/example_dags/example_xcomargs.py
[2022-09-17 13:32:45,750] {processor.py:641} INFO - Processing file /home/airflow/.local/lib/python3.7/site-packages/airflow/example_dags/example_xcomargs.py for tasks to queue
[2022-09-17 13:32:45,782] {logging_mixin.py:115} INFO - [2022-09-17 13:32:45,782] {dagbag.py:507} INFO - Filling up the DagBag from /home/airflow/.local/lib/python3.7/site-packages/airflow/example_dags/example_xcomargs.py
[2022-09-17 13:32:45,835] {processor.py:651} INFO - DAG(s) dict_keys(['example_xcom_args', 'example_xcom_args_with_operators']) retrieved from /home/airflow/.local/lib/python3.7/site-packages/airflow/example_dags/example_xcomargs.py
[2022-09-17 13:32:45,944] {logging_mixin.py:115} INFO - [2022-09-17 13:32:45,944] {dag.py:2371} INFO - Sync 2 DAGs
[2022-09-17 13:32:46,340] {logging_mixin.py:115} INFO - [2022-09-17 13:32:46,340] {dag.py:2919} INFO - Setting next_dagrun for example_xcom_args to None, run_after=None
[2022-09-17 13:32:46,818] {logging_mixin.py:115} INFO - [2022-09-17 13:32:46,818] {dag.py:2919} INFO - Setting next_dagrun for example_xcom_args_with_operators to None, run_after=None
[2022-09-17 13:32:46,866] {processor.py:161} INFO - Processing /home/airflow/.local/lib/python3.7/site-packages/airflow/example_dags/example_xcomargs.py took 1.266 seconds
[2022-09-17 13:33:23,165] {processor.py:153} INFO - Started process (PID=488) to work on /home/airflow/.local/lib/python3.7/site-packages/airflow/example_dags/example_xcomargs.py
[2022-09-17 13:33:23,173] {processor.py:641} INFO - Processing file /home/airflow/.local/lib/python3.7/site-packages/airflow/example_dags/example_xcomargs.py for tasks to queue
[2022-09-17 13:33:23,174] {logging_mixin.py:115} INFO - [2022-09-17 13:33:23,174] {dagbag.py:507} INFO - Filling up the DagBag from /home/airflow/.local/lib/python3.7/site-packages/airflow/example_dags/example_xcomargs.py
[2022-09-17 13:33:23,394] {processor.py:651} INFO - DAG(s) dict_keys(['example_xcom_args', 'example_xcom_args_with_operators']) retrieved from /home/airflow/.local/lib/python3.7/site-packages/airflow/example_dags/example_xcomargs.py
[2022-09-17 13:33:25,437] {logging_mixin.py:115} INFO - [2022-09-17 13:33:25,437] {dag.py:2371} INFO - Sync 2 DAGs
[2022-09-17 13:33:25,549] {logging_mixin.py:115} INFO - [2022-09-17 13:33:25,549] {dag.py:2919} INFO - Setting next_dagrun for example_xcom_args to None, run_after=None
[2022-09-17 13:33:25,549] {logging_mixin.py:115} INFO - [2022-09-17 13:33:25,549] {dag.py:2919} INFO - Setting next_dagrun for example_xcom_args_with_operators to None, run_after=None
[2022-09-17 13:33:25,624] {processor.py:161} INFO - Processing /home/airflow/.local/lib/python3.7/site-packages/airflow/example_dags/example_xcomargs.py took 2.475 seconds
[2022-09-17 13:33:55,710] {processor.py:153} INFO - Started process (PID=551) to work on /home/airflow/.local/lib/python3.7/site-packages/airflow/example_dags/example_xcomargs.py
[2022-09-17 13:33:55,711] {processor.py:641} INFO - Processing file /home/airflow/.local/lib/python3.7/site-packages/airflow/example_dags/example_xcomargs.py for tasks to queue
[2022-09-17 13:33:55,714] {logging_mixin.py:115} INFO - [2022-09-17 13:33:55,714] {dagbag.py:507} INFO - Filling up the DagBag from /home/airflow/.local/lib/python3.7/site-packages/airflow/example_dags/example_xcomargs.py
[2022-09-17 13:33:55,747] {processor.py:651} INFO - DAG(s) dict_keys(['example_xcom_args', 'example_xcom_args_with_operators']) retrieved from /home/airflow/.local/lib/python3.7/site-packages/airflow/example_dags/example_xcomargs.py
[2022-09-17 13:33:56,109] {logging_mixin.py:115} INFO - [2022-09-17 13:33:56,109] {dag.py:2371} INFO - Sync 2 DAGs
[2022-09-17 13:33:56,135] {logging_mixin.py:115} INFO - [2022-09-17 13:33:56,135] {dag.py:2919} INFO - Setting next_dagrun for example_xcom_args to None, run_after=None
[2022-09-17 13:33:56,135] {logging_mixin.py:115} INFO - [2022-09-17 13:33:56,135] {dag.py:2919} INFO - Setting next_dagrun for example_xcom_args_with_operators to None, run_after=None
[2022-09-17 13:33:56,148] {processor.py:161} INFO - Processing /home/airflow/.local/lib/python3.7/site-packages/airflow/example_dags/example_xcomargs.py took 0.446 seconds
[2022-09-17 13:34:28,091] {processor.py:153} INFO - Started process (PID=601) to work on /home/airflow/.local/lib/python3.7/site-packages/airflow/example_dags/example_xcomargs.py
[2022-09-17 13:34:28,092] {processor.py:641} INFO - Processing file /home/airflow/.local/lib/python3.7/site-packages/airflow/example_dags/example_xcomargs.py for tasks to queue
[2022-09-17 13:34:28,093] {logging_mixin.py:115} INFO - [2022-09-17 13:34:28,092] {dagbag.py:507} INFO - Filling up the DagBag from /home/airflow/.local/lib/python3.7/site-packages/airflow/example_dags/example_xcomargs.py
[2022-09-17 13:34:28,115] {processor.py:651} INFO - DAG(s) dict_keys(['example_xcom_args', 'example_xcom_args_with_operators']) retrieved from /home/airflow/.local/lib/python3.7/site-packages/airflow/example_dags/example_xcomargs.py
[2022-09-17 13:34:28,514] {logging_mixin.py:115} INFO - [2022-09-17 13:34:28,514] {dag.py:2371} INFO - Sync 2 DAGs
[2022-09-17 13:34:28,532] {logging_mixin.py:115} INFO - [2022-09-17 13:34:28,532] {dag.py:2919} INFO - Setting next_dagrun for example_xcom_args to None, run_after=None
[2022-09-17 13:34:28,533] {logging_mixin.py:115} INFO - [2022-09-17 13:34:28,533] {dag.py:2919} INFO - Setting next_dagrun for example_xcom_args_with_operators to None, run_after=None
[2022-09-17 13:34:28,544] {processor.py:161} INFO - Processing /home/airflow/.local/lib/python3.7/site-packages/airflow/example_dags/example_xcomargs.py took 0.457 seconds
[2022-09-17 13:34:59,781] {processor.py:153} INFO - Started process (PID=661) to work on /home/airflow/.local/lib/python3.7/site-packages/airflow/example_dags/example_xcomargs.py
[2022-09-17 13:34:59,788] {processor.py:641} INFO - Processing file /home/airflow/.local/lib/python3.7/site-packages/airflow/example_dags/example_xcomargs.py for tasks to queue
[2022-09-17 13:34:59,789] {logging_mixin.py:115} INFO - [2022-09-17 13:34:59,789] {dagbag.py:507} INFO - Filling up the DagBag from /home/airflow/.local/lib/python3.7/site-packages/airflow/example_dags/example_xcomargs.py
[2022-09-17 13:34:59,839] {processor.py:651} INFO - DAG(s) dict_keys(['example_xcom_args', 'example_xcom_args_with_operators']) retrieved from /home/airflow/.local/lib/python3.7/site-packages/airflow/example_dags/example_xcomargs.py
[2022-09-17 13:35:00,092] {logging_mixin.py:115} INFO - [2022-09-17 13:35:00,092] {dag.py:2371} INFO - Sync 2 DAGs
[2022-09-17 13:35:00,115] {logging_mixin.py:115} INFO - [2022-09-17 13:35:00,115] {dag.py:2919} INFO - Setting next_dagrun for example_xcom_args to None, run_after=None
[2022-09-17 13:35:00,115] {logging_mixin.py:115} INFO - [2022-09-17 13:35:00,115] {dag.py:2919} INFO - Setting next_dagrun for example_xcom_args_with_operators to None, run_after=None
[2022-09-17 13:35:00,126] {processor.py:161} INFO - Processing /home/airflow/.local/lib/python3.7/site-packages/airflow/example_dags/example_xcomargs.py took 0.350 seconds
[2022-09-17 13:35:30,265] {processor.py:153} INFO - Started process (PID=713) to work on /home/airflow/.local/lib/python3.7/site-packages/airflow/example_dags/example_xcomargs.py
[2022-09-17 13:35:30,265] {processor.py:641} INFO - Processing file /home/airflow/.local/lib/python3.7/site-packages/airflow/example_dags/example_xcomargs.py for tasks to queue
[2022-09-17 13:35:30,266] {logging_mixin.py:115} INFO - [2022-09-17 13:35:30,266] {dagbag.py:507} INFO - Filling up the DagBag from /home/airflow/.local/lib/python3.7/site-packages/airflow/example_dags/example_xcomargs.py
[2022-09-17 13:35:30,286] {processor.py:651} INFO - DAG(s) dict_keys(['example_xcom_args', 'example_xcom_args_with_operators']) retrieved from /home/airflow/.local/lib/python3.7/site-packages/airflow/example_dags/example_xcomargs.py
[2022-09-17 13:35:30,524] {logging_mixin.py:115} INFO - [2022-09-17 13:35:30,524] {dag.py:2371} INFO - Sync 2 DAGs
[2022-09-17 13:35:30,543] {logging_mixin.py:115} INFO - [2022-09-17 13:35:30,543] {dag.py:2919} INFO - Setting next_dagrun for example_xcom_args to None, run_after=None
[2022-09-17 13:35:30,543] {logging_mixin.py:115} INFO - [2022-09-17 13:35:30,543] {dag.py:2919} INFO - Setting next_dagrun for example_xcom_args_with_operators to None, run_after=None
[2022-09-17 13:35:30,557] {processor.py:161} INFO - Processing /home/airflow/.local/lib/python3.7/site-packages/airflow/example_dags/example_xcomargs.py took 0.296 seconds
[2022-09-17 13:36:00,992] {processor.py:153} INFO - Started process (PID=774) to work on /home/airflow/.local/lib/python3.7/site-packages/airflow/example_dags/example_xcomargs.py
[2022-09-17 13:36:01,004] {processor.py:641} INFO - Processing file /home/airflow/.local/lib/python3.7/site-packages/airflow/example_dags/example_xcomargs.py for tasks to queue
[2022-09-17 13:36:01,005] {logging_mixin.py:115} INFO - [2022-09-17 13:36:01,005] {dagbag.py:507} INFO - Filling up the DagBag from /home/airflow/.local/lib/python3.7/site-packages/airflow/example_dags/example_xcomargs.py
[2022-09-17 13:36:01,101] {processor.py:651} INFO - DAG(s) dict_keys(['example_xcom_args', 'example_xcom_args_with_operators']) retrieved from /home/airflow/.local/lib/python3.7/site-packages/airflow/example_dags/example_xcomargs.py
[2022-09-17 13:36:01,530] {logging_mixin.py:115} INFO - [2022-09-17 13:36:01,530] {dag.py:2371} INFO - Sync 2 DAGs
[2022-09-17 13:36:01,548] {logging_mixin.py:115} INFO - [2022-09-17 13:36:01,548] {dag.py:2919} INFO - Setting next_dagrun for example_xcom_args to None, run_after=None
[2022-09-17 13:36:01,549] {logging_mixin.py:115} INFO - [2022-09-17 13:36:01,549] {dag.py:2919} INFO - Setting next_dagrun for example_xcom_args_with_operators to None, run_after=None
[2022-09-17 13:36:01,560] {processor.py:161} INFO - Processing /home/airflow/.local/lib/python3.7/site-packages/airflow/example_dags/example_xcomargs.py took 0.579 seconds
[2022-09-17 13:36:36,279] {processor.py:153} INFO - Started process (PID=825) to work on /home/airflow/.local/lib/python3.7/site-packages/airflow/example_dags/example_xcomargs.py
[2022-09-17 13:36:36,288] {processor.py:641} INFO - Processing file /home/airflow/.local/lib/python3.7/site-packages/airflow/example_dags/example_xcomargs.py for tasks to queue
[2022-09-17 13:36:36,289] {logging_mixin.py:115} INFO - [2022-09-17 13:36:36,289] {dagbag.py:507} INFO - Filling up the DagBag from /home/airflow/.local/lib/python3.7/site-packages/airflow/example_dags/example_xcomargs.py
[2022-09-17 13:36:36,420] {processor.py:651} INFO - DAG(s) dict_keys(['example_xcom_args', 'example_xcom_args_with_operators']) retrieved from /home/airflow/.local/lib/python3.7/site-packages/airflow/example_dags/example_xcomargs.py
[2022-09-17 13:36:37,665] {logging_mixin.py:115} INFO - [2022-09-17 13:36:37,665] {dag.py:2371} INFO - Sync 2 DAGs
[2022-09-17 13:36:37,863] {logging_mixin.py:115} INFO - [2022-09-17 13:36:37,863] {dag.py:2919} INFO - Setting next_dagrun for example_xcom_args to None, run_after=None
[2022-09-17 13:36:37,863] {logging_mixin.py:115} INFO - [2022-09-17 13:36:37,863] {dag.py:2919} INFO - Setting next_dagrun for example_xcom_args_with_operators to None, run_after=None
[2022-09-17 13:36:37,977] {processor.py:161} INFO - Processing /home/airflow/.local/lib/python3.7/site-packages/airflow/example_dags/example_xcomargs.py took 1.703 seconds
[2022-09-17 13:37:10,915] {processor.py:153} INFO - Started process (PID=876) to work on /home/airflow/.local/lib/python3.7/site-packages/airflow/example_dags/example_xcomargs.py
[2022-09-17 13:37:10,925] {processor.py:641} INFO - Processing file /home/airflow/.local/lib/python3.7/site-packages/airflow/example_dags/example_xcomargs.py for tasks to queue
[2022-09-17 13:37:10,926] {logging_mixin.py:115} INFO - [2022-09-17 13:37:10,926] {dagbag.py:507} INFO - Filling up the DagBag from /home/airflow/.local/lib/python3.7/site-packages/airflow/example_dags/example_xcomargs.py
[2022-09-17 13:37:11,003] {processor.py:651} INFO - DAG(s) dict_keys(['example_xcom_args', 'example_xcom_args_with_operators']) retrieved from /home/airflow/.local/lib/python3.7/site-packages/airflow/example_dags/example_xcomargs.py
[2022-09-17 13:37:11,510] {logging_mixin.py:115} INFO - [2022-09-17 13:37:11,510] {dag.py:2371} INFO - Sync 2 DAGs
[2022-09-17 13:37:11,555] {logging_mixin.py:115} INFO - [2022-09-17 13:37:11,555] {dag.py:2919} INFO - Setting next_dagrun for example_xcom_args to None, run_after=None
[2022-09-17 13:37:11,555] {logging_mixin.py:115} INFO - [2022-09-17 13:37:11,555] {dag.py:2919} INFO - Setting next_dagrun for example_xcom_args_with_operators to None, run_after=None
[2022-09-17 13:37:11,579] {processor.py:161} INFO - Processing /home/airflow/.local/lib/python3.7/site-packages/airflow/example_dags/example_xcomargs.py took 0.673 seconds
[2022-09-17 13:39:29,935] {processor.py:153} INFO - Started process (PID=959) to work on /home/airflow/.local/lib/python3.7/site-packages/airflow/example_dags/example_xcomargs.py
[2022-09-17 13:39:29,936] {processor.py:641} INFO - Processing file /home/airflow/.local/lib/python3.7/site-packages/airflow/example_dags/example_xcomargs.py for tasks to queue
[2022-09-17 13:39:29,937] {logging_mixin.py:115} INFO - [2022-09-17 13:39:29,937] {dagbag.py:507} INFO - Filling up the DagBag from /home/airflow/.local/lib/python3.7/site-packages/airflow/example_dags/example_xcomargs.py
[2022-09-17 13:39:29,961] {processor.py:651} INFO - DAG(s) dict_keys(['example_xcom_args', 'example_xcom_args_with_operators']) retrieved from /home/airflow/.local/lib/python3.7/site-packages/airflow/example_dags/example_xcomargs.py
[2022-09-17 13:39:30,265] {logging_mixin.py:115} INFO - [2022-09-17 13:39:30,265] {dag.py:2371} INFO - Sync 2 DAGs
[2022-09-17 13:39:30,295] {logging_mixin.py:115} INFO - [2022-09-17 13:39:30,295] {dag.py:2919} INFO - Setting next_dagrun for example_xcom_args to None, run_after=None
[2022-09-17 13:39:30,296] {logging_mixin.py:115} INFO - [2022-09-17 13:39:30,296] {dag.py:2919} INFO - Setting next_dagrun for example_xcom_args_with_operators to None, run_after=None
[2022-09-17 13:39:30,336] {processor.py:161} INFO - Processing /home/airflow/.local/lib/python3.7/site-packages/airflow/example_dags/example_xcomargs.py took 0.405 seconds
[2022-09-17 13:40:02,186] {processor.py:153} INFO - Started process (PID=1022) to work on /home/airflow/.local/lib/python3.7/site-packages/airflow/example_dags/example_xcomargs.py
[2022-09-17 13:40:02,193] {processor.py:641} INFO - Processing file /home/airflow/.local/lib/python3.7/site-packages/airflow/example_dags/example_xcomargs.py for tasks to queue
[2022-09-17 13:40:02,193] {logging_mixin.py:115} INFO - [2022-09-17 13:40:02,193] {dagbag.py:507} INFO - Filling up the DagBag from /home/airflow/.local/lib/python3.7/site-packages/airflow/example_dags/example_xcomargs.py
[2022-09-17 13:40:02,295] {processor.py:651} INFO - DAG(s) dict_keys(['example_xcom_args', 'example_xcom_args_with_operators']) retrieved from /home/airflow/.local/lib/python3.7/site-packages/airflow/example_dags/example_xcomargs.py
[2022-09-17 13:40:02,876] {logging_mixin.py:115} INFO - [2022-09-17 13:40:02,876] {dag.py:2371} INFO - Sync 2 DAGs
[2022-09-17 13:40:02,931] {logging_mixin.py:115} INFO - [2022-09-17 13:40:02,930] {dag.py:2919} INFO - Setting next_dagrun for example_xcom_args to None, run_after=None
[2022-09-17 13:40:02,931] {logging_mixin.py:115} INFO - [2022-09-17 13:40:02,931] {dag.py:2919} INFO - Setting next_dagrun for example_xcom_args_with_operators to None, run_after=None
[2022-09-17 13:40:02,976] {processor.py:161} INFO - Processing /home/airflow/.local/lib/python3.7/site-packages/airflow/example_dags/example_xcomargs.py took 0.802 seconds
[2022-09-17 13:40:59,546] {processor.py:153} INFO - Started process (PID=1083) to work on /home/airflow/.local/lib/python3.7/site-packages/airflow/example_dags/example_xcomargs.py
[2022-09-17 13:40:59,586] {processor.py:641} INFO - Processing file /home/airflow/.local/lib/python3.7/site-packages/airflow/example_dags/example_xcomargs.py for tasks to queue
[2022-09-17 13:40:59,586] {logging_mixin.py:115} INFO - [2022-09-17 13:40:59,586] {dagbag.py:507} INFO - Filling up the DagBag from /home/airflow/.local/lib/python3.7/site-packages/airflow/example_dags/example_xcomargs.py
[2022-09-17 13:40:59,871] {processor.py:651} INFO - DAG(s) dict_keys(['example_xcom_args', 'example_xcom_args_with_operators']) retrieved from /home/airflow/.local/lib/python3.7/site-packages/airflow/example_dags/example_xcomargs.py
[2022-09-17 13:41:02,495] {logging_mixin.py:115} INFO - [2022-09-17 13:41:02,495] {dag.py:2371} INFO - Sync 2 DAGs
[2022-09-17 13:41:02,617] {logging_mixin.py:115} INFO - [2022-09-17 13:41:02,617] {dag.py:2919} INFO - Setting next_dagrun for example_xcom_args to None, run_after=None
[2022-09-17 13:41:02,617] {logging_mixin.py:115} INFO - [2022-09-17 13:41:02,617] {dag.py:2919} INFO - Setting next_dagrun for example_xcom_args_with_operators to None, run_after=None
[2022-09-17 13:41:02,703] {processor.py:161} INFO - Processing /home/airflow/.local/lib/python3.7/site-packages/airflow/example_dags/example_xcomargs.py took 3.214 seconds
[2022-09-17 13:45:42,856] {processor.py:153} INFO - Started process (PID=80) to work on /home/airflow/.local/lib/python3.7/site-packages/airflow/example_dags/example_xcomargs.py
[2022-09-17 13:45:42,881] {processor.py:641} INFO - Processing file /home/airflow/.local/lib/python3.7/site-packages/airflow/example_dags/example_xcomargs.py for tasks to queue
[2022-09-17 13:45:42,882] {logging_mixin.py:115} INFO - [2022-09-17 13:45:42,882] {dagbag.py:507} INFO - Filling up the DagBag from /home/airflow/.local/lib/python3.7/site-packages/airflow/example_dags/example_xcomargs.py
[2022-09-17 13:45:43,259] {processor.py:651} INFO - DAG(s) dict_keys(['example_xcom_args', 'example_xcom_args_with_operators']) retrieved from /home/airflow/.local/lib/python3.7/site-packages/airflow/example_dags/example_xcomargs.py
[2022-09-17 13:45:44,291] {logging_mixin.py:115} INFO - [2022-09-17 13:45:44,291] {dag.py:2371} INFO - Sync 2 DAGs
[2022-09-17 13:45:47,085] {logging_mixin.py:115} INFO - [2022-09-17 13:45:47,085] {dag.py:2919} INFO - Setting next_dagrun for example_xcom_args to None, run_after=None
[2022-09-17 13:45:47,085] {logging_mixin.py:115} INFO - [2022-09-17 13:45:47,085] {dag.py:2919} INFO - Setting next_dagrun for example_xcom_args_with_operators to None, run_after=None
[2022-09-17 13:45:47,226] {processor.py:161} INFO - Processing /home/airflow/.local/lib/python3.7/site-packages/airflow/example_dags/example_xcomargs.py took 4.413 seconds
[2022-09-17 13:46:18,286] {processor.py:153} INFO - Started process (PID=134) to work on /home/airflow/.local/lib/python3.7/site-packages/airflow/example_dags/example_xcomargs.py
[2022-09-17 13:46:18,294] {processor.py:641} INFO - Processing file /home/airflow/.local/lib/python3.7/site-packages/airflow/example_dags/example_xcomargs.py for tasks to queue
[2022-09-17 13:46:18,295] {logging_mixin.py:115} INFO - [2022-09-17 13:46:18,295] {dagbag.py:507} INFO - Filling up the DagBag from /home/airflow/.local/lib/python3.7/site-packages/airflow/example_dags/example_xcomargs.py
[2022-09-17 13:46:18,512] {processor.py:651} INFO - DAG(s) dict_keys(['example_xcom_args', 'example_xcom_args_with_operators']) retrieved from /home/airflow/.local/lib/python3.7/site-packages/airflow/example_dags/example_xcomargs.py
[2022-09-17 13:46:19,427] {logging_mixin.py:115} INFO - [2022-09-17 13:46:19,427] {dag.py:2371} INFO - Sync 2 DAGs
[2022-09-17 13:46:20,223] {logging_mixin.py:115} INFO - [2022-09-17 13:46:20,223] {dag.py:2919} INFO - Setting next_dagrun for example_xcom_args to None, run_after=None
[2022-09-17 13:46:20,223] {logging_mixin.py:115} INFO - [2022-09-17 13:46:20,223] {dag.py:2919} INFO - Setting next_dagrun for example_xcom_args_with_operators to None, run_after=None
[2022-09-17 13:46:20,268] {processor.py:161} INFO - Processing /home/airflow/.local/lib/python3.7/site-packages/airflow/example_dags/example_xcomargs.py took 1.996 seconds
[2022-09-17 13:46:50,427] {processor.py:153} INFO - Started process (PID=191) to work on /home/airflow/.local/lib/python3.7/site-packages/airflow/example_dags/example_xcomargs.py
[2022-09-17 13:46:50,435] {processor.py:641} INFO - Processing file /home/airflow/.local/lib/python3.7/site-packages/airflow/example_dags/example_xcomargs.py for tasks to queue
[2022-09-17 13:46:50,435] {logging_mixin.py:115} INFO - [2022-09-17 13:46:50,435] {dagbag.py:507} INFO - Filling up the DagBag from /home/airflow/.local/lib/python3.7/site-packages/airflow/example_dags/example_xcomargs.py
[2022-09-17 13:46:50,504] {processor.py:651} INFO - DAG(s) dict_keys(['example_xcom_args', 'example_xcom_args_with_operators']) retrieved from /home/airflow/.local/lib/python3.7/site-packages/airflow/example_dags/example_xcomargs.py
[2022-09-17 13:46:50,895] {logging_mixin.py:115} INFO - [2022-09-17 13:46:50,895] {dag.py:2371} INFO - Sync 2 DAGs
[2022-09-17 13:46:51,256] {logging_mixin.py:115} INFO - [2022-09-17 13:46:51,256] {dag.py:2919} INFO - Setting next_dagrun for example_xcom_args to None, run_after=None
[2022-09-17 13:46:51,256] {logging_mixin.py:115} INFO - [2022-09-17 13:46:51,256] {dag.py:2919} INFO - Setting next_dagrun for example_xcom_args_with_operators to None, run_after=None
[2022-09-17 13:46:51,269] {processor.py:161} INFO - Processing /home/airflow/.local/lib/python3.7/site-packages/airflow/example_dags/example_xcomargs.py took 0.893 seconds
[2022-09-17 13:47:21,437] {processor.py:153} INFO - Started process (PID=245) to work on /home/airflow/.local/lib/python3.7/site-packages/airflow/example_dags/example_xcomargs.py
[2022-09-17 13:47:21,437] {processor.py:641} INFO - Processing file /home/airflow/.local/lib/python3.7/site-packages/airflow/example_dags/example_xcomargs.py for tasks to queue
[2022-09-17 13:47:21,438] {logging_mixin.py:115} INFO - [2022-09-17 13:47:21,438] {dagbag.py:507} INFO - Filling up the DagBag from /home/airflow/.local/lib/python3.7/site-packages/airflow/example_dags/example_xcomargs.py
[2022-09-17 13:47:21,455] {processor.py:651} INFO - DAG(s) dict_keys(['example_xcom_args', 'example_xcom_args_with_operators']) retrieved from /home/airflow/.local/lib/python3.7/site-packages/airflow/example_dags/example_xcomargs.py
[2022-09-17 13:47:21,536] {logging_mixin.py:115} INFO - [2022-09-17 13:47:21,535] {dag.py:2371} INFO - Sync 2 DAGs
[2022-09-17 13:47:21,775] {logging_mixin.py:115} INFO - [2022-09-17 13:47:21,775] {dag.py:2919} INFO - Setting next_dagrun for example_xcom_args to None, run_after=None
[2022-09-17 13:47:21,775] {logging_mixin.py:115} INFO - [2022-09-17 13:47:21,775] {dag.py:2919} INFO - Setting next_dagrun for example_xcom_args_with_operators to None, run_after=None
[2022-09-17 13:47:21,794] {processor.py:161} INFO - Processing /home/airflow/.local/lib/python3.7/site-packages/airflow/example_dags/example_xcomargs.py took 0.361 seconds
[2022-09-17 13:47:52,545] {processor.py:153} INFO - Started process (PID=308) to work on /home/airflow/.local/lib/python3.7/site-packages/airflow/example_dags/example_xcomargs.py
[2022-09-17 13:47:52,546] {processor.py:641} INFO - Processing file /home/airflow/.local/lib/python3.7/site-packages/airflow/example_dags/example_xcomargs.py for tasks to queue
[2022-09-17 13:47:52,547] {logging_mixin.py:115} INFO - [2022-09-17 13:47:52,547] {dagbag.py:507} INFO - Filling up the DagBag from /home/airflow/.local/lib/python3.7/site-packages/airflow/example_dags/example_xcomargs.py
[2022-09-17 13:47:52,619] {processor.py:651} INFO - DAG(s) dict_keys(['example_xcom_args', 'example_xcom_args_with_operators']) retrieved from /home/airflow/.local/lib/python3.7/site-packages/airflow/example_dags/example_xcomargs.py
[2022-09-17 13:47:52,839] {logging_mixin.py:115} INFO - [2022-09-17 13:47:52,839] {dag.py:2371} INFO - Sync 2 DAGs
[2022-09-17 13:47:53,113] {logging_mixin.py:115} INFO - [2022-09-17 13:47:53,113] {dag.py:2919} INFO - Setting next_dagrun for example_xcom_args to None, run_after=None
[2022-09-17 13:47:53,113] {logging_mixin.py:115} INFO - [2022-09-17 13:47:53,113] {dag.py:2919} INFO - Setting next_dagrun for example_xcom_args_with_operators to None, run_after=None
[2022-09-17 13:47:53,165] {processor.py:161} INFO - Processing /home/airflow/.local/lib/python3.7/site-packages/airflow/example_dags/example_xcomargs.py took 0.634 seconds
[2022-09-17 13:48:24,125] {processor.py:153} INFO - Started process (PID=360) to work on /home/airflow/.local/lib/python3.7/site-packages/airflow/example_dags/example_xcomargs.py
[2022-09-17 13:48:24,125] {processor.py:641} INFO - Processing file /home/airflow/.local/lib/python3.7/site-packages/airflow/example_dags/example_xcomargs.py for tasks to queue
[2022-09-17 13:48:24,126] {logging_mixin.py:115} INFO - [2022-09-17 13:48:24,126] {dagbag.py:507} INFO - Filling up the DagBag from /home/airflow/.local/lib/python3.7/site-packages/airflow/example_dags/example_xcomargs.py
[2022-09-17 13:48:24,151] {processor.py:651} INFO - DAG(s) dict_keys(['example_xcom_args', 'example_xcom_args_with_operators']) retrieved from /home/airflow/.local/lib/python3.7/site-packages/airflow/example_dags/example_xcomargs.py
[2022-09-17 13:48:24,244] {logging_mixin.py:115} INFO - [2022-09-17 13:48:24,244] {dag.py:2371} INFO - Sync 2 DAGs
[2022-09-17 13:48:24,435] {logging_mixin.py:115} INFO - [2022-09-17 13:48:24,435] {dag.py:2919} INFO - Setting next_dagrun for example_xcom_args to None, run_after=None
[2022-09-17 13:48:24,435] {logging_mixin.py:115} INFO - [2022-09-17 13:48:24,435] {dag.py:2919} INFO - Setting next_dagrun for example_xcom_args_with_operators to None, run_after=None
[2022-09-17 13:48:24,452] {processor.py:161} INFO - Processing /home/airflow/.local/lib/python3.7/site-packages/airflow/example_dags/example_xcomargs.py took 0.335 seconds
[2022-09-17 13:48:54,514] {processor.py:153} INFO - Started process (PID=422) to work on /home/airflow/.local/lib/python3.7/site-packages/airflow/example_dags/example_xcomargs.py
[2022-09-17 13:48:54,517] {processor.py:641} INFO - Processing file /home/airflow/.local/lib/python3.7/site-packages/airflow/example_dags/example_xcomargs.py for tasks to queue
[2022-09-17 13:48:54,518] {logging_mixin.py:115} INFO - [2022-09-17 13:48:54,518] {dagbag.py:507} INFO - Filling up the DagBag from /home/airflow/.local/lib/python3.7/site-packages/airflow/example_dags/example_xcomargs.py
[2022-09-17 13:48:54,543] {processor.py:651} INFO - DAG(s) dict_keys(['example_xcom_args', 'example_xcom_args_with_operators']) retrieved from /home/airflow/.local/lib/python3.7/site-packages/airflow/example_dags/example_xcomargs.py
[2022-09-17 13:48:54,642] {logging_mixin.py:115} INFO - [2022-09-17 13:48:54,642] {dag.py:2371} INFO - Sync 2 DAGs
[2022-09-17 13:48:54,795] {logging_mixin.py:115} INFO - [2022-09-17 13:48:54,795] {dag.py:2919} INFO - Setting next_dagrun for example_xcom_args to None, run_after=None
[2022-09-17 13:48:54,796] {logging_mixin.py:115} INFO - [2022-09-17 13:48:54,796] {dag.py:2919} INFO - Setting next_dagrun for example_xcom_args_with_operators to None, run_after=None
[2022-09-17 13:48:54,806] {processor.py:161} INFO - Processing /home/airflow/.local/lib/python3.7/site-packages/airflow/example_dags/example_xcomargs.py took 0.304 seconds
[2022-09-17 13:49:24,946] {processor.py:153} INFO - Started process (PID=483) to work on /home/airflow/.local/lib/python3.7/site-packages/airflow/example_dags/example_xcomargs.py
[2022-09-17 13:49:24,955] {processor.py:641} INFO - Processing file /home/airflow/.local/lib/python3.7/site-packages/airflow/example_dags/example_xcomargs.py for tasks to queue
[2022-09-17 13:49:24,956] {logging_mixin.py:115} INFO - [2022-09-17 13:49:24,956] {dagbag.py:507} INFO - Filling up the DagBag from /home/airflow/.local/lib/python3.7/site-packages/airflow/example_dags/example_xcomargs.py
[2022-09-17 13:49:25,068] {processor.py:651} INFO - DAG(s) dict_keys(['example_xcom_args', 'example_xcom_args_with_operators']) retrieved from /home/airflow/.local/lib/python3.7/site-packages/airflow/example_dags/example_xcomargs.py
[2022-09-17 13:49:25,180] {logging_mixin.py:115} INFO - [2022-09-17 13:49:25,180] {dag.py:2371} INFO - Sync 2 DAGs
[2022-09-17 13:49:25,231] {logging_mixin.py:115} INFO - [2022-09-17 13:49:25,231] {dag.py:2919} INFO - Setting next_dagrun for example_xcom_args to None, run_after=None
[2022-09-17 13:49:25,232] {logging_mixin.py:115} INFO - [2022-09-17 13:49:25,232] {dag.py:2919} INFO - Setting next_dagrun for example_xcom_args_with_operators to None, run_after=None
[2022-09-17 13:49:25,256] {processor.py:161} INFO - Processing /home/airflow/.local/lib/python3.7/site-packages/airflow/example_dags/example_xcomargs.py took 0.329 seconds
[2022-09-17 13:49:55,663] {processor.py:153} INFO - Started process (PID=540) to work on /home/airflow/.local/lib/python3.7/site-packages/airflow/example_dags/example_xcomargs.py
[2022-09-17 13:49:55,664] {processor.py:641} INFO - Processing file /home/airflow/.local/lib/python3.7/site-packages/airflow/example_dags/example_xcomargs.py for tasks to queue
[2022-09-17 13:49:55,664] {logging_mixin.py:115} INFO - [2022-09-17 13:49:55,664] {dagbag.py:507} INFO - Filling up the DagBag from /home/airflow/.local/lib/python3.7/site-packages/airflow/example_dags/example_xcomargs.py
[2022-09-17 13:49:55,687] {processor.py:651} INFO - DAG(s) dict_keys(['example_xcom_args', 'example_xcom_args_with_operators']) retrieved from /home/airflow/.local/lib/python3.7/site-packages/airflow/example_dags/example_xcomargs.py
[2022-09-17 13:49:55,787] {logging_mixin.py:115} INFO - [2022-09-17 13:49:55,787] {dag.py:2371} INFO - Sync 2 DAGs
[2022-09-17 13:49:55,935] {logging_mixin.py:115} INFO - [2022-09-17 13:49:55,935] {dag.py:2919} INFO - Setting next_dagrun for example_xcom_args to None, run_after=None
[2022-09-17 13:49:55,936] {logging_mixin.py:115} INFO - [2022-09-17 13:49:55,936] {dag.py:2919} INFO - Setting next_dagrun for example_xcom_args_with_operators to None, run_after=None
[2022-09-17 13:49:55,948] {processor.py:161} INFO - Processing /home/airflow/.local/lib/python3.7/site-packages/airflow/example_dags/example_xcomargs.py took 0.290 seconds
[2022-09-17 13:50:26,182] {processor.py:153} INFO - Started process (PID=604) to work on /home/airflow/.local/lib/python3.7/site-packages/airflow/example_dags/example_xcomargs.py
[2022-09-17 13:50:26,182] {processor.py:641} INFO - Processing file /home/airflow/.local/lib/python3.7/site-packages/airflow/example_dags/example_xcomargs.py for tasks to queue
[2022-09-17 13:50:26,183] {logging_mixin.py:115} INFO - [2022-09-17 13:50:26,183] {dagbag.py:507} INFO - Filling up the DagBag from /home/airflow/.local/lib/python3.7/site-packages/airflow/example_dags/example_xcomargs.py
[2022-09-17 13:50:26,209] {processor.py:651} INFO - DAG(s) dict_keys(['example_xcom_args', 'example_xcom_args_with_operators']) retrieved from /home/airflow/.local/lib/python3.7/site-packages/airflow/example_dags/example_xcomargs.py
[2022-09-17 13:50:26,306] {logging_mixin.py:115} INFO - [2022-09-17 13:50:26,306] {dag.py:2371} INFO - Sync 2 DAGs
[2022-09-17 13:50:26,454] {logging_mixin.py:115} INFO - [2022-09-17 13:50:26,454] {dag.py:2919} INFO - Setting next_dagrun for example_xcom_args to None, run_after=None
[2022-09-17 13:50:26,455] {logging_mixin.py:115} INFO - [2022-09-17 13:50:26,455] {dag.py:2919} INFO - Setting next_dagrun for example_xcom_args_with_operators to None, run_after=None
[2022-09-17 13:50:26,472] {processor.py:161} INFO - Processing /home/airflow/.local/lib/python3.7/site-packages/airflow/example_dags/example_xcomargs.py took 0.294 seconds
[2022-09-17 13:50:57,162] {processor.py:153} INFO - Started process (PID=658) to work on /home/airflow/.local/lib/python3.7/site-packages/airflow/example_dags/example_xcomargs.py
[2022-09-17 13:50:57,162] {processor.py:641} INFO - Processing file /home/airflow/.local/lib/python3.7/site-packages/airflow/example_dags/example_xcomargs.py for tasks to queue
[2022-09-17 13:50:57,163] {logging_mixin.py:115} INFO - [2022-09-17 13:50:57,163] {dagbag.py:507} INFO - Filling up the DagBag from /home/airflow/.local/lib/python3.7/site-packages/airflow/example_dags/example_xcomargs.py
[2022-09-17 13:50:57,189] {processor.py:651} INFO - DAG(s) dict_keys(['example_xcom_args', 'example_xcom_args_with_operators']) retrieved from /home/airflow/.local/lib/python3.7/site-packages/airflow/example_dags/example_xcomargs.py
[2022-09-17 13:50:57,303] {logging_mixin.py:115} INFO - [2022-09-17 13:50:57,302] {dag.py:2371} INFO - Sync 2 DAGs
[2022-09-17 13:50:57,496] {logging_mixin.py:115} INFO - [2022-09-17 13:50:57,496] {dag.py:2919} INFO - Setting next_dagrun for example_xcom_args to None, run_after=None
[2022-09-17 13:50:57,498] {logging_mixin.py:115} INFO - [2022-09-17 13:50:57,498] {dag.py:2919} INFO - Setting next_dagrun for example_xcom_args_with_operators to None, run_after=None
[2022-09-17 13:50:57,529] {processor.py:161} INFO - Processing /home/airflow/.local/lib/python3.7/site-packages/airflow/example_dags/example_xcomargs.py took 0.372 seconds
[2022-09-17 13:51:27,559] {processor.py:153} INFO - Started process (PID=721) to work on /home/airflow/.local/lib/python3.7/site-packages/airflow/example_dags/example_xcomargs.py
[2022-09-17 13:51:27,561] {processor.py:641} INFO - Processing file /home/airflow/.local/lib/python3.7/site-packages/airflow/example_dags/example_xcomargs.py for tasks to queue
[2022-09-17 13:51:27,561] {logging_mixin.py:115} INFO - [2022-09-17 13:51:27,561] {dagbag.py:507} INFO - Filling up the DagBag from /home/airflow/.local/lib/python3.7/site-packages/airflow/example_dags/example_xcomargs.py
[2022-09-17 13:51:27,586] {processor.py:651} INFO - DAG(s) dict_keys(['example_xcom_args', 'example_xcom_args_with_operators']) retrieved from /home/airflow/.local/lib/python3.7/site-packages/airflow/example_dags/example_xcomargs.py
[2022-09-17 13:51:27,623] {logging_mixin.py:115} INFO - [2022-09-17 13:51:27,622] {dag.py:2371} INFO - Sync 2 DAGs
[2022-09-17 13:51:27,652] {logging_mixin.py:115} INFO - [2022-09-17 13:51:27,652] {dag.py:2919} INFO - Setting next_dagrun for example_xcom_args to None, run_after=None
[2022-09-17 13:51:27,652] {logging_mixin.py:115} INFO - [2022-09-17 13:51:27,652] {dag.py:2919} INFO - Setting next_dagrun for example_xcom_args_with_operators to None, run_after=None
[2022-09-17 13:51:27,666] {processor.py:161} INFO - Processing /home/airflow/.local/lib/python3.7/site-packages/airflow/example_dags/example_xcomargs.py took 0.111 seconds
[2022-09-17 13:51:57,884] {processor.py:153} INFO - Started process (PID=784) to work on /home/airflow/.local/lib/python3.7/site-packages/airflow/example_dags/example_xcomargs.py
[2022-09-17 13:51:57,884] {processor.py:641} INFO - Processing file /home/airflow/.local/lib/python3.7/site-packages/airflow/example_dags/example_xcomargs.py for tasks to queue
[2022-09-17 13:51:57,885] {logging_mixin.py:115} INFO - [2022-09-17 13:51:57,885] {dagbag.py:507} INFO - Filling up the DagBag from /home/airflow/.local/lib/python3.7/site-packages/airflow/example_dags/example_xcomargs.py
[2022-09-17 13:51:57,904] {processor.py:651} INFO - DAG(s) dict_keys(['example_xcom_args', 'example_xcom_args_with_operators']) retrieved from /home/airflow/.local/lib/python3.7/site-packages/airflow/example_dags/example_xcomargs.py
[2022-09-17 13:51:57,987] {logging_mixin.py:115} INFO - [2022-09-17 13:51:57,987] {dag.py:2371} INFO - Sync 2 DAGs
[2022-09-17 13:51:58,224] {logging_mixin.py:115} INFO - [2022-09-17 13:51:58,224] {dag.py:2919} INFO - Setting next_dagrun for example_xcom_args to None, run_after=None
[2022-09-17 13:51:58,225] {logging_mixin.py:115} INFO - [2022-09-17 13:51:58,225] {dag.py:2919} INFO - Setting next_dagrun for example_xcom_args_with_operators to None, run_after=None
[2022-09-17 13:51:58,236] {processor.py:161} INFO - Processing /home/airflow/.local/lib/python3.7/site-packages/airflow/example_dags/example_xcomargs.py took 0.357 seconds
[2022-09-17 13:52:28,320] {processor.py:153} INFO - Started process (PID=838) to work on /home/airflow/.local/lib/python3.7/site-packages/airflow/example_dags/example_xcomargs.py
[2022-09-17 13:52:28,321] {processor.py:641} INFO - Processing file /home/airflow/.local/lib/python3.7/site-packages/airflow/example_dags/example_xcomargs.py for tasks to queue
[2022-09-17 13:52:28,322] {logging_mixin.py:115} INFO - [2022-09-17 13:52:28,322] {dagbag.py:507} INFO - Filling up the DagBag from /home/airflow/.local/lib/python3.7/site-packages/airflow/example_dags/example_xcomargs.py
[2022-09-17 13:52:28,343] {processor.py:651} INFO - DAG(s) dict_keys(['example_xcom_args', 'example_xcom_args_with_operators']) retrieved from /home/airflow/.local/lib/python3.7/site-packages/airflow/example_dags/example_xcomargs.py
[2022-09-17 13:52:28,416] {logging_mixin.py:115} INFO - [2022-09-17 13:52:28,416] {dag.py:2371} INFO - Sync 2 DAGs
[2022-09-17 13:52:28,561] {logging_mixin.py:115} INFO - [2022-09-17 13:52:28,561] {dag.py:2919} INFO - Setting next_dagrun for example_xcom_args to None, run_after=None
[2022-09-17 13:52:28,562] {logging_mixin.py:115} INFO - [2022-09-17 13:52:28,561] {dag.py:2919} INFO - Setting next_dagrun for example_xcom_args_with_operators to None, run_after=None
[2022-09-17 13:52:28,573] {processor.py:161} INFO - Processing /home/airflow/.local/lib/python3.7/site-packages/airflow/example_dags/example_xcomargs.py took 0.257 seconds
[2022-09-17 13:52:59,244] {processor.py:153} INFO - Started process (PID=901) to work on /home/airflow/.local/lib/python3.7/site-packages/airflow/example_dags/example_xcomargs.py
[2022-09-17 13:52:59,249] {processor.py:641} INFO - Processing file /home/airflow/.local/lib/python3.7/site-packages/airflow/example_dags/example_xcomargs.py for tasks to queue
[2022-09-17 13:52:59,253] {logging_mixin.py:115} INFO - [2022-09-17 13:52:59,253] {dagbag.py:507} INFO - Filling up the DagBag from /home/airflow/.local/lib/python3.7/site-packages/airflow/example_dags/example_xcomargs.py
[2022-09-17 13:52:59,274] {processor.py:651} INFO - DAG(s) dict_keys(['example_xcom_args', 'example_xcom_args_with_operators']) retrieved from /home/airflow/.local/lib/python3.7/site-packages/airflow/example_dags/example_xcomargs.py
[2022-09-17 13:52:59,363] {logging_mixin.py:115} INFO - [2022-09-17 13:52:59,363] {dag.py:2371} INFO - Sync 2 DAGs
[2022-09-17 13:52:59,716] {logging_mixin.py:115} INFO - [2022-09-17 13:52:59,716] {dag.py:2919} INFO - Setting next_dagrun for example_xcom_args to None, run_after=None
[2022-09-17 13:52:59,718] {logging_mixin.py:115} INFO - [2022-09-17 13:52:59,716] {dag.py:2919} INFO - Setting next_dagrun for example_xcom_args_with_operators to None, run_after=None
[2022-09-17 13:52:59,732] {processor.py:161} INFO - Processing /home/airflow/.local/lib/python3.7/site-packages/airflow/example_dags/example_xcomargs.py took 0.505 seconds
[2022-09-17 13:53:30,103] {processor.py:153} INFO - Started process (PID=955) to work on /home/airflow/.local/lib/python3.7/site-packages/airflow/example_dags/example_xcomargs.py
[2022-09-17 13:53:30,103] {processor.py:641} INFO - Processing file /home/airflow/.local/lib/python3.7/site-packages/airflow/example_dags/example_xcomargs.py for tasks to queue
[2022-09-17 13:53:30,104] {logging_mixin.py:115} INFO - [2022-09-17 13:53:30,104] {dagbag.py:507} INFO - Filling up the DagBag from /home/airflow/.local/lib/python3.7/site-packages/airflow/example_dags/example_xcomargs.py
[2022-09-17 13:53:30,127] {processor.py:651} INFO - DAG(s) dict_keys(['example_xcom_args', 'example_xcom_args_with_operators']) retrieved from /home/airflow/.local/lib/python3.7/site-packages/airflow/example_dags/example_xcomargs.py
[2022-09-17 13:53:30,263] {logging_mixin.py:115} INFO - [2022-09-17 13:53:30,263] {dag.py:2371} INFO - Sync 2 DAGs
[2022-09-17 13:53:30,439] {logging_mixin.py:115} INFO - [2022-09-17 13:53:30,439] {dag.py:2919} INFO - Setting next_dagrun for example_xcom_args to None, run_after=None
[2022-09-17 13:53:30,439] {logging_mixin.py:115} INFO - [2022-09-17 13:53:30,439] {dag.py:2919} INFO - Setting next_dagrun for example_xcom_args_with_operators to None, run_after=None
[2022-09-17 13:53:30,454] {processor.py:161} INFO - Processing /home/airflow/.local/lib/python3.7/site-packages/airflow/example_dags/example_xcomargs.py took 0.356 seconds
[2022-09-17 13:54:00,972] {processor.py:153} INFO - Started process (PID=1018) to work on /home/airflow/.local/lib/python3.7/site-packages/airflow/example_dags/example_xcomargs.py
[2022-09-17 13:54:00,975] {processor.py:641} INFO - Processing file /home/airflow/.local/lib/python3.7/site-packages/airflow/example_dags/example_xcomargs.py for tasks to queue
[2022-09-17 13:54:00,976] {logging_mixin.py:115} INFO - [2022-09-17 13:54:00,976] {dagbag.py:507} INFO - Filling up the DagBag from /home/airflow/.local/lib/python3.7/site-packages/airflow/example_dags/example_xcomargs.py
[2022-09-17 13:54:01,073] {processor.py:651} INFO - DAG(s) dict_keys(['example_xcom_args', 'example_xcom_args_with_operators']) retrieved from /home/airflow/.local/lib/python3.7/site-packages/airflow/example_dags/example_xcomargs.py
[2022-09-17 13:54:01,262] {logging_mixin.py:115} INFO - [2022-09-17 13:54:01,262] {dag.py:2371} INFO - Sync 2 DAGs
[2022-09-17 13:54:01,441] {logging_mixin.py:115} INFO - [2022-09-17 13:54:01,440] {dag.py:2919} INFO - Setting next_dagrun for example_xcom_args to None, run_after=None
[2022-09-17 13:54:01,441] {logging_mixin.py:115} INFO - [2022-09-17 13:54:01,441] {dag.py:2919} INFO - Setting next_dagrun for example_xcom_args_with_operators to None, run_after=None
[2022-09-17 13:54:01,458] {processor.py:161} INFO - Processing /home/airflow/.local/lib/python3.7/site-packages/airflow/example_dags/example_xcomargs.py took 0.499 seconds
[2022-09-17 13:54:31,554] {processor.py:153} INFO - Started process (PID=1071) to work on /home/airflow/.local/lib/python3.7/site-packages/airflow/example_dags/example_xcomargs.py
[2022-09-17 13:54:31,554] {processor.py:641} INFO - Processing file /home/airflow/.local/lib/python3.7/site-packages/airflow/example_dags/example_xcomargs.py for tasks to queue
[2022-09-17 13:54:31,558] {logging_mixin.py:115} INFO - [2022-09-17 13:54:31,558] {dagbag.py:507} INFO - Filling up the DagBag from /home/airflow/.local/lib/python3.7/site-packages/airflow/example_dags/example_xcomargs.py
[2022-09-17 13:54:31,628] {processor.py:651} INFO - DAG(s) dict_keys(['example_xcom_args', 'example_xcom_args_with_operators']) retrieved from /home/airflow/.local/lib/python3.7/site-packages/airflow/example_dags/example_xcomargs.py
[2022-09-17 13:54:32,039] {logging_mixin.py:115} INFO - [2022-09-17 13:54:32,039] {dag.py:2371} INFO - Sync 2 DAGs
[2022-09-17 13:54:32,594] {logging_mixin.py:115} INFO - [2022-09-17 13:54:32,594] {dag.py:2919} INFO - Setting next_dagrun for example_xcom_args to None, run_after=None
[2022-09-17 13:54:32,594] {logging_mixin.py:115} INFO - [2022-09-17 13:54:32,594] {dag.py:2919} INFO - Setting next_dagrun for example_xcom_args_with_operators to None, run_after=None
[2022-09-17 13:54:32,634] {processor.py:161} INFO - Processing /home/airflow/.local/lib/python3.7/site-packages/airflow/example_dags/example_xcomargs.py took 1.097 seconds
[2022-09-17 13:55:02,945] {processor.py:153} INFO - Started process (PID=1134) to work on /home/airflow/.local/lib/python3.7/site-packages/airflow/example_dags/example_xcomargs.py
[2022-09-17 13:55:02,947] {processor.py:641} INFO - Processing file /home/airflow/.local/lib/python3.7/site-packages/airflow/example_dags/example_xcomargs.py for tasks to queue
[2022-09-17 13:55:02,953] {logging_mixin.py:115} INFO - [2022-09-17 13:55:02,953] {dagbag.py:507} INFO - Filling up the DagBag from /home/airflow/.local/lib/python3.7/site-packages/airflow/example_dags/example_xcomargs.py
[2022-09-17 13:55:03,084] {processor.py:651} INFO - DAG(s) dict_keys(['example_xcom_args', 'example_xcom_args_with_operators']) retrieved from /home/airflow/.local/lib/python3.7/site-packages/airflow/example_dags/example_xcomargs.py
[2022-09-17 13:55:03,240] {logging_mixin.py:115} INFO - [2022-09-17 13:55:03,239] {dag.py:2371} INFO - Sync 2 DAGs
[2022-09-17 13:55:03,609] {logging_mixin.py:115} INFO - [2022-09-17 13:55:03,609] {dag.py:2919} INFO - Setting next_dagrun for example_xcom_args to None, run_after=None
[2022-09-17 13:55:03,610] {logging_mixin.py:115} INFO - [2022-09-17 13:55:03,609] {dag.py:2919} INFO - Setting next_dagrun for example_xcom_args_with_operators to None, run_after=None
[2022-09-17 13:55:03,768] {processor.py:161} INFO - Processing /home/airflow/.local/lib/python3.7/site-packages/airflow/example_dags/example_xcomargs.py took 0.848 seconds
