[2022-09-17 13:29:24,914] {processor.py:153} INFO - Started process (PID=70) to work on /home/airflow/.local/lib/python3.7/site-packages/airflow/example_dags/example_task_group_decorator.py
[2022-09-17 13:29:25,052] {processor.py:641} INFO - Processing file /home/airflow/.local/lib/python3.7/site-packages/airflow/example_dags/example_task_group_decorator.py for tasks to queue
[2022-09-17 13:29:25,053] {logging_mixin.py:115} INFO - [2022-09-17 13:29:25,053] {dagbag.py:507} INFO - Filling up the DagBag from /home/airflow/.local/lib/python3.7/site-packages/airflow/example_dags/example_task_group_decorator.py
[2022-09-17 13:29:25,095] {processor.py:651} INFO - DAG(s) dict_keys(['example_task_group_decorator']) retrieved from /home/airflow/.local/lib/python3.7/site-packages/airflow/example_dags/example_task_group_decorator.py
[2022-09-17 13:29:25,341] {logging_mixin.py:115} INFO - [2022-09-17 13:29:25,340] {manager.py:508} INFO - Created Permission View: can delete on DAG:example_task_group_decorator
[2022-09-17 13:29:25,356] {logging_mixin.py:115} INFO - [2022-09-17 13:29:25,356] {manager.py:508} INFO - Created Permission View: can edit on DAG:example_task_group_decorator
[2022-09-17 13:29:25,374] {logging_mixin.py:115} INFO - [2022-09-17 13:29:25,374] {manager.py:508} INFO - Created Permission View: can read on DAG:example_task_group_decorator
[2022-09-17 13:29:25,374] {logging_mixin.py:115} INFO - [2022-09-17 13:29:25,374] {dag.py:2371} INFO - Sync 1 DAGs
[2022-09-17 13:29:25,389] {logging_mixin.py:115} INFO - [2022-09-17 13:29:25,389] {dag.py:2390} INFO - Creating ORM DAG for example_task_group_decorator
[2022-09-17 13:29:25,401] {logging_mixin.py:115} INFO - [2022-09-17 13:29:25,401] {dag.py:2919} INFO - Setting next_dagrun for example_task_group_decorator to 2022-09-16T13:29:25.400923+00:00, run_after=2022-09-17T13:29:25.400923+00:00
[2022-09-17 13:29:25,413] {processor.py:161} INFO - Processing /home/airflow/.local/lib/python3.7/site-packages/airflow/example_dags/example_task_group_decorator.py took 0.504 seconds
[2022-09-17 13:29:59,057] {processor.py:153} INFO - Started process (PID=121) to work on /home/airflow/.local/lib/python3.7/site-packages/airflow/example_dags/example_task_group_decorator.py
[2022-09-17 13:29:59,058] {processor.py:641} INFO - Processing file /home/airflow/.local/lib/python3.7/site-packages/airflow/example_dags/example_task_group_decorator.py for tasks to queue
[2022-09-17 13:29:59,062] {logging_mixin.py:115} INFO - [2022-09-17 13:29:59,060] {dagbag.py:507} INFO - Filling up the DagBag from /home/airflow/.local/lib/python3.7/site-packages/airflow/example_dags/example_task_group_decorator.py
[2022-09-17 13:29:59,185] {processor.py:651} INFO - DAG(s) dict_keys(['example_task_group_decorator']) retrieved from /home/airflow/.local/lib/python3.7/site-packages/airflow/example_dags/example_task_group_decorator.py
[2022-09-17 13:30:00,044] {logging_mixin.py:115} INFO - [2022-09-17 13:30:00,044] {dag.py:2371} INFO - Sync 1 DAGs
[2022-09-17 13:30:00,138] {logging_mixin.py:115} INFO - [2022-09-17 13:30:00,138] {dag.py:2919} INFO - Setting next_dagrun for example_task_group_decorator to 2022-09-16T13:30:00.138132+00:00, run_after=2022-09-17T13:30:00.138132+00:00
[2022-09-17 13:30:00,211] {processor.py:161} INFO - Processing /home/airflow/.local/lib/python3.7/site-packages/airflow/example_dags/example_task_group_decorator.py took 1.162 seconds
[2022-09-17 13:30:30,417] {processor.py:153} INFO - Started process (PID=173) to work on /home/airflow/.local/lib/python3.7/site-packages/airflow/example_dags/example_task_group_decorator.py
[2022-09-17 13:30:30,418] {processor.py:641} INFO - Processing file /home/airflow/.local/lib/python3.7/site-packages/airflow/example_dags/example_task_group_decorator.py for tasks to queue
[2022-09-17 13:30:30,420] {logging_mixin.py:115} INFO - [2022-09-17 13:30:30,420] {dagbag.py:507} INFO - Filling up the DagBag from /home/airflow/.local/lib/python3.7/site-packages/airflow/example_dags/example_task_group_decorator.py
[2022-09-17 13:30:30,465] {processor.py:651} INFO - DAG(s) dict_keys(['example_task_group_decorator']) retrieved from /home/airflow/.local/lib/python3.7/site-packages/airflow/example_dags/example_task_group_decorator.py
[2022-09-17 13:30:30,757] {logging_mixin.py:115} INFO - [2022-09-17 13:30:30,757] {dag.py:2371} INFO - Sync 1 DAGs
[2022-09-17 13:30:30,785] {logging_mixin.py:115} INFO - [2022-09-17 13:30:30,785] {dag.py:2919} INFO - Setting next_dagrun for example_task_group_decorator to 2022-09-16T13:30:30.785365+00:00, run_after=2022-09-17T13:30:30.785365+00:00
[2022-09-17 13:30:30,802] {processor.py:161} INFO - Processing /home/airflow/.local/lib/python3.7/site-packages/airflow/example_dags/example_task_group_decorator.py took 0.397 seconds
[2022-09-17 13:31:01,065] {processor.py:153} INFO - Started process (PID=225) to work on /home/airflow/.local/lib/python3.7/site-packages/airflow/example_dags/example_task_group_decorator.py
[2022-09-17 13:31:01,070] {processor.py:641} INFO - Processing file /home/airflow/.local/lib/python3.7/site-packages/airflow/example_dags/example_task_group_decorator.py for tasks to queue
[2022-09-17 13:31:01,073] {logging_mixin.py:115} INFO - [2022-09-17 13:31:01,072] {dagbag.py:507} INFO - Filling up the DagBag from /home/airflow/.local/lib/python3.7/site-packages/airflow/example_dags/example_task_group_decorator.py
[2022-09-17 13:31:01,115] {processor.py:651} INFO - DAG(s) dict_keys(['example_task_group_decorator']) retrieved from /home/airflow/.local/lib/python3.7/site-packages/airflow/example_dags/example_task_group_decorator.py
[2022-09-17 13:31:01,869] {logging_mixin.py:115} INFO - [2022-09-17 13:31:01,869] {dag.py:2371} INFO - Sync 1 DAGs
[2022-09-17 13:31:02,225] {logging_mixin.py:115} INFO - [2022-09-17 13:31:02,225] {dag.py:2919} INFO - Setting next_dagrun for example_task_group_decorator to 2022-09-16T13:31:02.224843+00:00, run_after=2022-09-17T13:31:02.224843+00:00
[2022-09-17 13:31:02,254] {processor.py:161} INFO - Processing /home/airflow/.local/lib/python3.7/site-packages/airflow/example_dags/example_task_group_decorator.py took 1.197 seconds
[2022-09-17 13:31:32,510] {processor.py:153} INFO - Started process (PID=285) to work on /home/airflow/.local/lib/python3.7/site-packages/airflow/example_dags/example_task_group_decorator.py
[2022-09-17 13:31:32,513] {processor.py:641} INFO - Processing file /home/airflow/.local/lib/python3.7/site-packages/airflow/example_dags/example_task_group_decorator.py for tasks to queue
[2022-09-17 13:31:32,514] {logging_mixin.py:115} INFO - [2022-09-17 13:31:32,514] {dagbag.py:507} INFO - Filling up the DagBag from /home/airflow/.local/lib/python3.7/site-packages/airflow/example_dags/example_task_group_decorator.py
[2022-09-17 13:31:32,623] {processor.py:651} INFO - DAG(s) dict_keys(['example_task_group_decorator']) retrieved from /home/airflow/.local/lib/python3.7/site-packages/airflow/example_dags/example_task_group_decorator.py
[2022-09-17 13:31:33,421] {logging_mixin.py:115} INFO - [2022-09-17 13:31:33,421] {dag.py:2371} INFO - Sync 1 DAGs
[2022-09-17 13:31:33,474] {logging_mixin.py:115} INFO - [2022-09-17 13:31:33,474] {dag.py:2919} INFO - Setting next_dagrun for example_task_group_decorator to 2022-09-16T13:31:33.474254+00:00, run_after=2022-09-17T13:31:33.474254+00:00
[2022-09-17 13:31:33,545] {processor.py:161} INFO - Processing /home/airflow/.local/lib/python3.7/site-packages/airflow/example_dags/example_task_group_decorator.py took 1.040 seconds
[2022-09-17 13:32:03,662] {processor.py:153} INFO - Started process (PID=338) to work on /home/airflow/.local/lib/python3.7/site-packages/airflow/example_dags/example_task_group_decorator.py
[2022-09-17 13:32:03,663] {processor.py:641} INFO - Processing file /home/airflow/.local/lib/python3.7/site-packages/airflow/example_dags/example_task_group_decorator.py for tasks to queue
[2022-09-17 13:32:03,663] {logging_mixin.py:115} INFO - [2022-09-17 13:32:03,663] {dagbag.py:507} INFO - Filling up the DagBag from /home/airflow/.local/lib/python3.7/site-packages/airflow/example_dags/example_task_group_decorator.py
[2022-09-17 13:32:03,698] {processor.py:651} INFO - DAG(s) dict_keys(['example_task_group_decorator']) retrieved from /home/airflow/.local/lib/python3.7/site-packages/airflow/example_dags/example_task_group_decorator.py
[2022-09-17 13:32:03,928] {logging_mixin.py:115} INFO - [2022-09-17 13:32:03,928] {dag.py:2371} INFO - Sync 1 DAGs
[2022-09-17 13:32:03,949] {logging_mixin.py:115} INFO - [2022-09-17 13:32:03,949] {dag.py:2919} INFO - Setting next_dagrun for example_task_group_decorator to 2022-09-16T13:32:03.948908+00:00, run_after=2022-09-17T13:32:03.948908+00:00
[2022-09-17 13:32:03,974] {processor.py:161} INFO - Processing /home/airflow/.local/lib/python3.7/site-packages/airflow/example_dags/example_task_group_decorator.py took 0.318 seconds
[2022-09-17 13:32:34,209] {processor.py:153} INFO - Started process (PID=398) to work on /home/airflow/.local/lib/python3.7/site-packages/airflow/example_dags/example_task_group_decorator.py
[2022-09-17 13:32:34,210] {processor.py:641} INFO - Processing file /home/airflow/.local/lib/python3.7/site-packages/airflow/example_dags/example_task_group_decorator.py for tasks to queue
[2022-09-17 13:32:34,211] {logging_mixin.py:115} INFO - [2022-09-17 13:32:34,211] {dagbag.py:507} INFO - Filling up the DagBag from /home/airflow/.local/lib/python3.7/site-packages/airflow/example_dags/example_task_group_decorator.py
[2022-09-17 13:32:34,281] {processor.py:651} INFO - DAG(s) dict_keys(['example_task_group_decorator']) retrieved from /home/airflow/.local/lib/python3.7/site-packages/airflow/example_dags/example_task_group_decorator.py
[2022-09-17 13:32:35,120] {logging_mixin.py:115} INFO - [2022-09-17 13:32:35,120] {dag.py:2371} INFO - Sync 1 DAGs
[2022-09-17 13:32:35,149] {logging_mixin.py:115} INFO - [2022-09-17 13:32:35,149] {dag.py:2919} INFO - Setting next_dagrun for example_task_group_decorator to 2022-09-16T13:32:35.149320+00:00, run_after=2022-09-17T13:32:35.149320+00:00
[2022-09-17 13:32:35,164] {processor.py:161} INFO - Processing /home/airflow/.local/lib/python3.7/site-packages/airflow/example_dags/example_task_group_decorator.py took 0.966 seconds
[2022-09-17 13:33:14,734] {processor.py:153} INFO - Started process (PID=460) to work on /home/airflow/.local/lib/python3.7/site-packages/airflow/example_dags/example_task_group_decorator.py
[2022-09-17 13:33:14,736] {processor.py:641} INFO - Processing file /home/airflow/.local/lib/python3.7/site-packages/airflow/example_dags/example_task_group_decorator.py for tasks to queue
[2022-09-17 13:33:14,737] {logging_mixin.py:115} INFO - [2022-09-17 13:33:14,737] {dagbag.py:507} INFO - Filling up the DagBag from /home/airflow/.local/lib/python3.7/site-packages/airflow/example_dags/example_task_group_decorator.py
[2022-09-17 13:33:14,836] {processor.py:651} INFO - DAG(s) dict_keys(['example_task_group_decorator']) retrieved from /home/airflow/.local/lib/python3.7/site-packages/airflow/example_dags/example_task_group_decorator.py
[2022-09-17 13:33:15,514] {logging_mixin.py:115} INFO - [2022-09-17 13:33:15,513] {dag.py:2371} INFO - Sync 1 DAGs
[2022-09-17 13:33:15,548] {logging_mixin.py:115} INFO - [2022-09-17 13:33:15,548] {dag.py:2919} INFO - Setting next_dagrun for example_task_group_decorator to 2022-09-16T13:33:15.548187+00:00, run_after=2022-09-17T13:33:15.548187+00:00
[2022-09-17 13:33:15,570] {processor.py:161} INFO - Processing /home/airflow/.local/lib/python3.7/site-packages/airflow/example_dags/example_task_group_decorator.py took 0.842 seconds
[2022-09-17 13:33:45,822] {processor.py:153} INFO - Started process (PID=515) to work on /home/airflow/.local/lib/python3.7/site-packages/airflow/example_dags/example_task_group_decorator.py
[2022-09-17 13:33:45,823] {processor.py:641} INFO - Processing file /home/airflow/.local/lib/python3.7/site-packages/airflow/example_dags/example_task_group_decorator.py for tasks to queue
[2022-09-17 13:33:45,823] {logging_mixin.py:115} INFO - [2022-09-17 13:33:45,823] {dagbag.py:507} INFO - Filling up the DagBag from /home/airflow/.local/lib/python3.7/site-packages/airflow/example_dags/example_task_group_decorator.py
[2022-09-17 13:33:45,857] {processor.py:651} INFO - DAG(s) dict_keys(['example_task_group_decorator']) retrieved from /home/airflow/.local/lib/python3.7/site-packages/airflow/example_dags/example_task_group_decorator.py
[2022-09-17 13:33:46,076] {logging_mixin.py:115} INFO - [2022-09-17 13:33:46,076] {dag.py:2371} INFO - Sync 1 DAGs
[2022-09-17 13:33:46,095] {logging_mixin.py:115} INFO - [2022-09-17 13:33:46,095] {dag.py:2919} INFO - Setting next_dagrun for example_task_group_decorator to 2022-09-16T13:33:46.095306+00:00, run_after=2022-09-17T13:33:46.095306+00:00
[2022-09-17 13:33:46,109] {processor.py:161} INFO - Processing /home/airflow/.local/lib/python3.7/site-packages/airflow/example_dags/example_task_group_decorator.py took 0.291 seconds
[2022-09-17 13:34:18,088] {processor.py:153} INFO - Started process (PID=565) to work on /home/airflow/.local/lib/python3.7/site-packages/airflow/example_dags/example_task_group_decorator.py
[2022-09-17 13:34:18,089] {processor.py:641} INFO - Processing file /home/airflow/.local/lib/python3.7/site-packages/airflow/example_dags/example_task_group_decorator.py for tasks to queue
[2022-09-17 13:34:18,089] {logging_mixin.py:115} INFO - [2022-09-17 13:34:18,089] {dagbag.py:507} INFO - Filling up the DagBag from /home/airflow/.local/lib/python3.7/site-packages/airflow/example_dags/example_task_group_decorator.py
[2022-09-17 13:34:18,122] {processor.py:651} INFO - DAG(s) dict_keys(['example_task_group_decorator']) retrieved from /home/airflow/.local/lib/python3.7/site-packages/airflow/example_dags/example_task_group_decorator.py
[2022-09-17 13:34:18,374] {logging_mixin.py:115} INFO - [2022-09-17 13:34:18,374] {dag.py:2371} INFO - Sync 1 DAGs
[2022-09-17 13:34:18,393] {logging_mixin.py:115} INFO - [2022-09-17 13:34:18,393] {dag.py:2919} INFO - Setting next_dagrun for example_task_group_decorator to 2022-09-16T13:34:18.391410+00:00, run_after=2022-09-17T13:34:18.391410+00:00
[2022-09-17 13:34:18,405] {processor.py:161} INFO - Processing /home/airflow/.local/lib/python3.7/site-packages/airflow/example_dags/example_task_group_decorator.py took 0.321 seconds
[2022-09-17 13:34:49,255] {processor.py:153} INFO - Started process (PID=625) to work on /home/airflow/.local/lib/python3.7/site-packages/airflow/example_dags/example_task_group_decorator.py
[2022-09-17 13:34:49,256] {processor.py:641} INFO - Processing file /home/airflow/.local/lib/python3.7/site-packages/airflow/example_dags/example_task_group_decorator.py for tasks to queue
[2022-09-17 13:34:49,257] {logging_mixin.py:115} INFO - [2022-09-17 13:34:49,257] {dagbag.py:507} INFO - Filling up the DagBag from /home/airflow/.local/lib/python3.7/site-packages/airflow/example_dags/example_task_group_decorator.py
[2022-09-17 13:34:49,312] {processor.py:651} INFO - DAG(s) dict_keys(['example_task_group_decorator']) retrieved from /home/airflow/.local/lib/python3.7/site-packages/airflow/example_dags/example_task_group_decorator.py
[2022-09-17 13:34:49,360] {logging_mixin.py:115} INFO - [2022-09-17 13:34:49,360] {dag.py:2371} INFO - Sync 1 DAGs
[2022-09-17 13:34:49,586] {logging_mixin.py:115} INFO - [2022-09-17 13:34:49,586] {dag.py:2919} INFO - Setting next_dagrun for example_task_group_decorator to 2022-09-16T13:34:49.586459+00:00, run_after=2022-09-17T13:34:49.586459+00:00
[2022-09-17 13:34:49,597] {processor.py:161} INFO - Processing /home/airflow/.local/lib/python3.7/site-packages/airflow/example_dags/example_task_group_decorator.py took 0.347 seconds
[2022-09-17 13:35:19,834] {processor.py:153} INFO - Started process (PID=676) to work on /home/airflow/.local/lib/python3.7/site-packages/airflow/example_dags/example_task_group_decorator.py
[2022-09-17 13:35:19,834] {processor.py:641} INFO - Processing file /home/airflow/.local/lib/python3.7/site-packages/airflow/example_dags/example_task_group_decorator.py for tasks to queue
[2022-09-17 13:35:19,835] {logging_mixin.py:115} INFO - [2022-09-17 13:35:19,835] {dagbag.py:507} INFO - Filling up the DagBag from /home/airflow/.local/lib/python3.7/site-packages/airflow/example_dags/example_task_group_decorator.py
[2022-09-17 13:35:19,864] {processor.py:651} INFO - DAG(s) dict_keys(['example_task_group_decorator']) retrieved from /home/airflow/.local/lib/python3.7/site-packages/airflow/example_dags/example_task_group_decorator.py
[2022-09-17 13:35:20,088] {logging_mixin.py:115} INFO - [2022-09-17 13:35:20,088] {dag.py:2371} INFO - Sync 1 DAGs
[2022-09-17 13:35:20,106] {logging_mixin.py:115} INFO - [2022-09-17 13:35:20,106] {dag.py:2919} INFO - Setting next_dagrun for example_task_group_decorator to 2022-09-16T13:35:20.105939+00:00, run_after=2022-09-17T13:35:20.105939+00:00
[2022-09-17 13:35:20,118] {processor.py:161} INFO - Processing /home/airflow/.local/lib/python3.7/site-packages/airflow/example_dags/example_task_group_decorator.py took 0.289 seconds
[2022-09-17 13:35:50,918] {processor.py:153} INFO - Started process (PID=737) to work on /home/airflow/.local/lib/python3.7/site-packages/airflow/example_dags/example_task_group_decorator.py
[2022-09-17 13:35:50,924] {processor.py:641} INFO - Processing file /home/airflow/.local/lib/python3.7/site-packages/airflow/example_dags/example_task_group_decorator.py for tasks to queue
[2022-09-17 13:35:50,925] {logging_mixin.py:115} INFO - [2022-09-17 13:35:50,925] {dagbag.py:507} INFO - Filling up the DagBag from /home/airflow/.local/lib/python3.7/site-packages/airflow/example_dags/example_task_group_decorator.py
[2022-09-17 13:35:50,964] {processor.py:651} INFO - DAG(s) dict_keys(['example_task_group_decorator']) retrieved from /home/airflow/.local/lib/python3.7/site-packages/airflow/example_dags/example_task_group_decorator.py
[2022-09-17 13:35:51,738] {logging_mixin.py:115} INFO - [2022-09-17 13:35:51,738] {dag.py:2371} INFO - Sync 1 DAGs
[2022-09-17 13:35:51,819] {logging_mixin.py:115} INFO - [2022-09-17 13:35:51,819] {dag.py:2919} INFO - Setting next_dagrun for example_task_group_decorator to 2022-09-16T13:35:51.819017+00:00, run_after=2022-09-17T13:35:51.819017+00:00
[2022-09-17 13:35:51,864] {processor.py:161} INFO - Processing /home/airflow/.local/lib/python3.7/site-packages/airflow/example_dags/example_task_group_decorator.py took 0.950 seconds
[2022-09-17 13:36:22,481] {processor.py:153} INFO - Started process (PID=788) to work on /home/airflow/.local/lib/python3.7/site-packages/airflow/example_dags/example_task_group_decorator.py
[2022-09-17 13:36:22,483] {processor.py:641} INFO - Processing file /home/airflow/.local/lib/python3.7/site-packages/airflow/example_dags/example_task_group_decorator.py for tasks to queue
[2022-09-17 13:36:22,486] {logging_mixin.py:115} INFO - [2022-09-17 13:36:22,486] {dagbag.py:507} INFO - Filling up the DagBag from /home/airflow/.local/lib/python3.7/site-packages/airflow/example_dags/example_task_group_decorator.py
[2022-09-17 13:36:22,697] {processor.py:651} INFO - DAG(s) dict_keys(['example_task_group_decorator']) retrieved from /home/airflow/.local/lib/python3.7/site-packages/airflow/example_dags/example_task_group_decorator.py
[2022-09-17 13:36:23,631] {logging_mixin.py:115} INFO - [2022-09-17 13:36:23,630] {dag.py:2371} INFO - Sync 1 DAGs
[2022-09-17 13:36:23,744] {logging_mixin.py:115} INFO - [2022-09-17 13:36:23,744] {dag.py:2919} INFO - Setting next_dagrun for example_task_group_decorator to 2022-09-16T13:36:23.744044+00:00, run_after=2022-09-17T13:36:23.744044+00:00
[2022-09-17 13:36:23,772] {processor.py:161} INFO - Processing /home/airflow/.local/lib/python3.7/site-packages/airflow/example_dags/example_task_group_decorator.py took 1.302 seconds
[2022-09-17 13:36:54,028] {processor.py:153} INFO - Started process (PID=848) to work on /home/airflow/.local/lib/python3.7/site-packages/airflow/example_dags/example_task_group_decorator.py
[2022-09-17 13:36:54,042] {processor.py:641} INFO - Processing file /home/airflow/.local/lib/python3.7/site-packages/airflow/example_dags/example_task_group_decorator.py for tasks to queue
[2022-09-17 13:36:54,043] {logging_mixin.py:115} INFO - [2022-09-17 13:36:54,043] {dagbag.py:507} INFO - Filling up the DagBag from /home/airflow/.local/lib/python3.7/site-packages/airflow/example_dags/example_task_group_decorator.py
[2022-09-17 13:36:54,264] {processor.py:651} INFO - DAG(s) dict_keys(['example_task_group_decorator']) retrieved from /home/airflow/.local/lib/python3.7/site-packages/airflow/example_dags/example_task_group_decorator.py
[2022-09-17 13:36:55,345] {logging_mixin.py:115} INFO - [2022-09-17 13:36:55,345] {dag.py:2371} INFO - Sync 1 DAGs
[2022-09-17 13:36:55,406] {logging_mixin.py:115} INFO - [2022-09-17 13:36:55,406] {dag.py:2919} INFO - Setting next_dagrun for example_task_group_decorator to 2022-09-16T13:36:55.405883+00:00, run_after=2022-09-17T13:36:55.405883+00:00
[2022-09-17 13:36:55,446] {processor.py:161} INFO - Processing /home/airflow/.local/lib/python3.7/site-packages/airflow/example_dags/example_task_group_decorator.py took 1.429 seconds
[2022-09-17 13:37:25,667] {processor.py:153} INFO - Started process (PID=893) to work on /home/airflow/.local/lib/python3.7/site-packages/airflow/example_dags/example_task_group_decorator.py
[2022-09-17 13:37:25,671] {processor.py:641} INFO - Processing file /home/airflow/.local/lib/python3.7/site-packages/airflow/example_dags/example_task_group_decorator.py for tasks to queue
[2022-09-17 13:37:25,672] {logging_mixin.py:115} INFO - [2022-09-17 13:37:25,672] {dagbag.py:507} INFO - Filling up the DagBag from /home/airflow/.local/lib/python3.7/site-packages/airflow/example_dags/example_task_group_decorator.py
[2022-09-17 13:37:25,733] {processor.py:651} INFO - DAG(s) dict_keys(['example_task_group_decorator']) retrieved from /home/airflow/.local/lib/python3.7/site-packages/airflow/example_dags/example_task_group_decorator.py
[2022-09-17 13:37:26,064] {logging_mixin.py:115} INFO - [2022-09-17 13:37:26,064] {dag.py:2371} INFO - Sync 1 DAGs
[2022-09-17 13:37:26,113] {logging_mixin.py:115} INFO - [2022-09-17 13:37:26,113] {dag.py:2919} INFO - Setting next_dagrun for example_task_group_decorator to 2022-09-16T13:37:26.106957+00:00, run_after=2022-09-17T13:37:26.106957+00:00
[2022-09-17 13:37:26,134] {processor.py:161} INFO - Processing /home/airflow/.local/lib/python3.7/site-packages/airflow/example_dags/example_task_group_decorator.py took 0.471 seconds
[2022-09-17 13:39:25,914] {processor.py:153} INFO - Started process (PID=946) to work on /home/airflow/.local/lib/python3.7/site-packages/airflow/example_dags/example_task_group_decorator.py
[2022-09-17 13:39:25,915] {processor.py:641} INFO - Processing file /home/airflow/.local/lib/python3.7/site-packages/airflow/example_dags/example_task_group_decorator.py for tasks to queue
[2022-09-17 13:39:25,916] {logging_mixin.py:115} INFO - [2022-09-17 13:39:25,915] {dagbag.py:507} INFO - Filling up the DagBag from /home/airflow/.local/lib/python3.7/site-packages/airflow/example_dags/example_task_group_decorator.py
[2022-09-17 13:39:25,954] {processor.py:651} INFO - DAG(s) dict_keys(['example_task_group_decorator']) retrieved from /home/airflow/.local/lib/python3.7/site-packages/airflow/example_dags/example_task_group_decorator.py
[2022-09-17 13:39:26,197] {logging_mixin.py:115} INFO - [2022-09-17 13:39:26,197] {dag.py:2371} INFO - Sync 1 DAGs
[2022-09-17 13:39:26,228] {logging_mixin.py:115} INFO - [2022-09-17 13:39:26,228] {dag.py:2919} INFO - Setting next_dagrun for example_task_group_decorator to 2022-09-16T13:39:26.228364+00:00, run_after=2022-09-17T13:39:26.228364+00:00
[2022-09-17 13:39:26,241] {processor.py:161} INFO - Processing /home/airflow/.local/lib/python3.7/site-packages/airflow/example_dags/example_task_group_decorator.py took 0.331 seconds
[2022-09-17 13:39:57,167] {processor.py:153} INFO - Started process (PID=998) to work on /home/airflow/.local/lib/python3.7/site-packages/airflow/example_dags/example_task_group_decorator.py
[2022-09-17 13:39:57,173] {processor.py:641} INFO - Processing file /home/airflow/.local/lib/python3.7/site-packages/airflow/example_dags/example_task_group_decorator.py for tasks to queue
[2022-09-17 13:39:57,174] {logging_mixin.py:115} INFO - [2022-09-17 13:39:57,174] {dagbag.py:507} INFO - Filling up the DagBag from /home/airflow/.local/lib/python3.7/site-packages/airflow/example_dags/example_task_group_decorator.py
[2022-09-17 13:39:57,232] {processor.py:651} INFO - DAG(s) dict_keys(['example_task_group_decorator']) retrieved from /home/airflow/.local/lib/python3.7/site-packages/airflow/example_dags/example_task_group_decorator.py
[2022-09-17 13:39:57,646] {logging_mixin.py:115} INFO - [2022-09-17 13:39:57,646] {dag.py:2371} INFO - Sync 1 DAGs
[2022-09-17 13:39:57,680] {logging_mixin.py:115} INFO - [2022-09-17 13:39:57,680] {dag.py:2919} INFO - Setting next_dagrun for example_task_group_decorator to 2022-09-16T13:39:57.680026+00:00, run_after=2022-09-17T13:39:57.680026+00:00
[2022-09-17 13:39:57,711] {processor.py:161} INFO - Processing /home/airflow/.local/lib/python3.7/site-packages/airflow/example_dags/example_task_group_decorator.py took 0.549 seconds
[2022-09-17 13:40:30,071] {processor.py:153} INFO - Started process (PID=1052) to work on /home/airflow/.local/lib/python3.7/site-packages/airflow/example_dags/example_task_group_decorator.py
[2022-09-17 13:40:30,073] {processor.py:641} INFO - Processing file /home/airflow/.local/lib/python3.7/site-packages/airflow/example_dags/example_task_group_decorator.py for tasks to queue
[2022-09-17 13:40:30,074] {logging_mixin.py:115} INFO - [2022-09-17 13:40:30,074] {dagbag.py:507} INFO - Filling up the DagBag from /home/airflow/.local/lib/python3.7/site-packages/airflow/example_dags/example_task_group_decorator.py
[2022-09-17 13:40:30,130] {processor.py:651} INFO - DAG(s) dict_keys(['example_task_group_decorator']) retrieved from /home/airflow/.local/lib/python3.7/site-packages/airflow/example_dags/example_task_group_decorator.py
[2022-09-17 13:40:30,882] {logging_mixin.py:115} INFO - [2022-09-17 13:40:30,881] {dag.py:2371} INFO - Sync 1 DAGs
[2022-09-17 13:40:30,950] {logging_mixin.py:115} INFO - [2022-09-17 13:40:30,949] {dag.py:2919} INFO - Setting next_dagrun for example_task_group_decorator to 2022-09-16T13:40:30.945146+00:00, run_after=2022-09-17T13:40:30.945146+00:00
[2022-09-17 13:40:30,990] {processor.py:161} INFO - Processing /home/airflow/.local/lib/python3.7/site-packages/airflow/example_dags/example_task_group_decorator.py took 0.936 seconds
[2022-09-17 13:41:44,031] {processor.py:153} INFO - Started process (PID=1120) to work on /home/airflow/.local/lib/python3.7/site-packages/airflow/example_dags/example_task_group_decorator.py
[2022-09-17 13:41:44,055] {processor.py:641} INFO - Processing file /home/airflow/.local/lib/python3.7/site-packages/airflow/example_dags/example_task_group_decorator.py for tasks to queue
[2022-09-17 13:41:44,056] {logging_mixin.py:115} INFO - [2022-09-17 13:41:44,056] {dagbag.py:507} INFO - Filling up the DagBag from /home/airflow/.local/lib/python3.7/site-packages/airflow/example_dags/example_task_group_decorator.py
[2022-09-17 13:41:44,727] {processor.py:651} INFO - DAG(s) dict_keys(['example_task_group_decorator']) retrieved from /home/airflow/.local/lib/python3.7/site-packages/airflow/example_dags/example_task_group_decorator.py
[2022-09-17 13:45:33,285] {processor.py:153} INFO - Started process (PID=63) to work on /home/airflow/.local/lib/python3.7/site-packages/airflow/example_dags/example_task_group_decorator.py
[2022-09-17 13:45:33,314] {processor.py:641} INFO - Processing file /home/airflow/.local/lib/python3.7/site-packages/airflow/example_dags/example_task_group_decorator.py for tasks to queue
[2022-09-17 13:45:33,323] {logging_mixin.py:115} INFO - [2022-09-17 13:45:33,322] {dagbag.py:507} INFO - Filling up the DagBag from /home/airflow/.local/lib/python3.7/site-packages/airflow/example_dags/example_task_group_decorator.py
[2022-09-17 13:45:33,714] {processor.py:651} INFO - DAG(s) dict_keys(['example_task_group_decorator']) retrieved from /home/airflow/.local/lib/python3.7/site-packages/airflow/example_dags/example_task_group_decorator.py
[2022-09-17 13:45:34,988] {logging_mixin.py:115} INFO - [2022-09-17 13:45:34,988] {dag.py:2371} INFO - Sync 1 DAGs
[2022-09-17 13:45:36,243] {logging_mixin.py:115} INFO - [2022-09-17 13:45:36,243] {dag.py:2919} INFO - Setting next_dagrun for example_task_group_decorator to 2022-09-16T13:45:36.243181+00:00, run_after=2022-09-17T13:45:36.243181+00:00
[2022-09-17 13:45:36,261] {processor.py:161} INFO - Processing /home/airflow/.local/lib/python3.7/site-packages/airflow/example_dags/example_task_group_decorator.py took 3.078 seconds
[2022-09-17 13:46:06,681] {processor.py:153} INFO - Started process (PID=119) to work on /home/airflow/.local/lib/python3.7/site-packages/airflow/example_dags/example_task_group_decorator.py
[2022-09-17 13:46:06,682] {processor.py:641} INFO - Processing file /home/airflow/.local/lib/python3.7/site-packages/airflow/example_dags/example_task_group_decorator.py for tasks to queue
[2022-09-17 13:46:06,683] {logging_mixin.py:115} INFO - [2022-09-17 13:46:06,683] {dagbag.py:507} INFO - Filling up the DagBag from /home/airflow/.local/lib/python3.7/site-packages/airflow/example_dags/example_task_group_decorator.py
[2022-09-17 13:46:06,716] {processor.py:651} INFO - DAG(s) dict_keys(['example_task_group_decorator']) retrieved from /home/airflow/.local/lib/python3.7/site-packages/airflow/example_dags/example_task_group_decorator.py
[2022-09-17 13:46:07,080] {logging_mixin.py:115} INFO - [2022-09-17 13:46:07,080] {dag.py:2371} INFO - Sync 1 DAGs
[2022-09-17 13:46:08,433] {logging_mixin.py:115} INFO - [2022-09-17 13:46:08,433] {dag.py:2919} INFO - Setting next_dagrun for example_task_group_decorator to 2022-09-16T13:46:08.433176+00:00, run_after=2022-09-17T13:46:08.433176+00:00
[2022-09-17 13:46:08,514] {processor.py:161} INFO - Processing /home/airflow/.local/lib/python3.7/site-packages/airflow/example_dags/example_task_group_decorator.py took 1.836 seconds
[2022-09-17 13:46:38,845] {processor.py:153} INFO - Started process (PID=173) to work on /home/airflow/.local/lib/python3.7/site-packages/airflow/example_dags/example_task_group_decorator.py
[2022-09-17 13:46:38,863] {processor.py:641} INFO - Processing file /home/airflow/.local/lib/python3.7/site-packages/airflow/example_dags/example_task_group_decorator.py for tasks to queue
[2022-09-17 13:46:38,865] {logging_mixin.py:115} INFO - [2022-09-17 13:46:38,865] {dagbag.py:507} INFO - Filling up the DagBag from /home/airflow/.local/lib/python3.7/site-packages/airflow/example_dags/example_task_group_decorator.py
[2022-09-17 13:46:38,946] {processor.py:651} INFO - DAG(s) dict_keys(['example_task_group_decorator']) retrieved from /home/airflow/.local/lib/python3.7/site-packages/airflow/example_dags/example_task_group_decorator.py
[2022-09-17 13:46:39,653] {logging_mixin.py:115} INFO - [2022-09-17 13:46:39,653] {dag.py:2371} INFO - Sync 1 DAGs
[2022-09-17 13:46:40,423] {logging_mixin.py:115} INFO - [2022-09-17 13:46:40,423] {dag.py:2919} INFO - Setting next_dagrun for example_task_group_decorator to 2022-09-16T13:46:40.422964+00:00, run_after=2022-09-17T13:46:40.422964+00:00
[2022-09-17 13:46:40,460] {processor.py:161} INFO - Processing /home/airflow/.local/lib/python3.7/site-packages/airflow/example_dags/example_task_group_decorator.py took 1.657 seconds
[2022-09-17 13:47:11,002] {processor.py:153} INFO - Started process (PID=229) to work on /home/airflow/.local/lib/python3.7/site-packages/airflow/example_dags/example_task_group_decorator.py
[2022-09-17 13:47:11,007] {processor.py:641} INFO - Processing file /home/airflow/.local/lib/python3.7/site-packages/airflow/example_dags/example_task_group_decorator.py for tasks to queue
[2022-09-17 13:47:11,008] {logging_mixin.py:115} INFO - [2022-09-17 13:47:11,008] {dagbag.py:507} INFO - Filling up the DagBag from /home/airflow/.local/lib/python3.7/site-packages/airflow/example_dags/example_task_group_decorator.py
[2022-09-17 13:47:11,091] {processor.py:651} INFO - DAG(s) dict_keys(['example_task_group_decorator']) retrieved from /home/airflow/.local/lib/python3.7/site-packages/airflow/example_dags/example_task_group_decorator.py
[2022-09-17 13:47:11,184] {logging_mixin.py:115} INFO - [2022-09-17 13:47:11,184] {dag.py:2371} INFO - Sync 1 DAGs
[2022-09-17 13:47:11,626] {logging_mixin.py:115} INFO - [2022-09-17 13:47:11,626] {dag.py:2919} INFO - Setting next_dagrun for example_task_group_decorator to 2022-09-16T13:47:11.626278+00:00, run_after=2022-09-17T13:47:11.626278+00:00
[2022-09-17 13:47:11,641] {processor.py:161} INFO - Processing /home/airflow/.local/lib/python3.7/site-packages/airflow/example_dags/example_task_group_decorator.py took 0.656 seconds
[2022-09-17 13:47:41,699] {processor.py:153} INFO - Started process (PID=284) to work on /home/airflow/.local/lib/python3.7/site-packages/airflow/example_dags/example_task_group_decorator.py
[2022-09-17 13:47:41,709] {processor.py:641} INFO - Processing file /home/airflow/.local/lib/python3.7/site-packages/airflow/example_dags/example_task_group_decorator.py for tasks to queue
[2022-09-17 13:47:41,710] {logging_mixin.py:115} INFO - [2022-09-17 13:47:41,710] {dagbag.py:507} INFO - Filling up the DagBag from /home/airflow/.local/lib/python3.7/site-packages/airflow/example_dags/example_task_group_decorator.py
[2022-09-17 13:47:41,773] {processor.py:651} INFO - DAG(s) dict_keys(['example_task_group_decorator']) retrieved from /home/airflow/.local/lib/python3.7/site-packages/airflow/example_dags/example_task_group_decorator.py
[2022-09-17 13:47:41,854] {logging_mixin.py:115} INFO - [2022-09-17 13:47:41,854] {dag.py:2371} INFO - Sync 1 DAGs
[2022-09-17 13:47:42,422] {logging_mixin.py:115} INFO - [2022-09-17 13:47:42,421] {dag.py:2919} INFO - Setting next_dagrun for example_task_group_decorator to 2022-09-16T13:47:42.421781+00:00, run_after=2022-09-17T13:47:42.421781+00:00
[2022-09-17 13:47:42,440] {processor.py:161} INFO - Processing /home/airflow/.local/lib/python3.7/site-packages/airflow/example_dags/example_task_group_decorator.py took 0.749 seconds
[2022-09-17 13:48:13,341] {processor.py:153} INFO - Started process (PID=337) to work on /home/airflow/.local/lib/python3.7/site-packages/airflow/example_dags/example_task_group_decorator.py
[2022-09-17 13:48:13,342] {processor.py:641} INFO - Processing file /home/airflow/.local/lib/python3.7/site-packages/airflow/example_dags/example_task_group_decorator.py for tasks to queue
[2022-09-17 13:48:13,343] {logging_mixin.py:115} INFO - [2022-09-17 13:48:13,343] {dagbag.py:507} INFO - Filling up the DagBag from /home/airflow/.local/lib/python3.7/site-packages/airflow/example_dags/example_task_group_decorator.py
[2022-09-17 13:48:13,388] {processor.py:651} INFO - DAG(s) dict_keys(['example_task_group_decorator']) retrieved from /home/airflow/.local/lib/python3.7/site-packages/airflow/example_dags/example_task_group_decorator.py
[2022-09-17 13:48:13,515] {logging_mixin.py:115} INFO - [2022-09-17 13:48:13,515] {dag.py:2371} INFO - Sync 1 DAGs
[2022-09-17 13:48:13,873] {logging_mixin.py:115} INFO - [2022-09-17 13:48:13,873] {dag.py:2919} INFO - Setting next_dagrun for example_task_group_decorator to 2022-09-16T13:48:13.873320+00:00, run_after=2022-09-17T13:48:13.873320+00:00
[2022-09-17 13:48:13,890] {processor.py:161} INFO - Processing /home/airflow/.local/lib/python3.7/site-packages/airflow/example_dags/example_task_group_decorator.py took 0.557 seconds
[2022-09-17 13:48:44,813] {processor.py:153} INFO - Started process (PID=398) to work on /home/airflow/.local/lib/python3.7/site-packages/airflow/example_dags/example_task_group_decorator.py
[2022-09-17 13:48:44,814] {processor.py:641} INFO - Processing file /home/airflow/.local/lib/python3.7/site-packages/airflow/example_dags/example_task_group_decorator.py for tasks to queue
[2022-09-17 13:48:44,815] {logging_mixin.py:115} INFO - [2022-09-17 13:48:44,814] {dagbag.py:507} INFO - Filling up the DagBag from /home/airflow/.local/lib/python3.7/site-packages/airflow/example_dags/example_task_group_decorator.py
[2022-09-17 13:48:44,843] {processor.py:651} INFO - DAG(s) dict_keys(['example_task_group_decorator']) retrieved from /home/airflow/.local/lib/python3.7/site-packages/airflow/example_dags/example_task_group_decorator.py
[2022-09-17 13:48:44,893] {logging_mixin.py:115} INFO - [2022-09-17 13:48:44,893] {dag.py:2371} INFO - Sync 1 DAGs
[2022-09-17 13:48:44,928] {logging_mixin.py:115} INFO - [2022-09-17 13:48:44,927] {dag.py:2919} INFO - Setting next_dagrun for example_task_group_decorator to 2022-09-16T13:48:44.927654+00:00, run_after=2022-09-17T13:48:44.927654+00:00
[2022-09-17 13:48:44,939] {processor.py:161} INFO - Processing /home/airflow/.local/lib/python3.7/site-packages/airflow/example_dags/example_task_group_decorator.py took 0.130 seconds
[2022-09-17 13:49:15,099] {processor.py:153} INFO - Started process (PID=461) to work on /home/airflow/.local/lib/python3.7/site-packages/airflow/example_dags/example_task_group_decorator.py
[2022-09-17 13:49:15,100] {processor.py:641} INFO - Processing file /home/airflow/.local/lib/python3.7/site-packages/airflow/example_dags/example_task_group_decorator.py for tasks to queue
[2022-09-17 13:49:15,100] {logging_mixin.py:115} INFO - [2022-09-17 13:49:15,100] {dagbag.py:507} INFO - Filling up the DagBag from /home/airflow/.local/lib/python3.7/site-packages/airflow/example_dags/example_task_group_decorator.py
[2022-09-17 13:49:15,131] {processor.py:651} INFO - DAG(s) dict_keys(['example_task_group_decorator']) retrieved from /home/airflow/.local/lib/python3.7/site-packages/airflow/example_dags/example_task_group_decorator.py
[2022-09-17 13:49:15,264] {logging_mixin.py:115} INFO - [2022-09-17 13:49:15,264] {dag.py:2371} INFO - Sync 1 DAGs
[2022-09-17 13:49:15,409] {logging_mixin.py:115} INFO - [2022-09-17 13:49:15,409] {dag.py:2919} INFO - Setting next_dagrun for example_task_group_decorator to 2022-09-16T13:49:15.409270+00:00, run_after=2022-09-17T13:49:15.409270+00:00
[2022-09-17 13:49:15,423] {processor.py:161} INFO - Processing /home/airflow/.local/lib/python3.7/site-packages/airflow/example_dags/example_task_group_decorator.py took 0.328 seconds
[2022-09-17 13:49:45,662] {processor.py:153} INFO - Started process (PID=515) to work on /home/airflow/.local/lib/python3.7/site-packages/airflow/example_dags/example_task_group_decorator.py
[2022-09-17 13:49:45,662] {processor.py:641} INFO - Processing file /home/airflow/.local/lib/python3.7/site-packages/airflow/example_dags/example_task_group_decorator.py for tasks to queue
[2022-09-17 13:49:45,663] {logging_mixin.py:115} INFO - [2022-09-17 13:49:45,662] {dagbag.py:507} INFO - Filling up the DagBag from /home/airflow/.local/lib/python3.7/site-packages/airflow/example_dags/example_task_group_decorator.py
[2022-09-17 13:49:45,689] {processor.py:651} INFO - DAG(s) dict_keys(['example_task_group_decorator']) retrieved from /home/airflow/.local/lib/python3.7/site-packages/airflow/example_dags/example_task_group_decorator.py
[2022-09-17 13:49:45,799] {logging_mixin.py:115} INFO - [2022-09-17 13:49:45,799] {dag.py:2371} INFO - Sync 1 DAGs
[2022-09-17 13:49:45,943] {logging_mixin.py:115} INFO - [2022-09-17 13:49:45,943] {dag.py:2919} INFO - Setting next_dagrun for example_task_group_decorator to 2022-09-16T13:49:45.943359+00:00, run_after=2022-09-17T13:49:45.943359+00:00
[2022-09-17 13:49:45,954] {processor.py:161} INFO - Processing /home/airflow/.local/lib/python3.7/site-packages/airflow/example_dags/example_task_group_decorator.py took 0.297 seconds
[2022-09-17 13:50:16,691] {processor.py:153} INFO - Started process (PID=580) to work on /home/airflow/.local/lib/python3.7/site-packages/airflow/example_dags/example_task_group_decorator.py
[2022-09-17 13:50:16,692] {processor.py:641} INFO - Processing file /home/airflow/.local/lib/python3.7/site-packages/airflow/example_dags/example_task_group_decorator.py for tasks to queue
[2022-09-17 13:50:16,692] {logging_mixin.py:115} INFO - [2022-09-17 13:50:16,692] {dagbag.py:507} INFO - Filling up the DagBag from /home/airflow/.local/lib/python3.7/site-packages/airflow/example_dags/example_task_group_decorator.py
[2022-09-17 13:50:16,720] {processor.py:651} INFO - DAG(s) dict_keys(['example_task_group_decorator']) retrieved from /home/airflow/.local/lib/python3.7/site-packages/airflow/example_dags/example_task_group_decorator.py
[2022-09-17 13:50:16,795] {logging_mixin.py:115} INFO - [2022-09-17 13:50:16,795] {dag.py:2371} INFO - Sync 1 DAGs
[2022-09-17 13:50:16,935] {logging_mixin.py:115} INFO - [2022-09-17 13:50:16,935] {dag.py:2919} INFO - Setting next_dagrun for example_task_group_decorator to 2022-09-16T13:50:16.934835+00:00, run_after=2022-09-17T13:50:16.934835+00:00
[2022-09-17 13:50:16,946] {processor.py:161} INFO - Processing /home/airflow/.local/lib/python3.7/site-packages/airflow/example_dags/example_task_group_decorator.py took 0.259 seconds
[2022-09-17 13:50:47,066] {processor.py:153} INFO - Started process (PID=633) to work on /home/airflow/.local/lib/python3.7/site-packages/airflow/example_dags/example_task_group_decorator.py
[2022-09-17 13:50:47,066] {processor.py:641} INFO - Processing file /home/airflow/.local/lib/python3.7/site-packages/airflow/example_dags/example_task_group_decorator.py for tasks to queue
[2022-09-17 13:50:47,067] {logging_mixin.py:115} INFO - [2022-09-17 13:50:47,067] {dagbag.py:507} INFO - Filling up the DagBag from /home/airflow/.local/lib/python3.7/site-packages/airflow/example_dags/example_task_group_decorator.py
[2022-09-17 13:50:47,097] {processor.py:651} INFO - DAG(s) dict_keys(['example_task_group_decorator']) retrieved from /home/airflow/.local/lib/python3.7/site-packages/airflow/example_dags/example_task_group_decorator.py
[2022-09-17 13:50:47,173] {logging_mixin.py:115} INFO - [2022-09-17 13:50:47,172] {dag.py:2371} INFO - Sync 1 DAGs
[2022-09-17 13:50:47,313] {logging_mixin.py:115} INFO - [2022-09-17 13:50:47,313] {dag.py:2919} INFO - Setting next_dagrun for example_task_group_decorator to 2022-09-16T13:50:47.313005+00:00, run_after=2022-09-17T13:50:47.313005+00:00
[2022-09-17 13:50:47,326] {processor.py:161} INFO - Processing /home/airflow/.local/lib/python3.7/site-packages/airflow/example_dags/example_task_group_decorator.py took 0.268 seconds
[2022-09-17 13:51:17,385] {processor.py:153} INFO - Started process (PID=698) to work on /home/airflow/.local/lib/python3.7/site-packages/airflow/example_dags/example_task_group_decorator.py
[2022-09-17 13:51:17,403] {processor.py:641} INFO - Processing file /home/airflow/.local/lib/python3.7/site-packages/airflow/example_dags/example_task_group_decorator.py for tasks to queue
[2022-09-17 13:51:17,404] {logging_mixin.py:115} INFO - [2022-09-17 13:51:17,403] {dagbag.py:507} INFO - Filling up the DagBag from /home/airflow/.local/lib/python3.7/site-packages/airflow/example_dags/example_task_group_decorator.py
[2022-09-17 13:51:17,485] {processor.py:651} INFO - DAG(s) dict_keys(['example_task_group_decorator']) retrieved from /home/airflow/.local/lib/python3.7/site-packages/airflow/example_dags/example_task_group_decorator.py
[2022-09-17 13:51:17,661] {logging_mixin.py:115} INFO - [2022-09-17 13:51:17,661] {dag.py:2371} INFO - Sync 1 DAGs
[2022-09-17 13:51:17,936] {logging_mixin.py:115} INFO - [2022-09-17 13:51:17,936] {dag.py:2919} INFO - Setting next_dagrun for example_task_group_decorator to 2022-09-16T13:51:17.936124+00:00, run_after=2022-09-17T13:51:17.936124+00:00
[2022-09-17 13:51:17,953] {processor.py:161} INFO - Processing /home/airflow/.local/lib/python3.7/site-packages/airflow/example_dags/example_task_group_decorator.py took 0.571 seconds
[2022-09-17 13:51:48,694] {processor.py:153} INFO - Started process (PID=760) to work on /home/airflow/.local/lib/python3.7/site-packages/airflow/example_dags/example_task_group_decorator.py
[2022-09-17 13:51:48,695] {processor.py:641} INFO - Processing file /home/airflow/.local/lib/python3.7/site-packages/airflow/example_dags/example_task_group_decorator.py for tasks to queue
[2022-09-17 13:51:48,695] {logging_mixin.py:115} INFO - [2022-09-17 13:51:48,695] {dagbag.py:507} INFO - Filling up the DagBag from /home/airflow/.local/lib/python3.7/site-packages/airflow/example_dags/example_task_group_decorator.py
[2022-09-17 13:51:48,727] {processor.py:651} INFO - DAG(s) dict_keys(['example_task_group_decorator']) retrieved from /home/airflow/.local/lib/python3.7/site-packages/airflow/example_dags/example_task_group_decorator.py
[2022-09-17 13:51:48,807] {logging_mixin.py:115} INFO - [2022-09-17 13:51:48,807] {dag.py:2371} INFO - Sync 1 DAGs
[2022-09-17 13:51:48,965] {logging_mixin.py:115} INFO - [2022-09-17 13:51:48,965] {dag.py:2919} INFO - Setting next_dagrun for example_task_group_decorator to 2022-09-16T13:51:48.965402+00:00, run_after=2022-09-17T13:51:48.965402+00:00
[2022-09-17 13:51:48,980] {processor.py:161} INFO - Processing /home/airflow/.local/lib/python3.7/site-packages/airflow/example_dags/example_task_group_decorator.py took 0.288 seconds
[2022-09-17 13:52:19,161] {processor.py:153} INFO - Started process (PID=814) to work on /home/airflow/.local/lib/python3.7/site-packages/airflow/example_dags/example_task_group_decorator.py
[2022-09-17 13:52:19,162] {processor.py:641} INFO - Processing file /home/airflow/.local/lib/python3.7/site-packages/airflow/example_dags/example_task_group_decorator.py for tasks to queue
[2022-09-17 13:52:19,163] {logging_mixin.py:115} INFO - [2022-09-17 13:52:19,162] {dagbag.py:507} INFO - Filling up the DagBag from /home/airflow/.local/lib/python3.7/site-packages/airflow/example_dags/example_task_group_decorator.py
[2022-09-17 13:52:19,243] {processor.py:651} INFO - DAG(s) dict_keys(['example_task_group_decorator']) retrieved from /home/airflow/.local/lib/python3.7/site-packages/airflow/example_dags/example_task_group_decorator.py
[2022-09-17 13:52:19,441] {logging_mixin.py:115} INFO - [2022-09-17 13:52:19,441] {dag.py:2371} INFO - Sync 1 DAGs
[2022-09-17 13:52:19,633] {logging_mixin.py:115} INFO - [2022-09-17 13:52:19,633] {dag.py:2919} INFO - Setting next_dagrun for example_task_group_decorator to 2022-09-16T13:52:19.633244+00:00, run_after=2022-09-17T13:52:19.633244+00:00
[2022-09-17 13:52:19,656] {processor.py:161} INFO - Processing /home/airflow/.local/lib/python3.7/site-packages/airflow/example_dags/example_task_group_decorator.py took 0.500 seconds
[2022-09-17 13:52:49,713] {processor.py:153} INFO - Started process (PID=877) to work on /home/airflow/.local/lib/python3.7/site-packages/airflow/example_dags/example_task_group_decorator.py
[2022-09-17 13:52:49,722] {processor.py:641} INFO - Processing file /home/airflow/.local/lib/python3.7/site-packages/airflow/example_dags/example_task_group_decorator.py for tasks to queue
[2022-09-17 13:52:49,723] {logging_mixin.py:115} INFO - [2022-09-17 13:52:49,723] {dagbag.py:507} INFO - Filling up the DagBag from /home/airflow/.local/lib/python3.7/site-packages/airflow/example_dags/example_task_group_decorator.py
[2022-09-17 13:52:49,765] {processor.py:651} INFO - DAG(s) dict_keys(['example_task_group_decorator']) retrieved from /home/airflow/.local/lib/python3.7/site-packages/airflow/example_dags/example_task_group_decorator.py
[2022-09-17 13:52:49,971] {logging_mixin.py:115} INFO - [2022-09-17 13:52:49,971] {dag.py:2371} INFO - Sync 1 DAGs
[2022-09-17 13:52:50,626] {logging_mixin.py:115} INFO - [2022-09-17 13:52:50,626] {dag.py:2919} INFO - Setting next_dagrun for example_task_group_decorator to 2022-09-16T13:52:50.625768+00:00, run_after=2022-09-17T13:52:50.625768+00:00
[2022-09-17 13:52:50,641] {processor.py:161} INFO - Processing /home/airflow/.local/lib/python3.7/site-packages/airflow/example_dags/example_task_group_decorator.py took 0.950 seconds
[2022-09-17 13:53:20,702] {processor.py:153} INFO - Started process (PID=930) to work on /home/airflow/.local/lib/python3.7/site-packages/airflow/example_dags/example_task_group_decorator.py
[2022-09-17 13:53:20,704] {processor.py:641} INFO - Processing file /home/airflow/.local/lib/python3.7/site-packages/airflow/example_dags/example_task_group_decorator.py for tasks to queue
[2022-09-17 13:53:20,705] {logging_mixin.py:115} INFO - [2022-09-17 13:53:20,705] {dagbag.py:507} INFO - Filling up the DagBag from /home/airflow/.local/lib/python3.7/site-packages/airflow/example_dags/example_task_group_decorator.py
[2022-09-17 13:53:20,780] {processor.py:651} INFO - DAG(s) dict_keys(['example_task_group_decorator']) retrieved from /home/airflow/.local/lib/python3.7/site-packages/airflow/example_dags/example_task_group_decorator.py
[2022-09-17 13:53:20,879] {logging_mixin.py:115} INFO - [2022-09-17 13:53:20,879] {dag.py:2371} INFO - Sync 1 DAGs
[2022-09-17 13:53:20,963] {logging_mixin.py:115} INFO - [2022-09-17 13:53:20,963] {dag.py:2919} INFO - Setting next_dagrun for example_task_group_decorator to 2022-09-16T13:53:20.963233+00:00, run_after=2022-09-17T13:53:20.963233+00:00
[2022-09-17 13:53:21,008] {processor.py:161} INFO - Processing /home/airflow/.local/lib/python3.7/site-packages/airflow/example_dags/example_task_group_decorator.py took 0.316 seconds
[2022-09-17 13:53:51,257] {processor.py:153} INFO - Started process (PID=991) to work on /home/airflow/.local/lib/python3.7/site-packages/airflow/example_dags/example_task_group_decorator.py
[2022-09-17 13:53:51,257] {processor.py:641} INFO - Processing file /home/airflow/.local/lib/python3.7/site-packages/airflow/example_dags/example_task_group_decorator.py for tasks to queue
[2022-09-17 13:53:51,257] {logging_mixin.py:115} INFO - [2022-09-17 13:53:51,257] {dagbag.py:507} INFO - Filling up the DagBag from /home/airflow/.local/lib/python3.7/site-packages/airflow/example_dags/example_task_group_decorator.py
[2022-09-17 13:53:51,317] {processor.py:651} INFO - DAG(s) dict_keys(['example_task_group_decorator']) retrieved from /home/airflow/.local/lib/python3.7/site-packages/airflow/example_dags/example_task_group_decorator.py
[2022-09-17 13:53:51,364] {logging_mixin.py:115} INFO - [2022-09-17 13:53:51,364] {dag.py:2371} INFO - Sync 1 DAGs
[2022-09-17 13:53:51,396] {logging_mixin.py:115} INFO - [2022-09-17 13:53:51,396] {dag.py:2919} INFO - Setting next_dagrun for example_task_group_decorator to 2022-09-16T13:53:51.396000+00:00, run_after=2022-09-17T13:53:51.396000+00:00
[2022-09-17 13:53:51,409] {processor.py:161} INFO - Processing /home/airflow/.local/lib/python3.7/site-packages/airflow/example_dags/example_task_group_decorator.py took 0.156 seconds
[2022-09-17 13:54:22,174] {processor.py:153} INFO - Started process (PID=1045) to work on /home/airflow/.local/lib/python3.7/site-packages/airflow/example_dags/example_task_group_decorator.py
[2022-09-17 13:54:22,175] {processor.py:641} INFO - Processing file /home/airflow/.local/lib/python3.7/site-packages/airflow/example_dags/example_task_group_decorator.py for tasks to queue
[2022-09-17 13:54:22,175] {logging_mixin.py:115} INFO - [2022-09-17 13:54:22,175] {dagbag.py:507} INFO - Filling up the DagBag from /home/airflow/.local/lib/python3.7/site-packages/airflow/example_dags/example_task_group_decorator.py
[2022-09-17 13:54:22,208] {processor.py:651} INFO - DAG(s) dict_keys(['example_task_group_decorator']) retrieved from /home/airflow/.local/lib/python3.7/site-packages/airflow/example_dags/example_task_group_decorator.py
[2022-09-17 13:54:22,307] {logging_mixin.py:115} INFO - [2022-09-17 13:54:22,307] {dag.py:2371} INFO - Sync 1 DAGs
[2022-09-17 13:54:22,485] {logging_mixin.py:115} INFO - [2022-09-17 13:54:22,485] {dag.py:2919} INFO - Setting next_dagrun for example_task_group_decorator to 2022-09-16T13:54:22.485669+00:00, run_after=2022-09-17T13:54:22.485669+00:00
[2022-09-17 13:54:22,501] {processor.py:161} INFO - Processing /home/airflow/.local/lib/python3.7/site-packages/airflow/example_dags/example_task_group_decorator.py took 0.332 seconds
[2022-09-17 13:54:52,663] {processor.py:153} INFO - Started process (PID=1106) to work on /home/airflow/.local/lib/python3.7/site-packages/airflow/example_dags/example_task_group_decorator.py
[2022-09-17 13:54:52,664] {processor.py:641} INFO - Processing file /home/airflow/.local/lib/python3.7/site-packages/airflow/example_dags/example_task_group_decorator.py for tasks to queue
[2022-09-17 13:54:52,664] {logging_mixin.py:115} INFO - [2022-09-17 13:54:52,664] {dagbag.py:507} INFO - Filling up the DagBag from /home/airflow/.local/lib/python3.7/site-packages/airflow/example_dags/example_task_group_decorator.py
[2022-09-17 13:54:52,695] {processor.py:651} INFO - DAG(s) dict_keys(['example_task_group_decorator']) retrieved from /home/airflow/.local/lib/python3.7/site-packages/airflow/example_dags/example_task_group_decorator.py
[2022-09-17 13:54:52,817] {logging_mixin.py:115} INFO - [2022-09-17 13:54:52,817] {dag.py:2371} INFO - Sync 1 DAGs
[2022-09-17 13:54:52,982] {logging_mixin.py:115} INFO - [2022-09-17 13:54:52,982] {dag.py:2919} INFO - Setting next_dagrun for example_task_group_decorator to 2022-09-16T13:54:52.982619+00:00, run_after=2022-09-17T13:54:52.982619+00:00
[2022-09-17 13:54:52,998] {processor.py:161} INFO - Processing /home/airflow/.local/lib/python3.7/site-packages/airflow/example_dags/example_task_group_decorator.py took 0.341 seconds
