[2022-09-17 13:29:25,796] {processor.py:153} INFO - Started process (PID=74) to work on /home/airflow/.local/lib/python3.7/site-packages/airflow/example_dags/example_python_operator.py
[2022-09-17 13:29:25,797] {processor.py:641} INFO - Processing file /home/airflow/.local/lib/python3.7/site-packages/airflow/example_dags/example_python_operator.py for tasks to queue
[2022-09-17 13:29:25,797] {logging_mixin.py:115} INFO - [2022-09-17 13:29:25,797] {dagbag.py:507} INFO - Filling up the DagBag from /home/airflow/.local/lib/python3.7/site-packages/airflow/example_dags/example_python_operator.py
[2022-09-17 13:29:26,565] {processor.py:651} INFO - DAG(s) dict_keys(['example_python_operator']) retrieved from /home/airflow/.local/lib/python3.7/site-packages/airflow/example_dags/example_python_operator.py
[2022-09-17 13:29:26,817] {logging_mixin.py:115} INFO - [2022-09-17 13:29:26,817] {manager.py:508} INFO - Created Permission View: can delete on DAG:example_python_operator
[2022-09-17 13:29:26,826] {logging_mixin.py:115} INFO - [2022-09-17 13:29:26,826] {manager.py:508} INFO - Created Permission View: can edit on DAG:example_python_operator
[2022-09-17 13:29:26,832] {logging_mixin.py:115} INFO - [2022-09-17 13:29:26,832] {manager.py:508} INFO - Created Permission View: can read on DAG:example_python_operator
[2022-09-17 13:29:26,832] {logging_mixin.py:115} INFO - [2022-09-17 13:29:26,832] {dag.py:2371} INFO - Sync 1 DAGs
[2022-09-17 13:29:26,840] {logging_mixin.py:115} INFO - [2022-09-17 13:29:26,840] {dag.py:2390} INFO - Creating ORM DAG for example_python_operator
[2022-09-17 13:29:26,850] {logging_mixin.py:115} INFO - [2022-09-17 13:29:26,850] {dag.py:2919} INFO - Setting next_dagrun for example_python_operator to None, run_after=None
[2022-09-17 13:29:26,862] {processor.py:161} INFO - Processing /home/airflow/.local/lib/python3.7/site-packages/airflow/example_dags/example_python_operator.py took 1.070 seconds
[2022-09-17 13:30:01,202] {processor.py:153} INFO - Started process (PID=125) to work on /home/airflow/.local/lib/python3.7/site-packages/airflow/example_dags/example_python_operator.py
[2022-09-17 13:30:01,209] {processor.py:641} INFO - Processing file /home/airflow/.local/lib/python3.7/site-packages/airflow/example_dags/example_python_operator.py for tasks to queue
[2022-09-17 13:30:01,210] {logging_mixin.py:115} INFO - [2022-09-17 13:30:01,210] {dagbag.py:507} INFO - Filling up the DagBag from /home/airflow/.local/lib/python3.7/site-packages/airflow/example_dags/example_python_operator.py
[2022-09-17 13:30:01,295] {processor.py:651} INFO - DAG(s) dict_keys(['example_python_operator']) retrieved from /home/airflow/.local/lib/python3.7/site-packages/airflow/example_dags/example_python_operator.py
[2022-09-17 13:30:01,350] {logging_mixin.py:115} INFO - [2022-09-17 13:30:01,350] {dag.py:2371} INFO - Sync 1 DAGs
[2022-09-17 13:30:01,590] {logging_mixin.py:115} INFO - [2022-09-17 13:30:01,590] {dag.py:2919} INFO - Setting next_dagrun for example_python_operator to None, run_after=None
[2022-09-17 13:30:01,601] {processor.py:161} INFO - Processing /home/airflow/.local/lib/python3.7/site-packages/airflow/example_dags/example_python_operator.py took 0.404 seconds
[2022-09-17 13:30:32,491] {processor.py:153} INFO - Started process (PID=177) to work on /home/airflow/.local/lib/python3.7/site-packages/airflow/example_dags/example_python_operator.py
[2022-09-17 13:30:32,496] {processor.py:641} INFO - Processing file /home/airflow/.local/lib/python3.7/site-packages/airflow/example_dags/example_python_operator.py for tasks to queue
[2022-09-17 13:30:32,496] {logging_mixin.py:115} INFO - [2022-09-17 13:30:32,496] {dagbag.py:507} INFO - Filling up the DagBag from /home/airflow/.local/lib/python3.7/site-packages/airflow/example_dags/example_python_operator.py
[2022-09-17 13:30:32,550] {processor.py:651} INFO - DAG(s) dict_keys(['example_python_operator']) retrieved from /home/airflow/.local/lib/python3.7/site-packages/airflow/example_dags/example_python_operator.py
[2022-09-17 13:30:32,618] {logging_mixin.py:115} INFO - [2022-09-17 13:30:32,618] {dag.py:2371} INFO - Sync 1 DAGs
[2022-09-17 13:30:32,983] {logging_mixin.py:115} INFO - [2022-09-17 13:30:32,982] {dag.py:2919} INFO - Setting next_dagrun for example_python_operator to None, run_after=None
[2022-09-17 13:30:33,017] {processor.py:161} INFO - Processing /home/airflow/.local/lib/python3.7/site-packages/airflow/example_dags/example_python_operator.py took 0.538 seconds
[2022-09-17 13:31:04,769] {processor.py:153} INFO - Started process (PID=237) to work on /home/airflow/.local/lib/python3.7/site-packages/airflow/example_dags/example_python_operator.py
[2022-09-17 13:31:04,773] {processor.py:641} INFO - Processing file /home/airflow/.local/lib/python3.7/site-packages/airflow/example_dags/example_python_operator.py for tasks to queue
[2022-09-17 13:31:04,779] {logging_mixin.py:115} INFO - [2022-09-17 13:31:04,778] {dagbag.py:507} INFO - Filling up the DagBag from /home/airflow/.local/lib/python3.7/site-packages/airflow/example_dags/example_python_operator.py
[2022-09-17 13:31:04,870] {processor.py:651} INFO - DAG(s) dict_keys(['example_python_operator']) retrieved from /home/airflow/.local/lib/python3.7/site-packages/airflow/example_dags/example_python_operator.py
[2022-09-17 13:31:05,091] {logging_mixin.py:115} INFO - [2022-09-17 13:31:05,091] {dag.py:2371} INFO - Sync 1 DAGs
[2022-09-17 13:31:06,681] {logging_mixin.py:115} INFO - [2022-09-17 13:31:06,681] {dag.py:2919} INFO - Setting next_dagrun for example_python_operator to None, run_after=None
[2022-09-17 13:31:06,808] {processor.py:161} INFO - Processing /home/airflow/.local/lib/python3.7/site-packages/airflow/example_dags/example_python_operator.py took 2.056 seconds
[2022-09-17 13:31:37,854] {processor.py:153} INFO - Started process (PID=289) to work on /home/airflow/.local/lib/python3.7/site-packages/airflow/example_dags/example_python_operator.py
[2022-09-17 13:31:37,857] {processor.py:641} INFO - Processing file /home/airflow/.local/lib/python3.7/site-packages/airflow/example_dags/example_python_operator.py for tasks to queue
[2022-09-17 13:31:37,858] {logging_mixin.py:115} INFO - [2022-09-17 13:31:37,858] {dagbag.py:507} INFO - Filling up the DagBag from /home/airflow/.local/lib/python3.7/site-packages/airflow/example_dags/example_python_operator.py
[2022-09-17 13:31:37,886] {processor.py:651} INFO - DAG(s) dict_keys(['example_python_operator']) retrieved from /home/airflow/.local/lib/python3.7/site-packages/airflow/example_dags/example_python_operator.py
[2022-09-17 13:31:37,915] {logging_mixin.py:115} INFO - [2022-09-17 13:31:37,915] {dag.py:2371} INFO - Sync 1 DAGs
[2022-09-17 13:31:38,123] {logging_mixin.py:115} INFO - [2022-09-17 13:31:38,123] {dag.py:2919} INFO - Setting next_dagrun for example_python_operator to None, run_after=None
[2022-09-17 13:31:38,133] {processor.py:161} INFO - Processing /home/airflow/.local/lib/python3.7/site-packages/airflow/example_dags/example_python_operator.py took 0.290 seconds
[2022-09-17 13:32:08,395] {processor.py:153} INFO - Started process (PID=341) to work on /home/airflow/.local/lib/python3.7/site-packages/airflow/example_dags/example_python_operator.py
[2022-09-17 13:32:08,397] {processor.py:641} INFO - Processing file /home/airflow/.local/lib/python3.7/site-packages/airflow/example_dags/example_python_operator.py for tasks to queue
[2022-09-17 13:32:08,398] {logging_mixin.py:115} INFO - [2022-09-17 13:32:08,398] {dagbag.py:507} INFO - Filling up the DagBag from /home/airflow/.local/lib/python3.7/site-packages/airflow/example_dags/example_python_operator.py
[2022-09-17 13:32:08,439] {processor.py:651} INFO - DAG(s) dict_keys(['example_python_operator']) retrieved from /home/airflow/.local/lib/python3.7/site-packages/airflow/example_dags/example_python_operator.py
[2022-09-17 13:32:08,505] {logging_mixin.py:115} INFO - [2022-09-17 13:32:08,505] {dag.py:2371} INFO - Sync 1 DAGs
[2022-09-17 13:32:08,798] {logging_mixin.py:115} INFO - [2022-09-17 13:32:08,798] {dag.py:2919} INFO - Setting next_dagrun for example_python_operator to None, run_after=None
[2022-09-17 13:32:08,818] {processor.py:161} INFO - Processing /home/airflow/.local/lib/python3.7/site-packages/airflow/example_dags/example_python_operator.py took 0.426 seconds
[2022-09-17 13:32:38,868] {processor.py:153} INFO - Started process (PID=402) to work on /home/airflow/.local/lib/python3.7/site-packages/airflow/example_dags/example_python_operator.py
[2022-09-17 13:32:38,868] {processor.py:641} INFO - Processing file /home/airflow/.local/lib/python3.7/site-packages/airflow/example_dags/example_python_operator.py for tasks to queue
[2022-09-17 13:32:38,869] {logging_mixin.py:115} INFO - [2022-09-17 13:32:38,869] {dagbag.py:507} INFO - Filling up the DagBag from /home/airflow/.local/lib/python3.7/site-packages/airflow/example_dags/example_python_operator.py
[2022-09-17 13:32:38,906] {processor.py:651} INFO - DAG(s) dict_keys(['example_python_operator']) retrieved from /home/airflow/.local/lib/python3.7/site-packages/airflow/example_dags/example_python_operator.py
[2022-09-17 13:32:38,973] {logging_mixin.py:115} INFO - [2022-09-17 13:32:38,973] {dag.py:2371} INFO - Sync 1 DAGs
[2022-09-17 13:32:39,180] {logging_mixin.py:115} INFO - [2022-09-17 13:32:39,180] {dag.py:2919} INFO - Setting next_dagrun for example_python_operator to None, run_after=None
[2022-09-17 13:32:39,192] {processor.py:161} INFO - Processing /home/airflow/.local/lib/python3.7/site-packages/airflow/example_dags/example_python_operator.py took 0.333 seconds
[2022-09-17 13:33:15,604] {processor.py:153} INFO - Started process (PID=464) to work on /home/airflow/.local/lib/python3.7/site-packages/airflow/example_dags/example_python_operator.py
[2022-09-17 13:33:15,605] {processor.py:641} INFO - Processing file /home/airflow/.local/lib/python3.7/site-packages/airflow/example_dags/example_python_operator.py for tasks to queue
[2022-09-17 13:33:15,606] {logging_mixin.py:115} INFO - [2022-09-17 13:33:15,606] {dagbag.py:507} INFO - Filling up the DagBag from /home/airflow/.local/lib/python3.7/site-packages/airflow/example_dags/example_python_operator.py
[2022-09-17 13:33:15,636] {processor.py:651} INFO - DAG(s) dict_keys(['example_python_operator']) retrieved from /home/airflow/.local/lib/python3.7/site-packages/airflow/example_dags/example_python_operator.py
[2022-09-17 13:33:15,674] {logging_mixin.py:115} INFO - [2022-09-17 13:33:15,674] {dag.py:2371} INFO - Sync 1 DAGs
[2022-09-17 13:33:15,990] {logging_mixin.py:115} INFO - [2022-09-17 13:33:15,990] {dag.py:2919} INFO - Setting next_dagrun for example_python_operator to None, run_after=None
[2022-09-17 13:33:16,013] {processor.py:161} INFO - Processing /home/airflow/.local/lib/python3.7/site-packages/airflow/example_dags/example_python_operator.py took 0.413 seconds
[2022-09-17 13:33:46,137] {processor.py:153} INFO - Started process (PID=517) to work on /home/airflow/.local/lib/python3.7/site-packages/airflow/example_dags/example_python_operator.py
[2022-09-17 13:33:46,138] {processor.py:641} INFO - Processing file /home/airflow/.local/lib/python3.7/site-packages/airflow/example_dags/example_python_operator.py for tasks to queue
[2022-09-17 13:33:46,139] {logging_mixin.py:115} INFO - [2022-09-17 13:33:46,139] {dagbag.py:507} INFO - Filling up the DagBag from /home/airflow/.local/lib/python3.7/site-packages/airflow/example_dags/example_python_operator.py
[2022-09-17 13:33:46,165] {processor.py:651} INFO - DAG(s) dict_keys(['example_python_operator']) retrieved from /home/airflow/.local/lib/python3.7/site-packages/airflow/example_dags/example_python_operator.py
[2022-09-17 13:33:46,202] {logging_mixin.py:115} INFO - [2022-09-17 13:33:46,202] {dag.py:2371} INFO - Sync 1 DAGs
[2022-09-17 13:33:46,369] {logging_mixin.py:115} INFO - [2022-09-17 13:33:46,369] {dag.py:2919} INFO - Setting next_dagrun for example_python_operator to None, run_after=None
[2022-09-17 13:33:46,378] {processor.py:161} INFO - Processing /home/airflow/.local/lib/python3.7/site-packages/airflow/example_dags/example_python_operator.py took 0.245 seconds
[2022-09-17 13:34:18,786] {processor.py:153} INFO - Started process (PID=569) to work on /home/airflow/.local/lib/python3.7/site-packages/airflow/example_dags/example_python_operator.py
[2022-09-17 13:34:18,787] {processor.py:641} INFO - Processing file /home/airflow/.local/lib/python3.7/site-packages/airflow/example_dags/example_python_operator.py for tasks to queue
[2022-09-17 13:34:18,787] {logging_mixin.py:115} INFO - [2022-09-17 13:34:18,787] {dagbag.py:507} INFO - Filling up the DagBag from /home/airflow/.local/lib/python3.7/site-packages/airflow/example_dags/example_python_operator.py
[2022-09-17 13:34:18,883] {processor.py:651} INFO - DAG(s) dict_keys(['example_python_operator']) retrieved from /home/airflow/.local/lib/python3.7/site-packages/airflow/example_dags/example_python_operator.py
[2022-09-17 13:34:18,915] {logging_mixin.py:115} INFO - [2022-09-17 13:34:18,915] {dag.py:2371} INFO - Sync 1 DAGs
[2022-09-17 13:34:19,101] {logging_mixin.py:115} INFO - [2022-09-17 13:34:19,101] {dag.py:2919} INFO - Setting next_dagrun for example_python_operator to None, run_after=None
[2022-09-17 13:34:19,131] {processor.py:161} INFO - Processing /home/airflow/.local/lib/python3.7/site-packages/airflow/example_dags/example_python_operator.py took 0.351 seconds
[2022-09-17 13:34:49,965] {processor.py:153} INFO - Started process (PID=629) to work on /home/airflow/.local/lib/python3.7/site-packages/airflow/example_dags/example_python_operator.py
[2022-09-17 13:34:49,976] {processor.py:641} INFO - Processing file /home/airflow/.local/lib/python3.7/site-packages/airflow/example_dags/example_python_operator.py for tasks to queue
[2022-09-17 13:34:49,977] {logging_mixin.py:115} INFO - [2022-09-17 13:34:49,977] {dagbag.py:507} INFO - Filling up the DagBag from /home/airflow/.local/lib/python3.7/site-packages/airflow/example_dags/example_python_operator.py
[2022-09-17 13:34:50,033] {processor.py:651} INFO - DAG(s) dict_keys(['example_python_operator']) retrieved from /home/airflow/.local/lib/python3.7/site-packages/airflow/example_dags/example_python_operator.py
[2022-09-17 13:34:50,108] {logging_mixin.py:115} INFO - [2022-09-17 13:34:50,108] {dag.py:2371} INFO - Sync 1 DAGs
[2022-09-17 13:34:50,386] {logging_mixin.py:115} INFO - [2022-09-17 13:34:50,386] {dag.py:2919} INFO - Setting next_dagrun for example_python_operator to None, run_after=None
[2022-09-17 13:34:50,405] {processor.py:161} INFO - Processing /home/airflow/.local/lib/python3.7/site-packages/airflow/example_dags/example_python_operator.py took 0.466 seconds
[2022-09-17 13:35:20,514] {processor.py:153} INFO - Started process (PID=680) to work on /home/airflow/.local/lib/python3.7/site-packages/airflow/example_dags/example_python_operator.py
[2022-09-17 13:35:20,514] {processor.py:641} INFO - Processing file /home/airflow/.local/lib/python3.7/site-packages/airflow/example_dags/example_python_operator.py for tasks to queue
[2022-09-17 13:35:20,515] {logging_mixin.py:115} INFO - [2022-09-17 13:35:20,515] {dagbag.py:507} INFO - Filling up the DagBag from /home/airflow/.local/lib/python3.7/site-packages/airflow/example_dags/example_python_operator.py
[2022-09-17 13:35:20,538] {processor.py:651} INFO - DAG(s) dict_keys(['example_python_operator']) retrieved from /home/airflow/.local/lib/python3.7/site-packages/airflow/example_dags/example_python_operator.py
[2022-09-17 13:35:20,578] {logging_mixin.py:115} INFO - [2022-09-17 13:35:20,578] {dag.py:2371} INFO - Sync 1 DAGs
[2022-09-17 13:35:20,746] {logging_mixin.py:115} INFO - [2022-09-17 13:35:20,746] {dag.py:2919} INFO - Setting next_dagrun for example_python_operator to None, run_after=None
[2022-09-17 13:35:20,756] {processor.py:161} INFO - Processing /home/airflow/.local/lib/python3.7/site-packages/airflow/example_dags/example_python_operator.py took 0.251 seconds
[2022-09-17 13:35:51,920] {processor.py:153} INFO - Started process (PID=740) to work on /home/airflow/.local/lib/python3.7/site-packages/airflow/example_dags/example_python_operator.py
[2022-09-17 13:35:51,925] {processor.py:641} INFO - Processing file /home/airflow/.local/lib/python3.7/site-packages/airflow/example_dags/example_python_operator.py for tasks to queue
[2022-09-17 13:35:51,926] {logging_mixin.py:115} INFO - [2022-09-17 13:35:51,926] {dagbag.py:507} INFO - Filling up the DagBag from /home/airflow/.local/lib/python3.7/site-packages/airflow/example_dags/example_python_operator.py
[2022-09-17 13:35:51,962] {processor.py:651} INFO - DAG(s) dict_keys(['example_python_operator']) retrieved from /home/airflow/.local/lib/python3.7/site-packages/airflow/example_dags/example_python_operator.py
[2022-09-17 13:35:51,997] {logging_mixin.py:115} INFO - [2022-09-17 13:35:51,997] {dag.py:2371} INFO - Sync 1 DAGs
[2022-09-17 13:35:52,362] {logging_mixin.py:115} INFO - [2022-09-17 13:35:52,362] {dag.py:2919} INFO - Setting next_dagrun for example_python_operator to None, run_after=None
[2022-09-17 13:35:52,375] {processor.py:161} INFO - Processing /home/airflow/.local/lib/python3.7/site-packages/airflow/example_dags/example_python_operator.py took 0.469 seconds
[2022-09-17 13:36:24,169] {processor.py:153} INFO - Started process (PID=802) to work on /home/airflow/.local/lib/python3.7/site-packages/airflow/example_dags/example_python_operator.py
[2022-09-17 13:36:24,170] {processor.py:641} INFO - Processing file /home/airflow/.local/lib/python3.7/site-packages/airflow/example_dags/example_python_operator.py for tasks to queue
[2022-09-17 13:36:24,171] {logging_mixin.py:115} INFO - [2022-09-17 13:36:24,171] {dagbag.py:507} INFO - Filling up the DagBag from /home/airflow/.local/lib/python3.7/site-packages/airflow/example_dags/example_python_operator.py
[2022-09-17 13:36:24,195] {processor.py:651} INFO - DAG(s) dict_keys(['example_python_operator']) retrieved from /home/airflow/.local/lib/python3.7/site-packages/airflow/example_dags/example_python_operator.py
[2022-09-17 13:36:24,231] {logging_mixin.py:115} INFO - [2022-09-17 13:36:24,231] {dag.py:2371} INFO - Sync 1 DAGs
[2022-09-17 13:36:24,495] {logging_mixin.py:115} INFO - [2022-09-17 13:36:24,495] {dag.py:2919} INFO - Setting next_dagrun for example_python_operator to None, run_after=None
[2022-09-17 13:36:24,512] {processor.py:161} INFO - Processing /home/airflow/.local/lib/python3.7/site-packages/airflow/example_dags/example_python_operator.py took 0.348 seconds
[2022-09-17 13:36:56,819] {processor.py:153} INFO - Started process (PID=853) to work on /home/airflow/.local/lib/python3.7/site-packages/airflow/example_dags/example_python_operator.py
[2022-09-17 13:36:56,842] {processor.py:641} INFO - Processing file /home/airflow/.local/lib/python3.7/site-packages/airflow/example_dags/example_python_operator.py for tasks to queue
[2022-09-17 13:36:56,853] {logging_mixin.py:115} INFO - [2022-09-17 13:36:56,853] {dagbag.py:507} INFO - Filling up the DagBag from /home/airflow/.local/lib/python3.7/site-packages/airflow/example_dags/example_python_operator.py
[2022-09-17 13:36:56,984] {processor.py:651} INFO - DAG(s) dict_keys(['example_python_operator']) retrieved from /home/airflow/.local/lib/python3.7/site-packages/airflow/example_dags/example_python_operator.py
[2022-09-17 13:36:57,497] {logging_mixin.py:115} INFO - [2022-09-17 13:36:57,497] {dag.py:2371} INFO - Sync 1 DAGs
[2022-09-17 13:36:58,972] {logging_mixin.py:115} INFO - [2022-09-17 13:36:58,971] {dag.py:2919} INFO - Setting next_dagrun for example_python_operator to None, run_after=None
[2022-09-17 13:36:59,273] {processor.py:161} INFO - Processing /home/airflow/.local/lib/python3.7/site-packages/airflow/example_dags/example_python_operator.py took 2.474 seconds
[2022-09-17 13:37:29,989] {processor.py:153} INFO - Started process (PID=902) to work on /home/airflow/.local/lib/python3.7/site-packages/airflow/example_dags/example_python_operator.py
[2022-09-17 13:37:29,990] {processor.py:641} INFO - Processing file /home/airflow/.local/lib/python3.7/site-packages/airflow/example_dags/example_python_operator.py for tasks to queue
[2022-09-17 13:37:29,990] {logging_mixin.py:115} INFO - [2022-09-17 13:37:29,990] {dagbag.py:507} INFO - Filling up the DagBag from /home/airflow/.local/lib/python3.7/site-packages/airflow/example_dags/example_python_operator.py
[2022-09-17 13:37:30,543] {processor.py:651} INFO - DAG(s) dict_keys(['example_python_operator']) retrieved from /home/airflow/.local/lib/python3.7/site-packages/airflow/example_dags/example_python_operator.py
[2022-09-17 13:37:31,548] {logging_mixin.py:115} INFO - [2022-09-17 13:37:31,548] {dag.py:2371} INFO - Sync 1 DAGs
[2022-09-17 13:37:35,773] {logging_mixin.py:115} INFO - [2022-09-17 13:37:35,769] {dag.py:2919} INFO - Setting next_dagrun for example_python_operator to None, run_after=None
[2022-09-17 13:37:37,556] {processor.py:161} INFO - Processing /home/airflow/.local/lib/python3.7/site-packages/airflow/example_dags/example_python_operator.py took 7.616 seconds
[2022-09-17 13:39:27,549] {processor.py:153} INFO - Started process (PID=950) to work on /home/airflow/.local/lib/python3.7/site-packages/airflow/example_dags/example_python_operator.py
[2022-09-17 13:39:27,550] {processor.py:641} INFO - Processing file /home/airflow/.local/lib/python3.7/site-packages/airflow/example_dags/example_python_operator.py for tasks to queue
[2022-09-17 13:39:27,551] {logging_mixin.py:115} INFO - [2022-09-17 13:39:27,551] {dagbag.py:507} INFO - Filling up the DagBag from /home/airflow/.local/lib/python3.7/site-packages/airflow/example_dags/example_python_operator.py
[2022-09-17 13:39:27,574] {processor.py:651} INFO - DAG(s) dict_keys(['example_python_operator']) retrieved from /home/airflow/.local/lib/python3.7/site-packages/airflow/example_dags/example_python_operator.py
[2022-09-17 13:39:27,772] {logging_mixin.py:115} INFO - [2022-09-17 13:39:27,772] {dag.py:2371} INFO - Sync 1 DAGs
[2022-09-17 13:39:27,794] {logging_mixin.py:115} INFO - [2022-09-17 13:39:27,793] {dag.py:2919} INFO - Setting next_dagrun for example_python_operator to None, run_after=None
[2022-09-17 13:39:27,808] {processor.py:161} INFO - Processing /home/airflow/.local/lib/python3.7/site-packages/airflow/example_dags/example_python_operator.py took 0.263 seconds
[2022-09-17 13:39:58,290] {processor.py:153} INFO - Started process (PID=1002) to work on /home/airflow/.local/lib/python3.7/site-packages/airflow/example_dags/example_python_operator.py
[2022-09-17 13:39:58,292] {processor.py:641} INFO - Processing file /home/airflow/.local/lib/python3.7/site-packages/airflow/example_dags/example_python_operator.py for tasks to queue
[2022-09-17 13:39:58,292] {logging_mixin.py:115} INFO - [2022-09-17 13:39:58,292] {dagbag.py:507} INFO - Filling up the DagBag from /home/airflow/.local/lib/python3.7/site-packages/airflow/example_dags/example_python_operator.py
[2022-09-17 13:39:58,315] {processor.py:651} INFO - DAG(s) dict_keys(['example_python_operator']) retrieved from /home/airflow/.local/lib/python3.7/site-packages/airflow/example_dags/example_python_operator.py
[2022-09-17 13:39:58,769] {logging_mixin.py:115} INFO - [2022-09-17 13:39:58,769] {dag.py:2371} INFO - Sync 1 DAGs
[2022-09-17 13:39:58,797] {logging_mixin.py:115} INFO - [2022-09-17 13:39:58,797] {dag.py:2919} INFO - Setting next_dagrun for example_python_operator to None, run_after=None
[2022-09-17 13:39:58,812] {processor.py:161} INFO - Processing /home/airflow/.local/lib/python3.7/site-packages/airflow/example_dags/example_python_operator.py took 0.525 seconds
[2022-09-17 13:40:33,183] {processor.py:153} INFO - Started process (PID=1056) to work on /home/airflow/.local/lib/python3.7/site-packages/airflow/example_dags/example_python_operator.py
[2022-09-17 13:40:33,189] {processor.py:641} INFO - Processing file /home/airflow/.local/lib/python3.7/site-packages/airflow/example_dags/example_python_operator.py for tasks to queue
[2022-09-17 13:40:33,189] {logging_mixin.py:115} INFO - [2022-09-17 13:40:33,189] {dagbag.py:507} INFO - Filling up the DagBag from /home/airflow/.local/lib/python3.7/site-packages/airflow/example_dags/example_python_operator.py
[2022-09-17 13:40:33,525] {processor.py:651} INFO - DAG(s) dict_keys(['example_python_operator']) retrieved from /home/airflow/.local/lib/python3.7/site-packages/airflow/example_dags/example_python_operator.py
[2022-09-17 13:40:35,658] {logging_mixin.py:115} INFO - [2022-09-17 13:40:35,658] {dag.py:2371} INFO - Sync 1 DAGs
[2022-09-17 13:40:35,911] {logging_mixin.py:115} INFO - [2022-09-17 13:40:35,911] {dag.py:2919} INFO - Setting next_dagrun for example_python_operator to None, run_after=None
[2022-09-17 13:40:36,048] {processor.py:161} INFO - Processing /home/airflow/.local/lib/python3.7/site-packages/airflow/example_dags/example_python_operator.py took 2.880 seconds
[2022-09-17 13:45:36,256] {processor.py:153} INFO - Started process (PID=67) to work on /home/airflow/.local/lib/python3.7/site-packages/airflow/example_dags/example_python_operator.py
[2022-09-17 13:45:36,258] {processor.py:641} INFO - Processing file /home/airflow/.local/lib/python3.7/site-packages/airflow/example_dags/example_python_operator.py for tasks to queue
[2022-09-17 13:45:36,259] {logging_mixin.py:115} INFO - [2022-09-17 13:45:36,259] {dagbag.py:507} INFO - Filling up the DagBag from /home/airflow/.local/lib/python3.7/site-packages/airflow/example_dags/example_python_operator.py
[2022-09-17 13:45:36,352] {processor.py:651} INFO - DAG(s) dict_keys(['example_python_operator']) retrieved from /home/airflow/.local/lib/python3.7/site-packages/airflow/example_dags/example_python_operator.py
[2022-09-17 13:45:36,471] {logging_mixin.py:115} INFO - [2022-09-17 13:45:36,471] {dag.py:2371} INFO - Sync 1 DAGs
[2022-09-17 13:45:36,611] {logging_mixin.py:115} INFO - [2022-09-17 13:45:36,611] {dag.py:2919} INFO - Setting next_dagrun for example_python_operator to None, run_after=None
[2022-09-17 13:45:36,658] {processor.py:161} INFO - Processing /home/airflow/.local/lib/python3.7/site-packages/airflow/example_dags/example_python_operator.py took 0.436 seconds
[2022-09-17 13:46:08,259] {processor.py:153} INFO - Started process (PID=121) to work on /home/airflow/.local/lib/python3.7/site-packages/airflow/example_dags/example_python_operator.py
[2022-09-17 13:46:08,264] {processor.py:641} INFO - Processing file /home/airflow/.local/lib/python3.7/site-packages/airflow/example_dags/example_python_operator.py for tasks to queue
[2022-09-17 13:46:08,268] {logging_mixin.py:115} INFO - [2022-09-17 13:46:08,268] {dagbag.py:507} INFO - Filling up the DagBag from /home/airflow/.local/lib/python3.7/site-packages/airflow/example_dags/example_python_operator.py
[2022-09-17 13:46:08,401] {processor.py:651} INFO - DAG(s) dict_keys(['example_python_operator']) retrieved from /home/airflow/.local/lib/python3.7/site-packages/airflow/example_dags/example_python_operator.py
[2022-09-17 13:46:08,690] {logging_mixin.py:115} INFO - [2022-09-17 13:46:08,690] {dag.py:2371} INFO - Sync 1 DAGs
[2022-09-17 13:46:08,822] {logging_mixin.py:115} INFO - [2022-09-17 13:46:08,821] {dag.py:2919} INFO - Setting next_dagrun for example_python_operator to None, run_after=None
[2022-09-17 13:46:08,851] {processor.py:161} INFO - Processing /home/airflow/.local/lib/python3.7/site-packages/airflow/example_dags/example_python_operator.py took 0.611 seconds
[2022-09-17 13:46:39,678] {processor.py:153} INFO - Started process (PID=175) to work on /home/airflow/.local/lib/python3.7/site-packages/airflow/example_dags/example_python_operator.py
[2022-09-17 13:46:39,681] {processor.py:641} INFO - Processing file /home/airflow/.local/lib/python3.7/site-packages/airflow/example_dags/example_python_operator.py for tasks to queue
[2022-09-17 13:46:39,684] {logging_mixin.py:115} INFO - [2022-09-17 13:46:39,684] {dagbag.py:507} INFO - Filling up the DagBag from /home/airflow/.local/lib/python3.7/site-packages/airflow/example_dags/example_python_operator.py
[2022-09-17 13:46:39,803] {processor.py:651} INFO - DAG(s) dict_keys(['example_python_operator']) retrieved from /home/airflow/.local/lib/python3.7/site-packages/airflow/example_dags/example_python_operator.py
[2022-09-17 13:46:39,954] {logging_mixin.py:115} INFO - [2022-09-17 13:46:39,954] {dag.py:2371} INFO - Sync 1 DAGs
[2022-09-17 13:46:40,055] {logging_mixin.py:115} INFO - [2022-09-17 13:46:40,055] {dag.py:2919} INFO - Setting next_dagrun for example_python_operator to None, run_after=None
[2022-09-17 13:46:40,114] {processor.py:161} INFO - Processing /home/airflow/.local/lib/python3.7/site-packages/airflow/example_dags/example_python_operator.py took 0.473 seconds
[2022-09-17 13:47:10,477] {processor.py:153} INFO - Started process (PID=228) to work on /home/airflow/.local/lib/python3.7/site-packages/airflow/example_dags/example_python_operator.py
[2022-09-17 13:47:10,498] {processor.py:641} INFO - Processing file /home/airflow/.local/lib/python3.7/site-packages/airflow/example_dags/example_python_operator.py for tasks to queue
[2022-09-17 13:47:10,499] {logging_mixin.py:115} INFO - [2022-09-17 13:47:10,499] {dagbag.py:507} INFO - Filling up the DagBag from /home/airflow/.local/lib/python3.7/site-packages/airflow/example_dags/example_python_operator.py
[2022-09-17 13:47:10,574] {processor.py:651} INFO - DAG(s) dict_keys(['example_python_operator']) retrieved from /home/airflow/.local/lib/python3.7/site-packages/airflow/example_dags/example_python_operator.py
[2022-09-17 13:47:10,749] {logging_mixin.py:115} INFO - [2022-09-17 13:47:10,748] {dag.py:2371} INFO - Sync 1 DAGs
[2022-09-17 13:47:10,821] {logging_mixin.py:115} INFO - [2022-09-17 13:47:10,821] {dag.py:2919} INFO - Setting next_dagrun for example_python_operator to None, run_after=None
[2022-09-17 13:47:10,953] {processor.py:161} INFO - Processing /home/airflow/.local/lib/python3.7/site-packages/airflow/example_dags/example_python_operator.py took 0.479 seconds
[2022-09-17 13:47:41,033] {processor.py:153} INFO - Started process (PID=282) to work on /home/airflow/.local/lib/python3.7/site-packages/airflow/example_dags/example_python_operator.py
[2022-09-17 13:47:41,034] {processor.py:641} INFO - Processing file /home/airflow/.local/lib/python3.7/site-packages/airflow/example_dags/example_python_operator.py for tasks to queue
[2022-09-17 13:47:41,035] {logging_mixin.py:115} INFO - [2022-09-17 13:47:41,035] {dagbag.py:507} INFO - Filling up the DagBag from /home/airflow/.local/lib/python3.7/site-packages/airflow/example_dags/example_python_operator.py
[2022-09-17 13:47:41,098] {processor.py:651} INFO - DAG(s) dict_keys(['example_python_operator']) retrieved from /home/airflow/.local/lib/python3.7/site-packages/airflow/example_dags/example_python_operator.py
[2022-09-17 13:47:41,225] {logging_mixin.py:115} INFO - [2022-09-17 13:47:41,225] {dag.py:2371} INFO - Sync 1 DAGs
[2022-09-17 13:47:41,276] {logging_mixin.py:115} INFO - [2022-09-17 13:47:41,276] {dag.py:2919} INFO - Setting next_dagrun for example_python_operator to None, run_after=None
[2022-09-17 13:47:41,305] {processor.py:161} INFO - Processing /home/airflow/.local/lib/python3.7/site-packages/airflow/example_dags/example_python_operator.py took 0.289 seconds
[2022-09-17 13:48:12,079] {processor.py:153} INFO - Started process (PID=335) to work on /home/airflow/.local/lib/python3.7/site-packages/airflow/example_dags/example_python_operator.py
[2022-09-17 13:48:12,082] {processor.py:641} INFO - Processing file /home/airflow/.local/lib/python3.7/site-packages/airflow/example_dags/example_python_operator.py for tasks to queue
[2022-09-17 13:48:12,083] {logging_mixin.py:115} INFO - [2022-09-17 13:48:12,083] {dagbag.py:507} INFO - Filling up the DagBag from /home/airflow/.local/lib/python3.7/site-packages/airflow/example_dags/example_python_operator.py
[2022-09-17 13:48:12,115] {processor.py:651} INFO - DAG(s) dict_keys(['example_python_operator']) retrieved from /home/airflow/.local/lib/python3.7/site-packages/airflow/example_dags/example_python_operator.py
[2022-09-17 13:48:12,145] {logging_mixin.py:115} INFO - [2022-09-17 13:48:12,145] {dag.py:2371} INFO - Sync 1 DAGs
[2022-09-17 13:48:12,176] {logging_mixin.py:115} INFO - [2022-09-17 13:48:12,176] {dag.py:2919} INFO - Setting next_dagrun for example_python_operator to None, run_after=None
[2022-09-17 13:48:12,192] {processor.py:161} INFO - Processing /home/airflow/.local/lib/python3.7/site-packages/airflow/example_dags/example_python_operator.py took 0.117 seconds
[2022-09-17 13:48:42,629] {processor.py:153} INFO - Started process (PID=396) to work on /home/airflow/.local/lib/python3.7/site-packages/airflow/example_dags/example_python_operator.py
[2022-09-17 13:48:42,635] {processor.py:641} INFO - Processing file /home/airflow/.local/lib/python3.7/site-packages/airflow/example_dags/example_python_operator.py for tasks to queue
[2022-09-17 13:48:42,635] {logging_mixin.py:115} INFO - [2022-09-17 13:48:42,635] {dagbag.py:507} INFO - Filling up the DagBag from /home/airflow/.local/lib/python3.7/site-packages/airflow/example_dags/example_python_operator.py
[2022-09-17 13:48:42,665] {processor.py:651} INFO - DAG(s) dict_keys(['example_python_operator']) retrieved from /home/airflow/.local/lib/python3.7/site-packages/airflow/example_dags/example_python_operator.py
[2022-09-17 13:48:42,719] {logging_mixin.py:115} INFO - [2022-09-17 13:48:42,719] {dag.py:2371} INFO - Sync 1 DAGs
[2022-09-17 13:48:42,760] {logging_mixin.py:115} INFO - [2022-09-17 13:48:42,760] {dag.py:2919} INFO - Setting next_dagrun for example_python_operator to None, run_after=None
[2022-09-17 13:48:42,782] {processor.py:161} INFO - Processing /home/airflow/.local/lib/python3.7/site-packages/airflow/example_dags/example_python_operator.py took 0.156 seconds
[2022-09-17 13:49:12,871] {processor.py:153} INFO - Started process (PID=450) to work on /home/airflow/.local/lib/python3.7/site-packages/airflow/example_dags/example_python_operator.py
[2022-09-17 13:49:12,874] {processor.py:641} INFO - Processing file /home/airflow/.local/lib/python3.7/site-packages/airflow/example_dags/example_python_operator.py for tasks to queue
[2022-09-17 13:49:12,875] {logging_mixin.py:115} INFO - [2022-09-17 13:49:12,875] {dagbag.py:507} INFO - Filling up the DagBag from /home/airflow/.local/lib/python3.7/site-packages/airflow/example_dags/example_python_operator.py
[2022-09-17 13:49:12,904] {processor.py:651} INFO - DAG(s) dict_keys(['example_python_operator']) retrieved from /home/airflow/.local/lib/python3.7/site-packages/airflow/example_dags/example_python_operator.py
[2022-09-17 13:49:12,934] {logging_mixin.py:115} INFO - [2022-09-17 13:49:12,934] {dag.py:2371} INFO - Sync 1 DAGs
[2022-09-17 13:49:12,962] {logging_mixin.py:115} INFO - [2022-09-17 13:49:12,962] {dag.py:2919} INFO - Setting next_dagrun for example_python_operator to None, run_after=None
[2022-09-17 13:49:12,984] {processor.py:161} INFO - Processing /home/airflow/.local/lib/python3.7/site-packages/airflow/example_dags/example_python_operator.py took 0.124 seconds
[2022-09-17 13:49:43,538] {processor.py:153} INFO - Started process (PID=513) to work on /home/airflow/.local/lib/python3.7/site-packages/airflow/example_dags/example_python_operator.py
[2022-09-17 13:49:43,539] {processor.py:641} INFO - Processing file /home/airflow/.local/lib/python3.7/site-packages/airflow/example_dags/example_python_operator.py for tasks to queue
[2022-09-17 13:49:43,539] {logging_mixin.py:115} INFO - [2022-09-17 13:49:43,539] {dagbag.py:507} INFO - Filling up the DagBag from /home/airflow/.local/lib/python3.7/site-packages/airflow/example_dags/example_python_operator.py
[2022-09-17 13:49:43,561] {processor.py:651} INFO - DAG(s) dict_keys(['example_python_operator']) retrieved from /home/airflow/.local/lib/python3.7/site-packages/airflow/example_dags/example_python_operator.py
[2022-09-17 13:49:43,594] {logging_mixin.py:115} INFO - [2022-09-17 13:49:43,594] {dag.py:2371} INFO - Sync 1 DAGs
[2022-09-17 13:49:43,621] {logging_mixin.py:115} INFO - [2022-09-17 13:49:43,621] {dag.py:2919} INFO - Setting next_dagrun for example_python_operator to None, run_after=None
[2022-09-17 13:49:43,638] {processor.py:161} INFO - Processing /home/airflow/.local/lib/python3.7/site-packages/airflow/example_dags/example_python_operator.py took 0.103 seconds
[2022-09-17 13:50:14,525] {processor.py:153} INFO - Started process (PID=578) to work on /home/airflow/.local/lib/python3.7/site-packages/airflow/example_dags/example_python_operator.py
[2022-09-17 13:50:14,531] {processor.py:641} INFO - Processing file /home/airflow/.local/lib/python3.7/site-packages/airflow/example_dags/example_python_operator.py for tasks to queue
[2022-09-17 13:50:14,531] {logging_mixin.py:115} INFO - [2022-09-17 13:50:14,531] {dagbag.py:507} INFO - Filling up the DagBag from /home/airflow/.local/lib/python3.7/site-packages/airflow/example_dags/example_python_operator.py
[2022-09-17 13:50:14,600] {processor.py:651} INFO - DAG(s) dict_keys(['example_python_operator']) retrieved from /home/airflow/.local/lib/python3.7/site-packages/airflow/example_dags/example_python_operator.py
[2022-09-17 13:50:14,628] {logging_mixin.py:115} INFO - [2022-09-17 13:50:14,628] {dag.py:2371} INFO - Sync 1 DAGs
[2022-09-17 13:50:14,652] {logging_mixin.py:115} INFO - [2022-09-17 13:50:14,652] {dag.py:2919} INFO - Setting next_dagrun for example_python_operator to None, run_after=None
[2022-09-17 13:50:14,666] {processor.py:161} INFO - Processing /home/airflow/.local/lib/python3.7/site-packages/airflow/example_dags/example_python_operator.py took 0.146 seconds
[2022-09-17 13:50:44,827] {processor.py:153} INFO - Started process (PID=631) to work on /home/airflow/.local/lib/python3.7/site-packages/airflow/example_dags/example_python_operator.py
[2022-09-17 13:50:44,828] {processor.py:641} INFO - Processing file /home/airflow/.local/lib/python3.7/site-packages/airflow/example_dags/example_python_operator.py for tasks to queue
[2022-09-17 13:50:44,829] {logging_mixin.py:115} INFO - [2022-09-17 13:50:44,829] {dagbag.py:507} INFO - Filling up the DagBag from /home/airflow/.local/lib/python3.7/site-packages/airflow/example_dags/example_python_operator.py
[2022-09-17 13:50:44,855] {processor.py:651} INFO - DAG(s) dict_keys(['example_python_operator']) retrieved from /home/airflow/.local/lib/python3.7/site-packages/airflow/example_dags/example_python_operator.py
[2022-09-17 13:50:44,951] {logging_mixin.py:115} INFO - [2022-09-17 13:50:44,951] {dag.py:2371} INFO - Sync 1 DAGs
[2022-09-17 13:50:44,995] {logging_mixin.py:115} INFO - [2022-09-17 13:50:44,995] {dag.py:2919} INFO - Setting next_dagrun for example_python_operator to None, run_after=None
[2022-09-17 13:50:45,015] {processor.py:161} INFO - Processing /home/airflow/.local/lib/python3.7/site-packages/airflow/example_dags/example_python_operator.py took 0.193 seconds
[2022-09-17 13:51:15,163] {processor.py:153} INFO - Started process (PID=695) to work on /home/airflow/.local/lib/python3.7/site-packages/airflow/example_dags/example_python_operator.py
[2022-09-17 13:51:15,163] {processor.py:641} INFO - Processing file /home/airflow/.local/lib/python3.7/site-packages/airflow/example_dags/example_python_operator.py for tasks to queue
[2022-09-17 13:51:15,164] {logging_mixin.py:115} INFO - [2022-09-17 13:51:15,164] {dagbag.py:507} INFO - Filling up the DagBag from /home/airflow/.local/lib/python3.7/site-packages/airflow/example_dags/example_python_operator.py
[2022-09-17 13:51:15,182] {processor.py:651} INFO - DAG(s) dict_keys(['example_python_operator']) retrieved from /home/airflow/.local/lib/python3.7/site-packages/airflow/example_dags/example_python_operator.py
[2022-09-17 13:51:15,211] {logging_mixin.py:115} INFO - [2022-09-17 13:51:15,211] {dag.py:2371} INFO - Sync 1 DAGs
[2022-09-17 13:51:15,241] {logging_mixin.py:115} INFO - [2022-09-17 13:51:15,236] {dag.py:2919} INFO - Setting next_dagrun for example_python_operator to None, run_after=None
[2022-09-17 13:51:15,287] {processor.py:161} INFO - Processing /home/airflow/.local/lib/python3.7/site-packages/airflow/example_dags/example_python_operator.py took 0.128 seconds
[2022-09-17 13:51:46,486] {processor.py:153} INFO - Started process (PID=758) to work on /home/airflow/.local/lib/python3.7/site-packages/airflow/example_dags/example_python_operator.py
[2022-09-17 13:51:46,486] {processor.py:641} INFO - Processing file /home/airflow/.local/lib/python3.7/site-packages/airflow/example_dags/example_python_operator.py for tasks to queue
[2022-09-17 13:51:46,487] {logging_mixin.py:115} INFO - [2022-09-17 13:51:46,487] {dagbag.py:507} INFO - Filling up the DagBag from /home/airflow/.local/lib/python3.7/site-packages/airflow/example_dags/example_python_operator.py
[2022-09-17 13:51:46,527] {processor.py:651} INFO - DAG(s) dict_keys(['example_python_operator']) retrieved from /home/airflow/.local/lib/python3.7/site-packages/airflow/example_dags/example_python_operator.py
[2022-09-17 13:51:46,579] {logging_mixin.py:115} INFO - [2022-09-17 13:51:46,579] {dag.py:2371} INFO - Sync 1 DAGs
[2022-09-17 13:51:46,615] {logging_mixin.py:115} INFO - [2022-09-17 13:51:46,615] {dag.py:2919} INFO - Setting next_dagrun for example_python_operator to None, run_after=None
[2022-09-17 13:51:46,659] {processor.py:161} INFO - Processing /home/airflow/.local/lib/python3.7/site-packages/airflow/example_dags/example_python_operator.py took 0.177 seconds
[2022-09-17 13:52:17,892] {processor.py:153} INFO - Started process (PID=812) to work on /home/airflow/.local/lib/python3.7/site-packages/airflow/example_dags/example_python_operator.py
[2022-09-17 13:52:17,894] {processor.py:641} INFO - Processing file /home/airflow/.local/lib/python3.7/site-packages/airflow/example_dags/example_python_operator.py for tasks to queue
[2022-09-17 13:52:17,895] {logging_mixin.py:115} INFO - [2022-09-17 13:52:17,895] {dagbag.py:507} INFO - Filling up the DagBag from /home/airflow/.local/lib/python3.7/site-packages/airflow/example_dags/example_python_operator.py
[2022-09-17 13:52:17,956] {processor.py:651} INFO - DAG(s) dict_keys(['example_python_operator']) retrieved from /home/airflow/.local/lib/python3.7/site-packages/airflow/example_dags/example_python_operator.py
[2022-09-17 13:52:18,059] {logging_mixin.py:115} INFO - [2022-09-17 13:52:18,059] {dag.py:2371} INFO - Sync 1 DAGs
[2022-09-17 13:52:18,113] {logging_mixin.py:115} INFO - [2022-09-17 13:52:18,113] {dag.py:2919} INFO - Setting next_dagrun for example_python_operator to None, run_after=None
[2022-09-17 13:52:18,136] {processor.py:161} INFO - Processing /home/airflow/.local/lib/python3.7/site-packages/airflow/example_dags/example_python_operator.py took 0.248 seconds
[2022-09-17 13:52:49,257] {processor.py:153} INFO - Started process (PID=875) to work on /home/airflow/.local/lib/python3.7/site-packages/airflow/example_dags/example_python_operator.py
[2022-09-17 13:52:49,260] {processor.py:641} INFO - Processing file /home/airflow/.local/lib/python3.7/site-packages/airflow/example_dags/example_python_operator.py for tasks to queue
[2022-09-17 13:52:49,261] {logging_mixin.py:115} INFO - [2022-09-17 13:52:49,261] {dagbag.py:507} INFO - Filling up the DagBag from /home/airflow/.local/lib/python3.7/site-packages/airflow/example_dags/example_python_operator.py
[2022-09-17 13:52:49,291] {processor.py:651} INFO - DAG(s) dict_keys(['example_python_operator']) retrieved from /home/airflow/.local/lib/python3.7/site-packages/airflow/example_dags/example_python_operator.py
[2022-09-17 13:52:49,410] {logging_mixin.py:115} INFO - [2022-09-17 13:52:49,410] {dag.py:2371} INFO - Sync 1 DAGs
[2022-09-17 13:52:49,481] {logging_mixin.py:115} INFO - [2022-09-17 13:52:49,481] {dag.py:2919} INFO - Setting next_dagrun for example_python_operator to None, run_after=None
[2022-09-17 13:52:49,511] {processor.py:161} INFO - Processing /home/airflow/.local/lib/python3.7/site-packages/airflow/example_dags/example_python_operator.py took 0.270 seconds
[2022-09-17 13:53:20,223] {processor.py:153} INFO - Started process (PID=928) to work on /home/airflow/.local/lib/python3.7/site-packages/airflow/example_dags/example_python_operator.py
[2022-09-17 13:53:20,227] {processor.py:641} INFO - Processing file /home/airflow/.local/lib/python3.7/site-packages/airflow/example_dags/example_python_operator.py for tasks to queue
[2022-09-17 13:53:20,228] {logging_mixin.py:115} INFO - [2022-09-17 13:53:20,228] {dagbag.py:507} INFO - Filling up the DagBag from /home/airflow/.local/lib/python3.7/site-packages/airflow/example_dags/example_python_operator.py
[2022-09-17 13:53:20,257] {processor.py:651} INFO - DAG(s) dict_keys(['example_python_operator']) retrieved from /home/airflow/.local/lib/python3.7/site-packages/airflow/example_dags/example_python_operator.py
[2022-09-17 13:53:20,291] {logging_mixin.py:115} INFO - [2022-09-17 13:53:20,290] {dag.py:2371} INFO - Sync 1 DAGs
[2022-09-17 13:53:20,316] {logging_mixin.py:115} INFO - [2022-09-17 13:53:20,316] {dag.py:2919} INFO - Setting next_dagrun for example_python_operator to None, run_after=None
[2022-09-17 13:53:20,361] {processor.py:161} INFO - Processing /home/airflow/.local/lib/python3.7/site-packages/airflow/example_dags/example_python_operator.py took 0.142 seconds
[2022-09-17 13:53:51,453] {processor.py:153} INFO - Started process (PID=992) to work on /home/airflow/.local/lib/python3.7/site-packages/airflow/example_dags/example_python_operator.py
[2022-09-17 13:53:51,470] {processor.py:641} INFO - Processing file /home/airflow/.local/lib/python3.7/site-packages/airflow/example_dags/example_python_operator.py for tasks to queue
[2022-09-17 13:53:51,471] {logging_mixin.py:115} INFO - [2022-09-17 13:53:51,471] {dagbag.py:507} INFO - Filling up the DagBag from /home/airflow/.local/lib/python3.7/site-packages/airflow/example_dags/example_python_operator.py
[2022-09-17 13:53:51,503] {processor.py:651} INFO - DAG(s) dict_keys(['example_python_operator']) retrieved from /home/airflow/.local/lib/python3.7/site-packages/airflow/example_dags/example_python_operator.py
[2022-09-17 13:53:51,598] {logging_mixin.py:115} INFO - [2022-09-17 13:53:51,598] {dag.py:2371} INFO - Sync 1 DAGs
[2022-09-17 13:53:51,637] {logging_mixin.py:115} INFO - [2022-09-17 13:53:51,637] {dag.py:2919} INFO - Setting next_dagrun for example_python_operator to None, run_after=None
[2022-09-17 13:53:51,652] {processor.py:161} INFO - Processing /home/airflow/.local/lib/python3.7/site-packages/airflow/example_dags/example_python_operator.py took 0.203 seconds
[2022-09-17 13:54:22,526] {processor.py:153} INFO - Started process (PID=1047) to work on /home/airflow/.local/lib/python3.7/site-packages/airflow/example_dags/example_python_operator.py
[2022-09-17 13:54:22,527] {processor.py:641} INFO - Processing file /home/airflow/.local/lib/python3.7/site-packages/airflow/example_dags/example_python_operator.py for tasks to queue
[2022-09-17 13:54:22,528] {logging_mixin.py:115} INFO - [2022-09-17 13:54:22,527] {dagbag.py:507} INFO - Filling up the DagBag from /home/airflow/.local/lib/python3.7/site-packages/airflow/example_dags/example_python_operator.py
[2022-09-17 13:54:22,549] {processor.py:651} INFO - DAG(s) dict_keys(['example_python_operator']) retrieved from /home/airflow/.local/lib/python3.7/site-packages/airflow/example_dags/example_python_operator.py
[2022-09-17 13:54:22,580] {logging_mixin.py:115} INFO - [2022-09-17 13:54:22,580] {dag.py:2371} INFO - Sync 1 DAGs
[2022-09-17 13:54:22,606] {logging_mixin.py:115} INFO - [2022-09-17 13:54:22,606] {dag.py:2919} INFO - Setting next_dagrun for example_python_operator to None, run_after=None
[2022-09-17 13:54:22,619] {processor.py:161} INFO - Processing /home/airflow/.local/lib/python3.7/site-packages/airflow/example_dags/example_python_operator.py took 0.096 seconds
[2022-09-17 13:54:52,670] {processor.py:153} INFO - Started process (PID=1107) to work on /home/airflow/.local/lib/python3.7/site-packages/airflow/example_dags/example_python_operator.py
[2022-09-17 13:54:52,673] {processor.py:641} INFO - Processing file /home/airflow/.local/lib/python3.7/site-packages/airflow/example_dags/example_python_operator.py for tasks to queue
[2022-09-17 13:54:52,674] {logging_mixin.py:115} INFO - [2022-09-17 13:54:52,674] {dagbag.py:507} INFO - Filling up the DagBag from /home/airflow/.local/lib/python3.7/site-packages/airflow/example_dags/example_python_operator.py
[2022-09-17 13:54:52,695] {processor.py:651} INFO - DAG(s) dict_keys(['example_python_operator']) retrieved from /home/airflow/.local/lib/python3.7/site-packages/airflow/example_dags/example_python_operator.py
[2022-09-17 13:54:52,746] {logging_mixin.py:115} INFO - [2022-09-17 13:54:52,746] {dag.py:2371} INFO - Sync 1 DAGs
[2022-09-17 13:54:52,777] {logging_mixin.py:115} INFO - [2022-09-17 13:54:52,777] {dag.py:2919} INFO - Setting next_dagrun for example_python_operator to None, run_after=None
[2022-09-17 13:54:52,790] {processor.py:161} INFO - Processing /home/airflow/.local/lib/python3.7/site-packages/airflow/example_dags/example_python_operator.py took 0.124 seconds
