[2022-09-17 13:29:30,434] {processor.py:153} INFO - Started process (PID=88) to work on /home/airflow/.local/lib/python3.7/site-packages/airflow/example_dags/example_kubernetes_executor.py
[2022-09-17 13:29:30,434] {processor.py:641} INFO - Processing file /home/airflow/.local/lib/python3.7/site-packages/airflow/example_dags/example_kubernetes_executor.py for tasks to queue
[2022-09-17 13:29:30,435] {logging_mixin.py:115} INFO - [2022-09-17 13:29:30,435] {dagbag.py:507} INFO - Filling up the DagBag from /home/airflow/.local/lib/python3.7/site-packages/airflow/example_dags/example_kubernetes_executor.py
[2022-09-17 13:29:30,467] {processor.py:651} INFO - DAG(s) dict_keys(['example_kubernetes_executor']) retrieved from /home/airflow/.local/lib/python3.7/site-packages/airflow/example_dags/example_kubernetes_executor.py
[2022-09-17 13:29:31,433] {logging_mixin.py:115} INFO - [2022-09-17 13:29:31,433] {manager.py:508} INFO - Created Permission View: can delete on DAG:example_kubernetes_executor
[2022-09-17 13:29:31,477] {logging_mixin.py:115} INFO - [2022-09-17 13:29:31,477] {manager.py:508} INFO - Created Permission View: can edit on DAG:example_kubernetes_executor
[2022-09-17 13:29:31,490] {logging_mixin.py:115} INFO - [2022-09-17 13:29:31,490] {manager.py:508} INFO - Created Permission View: can read on DAG:example_kubernetes_executor
[2022-09-17 13:29:31,490] {logging_mixin.py:115} INFO - [2022-09-17 13:29:31,490] {dag.py:2371} INFO - Sync 1 DAGs
[2022-09-17 13:29:31,503] {logging_mixin.py:115} INFO - [2022-09-17 13:29:31,503] {dag.py:2390} INFO - Creating ORM DAG for example_kubernetes_executor
[2022-09-17 13:29:31,520] {logging_mixin.py:115} INFO - [2022-09-17 13:29:31,520] {dag.py:2919} INFO - Setting next_dagrun for example_kubernetes_executor to None, run_after=None
[2022-09-17 13:29:31,535] {processor.py:161} INFO - Processing /home/airflow/.local/lib/python3.7/site-packages/airflow/example_dags/example_kubernetes_executor.py took 1.108 seconds
[2022-09-17 13:30:05,374] {processor.py:153} INFO - Started process (PID=150) to work on /home/airflow/.local/lib/python3.7/site-packages/airflow/example_dags/example_kubernetes_executor.py
[2022-09-17 13:30:05,375] {processor.py:641} INFO - Processing file /home/airflow/.local/lib/python3.7/site-packages/airflow/example_dags/example_kubernetes_executor.py for tasks to queue
[2022-09-17 13:30:05,376] {logging_mixin.py:115} INFO - [2022-09-17 13:30:05,376] {dagbag.py:507} INFO - Filling up the DagBag from /home/airflow/.local/lib/python3.7/site-packages/airflow/example_dags/example_kubernetes_executor.py
[2022-09-17 13:30:05,411] {processor.py:651} INFO - DAG(s) dict_keys(['example_kubernetes_executor']) retrieved from /home/airflow/.local/lib/python3.7/site-packages/airflow/example_dags/example_kubernetes_executor.py
[2022-09-17 13:30:05,479] {logging_mixin.py:115} INFO - [2022-09-17 13:30:05,479] {dag.py:2371} INFO - Sync 1 DAGs
[2022-09-17 13:30:05,643] {logging_mixin.py:115} INFO - [2022-09-17 13:30:05,643] {dag.py:2919} INFO - Setting next_dagrun for example_kubernetes_executor to None, run_after=None
[2022-09-17 13:30:05,652] {processor.py:161} INFO - Processing /home/airflow/.local/lib/python3.7/site-packages/airflow/example_dags/example_kubernetes_executor.py took 0.282 seconds
[2022-09-17 13:30:42,891] {processor.py:153} INFO - Started process (PID=211) to work on /home/airflow/.local/lib/python3.7/site-packages/airflow/example_dags/example_kubernetes_executor.py
[2022-09-17 13:30:42,892] {processor.py:641} INFO - Processing file /home/airflow/.local/lib/python3.7/site-packages/airflow/example_dags/example_kubernetes_executor.py for tasks to queue
[2022-09-17 13:30:42,893] {logging_mixin.py:115} INFO - [2022-09-17 13:30:42,893] {dagbag.py:507} INFO - Filling up the DagBag from /home/airflow/.local/lib/python3.7/site-packages/airflow/example_dags/example_kubernetes_executor.py
[2022-09-17 13:30:42,928] {processor.py:651} INFO - DAG(s) dict_keys(['example_kubernetes_executor']) retrieved from /home/airflow/.local/lib/python3.7/site-packages/airflow/example_dags/example_kubernetes_executor.py
[2022-09-17 13:30:42,980] {logging_mixin.py:115} INFO - [2022-09-17 13:30:42,980] {dag.py:2371} INFO - Sync 1 DAGs
[2022-09-17 13:30:43,171] {logging_mixin.py:115} INFO - [2022-09-17 13:30:43,171] {dag.py:2919} INFO - Setting next_dagrun for example_kubernetes_executor to None, run_after=None
[2022-09-17 13:30:43,431] {processor.py:161} INFO - Processing /home/airflow/.local/lib/python3.7/site-packages/airflow/example_dags/example_kubernetes_executor.py took 0.544 seconds
[2022-09-17 13:31:13,653] {processor.py:153} INFO - Started process (PID=262) to work on /home/airflow/.local/lib/python3.7/site-packages/airflow/example_dags/example_kubernetes_executor.py
[2022-09-17 13:31:13,656] {processor.py:641} INFO - Processing file /home/airflow/.local/lib/python3.7/site-packages/airflow/example_dags/example_kubernetes_executor.py for tasks to queue
[2022-09-17 13:31:13,657] {logging_mixin.py:115} INFO - [2022-09-17 13:31:13,657] {dagbag.py:507} INFO - Filling up the DagBag from /home/airflow/.local/lib/python3.7/site-packages/airflow/example_dags/example_kubernetes_executor.py
[2022-09-17 13:31:13,727] {processor.py:651} INFO - DAG(s) dict_keys(['example_kubernetes_executor']) retrieved from /home/airflow/.local/lib/python3.7/site-packages/airflow/example_dags/example_kubernetes_executor.py
[2022-09-17 13:31:13,831] {logging_mixin.py:115} INFO - [2022-09-17 13:31:13,831] {dag.py:2371} INFO - Sync 1 DAGs
[2022-09-17 13:31:14,125] {logging_mixin.py:115} INFO - [2022-09-17 13:31:14,125] {dag.py:2919} INFO - Setting next_dagrun for example_kubernetes_executor to None, run_after=None
[2022-09-17 13:31:14,135] {processor.py:161} INFO - Processing /home/airflow/.local/lib/python3.7/site-packages/airflow/example_dags/example_kubernetes_executor.py took 0.486 seconds
[2022-09-17 13:31:44,725] {processor.py:153} INFO - Started process (PID=321) to work on /home/airflow/.local/lib/python3.7/site-packages/airflow/example_dags/example_kubernetes_executor.py
[2022-09-17 13:31:44,729] {processor.py:641} INFO - Processing file /home/airflow/.local/lib/python3.7/site-packages/airflow/example_dags/example_kubernetes_executor.py for tasks to queue
[2022-09-17 13:31:44,733] {logging_mixin.py:115} INFO - [2022-09-17 13:31:44,733] {dagbag.py:507} INFO - Filling up the DagBag from /home/airflow/.local/lib/python3.7/site-packages/airflow/example_dags/example_kubernetes_executor.py
[2022-09-17 13:31:44,881] {processor.py:651} INFO - DAG(s) dict_keys(['example_kubernetes_executor']) retrieved from /home/airflow/.local/lib/python3.7/site-packages/airflow/example_dags/example_kubernetes_executor.py
[2022-09-17 13:31:45,044] {logging_mixin.py:115} INFO - [2022-09-17 13:31:45,044] {dag.py:2371} INFO - Sync 1 DAGs
[2022-09-17 13:31:45,551] {logging_mixin.py:115} INFO - [2022-09-17 13:31:45,550] {dag.py:2919} INFO - Setting next_dagrun for example_kubernetes_executor to None, run_after=None
[2022-09-17 13:31:45,584] {processor.py:161} INFO - Processing /home/airflow/.local/lib/python3.7/site-packages/airflow/example_dags/example_kubernetes_executor.py took 0.886 seconds
[2022-09-17 13:32:16,174] {processor.py:153} INFO - Started process (PID=375) to work on /home/airflow/.local/lib/python3.7/site-packages/airflow/example_dags/example_kubernetes_executor.py
[2022-09-17 13:32:16,175] {processor.py:641} INFO - Processing file /home/airflow/.local/lib/python3.7/site-packages/airflow/example_dags/example_kubernetes_executor.py for tasks to queue
[2022-09-17 13:32:16,175] {logging_mixin.py:115} INFO - [2022-09-17 13:32:16,175] {dagbag.py:507} INFO - Filling up the DagBag from /home/airflow/.local/lib/python3.7/site-packages/airflow/example_dags/example_kubernetes_executor.py
[2022-09-17 13:32:16,217] {processor.py:651} INFO - DAG(s) dict_keys(['example_kubernetes_executor']) retrieved from /home/airflow/.local/lib/python3.7/site-packages/airflow/example_dags/example_kubernetes_executor.py
[2022-09-17 13:32:16,257] {logging_mixin.py:115} INFO - [2022-09-17 13:32:16,257] {dag.py:2371} INFO - Sync 1 DAGs
[2022-09-17 13:32:16,436] {logging_mixin.py:115} INFO - [2022-09-17 13:32:16,436] {dag.py:2919} INFO - Setting next_dagrun for example_kubernetes_executor to None, run_after=None
[2022-09-17 13:32:16,451] {processor.py:161} INFO - Processing /home/airflow/.local/lib/python3.7/site-packages/airflow/example_dags/example_kubernetes_executor.py took 0.281 seconds
[2022-09-17 13:32:48,502] {processor.py:153} INFO - Started process (PID=436) to work on /home/airflow/.local/lib/python3.7/site-packages/airflow/example_dags/example_kubernetes_executor.py
[2022-09-17 13:32:48,503] {processor.py:641} INFO - Processing file /home/airflow/.local/lib/python3.7/site-packages/airflow/example_dags/example_kubernetes_executor.py for tasks to queue
[2022-09-17 13:32:48,503] {logging_mixin.py:115} INFO - [2022-09-17 13:32:48,503] {dagbag.py:507} INFO - Filling up the DagBag from /home/airflow/.local/lib/python3.7/site-packages/airflow/example_dags/example_kubernetes_executor.py
[2022-09-17 13:32:48,550] {processor.py:651} INFO - DAG(s) dict_keys(['example_kubernetes_executor']) retrieved from /home/airflow/.local/lib/python3.7/site-packages/airflow/example_dags/example_kubernetes_executor.py
[2022-09-17 13:32:48,596] {logging_mixin.py:115} INFO - [2022-09-17 13:32:48,596] {dag.py:2371} INFO - Sync 1 DAGs
[2022-09-17 13:33:11,086] {logging_mixin.py:115} INFO - [2022-09-17 13:33:11,086] {dag.py:2919} INFO - Setting next_dagrun for example_kubernetes_executor to None, run_after=None
[2022-09-17 13:33:11,099] {processor.py:161} INFO - Processing /home/airflow/.local/lib/python3.7/site-packages/airflow/example_dags/example_kubernetes_executor.py took 22.603 seconds
[2022-09-17 13:33:41,343] {processor.py:153} INFO - Started process (PID=510) to work on /home/airflow/.local/lib/python3.7/site-packages/airflow/example_dags/example_kubernetes_executor.py
[2022-09-17 13:33:41,344] {processor.py:641} INFO - Processing file /home/airflow/.local/lib/python3.7/site-packages/airflow/example_dags/example_kubernetes_executor.py for tasks to queue
[2022-09-17 13:33:41,345] {logging_mixin.py:115} INFO - [2022-09-17 13:33:41,345] {dagbag.py:507} INFO - Filling up the DagBag from /home/airflow/.local/lib/python3.7/site-packages/airflow/example_dags/example_kubernetes_executor.py
[2022-09-17 13:33:41,385] {processor.py:651} INFO - DAG(s) dict_keys(['example_kubernetes_executor']) retrieved from /home/airflow/.local/lib/python3.7/site-packages/airflow/example_dags/example_kubernetes_executor.py
[2022-09-17 13:33:41,430] {logging_mixin.py:115} INFO - [2022-09-17 13:33:41,430] {dag.py:2371} INFO - Sync 1 DAGs
[2022-09-17 13:33:41,705] {logging_mixin.py:115} INFO - [2022-09-17 13:33:41,705] {dag.py:2919} INFO - Setting next_dagrun for example_kubernetes_executor to None, run_after=None
[2022-09-17 13:33:41,715] {processor.py:161} INFO - Processing /home/airflow/.local/lib/python3.7/site-packages/airflow/example_dags/example_kubernetes_executor.py took 0.377 seconds
[2022-09-17 13:34:12,682] {processor.py:153} INFO - Started process (PID=562) to work on /home/airflow/.local/lib/python3.7/site-packages/airflow/example_dags/example_kubernetes_executor.py
[2022-09-17 13:34:12,683] {processor.py:641} INFO - Processing file /home/airflow/.local/lib/python3.7/site-packages/airflow/example_dags/example_kubernetes_executor.py for tasks to queue
[2022-09-17 13:34:12,892] {logging_mixin.py:115} INFO - [2022-09-17 13:34:12,892] {dagbag.py:507} INFO - Filling up the DagBag from /home/airflow/.local/lib/python3.7/site-packages/airflow/example_dags/example_kubernetes_executor.py
[2022-09-17 13:34:14,090] {processor.py:651} INFO - DAG(s) dict_keys(['example_kubernetes_executor']) retrieved from /home/airflow/.local/lib/python3.7/site-packages/airflow/example_dags/example_kubernetes_executor.py
[2022-09-17 13:34:14,135] {logging_mixin.py:115} INFO - [2022-09-17 13:34:14,135] {dag.py:2371} INFO - Sync 1 DAGs
[2022-09-17 13:34:16,539] {logging_mixin.py:115} INFO - [2022-09-17 13:34:16,539] {dag.py:2919} INFO - Setting next_dagrun for example_kubernetes_executor to None, run_after=None
[2022-09-17 13:34:16,665] {processor.py:161} INFO - Processing /home/airflow/.local/lib/python3.7/site-packages/airflow/example_dags/example_kubernetes_executor.py took 4.088 seconds
[2022-09-17 13:34:47,524] {processor.py:153} INFO - Started process (PID=622) to work on /home/airflow/.local/lib/python3.7/site-packages/airflow/example_dags/example_kubernetes_executor.py
[2022-09-17 13:34:47,532] {processor.py:641} INFO - Processing file /home/airflow/.local/lib/python3.7/site-packages/airflow/example_dags/example_kubernetes_executor.py for tasks to queue
[2022-09-17 13:34:47,533] {logging_mixin.py:115} INFO - [2022-09-17 13:34:47,533] {dagbag.py:507} INFO - Filling up the DagBag from /home/airflow/.local/lib/python3.7/site-packages/airflow/example_dags/example_kubernetes_executor.py
[2022-09-17 13:34:47,596] {processor.py:651} INFO - DAG(s) dict_keys(['example_kubernetes_executor']) retrieved from /home/airflow/.local/lib/python3.7/site-packages/airflow/example_dags/example_kubernetes_executor.py
[2022-09-17 13:34:47,646] {logging_mixin.py:115} INFO - [2022-09-17 13:34:47,646] {dag.py:2371} INFO - Sync 1 DAGs
[2022-09-17 13:34:48,003] {logging_mixin.py:115} INFO - [2022-09-17 13:34:48,003] {dag.py:2919} INFO - Setting next_dagrun for example_kubernetes_executor to None, run_after=None
[2022-09-17 13:34:48,044] {processor.py:161} INFO - Processing /home/airflow/.local/lib/python3.7/site-packages/airflow/example_dags/example_kubernetes_executor.py took 0.524 seconds
[2022-09-17 13:35:18,198] {processor.py:153} INFO - Started process (PID=673) to work on /home/airflow/.local/lib/python3.7/site-packages/airflow/example_dags/example_kubernetes_executor.py
[2022-09-17 13:35:18,199] {processor.py:641} INFO - Processing file /home/airflow/.local/lib/python3.7/site-packages/airflow/example_dags/example_kubernetes_executor.py for tasks to queue
[2022-09-17 13:35:18,200] {logging_mixin.py:115} INFO - [2022-09-17 13:35:18,199] {dagbag.py:507} INFO - Filling up the DagBag from /home/airflow/.local/lib/python3.7/site-packages/airflow/example_dags/example_kubernetes_executor.py
[2022-09-17 13:35:18,236] {processor.py:651} INFO - DAG(s) dict_keys(['example_kubernetes_executor']) retrieved from /home/airflow/.local/lib/python3.7/site-packages/airflow/example_dags/example_kubernetes_executor.py
[2022-09-17 13:35:18,273] {logging_mixin.py:115} INFO - [2022-09-17 13:35:18,273] {dag.py:2371} INFO - Sync 1 DAGs
[2022-09-17 13:35:18,454] {logging_mixin.py:115} INFO - [2022-09-17 13:35:18,454] {dag.py:2919} INFO - Setting next_dagrun for example_kubernetes_executor to None, run_after=None
[2022-09-17 13:35:18,467] {processor.py:161} INFO - Processing /home/airflow/.local/lib/python3.7/site-packages/airflow/example_dags/example_kubernetes_executor.py took 0.272 seconds
[2022-09-17 13:35:48,656] {processor.py:153} INFO - Started process (PID=733) to work on /home/airflow/.local/lib/python3.7/site-packages/airflow/example_dags/example_kubernetes_executor.py
[2022-09-17 13:35:48,657] {processor.py:641} INFO - Processing file /home/airflow/.local/lib/python3.7/site-packages/airflow/example_dags/example_kubernetes_executor.py for tasks to queue
[2022-09-17 13:35:48,659] {logging_mixin.py:115} INFO - [2022-09-17 13:35:48,659] {dagbag.py:507} INFO - Filling up the DagBag from /home/airflow/.local/lib/python3.7/site-packages/airflow/example_dags/example_kubernetes_executor.py
[2022-09-17 13:35:48,763] {processor.py:651} INFO - DAG(s) dict_keys(['example_kubernetes_executor']) retrieved from /home/airflow/.local/lib/python3.7/site-packages/airflow/example_dags/example_kubernetes_executor.py
[2022-09-17 13:35:48,825] {logging_mixin.py:115} INFO - [2022-09-17 13:35:48,825] {dag.py:2371} INFO - Sync 1 DAGs
[2022-09-17 13:35:49,255] {logging_mixin.py:115} INFO - [2022-09-17 13:35:49,255] {dag.py:2919} INFO - Setting next_dagrun for example_kubernetes_executor to None, run_after=None
[2022-09-17 13:35:49,272] {processor.py:161} INFO - Processing /home/airflow/.local/lib/python3.7/site-packages/airflow/example_dags/example_kubernetes_executor.py took 0.629 seconds
[2022-09-17 13:36:19,672] {processor.py:153} INFO - Started process (PID=785) to work on /home/airflow/.local/lib/python3.7/site-packages/airflow/example_dags/example_kubernetes_executor.py
[2022-09-17 13:36:19,674] {processor.py:641} INFO - Processing file /home/airflow/.local/lib/python3.7/site-packages/airflow/example_dags/example_kubernetes_executor.py for tasks to queue
[2022-09-17 13:36:19,674] {logging_mixin.py:115} INFO - [2022-09-17 13:36:19,674] {dagbag.py:507} INFO - Filling up the DagBag from /home/airflow/.local/lib/python3.7/site-packages/airflow/example_dags/example_kubernetes_executor.py
[2022-09-17 13:36:19,780] {processor.py:651} INFO - DAG(s) dict_keys(['example_kubernetes_executor']) retrieved from /home/airflow/.local/lib/python3.7/site-packages/airflow/example_dags/example_kubernetes_executor.py
[2022-09-17 13:36:19,843] {logging_mixin.py:115} INFO - [2022-09-17 13:36:19,843] {dag.py:2371} INFO - Sync 1 DAGs
[2022-09-17 13:36:20,395] {logging_mixin.py:115} INFO - [2022-09-17 13:36:20,395] {dag.py:2919} INFO - Setting next_dagrun for example_kubernetes_executor to None, run_after=None
[2022-09-17 13:36:20,410] {processor.py:161} INFO - Processing /home/airflow/.local/lib/python3.7/site-packages/airflow/example_dags/example_kubernetes_executor.py took 0.756 seconds
[2022-09-17 13:36:51,349] {processor.py:153} INFO - Started process (PID=837) to work on /home/airflow/.local/lib/python3.7/site-packages/airflow/example_dags/example_kubernetes_executor.py
[2022-09-17 13:36:51,363] {processor.py:641} INFO - Processing file /home/airflow/.local/lib/python3.7/site-packages/airflow/example_dags/example_kubernetes_executor.py for tasks to queue
[2022-09-17 13:36:51,363] {logging_mixin.py:115} INFO - [2022-09-17 13:36:51,363] {dagbag.py:507} INFO - Filling up the DagBag from /home/airflow/.local/lib/python3.7/site-packages/airflow/example_dags/example_kubernetes_executor.py
[2022-09-17 13:36:51,455] {processor.py:651} INFO - DAG(s) dict_keys(['example_kubernetes_executor']) retrieved from /home/airflow/.local/lib/python3.7/site-packages/airflow/example_dags/example_kubernetes_executor.py
[2022-09-17 13:36:51,493] {logging_mixin.py:115} INFO - [2022-09-17 13:36:51,493] {dag.py:2371} INFO - Sync 1 DAGs
[2022-09-17 13:36:51,776] {logging_mixin.py:115} INFO - [2022-09-17 13:36:51,776] {dag.py:2919} INFO - Setting next_dagrun for example_kubernetes_executor to None, run_after=None
[2022-09-17 13:36:51,807] {processor.py:161} INFO - Processing /home/airflow/.local/lib/python3.7/site-packages/airflow/example_dags/example_kubernetes_executor.py took 0.461 seconds
[2022-09-17 13:37:22,715] {processor.py:153} INFO - Started process (PID=889) to work on /home/airflow/.local/lib/python3.7/site-packages/airflow/example_dags/example_kubernetes_executor.py
[2022-09-17 13:37:22,723] {processor.py:641} INFO - Processing file /home/airflow/.local/lib/python3.7/site-packages/airflow/example_dags/example_kubernetes_executor.py for tasks to queue
[2022-09-17 13:37:22,723] {logging_mixin.py:115} INFO - [2022-09-17 13:37:22,723] {dagbag.py:507} INFO - Filling up the DagBag from /home/airflow/.local/lib/python3.7/site-packages/airflow/example_dags/example_kubernetes_executor.py
[2022-09-17 13:37:22,834] {processor.py:651} INFO - DAG(s) dict_keys(['example_kubernetes_executor']) retrieved from /home/airflow/.local/lib/python3.7/site-packages/airflow/example_dags/example_kubernetes_executor.py
[2022-09-17 13:37:22,928] {logging_mixin.py:115} INFO - [2022-09-17 13:37:22,927] {dag.py:2371} INFO - Sync 1 DAGs
[2022-09-17 13:37:23,726] {logging_mixin.py:115} INFO - [2022-09-17 13:37:23,723] {dag.py:2919} INFO - Setting next_dagrun for example_kubernetes_executor to None, run_after=None
[2022-09-17 13:37:23,758] {processor.py:161} INFO - Processing /home/airflow/.local/lib/python3.7/site-packages/airflow/example_dags/example_kubernetes_executor.py took 1.056 seconds
[2022-09-17 13:39:30,257] {processor.py:153} INFO - Started process (PID=960) to work on /home/airflow/.local/lib/python3.7/site-packages/airflow/example_dags/example_kubernetes_executor.py
[2022-09-17 13:39:30,259] {processor.py:641} INFO - Processing file /home/airflow/.local/lib/python3.7/site-packages/airflow/example_dags/example_kubernetes_executor.py for tasks to queue
[2022-09-17 13:39:30,261] {logging_mixin.py:115} INFO - [2022-09-17 13:39:30,260] {dagbag.py:507} INFO - Filling up the DagBag from /home/airflow/.local/lib/python3.7/site-packages/airflow/example_dags/example_kubernetes_executor.py
[2022-09-17 13:39:30,350] {processor.py:651} INFO - DAG(s) dict_keys(['example_kubernetes_executor']) retrieved from /home/airflow/.local/lib/python3.7/site-packages/airflow/example_dags/example_kubernetes_executor.py
[2022-09-17 13:39:30,581] {logging_mixin.py:115} INFO - [2022-09-17 13:39:30,581] {dag.py:2371} INFO - Sync 1 DAGs
[2022-09-17 13:39:30,602] {logging_mixin.py:115} INFO - [2022-09-17 13:39:30,602] {dag.py:2919} INFO - Setting next_dagrun for example_kubernetes_executor to None, run_after=None
[2022-09-17 13:39:30,614] {processor.py:161} INFO - Processing /home/airflow/.local/lib/python3.7/site-packages/airflow/example_dags/example_kubernetes_executor.py took 0.368 seconds
[2022-09-17 13:40:02,693] {processor.py:153} INFO - Started process (PID=1024) to work on /home/airflow/.local/lib/python3.7/site-packages/airflow/example_dags/example_kubernetes_executor.py
[2022-09-17 13:40:02,694] {processor.py:641} INFO - Processing file /home/airflow/.local/lib/python3.7/site-packages/airflow/example_dags/example_kubernetes_executor.py for tasks to queue
[2022-09-17 13:40:02,694] {logging_mixin.py:115} INFO - [2022-09-17 13:40:02,694] {dagbag.py:507} INFO - Filling up the DagBag from /home/airflow/.local/lib/python3.7/site-packages/airflow/example_dags/example_kubernetes_executor.py
[2022-09-17 13:40:02,787] {processor.py:651} INFO - DAG(s) dict_keys(['example_kubernetes_executor']) retrieved from /home/airflow/.local/lib/python3.7/site-packages/airflow/example_dags/example_kubernetes_executor.py
[2022-09-17 13:40:03,196] {logging_mixin.py:115} INFO - [2022-09-17 13:40:03,196] {dag.py:2371} INFO - Sync 1 DAGs
[2022-09-17 13:40:03,214] {logging_mixin.py:115} INFO - [2022-09-17 13:40:03,214] {dag.py:2919} INFO - Setting next_dagrun for example_kubernetes_executor to None, run_after=None
[2022-09-17 13:40:03,222] {processor.py:161} INFO - Processing /home/airflow/.local/lib/python3.7/site-packages/airflow/example_dags/example_kubernetes_executor.py took 0.557 seconds
[2022-09-17 13:40:59,725] {processor.py:153} INFO - Started process (PID=1084) to work on /home/airflow/.local/lib/python3.7/site-packages/airflow/example_dags/example_kubernetes_executor.py
[2022-09-17 13:40:59,745] {processor.py:641} INFO - Processing file /home/airflow/.local/lib/python3.7/site-packages/airflow/example_dags/example_kubernetes_executor.py for tasks to queue
[2022-09-17 13:40:59,757] {logging_mixin.py:115} INFO - [2022-09-17 13:40:59,757] {dagbag.py:507} INFO - Filling up the DagBag from /home/airflow/.local/lib/python3.7/site-packages/airflow/example_dags/example_kubernetes_executor.py
[2022-09-17 13:41:00,078] {processor.py:651} INFO - DAG(s) dict_keys(['example_kubernetes_executor']) retrieved from /home/airflow/.local/lib/python3.7/site-packages/airflow/example_dags/example_kubernetes_executor.py
[2022-09-17 13:41:02,494] {logging_mixin.py:115} INFO - [2022-09-17 13:41:02,484] {dag.py:2371} INFO - Sync 1 DAGs
[2022-09-17 13:41:02,609] {logging_mixin.py:115} INFO - [2022-09-17 13:41:02,608] {dag.py:2919} INFO - Setting next_dagrun for example_kubernetes_executor to None, run_after=None
[2022-09-17 13:41:02,688] {processor.py:161} INFO - Processing /home/airflow/.local/lib/python3.7/site-packages/airflow/example_dags/example_kubernetes_executor.py took 2.983 seconds
[2022-09-17 13:45:43,794] {processor.py:153} INFO - Started process (PID=81) to work on /home/airflow/.local/lib/python3.7/site-packages/airflow/example_dags/example_kubernetes_executor.py
[2022-09-17 13:45:43,795] {processor.py:641} INFO - Processing file /home/airflow/.local/lib/python3.7/site-packages/airflow/example_dags/example_kubernetes_executor.py for tasks to queue
[2022-09-17 13:45:43,796] {logging_mixin.py:115} INFO - [2022-09-17 13:45:43,796] {dagbag.py:507} INFO - Filling up the DagBag from /home/airflow/.local/lib/python3.7/site-packages/airflow/example_dags/example_kubernetes_executor.py
[2022-09-17 13:45:44,212] {processor.py:651} INFO - DAG(s) dict_keys(['example_kubernetes_executor']) retrieved from /home/airflow/.local/lib/python3.7/site-packages/airflow/example_dags/example_kubernetes_executor.py
[2022-09-17 13:45:44,458] {logging_mixin.py:115} INFO - [2022-09-17 13:45:44,458] {dag.py:2371} INFO - Sync 1 DAGs
[2022-09-17 13:45:44,615] {logging_mixin.py:115} INFO - [2022-09-17 13:45:44,615] {dag.py:2919} INFO - Setting next_dagrun for example_kubernetes_executor to None, run_after=None
[2022-09-17 13:45:44,706] {processor.py:161} INFO - Processing /home/airflow/.local/lib/python3.7/site-packages/airflow/example_dags/example_kubernetes_executor.py took 0.947 seconds
[2022-09-17 13:46:18,595] {processor.py:153} INFO - Started process (PID=135) to work on /home/airflow/.local/lib/python3.7/site-packages/airflow/example_dags/example_kubernetes_executor.py
[2022-09-17 13:46:18,598] {processor.py:641} INFO - Processing file /home/airflow/.local/lib/python3.7/site-packages/airflow/example_dags/example_kubernetes_executor.py for tasks to queue
[2022-09-17 13:46:18,599] {logging_mixin.py:115} INFO - [2022-09-17 13:46:18,599] {dagbag.py:507} INFO - Filling up the DagBag from /home/airflow/.local/lib/python3.7/site-packages/airflow/example_dags/example_kubernetes_executor.py
[2022-09-17 13:46:18,846] {processor.py:651} INFO - DAG(s) dict_keys(['example_kubernetes_executor']) retrieved from /home/airflow/.local/lib/python3.7/site-packages/airflow/example_dags/example_kubernetes_executor.py
[2022-09-17 13:46:19,213] {logging_mixin.py:115} INFO - [2022-09-17 13:46:19,213] {dag.py:2371} INFO - Sync 1 DAGs
[2022-09-17 13:46:19,405] {logging_mixin.py:115} INFO - [2022-09-17 13:46:19,405] {dag.py:2919} INFO - Setting next_dagrun for example_kubernetes_executor to None, run_after=None
[2022-09-17 13:46:19,518] {processor.py:161} INFO - Processing /home/airflow/.local/lib/python3.7/site-packages/airflow/example_dags/example_kubernetes_executor.py took 0.950 seconds
[2022-09-17 13:46:50,198] {processor.py:153} INFO - Started process (PID=188) to work on /home/airflow/.local/lib/python3.7/site-packages/airflow/example_dags/example_kubernetes_executor.py
[2022-09-17 13:46:50,206] {processor.py:641} INFO - Processing file /home/airflow/.local/lib/python3.7/site-packages/airflow/example_dags/example_kubernetes_executor.py for tasks to queue
[2022-09-17 13:46:50,207] {logging_mixin.py:115} INFO - [2022-09-17 13:46:50,207] {dagbag.py:507} INFO - Filling up the DagBag from /home/airflow/.local/lib/python3.7/site-packages/airflow/example_dags/example_kubernetes_executor.py
[2022-09-17 13:46:50,240] {processor.py:651} INFO - DAG(s) dict_keys(['example_kubernetes_executor']) retrieved from /home/airflow/.local/lib/python3.7/site-packages/airflow/example_dags/example_kubernetes_executor.py
[2022-09-17 13:46:50,272] {logging_mixin.py:115} INFO - [2022-09-17 13:46:50,272] {dag.py:2371} INFO - Sync 1 DAGs
[2022-09-17 13:46:50,339] {logging_mixin.py:115} INFO - [2022-09-17 13:46:50,338] {dag.py:2919} INFO - Setting next_dagrun for example_kubernetes_executor to None, run_after=None
[2022-09-17 13:46:50,373] {processor.py:161} INFO - Processing /home/airflow/.local/lib/python3.7/site-packages/airflow/example_dags/example_kubernetes_executor.py took 0.179 seconds
[2022-09-17 13:47:20,430] {processor.py:153} INFO - Started process (PID=244) to work on /home/airflow/.local/lib/python3.7/site-packages/airflow/example_dags/example_kubernetes_executor.py
[2022-09-17 13:47:20,430] {processor.py:641} INFO - Processing file /home/airflow/.local/lib/python3.7/site-packages/airflow/example_dags/example_kubernetes_executor.py for tasks to queue
[2022-09-17 13:47:20,431] {logging_mixin.py:115} INFO - [2022-09-17 13:47:20,431] {dagbag.py:507} INFO - Filling up the DagBag from /home/airflow/.local/lib/python3.7/site-packages/airflow/example_dags/example_kubernetes_executor.py
[2022-09-17 13:47:20,463] {processor.py:651} INFO - DAG(s) dict_keys(['example_kubernetes_executor']) retrieved from /home/airflow/.local/lib/python3.7/site-packages/airflow/example_dags/example_kubernetes_executor.py
[2022-09-17 13:47:20,495] {logging_mixin.py:115} INFO - [2022-09-17 13:47:20,494] {dag.py:2371} INFO - Sync 1 DAGs
[2022-09-17 13:47:20,518] {logging_mixin.py:115} INFO - [2022-09-17 13:47:20,518] {dag.py:2919} INFO - Setting next_dagrun for example_kubernetes_executor to None, run_after=None
[2022-09-17 13:47:20,531] {processor.py:161} INFO - Processing /home/airflow/.local/lib/python3.7/site-packages/airflow/example_dags/example_kubernetes_executor.py took 0.105 seconds
[2022-09-17 13:47:51,097] {processor.py:153} INFO - Started process (PID=305) to work on /home/airflow/.local/lib/python3.7/site-packages/airflow/example_dags/example_kubernetes_executor.py
[2022-09-17 13:47:51,110] {processor.py:641} INFO - Processing file /home/airflow/.local/lib/python3.7/site-packages/airflow/example_dags/example_kubernetes_executor.py for tasks to queue
[2022-09-17 13:47:51,111] {logging_mixin.py:115} INFO - [2022-09-17 13:47:51,110] {dagbag.py:507} INFO - Filling up the DagBag from /home/airflow/.local/lib/python3.7/site-packages/airflow/example_dags/example_kubernetes_executor.py
[2022-09-17 13:47:51,184] {processor.py:651} INFO - DAG(s) dict_keys(['example_kubernetes_executor']) retrieved from /home/airflow/.local/lib/python3.7/site-packages/airflow/example_dags/example_kubernetes_executor.py
[2022-09-17 13:47:51,241] {logging_mixin.py:115} INFO - [2022-09-17 13:47:51,241] {dag.py:2371} INFO - Sync 1 DAGs
[2022-09-17 13:47:51,293] {logging_mixin.py:115} INFO - [2022-09-17 13:47:51,293] {dag.py:2919} INFO - Setting next_dagrun for example_kubernetes_executor to None, run_after=None
[2022-09-17 13:47:51,331] {processor.py:161} INFO - Processing /home/airflow/.local/lib/python3.7/site-packages/airflow/example_dags/example_kubernetes_executor.py took 0.243 seconds
[2022-09-17 13:48:21,861] {processor.py:153} INFO - Started process (PID=357) to work on /home/airflow/.local/lib/python3.7/site-packages/airflow/example_dags/example_kubernetes_executor.py
[2022-09-17 13:48:21,863] {processor.py:641} INFO - Processing file /home/airflow/.local/lib/python3.7/site-packages/airflow/example_dags/example_kubernetes_executor.py for tasks to queue
[2022-09-17 13:48:21,863] {logging_mixin.py:115} INFO - [2022-09-17 13:48:21,863] {dagbag.py:507} INFO - Filling up the DagBag from /home/airflow/.local/lib/python3.7/site-packages/airflow/example_dags/example_kubernetes_executor.py
[2022-09-17 13:48:21,990] {processor.py:651} INFO - DAG(s) dict_keys(['example_kubernetes_executor']) retrieved from /home/airflow/.local/lib/python3.7/site-packages/airflow/example_dags/example_kubernetes_executor.py
[2022-09-17 13:48:22,054] {logging_mixin.py:115} INFO - [2022-09-17 13:48:22,054] {dag.py:2371} INFO - Sync 1 DAGs
[2022-09-17 13:48:22,101] {logging_mixin.py:115} INFO - [2022-09-17 13:48:22,101] {dag.py:2919} INFO - Setting next_dagrun for example_kubernetes_executor to None, run_after=None
[2022-09-17 13:48:22,116] {processor.py:161} INFO - Processing /home/airflow/.local/lib/python3.7/site-packages/airflow/example_dags/example_kubernetes_executor.py took 0.260 seconds
[2022-09-17 13:48:52,476] {processor.py:153} INFO - Started process (PID=421) to work on /home/airflow/.local/lib/python3.7/site-packages/airflow/example_dags/example_kubernetes_executor.py
[2022-09-17 13:48:52,477] {processor.py:641} INFO - Processing file /home/airflow/.local/lib/python3.7/site-packages/airflow/example_dags/example_kubernetes_executor.py for tasks to queue
[2022-09-17 13:48:52,477] {logging_mixin.py:115} INFO - [2022-09-17 13:48:52,477] {dagbag.py:507} INFO - Filling up the DagBag from /home/airflow/.local/lib/python3.7/site-packages/airflow/example_dags/example_kubernetes_executor.py
[2022-09-17 13:48:52,503] {processor.py:651} INFO - DAG(s) dict_keys(['example_kubernetes_executor']) retrieved from /home/airflow/.local/lib/python3.7/site-packages/airflow/example_dags/example_kubernetes_executor.py
[2022-09-17 13:48:52,534] {logging_mixin.py:115} INFO - [2022-09-17 13:48:52,534] {dag.py:2371} INFO - Sync 1 DAGs
[2022-09-17 13:48:52,559] {logging_mixin.py:115} INFO - [2022-09-17 13:48:52,559] {dag.py:2919} INFO - Setting next_dagrun for example_kubernetes_executor to None, run_after=None
[2022-09-17 13:48:52,572] {processor.py:161} INFO - Processing /home/airflow/.local/lib/python3.7/site-packages/airflow/example_dags/example_kubernetes_executor.py took 0.100 seconds
[2022-09-17 13:49:23,553] {processor.py:153} INFO - Started process (PID=473) to work on /home/airflow/.local/lib/python3.7/site-packages/airflow/example_dags/example_kubernetes_executor.py
[2022-09-17 13:49:23,555] {processor.py:641} INFO - Processing file /home/airflow/.local/lib/python3.7/site-packages/airflow/example_dags/example_kubernetes_executor.py for tasks to queue
[2022-09-17 13:49:23,558] {logging_mixin.py:115} INFO - [2022-09-17 13:49:23,558] {dagbag.py:507} INFO - Filling up the DagBag from /home/airflow/.local/lib/python3.7/site-packages/airflow/example_dags/example_kubernetes_executor.py
[2022-09-17 13:49:23,711] {processor.py:651} INFO - DAG(s) dict_keys(['example_kubernetes_executor']) retrieved from /home/airflow/.local/lib/python3.7/site-packages/airflow/example_dags/example_kubernetes_executor.py
[2022-09-17 13:49:23,771] {logging_mixin.py:115} INFO - [2022-09-17 13:49:23,771] {dag.py:2371} INFO - Sync 1 DAGs
[2022-09-17 13:49:23,821] {logging_mixin.py:115} INFO - [2022-09-17 13:49:23,821] {dag.py:2919} INFO - Setting next_dagrun for example_kubernetes_executor to None, run_after=None
[2022-09-17 13:49:23,904] {processor.py:161} INFO - Processing /home/airflow/.local/lib/python3.7/site-packages/airflow/example_dags/example_kubernetes_executor.py took 0.368 seconds
[2022-09-17 13:49:54,574] {processor.py:153} INFO - Started process (PID=537) to work on /home/airflow/.local/lib/python3.7/site-packages/airflow/example_dags/example_kubernetes_executor.py
[2022-09-17 13:49:54,575] {processor.py:641} INFO - Processing file /home/airflow/.local/lib/python3.7/site-packages/airflow/example_dags/example_kubernetes_executor.py for tasks to queue
[2022-09-17 13:49:54,576] {logging_mixin.py:115} INFO - [2022-09-17 13:49:54,576] {dagbag.py:507} INFO - Filling up the DagBag from /home/airflow/.local/lib/python3.7/site-packages/airflow/example_dags/example_kubernetes_executor.py
[2022-09-17 13:49:54,631] {processor.py:651} INFO - DAG(s) dict_keys(['example_kubernetes_executor']) retrieved from /home/airflow/.local/lib/python3.7/site-packages/airflow/example_dags/example_kubernetes_executor.py
[2022-09-17 13:49:54,670] {logging_mixin.py:115} INFO - [2022-09-17 13:49:54,670] {dag.py:2371} INFO - Sync 1 DAGs
[2022-09-17 13:49:54,698] {logging_mixin.py:115} INFO - [2022-09-17 13:49:54,698] {dag.py:2919} INFO - Setting next_dagrun for example_kubernetes_executor to None, run_after=None
[2022-09-17 13:49:54,718] {processor.py:161} INFO - Processing /home/airflow/.local/lib/python3.7/site-packages/airflow/example_dags/example_kubernetes_executor.py took 0.148 seconds
[2022-09-17 13:50:25,001] {processor.py:153} INFO - Started process (PID=602) to work on /home/airflow/.local/lib/python3.7/site-packages/airflow/example_dags/example_kubernetes_executor.py
[2022-09-17 13:50:25,003] {processor.py:641} INFO - Processing file /home/airflow/.local/lib/python3.7/site-packages/airflow/example_dags/example_kubernetes_executor.py for tasks to queue
[2022-09-17 13:50:25,003] {logging_mixin.py:115} INFO - [2022-09-17 13:50:25,003] {dagbag.py:507} INFO - Filling up the DagBag from /home/airflow/.local/lib/python3.7/site-packages/airflow/example_dags/example_kubernetes_executor.py
[2022-09-17 13:50:25,061] {processor.py:651} INFO - DAG(s) dict_keys(['example_kubernetes_executor']) retrieved from /home/airflow/.local/lib/python3.7/site-packages/airflow/example_dags/example_kubernetes_executor.py
[2022-09-17 13:50:25,130] {logging_mixin.py:115} INFO - [2022-09-17 13:50:25,130] {dag.py:2371} INFO - Sync 1 DAGs
[2022-09-17 13:50:25,160] {logging_mixin.py:115} INFO - [2022-09-17 13:50:25,160] {dag.py:2919} INFO - Setting next_dagrun for example_kubernetes_executor to None, run_after=None
[2022-09-17 13:50:25,174] {processor.py:161} INFO - Processing /home/airflow/.local/lib/python3.7/site-packages/airflow/example_dags/example_kubernetes_executor.py took 0.177 seconds
[2022-09-17 13:50:55,961] {processor.py:153} INFO - Started process (PID=655) to work on /home/airflow/.local/lib/python3.7/site-packages/airflow/example_dags/example_kubernetes_executor.py
[2022-09-17 13:50:55,962] {processor.py:641} INFO - Processing file /home/airflow/.local/lib/python3.7/site-packages/airflow/example_dags/example_kubernetes_executor.py for tasks to queue
[2022-09-17 13:50:55,963] {logging_mixin.py:115} INFO - [2022-09-17 13:50:55,963] {dagbag.py:507} INFO - Filling up the DagBag from /home/airflow/.local/lib/python3.7/site-packages/airflow/example_dags/example_kubernetes_executor.py
[2022-09-17 13:50:55,992] {processor.py:651} INFO - DAG(s) dict_keys(['example_kubernetes_executor']) retrieved from /home/airflow/.local/lib/python3.7/site-packages/airflow/example_dags/example_kubernetes_executor.py
[2022-09-17 13:50:56,026] {logging_mixin.py:115} INFO - [2022-09-17 13:50:56,026] {dag.py:2371} INFO - Sync 1 DAGs
[2022-09-17 13:50:56,054] {logging_mixin.py:115} INFO - [2022-09-17 13:50:56,054] {dag.py:2919} INFO - Setting next_dagrun for example_kubernetes_executor to None, run_after=None
[2022-09-17 13:50:56,067] {processor.py:161} INFO - Processing /home/airflow/.local/lib/python3.7/site-packages/airflow/example_dags/example_kubernetes_executor.py took 0.110 seconds
[2022-09-17 13:51:26,462] {processor.py:153} INFO - Started process (PID=718) to work on /home/airflow/.local/lib/python3.7/site-packages/airflow/example_dags/example_kubernetes_executor.py
[2022-09-17 13:51:26,462] {processor.py:641} INFO - Processing file /home/airflow/.local/lib/python3.7/site-packages/airflow/example_dags/example_kubernetes_executor.py for tasks to queue
[2022-09-17 13:51:26,463] {logging_mixin.py:115} INFO - [2022-09-17 13:51:26,463] {dagbag.py:507} INFO - Filling up the DagBag from /home/airflow/.local/lib/python3.7/site-packages/airflow/example_dags/example_kubernetes_executor.py
[2022-09-17 13:51:26,489] {processor.py:651} INFO - DAG(s) dict_keys(['example_kubernetes_executor']) retrieved from /home/airflow/.local/lib/python3.7/site-packages/airflow/example_dags/example_kubernetes_executor.py
[2022-09-17 13:51:26,537] {logging_mixin.py:115} INFO - [2022-09-17 13:51:26,537] {dag.py:2371} INFO - Sync 1 DAGs
[2022-09-17 13:51:26,565] {logging_mixin.py:115} INFO - [2022-09-17 13:51:26,565] {dag.py:2919} INFO - Setting next_dagrun for example_kubernetes_executor to None, run_after=None
[2022-09-17 13:51:26,578] {processor.py:161} INFO - Processing /home/airflow/.local/lib/python3.7/site-packages/airflow/example_dags/example_kubernetes_executor.py took 0.123 seconds
[2022-09-17 13:51:56,704] {processor.py:153} INFO - Started process (PID=772) to work on /home/airflow/.local/lib/python3.7/site-packages/airflow/example_dags/example_kubernetes_executor.py
[2022-09-17 13:51:56,706] {processor.py:641} INFO - Processing file /home/airflow/.local/lib/python3.7/site-packages/airflow/example_dags/example_kubernetes_executor.py for tasks to queue
[2022-09-17 13:51:56,707] {logging_mixin.py:115} INFO - [2022-09-17 13:51:56,707] {dagbag.py:507} INFO - Filling up the DagBag from /home/airflow/.local/lib/python3.7/site-packages/airflow/example_dags/example_kubernetes_executor.py
[2022-09-17 13:51:56,734] {processor.py:651} INFO - DAG(s) dict_keys(['example_kubernetes_executor']) retrieved from /home/airflow/.local/lib/python3.7/site-packages/airflow/example_dags/example_kubernetes_executor.py
[2022-09-17 13:51:56,762] {logging_mixin.py:115} INFO - [2022-09-17 13:51:56,762] {dag.py:2371} INFO - Sync 1 DAGs
[2022-09-17 13:51:56,784] {logging_mixin.py:115} INFO - [2022-09-17 13:51:56,784] {dag.py:2919} INFO - Setting next_dagrun for example_kubernetes_executor to None, run_after=None
[2022-09-17 13:51:56,796] {processor.py:161} INFO - Processing /home/airflow/.local/lib/python3.7/site-packages/airflow/example_dags/example_kubernetes_executor.py took 0.097 seconds
[2022-09-17 13:52:27,139] {processor.py:153} INFO - Started process (PID=835) to work on /home/airflow/.local/lib/python3.7/site-packages/airflow/example_dags/example_kubernetes_executor.py
[2022-09-17 13:52:27,140] {processor.py:641} INFO - Processing file /home/airflow/.local/lib/python3.7/site-packages/airflow/example_dags/example_kubernetes_executor.py for tasks to queue
[2022-09-17 13:52:27,141] {logging_mixin.py:115} INFO - [2022-09-17 13:52:27,141] {dagbag.py:507} INFO - Filling up the DagBag from /home/airflow/.local/lib/python3.7/site-packages/airflow/example_dags/example_kubernetes_executor.py
[2022-09-17 13:52:27,165] {processor.py:651} INFO - DAG(s) dict_keys(['example_kubernetes_executor']) retrieved from /home/airflow/.local/lib/python3.7/site-packages/airflow/example_dags/example_kubernetes_executor.py
[2022-09-17 13:52:27,190] {logging_mixin.py:115} INFO - [2022-09-17 13:52:27,190] {dag.py:2371} INFO - Sync 1 DAGs
[2022-09-17 13:52:27,211] {logging_mixin.py:115} INFO - [2022-09-17 13:52:27,211] {dag.py:2919} INFO - Setting next_dagrun for example_kubernetes_executor to None, run_after=None
[2022-09-17 13:52:27,222] {processor.py:161} INFO - Processing /home/airflow/.local/lib/python3.7/site-packages/airflow/example_dags/example_kubernetes_executor.py took 0.088 seconds
[2022-09-17 13:52:57,389] {processor.py:153} INFO - Started process (PID=897) to work on /home/airflow/.local/lib/python3.7/site-packages/airflow/example_dags/example_kubernetes_executor.py
[2022-09-17 13:52:57,392] {processor.py:641} INFO - Processing file /home/airflow/.local/lib/python3.7/site-packages/airflow/example_dags/example_kubernetes_executor.py for tasks to queue
[2022-09-17 13:52:57,392] {logging_mixin.py:115} INFO - [2022-09-17 13:52:57,392] {dagbag.py:507} INFO - Filling up the DagBag from /home/airflow/.local/lib/python3.7/site-packages/airflow/example_dags/example_kubernetes_executor.py
[2022-09-17 13:52:57,726] {processor.py:651} INFO - DAG(s) dict_keys(['example_kubernetes_executor']) retrieved from /home/airflow/.local/lib/python3.7/site-packages/airflow/example_dags/example_kubernetes_executor.py
[2022-09-17 13:52:57,967] {logging_mixin.py:115} INFO - [2022-09-17 13:52:57,967] {dag.py:2371} INFO - Sync 1 DAGs
[2022-09-17 13:52:58,076] {logging_mixin.py:115} INFO - [2022-09-17 13:52:58,076] {dag.py:2919} INFO - Setting next_dagrun for example_kubernetes_executor to None, run_after=None
[2022-09-17 13:52:58,129] {processor.py:161} INFO - Processing /home/airflow/.local/lib/python3.7/site-packages/airflow/example_dags/example_kubernetes_executor.py took 0.775 seconds
[2022-09-17 13:53:28,501] {processor.py:153} INFO - Started process (PID=951) to work on /home/airflow/.local/lib/python3.7/site-packages/airflow/example_dags/example_kubernetes_executor.py
[2022-09-17 13:53:28,502] {processor.py:641} INFO - Processing file /home/airflow/.local/lib/python3.7/site-packages/airflow/example_dags/example_kubernetes_executor.py for tasks to queue
[2022-09-17 13:53:28,503] {logging_mixin.py:115} INFO - [2022-09-17 13:53:28,503] {dagbag.py:507} INFO - Filling up the DagBag from /home/airflow/.local/lib/python3.7/site-packages/airflow/example_dags/example_kubernetes_executor.py
[2022-09-17 13:53:28,541] {processor.py:651} INFO - DAG(s) dict_keys(['example_kubernetes_executor']) retrieved from /home/airflow/.local/lib/python3.7/site-packages/airflow/example_dags/example_kubernetes_executor.py
[2022-09-17 13:53:28,576] {logging_mixin.py:115} INFO - [2022-09-17 13:53:28,575] {dag.py:2371} INFO - Sync 1 DAGs
[2022-09-17 13:53:28,607] {logging_mixin.py:115} INFO - [2022-09-17 13:53:28,607] {dag.py:2919} INFO - Setting next_dagrun for example_kubernetes_executor to None, run_after=None
[2022-09-17 13:53:28,626] {processor.py:161} INFO - Processing /home/airflow/.local/lib/python3.7/site-packages/airflow/example_dags/example_kubernetes_executor.py took 0.131 seconds
[2022-09-17 13:53:58,672] {processor.py:153} INFO - Started process (PID=1005) to work on /home/airflow/.local/lib/python3.7/site-packages/airflow/example_dags/example_kubernetes_executor.py
[2022-09-17 13:53:58,673] {processor.py:641} INFO - Processing file /home/airflow/.local/lib/python3.7/site-packages/airflow/example_dags/example_kubernetes_executor.py for tasks to queue
[2022-09-17 13:53:58,674] {logging_mixin.py:115} INFO - [2022-09-17 13:53:58,674] {dagbag.py:507} INFO - Filling up the DagBag from /home/airflow/.local/lib/python3.7/site-packages/airflow/example_dags/example_kubernetes_executor.py
[2022-09-17 13:53:58,735] {processor.py:651} INFO - DAG(s) dict_keys(['example_kubernetes_executor']) retrieved from /home/airflow/.local/lib/python3.7/site-packages/airflow/example_dags/example_kubernetes_executor.py
[2022-09-17 13:53:58,768] {logging_mixin.py:115} INFO - [2022-09-17 13:53:58,767] {dag.py:2371} INFO - Sync 1 DAGs
[2022-09-17 13:53:58,798] {logging_mixin.py:115} INFO - [2022-09-17 13:53:58,798] {dag.py:2919} INFO - Setting next_dagrun for example_kubernetes_executor to None, run_after=None
[2022-09-17 13:53:58,832] {processor.py:161} INFO - Processing /home/airflow/.local/lib/python3.7/site-packages/airflow/example_dags/example_kubernetes_executor.py took 0.164 seconds
[2022-09-17 13:54:29,233] {processor.py:153} INFO - Started process (PID=1067) to work on /home/airflow/.local/lib/python3.7/site-packages/airflow/example_dags/example_kubernetes_executor.py
[2022-09-17 13:54:29,236] {processor.py:641} INFO - Processing file /home/airflow/.local/lib/python3.7/site-packages/airflow/example_dags/example_kubernetes_executor.py for tasks to queue
[2022-09-17 13:54:29,236] {logging_mixin.py:115} INFO - [2022-09-17 13:54:29,236] {dagbag.py:507} INFO - Filling up the DagBag from /home/airflow/.local/lib/python3.7/site-packages/airflow/example_dags/example_kubernetes_executor.py
[2022-09-17 13:54:29,308] {processor.py:651} INFO - DAG(s) dict_keys(['example_kubernetes_executor']) retrieved from /home/airflow/.local/lib/python3.7/site-packages/airflow/example_dags/example_kubernetes_executor.py
[2022-09-17 13:54:29,377] {logging_mixin.py:115} INFO - [2022-09-17 13:54:29,377] {dag.py:2371} INFO - Sync 1 DAGs
[2022-09-17 13:54:29,408] {logging_mixin.py:115} INFO - [2022-09-17 13:54:29,408] {dag.py:2919} INFO - Setting next_dagrun for example_kubernetes_executor to None, run_after=None
[2022-09-17 13:54:29,429] {processor.py:161} INFO - Processing /home/airflow/.local/lib/python3.7/site-packages/airflow/example_dags/example_kubernetes_executor.py took 0.201 seconds
[2022-09-17 13:54:59,618] {processor.py:153} INFO - Started process (PID=1121) to work on /home/airflow/.local/lib/python3.7/site-packages/airflow/example_dags/example_kubernetes_executor.py
[2022-09-17 13:54:59,618] {processor.py:641} INFO - Processing file /home/airflow/.local/lib/python3.7/site-packages/airflow/example_dags/example_kubernetes_executor.py for tasks to queue
[2022-09-17 13:54:59,619] {logging_mixin.py:115} INFO - [2022-09-17 13:54:59,619] {dagbag.py:507} INFO - Filling up the DagBag from /home/airflow/.local/lib/python3.7/site-packages/airflow/example_dags/example_kubernetes_executor.py
[2022-09-17 13:54:59,678] {processor.py:651} INFO - DAG(s) dict_keys(['example_kubernetes_executor']) retrieved from /home/airflow/.local/lib/python3.7/site-packages/airflow/example_dags/example_kubernetes_executor.py
[2022-09-17 13:54:59,773] {logging_mixin.py:115} INFO - [2022-09-17 13:54:59,773] {dag.py:2371} INFO - Sync 1 DAGs
[2022-09-17 13:54:59,835] {logging_mixin.py:115} INFO - [2022-09-17 13:54:59,835] {dag.py:2919} INFO - Setting next_dagrun for example_kubernetes_executor to None, run_after=None
[2022-09-17 13:54:59,862] {processor.py:161} INFO - Processing /home/airflow/.local/lib/python3.7/site-packages/airflow/example_dags/example_kubernetes_executor.py took 0.251 seconds
