[2022-09-17 13:29:26,748] {processor.py:153} INFO - Started process (PID=77) to work on /home/airflow/.local/lib/python3.7/site-packages/airflow/example_dags/tutorial_taskflow_api_etl_virtualenv.py
[2022-09-17 13:29:26,748] {processor.py:641} INFO - Processing file /home/airflow/.local/lib/python3.7/site-packages/airflow/example_dags/tutorial_taskflow_api_etl_virtualenv.py for tasks to queue
[2022-09-17 13:29:26,749] {logging_mixin.py:115} INFO - [2022-09-17 13:29:26,749] {dagbag.py:507} INFO - Filling up the DagBag from /home/airflow/.local/lib/python3.7/site-packages/airflow/example_dags/tutorial_taskflow_api_etl_virtualenv.py
[2022-09-17 13:29:26,771] {processor.py:651} INFO - DAG(s) dict_keys(['tutorial_taskflow_api_etl_virtualenv']) retrieved from /home/airflow/.local/lib/python3.7/site-packages/airflow/example_dags/tutorial_taskflow_api_etl_virtualenv.py
[2022-09-17 13:29:27,004] {logging_mixin.py:115} INFO - [2022-09-17 13:29:27,004] {manager.py:508} INFO - Created Permission View: can delete on DAG:tutorial_taskflow_api_etl_virtualenv
[2022-09-17 13:29:27,015] {logging_mixin.py:115} INFO - [2022-09-17 13:29:27,015] {manager.py:508} INFO - Created Permission View: can edit on DAG:tutorial_taskflow_api_etl_virtualenv
[2022-09-17 13:29:27,023] {logging_mixin.py:115} INFO - [2022-09-17 13:29:27,023] {manager.py:508} INFO - Created Permission View: can read on DAG:tutorial_taskflow_api_etl_virtualenv
[2022-09-17 13:29:27,023] {logging_mixin.py:115} INFO - [2022-09-17 13:29:27,023] {dag.py:2371} INFO - Sync 1 DAGs
[2022-09-17 13:29:27,033] {logging_mixin.py:115} INFO - [2022-09-17 13:29:27,033] {dag.py:2390} INFO - Creating ORM DAG for tutorial_taskflow_api_etl_virtualenv
[2022-09-17 13:29:27,046] {logging_mixin.py:115} INFO - [2022-09-17 13:29:27,046] {dag.py:2919} INFO - Setting next_dagrun for tutorial_taskflow_api_etl_virtualenv to None, run_after=None
[2022-09-17 13:29:27,061] {processor.py:161} INFO - Processing /home/airflow/.local/lib/python3.7/site-packages/airflow/example_dags/tutorial_taskflow_api_etl_virtualenv.py took 0.318 seconds
[2022-09-17 13:30:01,717] {processor.py:153} INFO - Started process (PID=128) to work on /home/airflow/.local/lib/python3.7/site-packages/airflow/example_dags/tutorial_taskflow_api_etl_virtualenv.py
[2022-09-17 13:30:01,718] {processor.py:641} INFO - Processing file /home/airflow/.local/lib/python3.7/site-packages/airflow/example_dags/tutorial_taskflow_api_etl_virtualenv.py for tasks to queue
[2022-09-17 13:30:01,719] {logging_mixin.py:115} INFO - [2022-09-17 13:30:01,719] {dagbag.py:507} INFO - Filling up the DagBag from /home/airflow/.local/lib/python3.7/site-packages/airflow/example_dags/tutorial_taskflow_api_etl_virtualenv.py
[2022-09-17 13:30:01,763] {processor.py:651} INFO - DAG(s) dict_keys(['tutorial_taskflow_api_etl_virtualenv']) retrieved from /home/airflow/.local/lib/python3.7/site-packages/airflow/example_dags/tutorial_taskflow_api_etl_virtualenv.py
[2022-09-17 13:30:02,055] {logging_mixin.py:115} INFO - [2022-09-17 13:30:02,055] {dag.py:2371} INFO - Sync 1 DAGs
[2022-09-17 13:30:02,095] {logging_mixin.py:115} INFO - [2022-09-17 13:30:02,095] {dag.py:2919} INFO - Setting next_dagrun for tutorial_taskflow_api_etl_virtualenv to None, run_after=None
[2022-09-17 13:30:02,118] {processor.py:161} INFO - Processing /home/airflow/.local/lib/python3.7/site-packages/airflow/example_dags/tutorial_taskflow_api_etl_virtualenv.py took 0.405 seconds
[2022-09-17 13:30:33,063] {processor.py:153} INFO - Started process (PID=180) to work on /home/airflow/.local/lib/python3.7/site-packages/airflow/example_dags/tutorial_taskflow_api_etl_virtualenv.py
[2022-09-17 13:30:33,063] {processor.py:641} INFO - Processing file /home/airflow/.local/lib/python3.7/site-packages/airflow/example_dags/tutorial_taskflow_api_etl_virtualenv.py for tasks to queue
[2022-09-17 13:30:33,065] {logging_mixin.py:115} INFO - [2022-09-17 13:30:33,064] {dagbag.py:507} INFO - Filling up the DagBag from /home/airflow/.local/lib/python3.7/site-packages/airflow/example_dags/tutorial_taskflow_api_etl_virtualenv.py
[2022-09-17 13:30:33,090] {processor.py:651} INFO - DAG(s) dict_keys(['tutorial_taskflow_api_etl_virtualenv']) retrieved from /home/airflow/.local/lib/python3.7/site-packages/airflow/example_dags/tutorial_taskflow_api_etl_virtualenv.py
[2022-09-17 13:30:33,145] {logging_mixin.py:115} INFO - [2022-09-17 13:30:33,145] {dag.py:2371} INFO - Sync 1 DAGs
[2022-09-17 13:30:33,327] {logging_mixin.py:115} INFO - [2022-09-17 13:30:33,327] {dag.py:2919} INFO - Setting next_dagrun for tutorial_taskflow_api_etl_virtualenv to None, run_after=None
[2022-09-17 13:30:33,336] {processor.py:161} INFO - Processing /home/airflow/.local/lib/python3.7/site-packages/airflow/example_dags/tutorial_taskflow_api_etl_virtualenv.py took 0.284 seconds
[2022-09-17 13:31:07,059] {processor.py:153} INFO - Started process (PID=240) to work on /home/airflow/.local/lib/python3.7/site-packages/airflow/example_dags/tutorial_taskflow_api_etl_virtualenv.py
[2022-09-17 13:31:07,066] {processor.py:641} INFO - Processing file /home/airflow/.local/lib/python3.7/site-packages/airflow/example_dags/tutorial_taskflow_api_etl_virtualenv.py for tasks to queue
[2022-09-17 13:31:07,067] {logging_mixin.py:115} INFO - [2022-09-17 13:31:07,067] {dagbag.py:507} INFO - Filling up the DagBag from /home/airflow/.local/lib/python3.7/site-packages/airflow/example_dags/tutorial_taskflow_api_etl_virtualenv.py
[2022-09-17 13:31:07,216] {processor.py:651} INFO - DAG(s) dict_keys(['tutorial_taskflow_api_etl_virtualenv']) retrieved from /home/airflow/.local/lib/python3.7/site-packages/airflow/example_dags/tutorial_taskflow_api_etl_virtualenv.py
[2022-09-17 13:31:08,493] {logging_mixin.py:115} INFO - [2022-09-17 13:31:08,493] {dag.py:2371} INFO - Sync 1 DAGs
[2022-09-17 13:31:08,539] {logging_mixin.py:115} INFO - [2022-09-17 13:31:08,539] {dag.py:2919} INFO - Setting next_dagrun for tutorial_taskflow_api_etl_virtualenv to None, run_after=None
[2022-09-17 13:31:08,564] {processor.py:161} INFO - Processing /home/airflow/.local/lib/python3.7/site-packages/airflow/example_dags/tutorial_taskflow_api_etl_virtualenv.py took 1.551 seconds
[2022-09-17 13:31:39,226] {processor.py:153} INFO - Started process (PID=293) to work on /home/airflow/.local/lib/python3.7/site-packages/airflow/example_dags/tutorial_taskflow_api_etl_virtualenv.py
[2022-09-17 13:31:39,227] {processor.py:641} INFO - Processing file /home/airflow/.local/lib/python3.7/site-packages/airflow/example_dags/tutorial_taskflow_api_etl_virtualenv.py for tasks to queue
[2022-09-17 13:31:39,227] {logging_mixin.py:115} INFO - [2022-09-17 13:31:39,227] {dagbag.py:507} INFO - Filling up the DagBag from /home/airflow/.local/lib/python3.7/site-packages/airflow/example_dags/tutorial_taskflow_api_etl_virtualenv.py
[2022-09-17 13:31:39,247] {processor.py:651} INFO - DAG(s) dict_keys(['tutorial_taskflow_api_etl_virtualenv']) retrieved from /home/airflow/.local/lib/python3.7/site-packages/airflow/example_dags/tutorial_taskflow_api_etl_virtualenv.py
[2022-09-17 13:31:39,478] {logging_mixin.py:115} INFO - [2022-09-17 13:31:39,478] {dag.py:2371} INFO - Sync 1 DAGs
[2022-09-17 13:31:39,496] {logging_mixin.py:115} INFO - [2022-09-17 13:31:39,496] {dag.py:2919} INFO - Setting next_dagrun for tutorial_taskflow_api_etl_virtualenv to None, run_after=None
[2022-09-17 13:31:39,509] {processor.py:161} INFO - Processing /home/airflow/.local/lib/python3.7/site-packages/airflow/example_dags/tutorial_taskflow_api_etl_virtualenv.py took 0.286 seconds
[2022-09-17 13:32:10,006] {processor.py:153} INFO - Started process (PID=354) to work on /home/airflow/.local/lib/python3.7/site-packages/airflow/example_dags/tutorial_taskflow_api_etl_virtualenv.py
[2022-09-17 13:32:10,010] {processor.py:641} INFO - Processing file /home/airflow/.local/lib/python3.7/site-packages/airflow/example_dags/tutorial_taskflow_api_etl_virtualenv.py for tasks to queue
[2022-09-17 13:32:10,011] {logging_mixin.py:115} INFO - [2022-09-17 13:32:10,011] {dagbag.py:507} INFO - Filling up the DagBag from /home/airflow/.local/lib/python3.7/site-packages/airflow/example_dags/tutorial_taskflow_api_etl_virtualenv.py
[2022-09-17 13:32:10,051] {processor.py:651} INFO - DAG(s) dict_keys(['tutorial_taskflow_api_etl_virtualenv']) retrieved from /home/airflow/.local/lib/python3.7/site-packages/airflow/example_dags/tutorial_taskflow_api_etl_virtualenv.py
[2022-09-17 13:32:10,381] {logging_mixin.py:115} INFO - [2022-09-17 13:32:10,381] {dag.py:2371} INFO - Sync 1 DAGs
[2022-09-17 13:32:10,401] {logging_mixin.py:115} INFO - [2022-09-17 13:32:10,401] {dag.py:2919} INFO - Setting next_dagrun for tutorial_taskflow_api_etl_virtualenv to None, run_after=None
[2022-09-17 13:32:10,417] {processor.py:161} INFO - Processing /home/airflow/.local/lib/python3.7/site-packages/airflow/example_dags/tutorial_taskflow_api_etl_virtualenv.py took 0.422 seconds
[2022-09-17 13:32:40,497] {processor.py:153} INFO - Started process (PID=405) to work on /home/airflow/.local/lib/python3.7/site-packages/airflow/example_dags/tutorial_taskflow_api_etl_virtualenv.py
[2022-09-17 13:32:40,498] {processor.py:641} INFO - Processing file /home/airflow/.local/lib/python3.7/site-packages/airflow/example_dags/tutorial_taskflow_api_etl_virtualenv.py for tasks to queue
[2022-09-17 13:32:40,499] {logging_mixin.py:115} INFO - [2022-09-17 13:32:40,499] {dagbag.py:507} INFO - Filling up the DagBag from /home/airflow/.local/lib/python3.7/site-packages/airflow/example_dags/tutorial_taskflow_api_etl_virtualenv.py
[2022-09-17 13:32:40,517] {processor.py:651} INFO - DAG(s) dict_keys(['tutorial_taskflow_api_etl_virtualenv']) retrieved from /home/airflow/.local/lib/python3.7/site-packages/airflow/example_dags/tutorial_taskflow_api_etl_virtualenv.py
[2022-09-17 13:32:40,794] {logging_mixin.py:115} INFO - [2022-09-17 13:32:40,794] {dag.py:2371} INFO - Sync 1 DAGs
[2022-09-17 13:32:40,832] {logging_mixin.py:115} INFO - [2022-09-17 13:32:40,832] {dag.py:2919} INFO - Setting next_dagrun for tutorial_taskflow_api_etl_virtualenv to None, run_after=None
[2022-09-17 13:32:41,008] {processor.py:161} INFO - Processing /home/airflow/.local/lib/python3.7/site-packages/airflow/example_dags/tutorial_taskflow_api_etl_virtualenv.py took 0.515 seconds
[2022-09-17 13:33:16,390] {processor.py:153} INFO - Started process (PID=467) to work on /home/airflow/.local/lib/python3.7/site-packages/airflow/example_dags/tutorial_taskflow_api_etl_virtualenv.py
[2022-09-17 13:33:16,391] {processor.py:641} INFO - Processing file /home/airflow/.local/lib/python3.7/site-packages/airflow/example_dags/tutorial_taskflow_api_etl_virtualenv.py for tasks to queue
[2022-09-17 13:33:16,391] {logging_mixin.py:115} INFO - [2022-09-17 13:33:16,391] {dagbag.py:507} INFO - Filling up the DagBag from /home/airflow/.local/lib/python3.7/site-packages/airflow/example_dags/tutorial_taskflow_api_etl_virtualenv.py
[2022-09-17 13:33:16,411] {processor.py:651} INFO - DAG(s) dict_keys(['tutorial_taskflow_api_etl_virtualenv']) retrieved from /home/airflow/.local/lib/python3.7/site-packages/airflow/example_dags/tutorial_taskflow_api_etl_virtualenv.py
[2022-09-17 13:33:16,633] {logging_mixin.py:115} INFO - [2022-09-17 13:33:16,633] {dag.py:2371} INFO - Sync 1 DAGs
[2022-09-17 13:33:16,653] {logging_mixin.py:115} INFO - [2022-09-17 13:33:16,653] {dag.py:2919} INFO - Setting next_dagrun for tutorial_taskflow_api_etl_virtualenv to None, run_after=None
[2022-09-17 13:33:16,669] {processor.py:161} INFO - Processing /home/airflow/.local/lib/python3.7/site-packages/airflow/example_dags/tutorial_taskflow_api_etl_virtualenv.py took 0.284 seconds
[2022-09-17 13:33:46,727] {processor.py:153} INFO - Started process (PID=520) to work on /home/airflow/.local/lib/python3.7/site-packages/airflow/example_dags/tutorial_taskflow_api_etl_virtualenv.py
[2022-09-17 13:33:46,728] {processor.py:641} INFO - Processing file /home/airflow/.local/lib/python3.7/site-packages/airflow/example_dags/tutorial_taskflow_api_etl_virtualenv.py for tasks to queue
[2022-09-17 13:33:46,729] {logging_mixin.py:115} INFO - [2022-09-17 13:33:46,728] {dagbag.py:507} INFO - Filling up the DagBag from /home/airflow/.local/lib/python3.7/site-packages/airflow/example_dags/tutorial_taskflow_api_etl_virtualenv.py
[2022-09-17 13:33:46,747] {processor.py:651} INFO - DAG(s) dict_keys(['tutorial_taskflow_api_etl_virtualenv']) retrieved from /home/airflow/.local/lib/python3.7/site-packages/airflow/example_dags/tutorial_taskflow_api_etl_virtualenv.py
[2022-09-17 13:33:46,972] {logging_mixin.py:115} INFO - [2022-09-17 13:33:46,972] {dag.py:2371} INFO - Sync 1 DAGs
[2022-09-17 13:33:46,989] {logging_mixin.py:115} INFO - [2022-09-17 13:33:46,989] {dag.py:2919} INFO - Setting next_dagrun for tutorial_taskflow_api_etl_virtualenv to None, run_after=None
[2022-09-17 13:33:47,001] {processor.py:161} INFO - Processing /home/airflow/.local/lib/python3.7/site-packages/airflow/example_dags/tutorial_taskflow_api_etl_virtualenv.py took 0.278 seconds
[2022-09-17 13:34:19,501] {processor.py:153} INFO - Started process (PID=577) to work on /home/airflow/.local/lib/python3.7/site-packages/airflow/example_dags/tutorial_taskflow_api_etl_virtualenv.py
[2022-09-17 13:34:19,517] {processor.py:641} INFO - Processing file /home/airflow/.local/lib/python3.7/site-packages/airflow/example_dags/tutorial_taskflow_api_etl_virtualenv.py for tasks to queue
[2022-09-17 13:34:19,519] {logging_mixin.py:115} INFO - [2022-09-17 13:34:19,519] {dagbag.py:507} INFO - Filling up the DagBag from /home/airflow/.local/lib/python3.7/site-packages/airflow/example_dags/tutorial_taskflow_api_etl_virtualenv.py
[2022-09-17 13:34:19,558] {processor.py:651} INFO - DAG(s) dict_keys(['tutorial_taskflow_api_etl_virtualenv']) retrieved from /home/airflow/.local/lib/python3.7/site-packages/airflow/example_dags/tutorial_taskflow_api_etl_virtualenv.py
[2022-09-17 13:34:19,936] {logging_mixin.py:115} INFO - [2022-09-17 13:34:19,936] {dag.py:2371} INFO - Sync 1 DAGs
[2022-09-17 13:34:19,969] {logging_mixin.py:115} INFO - [2022-09-17 13:34:19,968] {dag.py:2919} INFO - Setting next_dagrun for tutorial_taskflow_api_etl_virtualenv to None, run_after=None
[2022-09-17 13:34:20,063] {processor.py:161} INFO - Processing /home/airflow/.local/lib/python3.7/site-packages/airflow/example_dags/tutorial_taskflow_api_etl_virtualenv.py took 0.566 seconds
[2022-09-17 13:34:51,151] {processor.py:153} INFO - Started process (PID=633) to work on /home/airflow/.local/lib/python3.7/site-packages/airflow/example_dags/tutorial_taskflow_api_etl_virtualenv.py
[2022-09-17 13:34:51,152] {processor.py:641} INFO - Processing file /home/airflow/.local/lib/python3.7/site-packages/airflow/example_dags/tutorial_taskflow_api_etl_virtualenv.py for tasks to queue
[2022-09-17 13:34:51,153] {logging_mixin.py:115} INFO - [2022-09-17 13:34:51,153] {dagbag.py:507} INFO - Filling up the DagBag from /home/airflow/.local/lib/python3.7/site-packages/airflow/example_dags/tutorial_taskflow_api_etl_virtualenv.py
[2022-09-17 13:34:51,200] {processor.py:651} INFO - DAG(s) dict_keys(['tutorial_taskflow_api_etl_virtualenv']) retrieved from /home/airflow/.local/lib/python3.7/site-packages/airflow/example_dags/tutorial_taskflow_api_etl_virtualenv.py
[2022-09-17 13:34:51,706] {logging_mixin.py:115} INFO - [2022-09-17 13:34:51,706] {dag.py:2371} INFO - Sync 1 DAGs
[2022-09-17 13:34:51,744] {logging_mixin.py:115} INFO - [2022-09-17 13:34:51,744] {dag.py:2919} INFO - Setting next_dagrun for tutorial_taskflow_api_etl_virtualenv to None, run_after=None
[2022-09-17 13:34:51,771] {processor.py:161} INFO - Processing /home/airflow/.local/lib/python3.7/site-packages/airflow/example_dags/tutorial_taskflow_api_etl_virtualenv.py took 0.635 seconds
[2022-09-17 13:35:22,740] {processor.py:153} INFO - Started process (PID=686) to work on /home/airflow/.local/lib/python3.7/site-packages/airflow/example_dags/tutorial_taskflow_api_etl_virtualenv.py
[2022-09-17 13:35:22,741] {processor.py:641} INFO - Processing file /home/airflow/.local/lib/python3.7/site-packages/airflow/example_dags/tutorial_taskflow_api_etl_virtualenv.py for tasks to queue
[2022-09-17 13:35:22,742] {logging_mixin.py:115} INFO - [2022-09-17 13:35:22,742] {dagbag.py:507} INFO - Filling up the DagBag from /home/airflow/.local/lib/python3.7/site-packages/airflow/example_dags/tutorial_taskflow_api_etl_virtualenv.py
[2022-09-17 13:35:22,762] {processor.py:651} INFO - DAG(s) dict_keys(['tutorial_taskflow_api_etl_virtualenv']) retrieved from /home/airflow/.local/lib/python3.7/site-packages/airflow/example_dags/tutorial_taskflow_api_etl_virtualenv.py
[2022-09-17 13:35:23,049] {logging_mixin.py:115} INFO - [2022-09-17 13:35:23,048] {dag.py:2371} INFO - Sync 1 DAGs
[2022-09-17 13:35:23,084] {logging_mixin.py:115} INFO - [2022-09-17 13:35:23,084] {dag.py:2919} INFO - Setting next_dagrun for tutorial_taskflow_api_etl_virtualenv to None, run_after=None
[2022-09-17 13:35:23,098] {processor.py:161} INFO - Processing /home/airflow/.local/lib/python3.7/site-packages/airflow/example_dags/tutorial_taskflow_api_etl_virtualenv.py took 0.366 seconds
[2022-09-17 13:35:53,209] {processor.py:153} INFO - Started process (PID=746) to work on /home/airflow/.local/lib/python3.7/site-packages/airflow/example_dags/tutorial_taskflow_api_etl_virtualenv.py
[2022-09-17 13:35:53,211] {processor.py:641} INFO - Processing file /home/airflow/.local/lib/python3.7/site-packages/airflow/example_dags/tutorial_taskflow_api_etl_virtualenv.py for tasks to queue
[2022-09-17 13:35:53,212] {logging_mixin.py:115} INFO - [2022-09-17 13:35:53,212] {dagbag.py:507} INFO - Filling up the DagBag from /home/airflow/.local/lib/python3.7/site-packages/airflow/example_dags/tutorial_taskflow_api_etl_virtualenv.py
[2022-09-17 13:35:53,237] {processor.py:651} INFO - DAG(s) dict_keys(['tutorial_taskflow_api_etl_virtualenv']) retrieved from /home/airflow/.local/lib/python3.7/site-packages/airflow/example_dags/tutorial_taskflow_api_etl_virtualenv.py
[2022-09-17 13:35:53,273] {logging_mixin.py:115} INFO - [2022-09-17 13:35:53,273] {dag.py:2371} INFO - Sync 1 DAGs
[2022-09-17 13:35:53,462] {logging_mixin.py:115} INFO - [2022-09-17 13:35:53,462] {dag.py:2919} INFO - Setting next_dagrun for tutorial_taskflow_api_etl_virtualenv to None, run_after=None
[2022-09-17 13:35:53,487] {processor.py:161} INFO - Processing /home/airflow/.local/lib/python3.7/site-packages/airflow/example_dags/tutorial_taskflow_api_etl_virtualenv.py took 0.283 seconds
[2022-09-17 13:36:27,818] {processor.py:153} INFO - Started process (PID=810) to work on /home/airflow/.local/lib/python3.7/site-packages/airflow/example_dags/tutorial_taskflow_api_etl_virtualenv.py
[2022-09-17 13:36:27,830] {processor.py:641} INFO - Processing file /home/airflow/.local/lib/python3.7/site-packages/airflow/example_dags/tutorial_taskflow_api_etl_virtualenv.py for tasks to queue
[2022-09-17 13:36:27,832] {logging_mixin.py:115} INFO - [2022-09-17 13:36:27,832] {dagbag.py:507} INFO - Filling up the DagBag from /home/airflow/.local/lib/python3.7/site-packages/airflow/example_dags/tutorial_taskflow_api_etl_virtualenv.py
[2022-09-17 13:36:27,959] {processor.py:651} INFO - DAG(s) dict_keys(['tutorial_taskflow_api_etl_virtualenv']) retrieved from /home/airflow/.local/lib/python3.7/site-packages/airflow/example_dags/tutorial_taskflow_api_etl_virtualenv.py
[2022-09-17 13:36:28,343] {logging_mixin.py:115} INFO - [2022-09-17 13:36:28,343] {dag.py:2371} INFO - Sync 1 DAGs
[2022-09-17 13:36:29,188] {logging_mixin.py:115} INFO - [2022-09-17 13:36:29,188] {dag.py:2919} INFO - Setting next_dagrun for tutorial_taskflow_api_etl_virtualenv to None, run_after=None
[2022-09-17 13:36:29,276] {processor.py:161} INFO - Processing /home/airflow/.local/lib/python3.7/site-packages/airflow/example_dags/tutorial_taskflow_api_etl_virtualenv.py took 1.482 seconds
[2022-09-17 13:37:07,572] {processor.py:153} INFO - Started process (PID=865) to work on /home/airflow/.local/lib/python3.7/site-packages/airflow/example_dags/tutorial_taskflow_api_etl_virtualenv.py
[2022-09-17 13:37:07,573] {processor.py:641} INFO - Processing file /home/airflow/.local/lib/python3.7/site-packages/airflow/example_dags/tutorial_taskflow_api_etl_virtualenv.py for tasks to queue
[2022-09-17 13:37:07,575] {logging_mixin.py:115} INFO - [2022-09-17 13:37:07,574] {dagbag.py:507} INFO - Filling up the DagBag from /home/airflow/.local/lib/python3.7/site-packages/airflow/example_dags/tutorial_taskflow_api_etl_virtualenv.py
[2022-09-17 13:37:07,609] {processor.py:651} INFO - DAG(s) dict_keys(['tutorial_taskflow_api_etl_virtualenv']) retrieved from /home/airflow/.local/lib/python3.7/site-packages/airflow/example_dags/tutorial_taskflow_api_etl_virtualenv.py
[2022-09-17 13:37:07,663] {logging_mixin.py:115} INFO - [2022-09-17 13:37:07,663] {dag.py:2371} INFO - Sync 1 DAGs
[2022-09-17 13:37:08,027] {logging_mixin.py:115} INFO - [2022-09-17 13:37:08,027] {dag.py:2919} INFO - Setting next_dagrun for tutorial_taskflow_api_etl_virtualenv to None, run_after=None
[2022-09-17 13:37:08,068] {processor.py:161} INFO - Processing /home/airflow/.local/lib/python3.7/site-packages/airflow/example_dags/tutorial_taskflow_api_etl_virtualenv.py took 0.506 seconds
[2022-09-17 13:39:15,586] {processor.py:153} INFO - Started process (PID=925) to work on /home/airflow/.local/lib/python3.7/site-packages/airflow/example_dags/tutorial_taskflow_api_etl_virtualenv.py
[2022-09-17 13:39:15,602] {processor.py:641} INFO - Processing file /home/airflow/.local/lib/python3.7/site-packages/airflow/example_dags/tutorial_taskflow_api_etl_virtualenv.py for tasks to queue
[2022-09-17 13:39:15,603] {logging_mixin.py:115} INFO - [2022-09-17 13:39:15,603] {dagbag.py:507} INFO - Filling up the DagBag from /home/airflow/.local/lib/python3.7/site-packages/airflow/example_dags/tutorial_taskflow_api_etl_virtualenv.py
[2022-09-17 13:39:15,815] {processor.py:651} INFO - DAG(s) dict_keys(['tutorial_taskflow_api_etl_virtualenv']) retrieved from /home/airflow/.local/lib/python3.7/site-packages/airflow/example_dags/tutorial_taskflow_api_etl_virtualenv.py
[2022-09-17 13:39:18,060] {logging_mixin.py:115} INFO - [2022-09-17 13:39:18,060] {dag.py:2371} INFO - Sync 1 DAGs
[2022-09-17 13:39:18,164] {logging_mixin.py:115} INFO - [2022-09-17 13:39:18,164] {dag.py:2919} INFO - Setting next_dagrun for tutorial_taskflow_api_etl_virtualenv to None, run_after=None
[2022-09-17 13:39:18,237] {processor.py:161} INFO - Processing /home/airflow/.local/lib/python3.7/site-packages/airflow/example_dags/tutorial_taskflow_api_etl_virtualenv.py took 2.658 seconds
[2022-09-17 13:39:48,902] {processor.py:153} INFO - Started process (PID=990) to work on /home/airflow/.local/lib/python3.7/site-packages/airflow/example_dags/tutorial_taskflow_api_etl_virtualenv.py
[2022-09-17 13:39:48,912] {processor.py:641} INFO - Processing file /home/airflow/.local/lib/python3.7/site-packages/airflow/example_dags/tutorial_taskflow_api_etl_virtualenv.py for tasks to queue
[2022-09-17 13:39:48,914] {logging_mixin.py:115} INFO - [2022-09-17 13:39:48,913] {dagbag.py:507} INFO - Filling up the DagBag from /home/airflow/.local/lib/python3.7/site-packages/airflow/example_dags/tutorial_taskflow_api_etl_virtualenv.py
[2022-09-17 13:39:48,934] {processor.py:651} INFO - DAG(s) dict_keys(['tutorial_taskflow_api_etl_virtualenv']) retrieved from /home/airflow/.local/lib/python3.7/site-packages/airflow/example_dags/tutorial_taskflow_api_etl_virtualenv.py
[2022-09-17 13:39:49,162] {logging_mixin.py:115} INFO - [2022-09-17 13:39:49,162] {dag.py:2371} INFO - Sync 1 DAGs
[2022-09-17 13:39:49,206] {logging_mixin.py:115} INFO - [2022-09-17 13:39:49,206] {dag.py:2919} INFO - Setting next_dagrun for tutorial_taskflow_api_etl_virtualenv to None, run_after=None
[2022-09-17 13:39:49,223] {processor.py:161} INFO - Processing /home/airflow/.local/lib/python3.7/site-packages/airflow/example_dags/tutorial_taskflow_api_etl_virtualenv.py took 0.326 seconds
[2022-09-17 13:40:22,129] {processor.py:153} INFO - Started process (PID=1043) to work on /home/airflow/.local/lib/python3.7/site-packages/airflow/example_dags/tutorial_taskflow_api_etl_virtualenv.py
[2022-09-17 13:40:22,135] {processor.py:641} INFO - Processing file /home/airflow/.local/lib/python3.7/site-packages/airflow/example_dags/tutorial_taskflow_api_etl_virtualenv.py for tasks to queue
[2022-09-17 13:40:22,137] {logging_mixin.py:115} INFO - [2022-09-17 13:40:22,137] {dagbag.py:507} INFO - Filling up the DagBag from /home/airflow/.local/lib/python3.7/site-packages/airflow/example_dags/tutorial_taskflow_api_etl_virtualenv.py
[2022-09-17 13:40:22,258] {processor.py:651} INFO - DAG(s) dict_keys(['tutorial_taskflow_api_etl_virtualenv']) retrieved from /home/airflow/.local/lib/python3.7/site-packages/airflow/example_dags/tutorial_taskflow_api_etl_virtualenv.py
[2022-09-17 13:40:24,254] {logging_mixin.py:115} INFO - [2022-09-17 13:40:24,237] {dag.py:2371} INFO - Sync 1 DAGs
[2022-09-17 13:40:24,541] {logging_mixin.py:115} INFO - [2022-09-17 13:40:24,541] {dag.py:2919} INFO - Setting next_dagrun for tutorial_taskflow_api_etl_virtualenv to None, run_after=None
[2022-09-17 13:40:24,600] {processor.py:161} INFO - Processing /home/airflow/.local/lib/python3.7/site-packages/airflow/example_dags/tutorial_taskflow_api_etl_virtualenv.py took 2.494 seconds
[2022-09-17 13:45:36,910] {processor.py:153} INFO - Started process (PID=70) to work on /home/airflow/.local/lib/python3.7/site-packages/airflow/example_dags/tutorial_taskflow_api_etl_virtualenv.py
[2022-09-17 13:45:36,916] {processor.py:641} INFO - Processing file /home/airflow/.local/lib/python3.7/site-packages/airflow/example_dags/tutorial_taskflow_api_etl_virtualenv.py for tasks to queue
[2022-09-17 13:45:36,917] {logging_mixin.py:115} INFO - [2022-09-17 13:45:36,917] {dagbag.py:507} INFO - Filling up the DagBag from /home/airflow/.local/lib/python3.7/site-packages/airflow/example_dags/tutorial_taskflow_api_etl_virtualenv.py
[2022-09-17 13:45:36,964] {processor.py:651} INFO - DAG(s) dict_keys(['tutorial_taskflow_api_etl_virtualenv']) retrieved from /home/airflow/.local/lib/python3.7/site-packages/airflow/example_dags/tutorial_taskflow_api_etl_virtualenv.py
[2022-09-17 13:45:37,223] {logging_mixin.py:115} INFO - [2022-09-17 13:45:37,222] {dag.py:2371} INFO - Sync 1 DAGs
[2022-09-17 13:45:37,858] {logging_mixin.py:115} INFO - [2022-09-17 13:45:37,858] {dag.py:2919} INFO - Setting next_dagrun for tutorial_taskflow_api_etl_virtualenv to None, run_after=None
[2022-09-17 13:45:37,988] {processor.py:161} INFO - Processing /home/airflow/.local/lib/python3.7/site-packages/airflow/example_dags/tutorial_taskflow_api_etl_virtualenv.py took 1.084 seconds
[2022-09-17 13:46:09,769] {processor.py:153} INFO - Started process (PID=124) to work on /home/airflow/.local/lib/python3.7/site-packages/airflow/example_dags/tutorial_taskflow_api_etl_virtualenv.py
[2022-09-17 13:46:09,771] {processor.py:641} INFO - Processing file /home/airflow/.local/lib/python3.7/site-packages/airflow/example_dags/tutorial_taskflow_api_etl_virtualenv.py for tasks to queue
[2022-09-17 13:46:09,774] {logging_mixin.py:115} INFO - [2022-09-17 13:46:09,774] {dagbag.py:507} INFO - Filling up the DagBag from /home/airflow/.local/lib/python3.7/site-packages/airflow/example_dags/tutorial_taskflow_api_etl_virtualenv.py
[2022-09-17 13:46:10,208] {processor.py:651} INFO - DAG(s) dict_keys(['tutorial_taskflow_api_etl_virtualenv']) retrieved from /home/airflow/.local/lib/python3.7/site-packages/airflow/example_dags/tutorial_taskflow_api_etl_virtualenv.py
[2022-09-17 13:46:10,888] {logging_mixin.py:115} INFO - [2022-09-17 13:46:10,888] {dag.py:2371} INFO - Sync 1 DAGs
[2022-09-17 13:46:13,164] {logging_mixin.py:115} INFO - [2022-09-17 13:46:13,164] {dag.py:2919} INFO - Setting next_dagrun for tutorial_taskflow_api_etl_virtualenv to None, run_after=None
[2022-09-17 13:46:13,478] {processor.py:161} INFO - Processing /home/airflow/.local/lib/python3.7/site-packages/airflow/example_dags/tutorial_taskflow_api_etl_virtualenv.py took 3.754 seconds
[2022-09-17 13:46:43,627] {processor.py:153} INFO - Started process (PID=179) to work on /home/airflow/.local/lib/python3.7/site-packages/airflow/example_dags/tutorial_taskflow_api_etl_virtualenv.py
[2022-09-17 13:46:43,632] {processor.py:641} INFO - Processing file /home/airflow/.local/lib/python3.7/site-packages/airflow/example_dags/tutorial_taskflow_api_etl_virtualenv.py for tasks to queue
[2022-09-17 13:46:43,633] {logging_mixin.py:115} INFO - [2022-09-17 13:46:43,633] {dagbag.py:507} INFO - Filling up the DagBag from /home/airflow/.local/lib/python3.7/site-packages/airflow/example_dags/tutorial_taskflow_api_etl_virtualenv.py
[2022-09-17 13:46:43,705] {processor.py:651} INFO - DAG(s) dict_keys(['tutorial_taskflow_api_etl_virtualenv']) retrieved from /home/airflow/.local/lib/python3.7/site-packages/airflow/example_dags/tutorial_taskflow_api_etl_virtualenv.py
[2022-09-17 13:46:43,906] {logging_mixin.py:115} INFO - [2022-09-17 13:46:43,906] {dag.py:2371} INFO - Sync 1 DAGs
[2022-09-17 13:46:44,316] {logging_mixin.py:115} INFO - [2022-09-17 13:46:44,316] {dag.py:2919} INFO - Setting next_dagrun for tutorial_taskflow_api_etl_virtualenv to None, run_after=None
[2022-09-17 13:46:44,353] {processor.py:161} INFO - Processing /home/airflow/.local/lib/python3.7/site-packages/airflow/example_dags/tutorial_taskflow_api_etl_virtualenv.py took 0.736 seconds
[2022-09-17 13:47:15,176] {processor.py:153} INFO - Started process (PID=233) to work on /home/airflow/.local/lib/python3.7/site-packages/airflow/example_dags/tutorial_taskflow_api_etl_virtualenv.py
[2022-09-17 13:47:15,177] {processor.py:641} INFO - Processing file /home/airflow/.local/lib/python3.7/site-packages/airflow/example_dags/tutorial_taskflow_api_etl_virtualenv.py for tasks to queue
[2022-09-17 13:47:15,177] {logging_mixin.py:115} INFO - [2022-09-17 13:47:15,177] {dagbag.py:507} INFO - Filling up the DagBag from /home/airflow/.local/lib/python3.7/site-packages/airflow/example_dags/tutorial_taskflow_api_etl_virtualenv.py
[2022-09-17 13:47:15,194] {processor.py:651} INFO - DAG(s) dict_keys(['tutorial_taskflow_api_etl_virtualenv']) retrieved from /home/airflow/.local/lib/python3.7/site-packages/airflow/example_dags/tutorial_taskflow_api_etl_virtualenv.py
[2022-09-17 13:47:15,266] {logging_mixin.py:115} INFO - [2022-09-17 13:47:15,266] {dag.py:2371} INFO - Sync 1 DAGs
[2022-09-17 13:47:15,450] {logging_mixin.py:115} INFO - [2022-09-17 13:47:15,450] {dag.py:2919} INFO - Setting next_dagrun for tutorial_taskflow_api_etl_virtualenv to None, run_after=None
[2022-09-17 13:47:15,463] {processor.py:161} INFO - Processing /home/airflow/.local/lib/python3.7/site-packages/airflow/example_dags/tutorial_taskflow_api_etl_virtualenv.py took 0.291 seconds
[2022-09-17 13:47:45,703] {processor.py:153} INFO - Started process (PID=287) to work on /home/airflow/.local/lib/python3.7/site-packages/airflow/example_dags/tutorial_taskflow_api_etl_virtualenv.py
[2022-09-17 13:47:45,704] {processor.py:641} INFO - Processing file /home/airflow/.local/lib/python3.7/site-packages/airflow/example_dags/tutorial_taskflow_api_etl_virtualenv.py for tasks to queue
[2022-09-17 13:47:45,705] {logging_mixin.py:115} INFO - [2022-09-17 13:47:45,705] {dagbag.py:507} INFO - Filling up the DagBag from /home/airflow/.local/lib/python3.7/site-packages/airflow/example_dags/tutorial_taskflow_api_etl_virtualenv.py
[2022-09-17 13:47:45,723] {processor.py:651} INFO - DAG(s) dict_keys(['tutorial_taskflow_api_etl_virtualenv']) retrieved from /home/airflow/.local/lib/python3.7/site-packages/airflow/example_dags/tutorial_taskflow_api_etl_virtualenv.py
[2022-09-17 13:47:45,799] {logging_mixin.py:115} INFO - [2022-09-17 13:47:45,799] {dag.py:2371} INFO - Sync 1 DAGs
[2022-09-17 13:47:45,951] {logging_mixin.py:115} INFO - [2022-09-17 13:47:45,951] {dag.py:2919} INFO - Setting next_dagrun for tutorial_taskflow_api_etl_virtualenv to None, run_after=None
[2022-09-17 13:47:45,961] {processor.py:161} INFO - Processing /home/airflow/.local/lib/python3.7/site-packages/airflow/example_dags/tutorial_taskflow_api_etl_virtualenv.py took 0.262 seconds
[2022-09-17 13:48:16,088] {processor.py:153} INFO - Started process (PID=348) to work on /home/airflow/.local/lib/python3.7/site-packages/airflow/example_dags/tutorial_taskflow_api_etl_virtualenv.py
[2022-09-17 13:48:16,091] {processor.py:641} INFO - Processing file /home/airflow/.local/lib/python3.7/site-packages/airflow/example_dags/tutorial_taskflow_api_etl_virtualenv.py for tasks to queue
[2022-09-17 13:48:16,092] {logging_mixin.py:115} INFO - [2022-09-17 13:48:16,092] {dagbag.py:507} INFO - Filling up the DagBag from /home/airflow/.local/lib/python3.7/site-packages/airflow/example_dags/tutorial_taskflow_api_etl_virtualenv.py
[2022-09-17 13:48:16,115] {processor.py:651} INFO - DAG(s) dict_keys(['tutorial_taskflow_api_etl_virtualenv']) retrieved from /home/airflow/.local/lib/python3.7/site-packages/airflow/example_dags/tutorial_taskflow_api_etl_virtualenv.py
[2022-09-17 13:48:16,228] {logging_mixin.py:115} INFO - [2022-09-17 13:48:16,228] {dag.py:2371} INFO - Sync 1 DAGs
[2022-09-17 13:48:16,470] {logging_mixin.py:115} INFO - [2022-09-17 13:48:16,470] {dag.py:2919} INFO - Setting next_dagrun for tutorial_taskflow_api_etl_virtualenv to None, run_after=None
[2022-09-17 13:48:16,488] {processor.py:161} INFO - Processing /home/airflow/.local/lib/python3.7/site-packages/airflow/example_dags/tutorial_taskflow_api_etl_virtualenv.py took 0.407 seconds
[2022-09-17 13:48:46,968] {processor.py:153} INFO - Started process (PID=401) to work on /home/airflow/.local/lib/python3.7/site-packages/airflow/example_dags/tutorial_taskflow_api_etl_virtualenv.py
[2022-09-17 13:48:46,968] {processor.py:641} INFO - Processing file /home/airflow/.local/lib/python3.7/site-packages/airflow/example_dags/tutorial_taskflow_api_etl_virtualenv.py for tasks to queue
[2022-09-17 13:48:46,969] {logging_mixin.py:115} INFO - [2022-09-17 13:48:46,969] {dagbag.py:507} INFO - Filling up the DagBag from /home/airflow/.local/lib/python3.7/site-packages/airflow/example_dags/tutorial_taskflow_api_etl_virtualenv.py
[2022-09-17 13:48:46,986] {processor.py:651} INFO - DAG(s) dict_keys(['tutorial_taskflow_api_etl_virtualenv']) retrieved from /home/airflow/.local/lib/python3.7/site-packages/airflow/example_dags/tutorial_taskflow_api_etl_virtualenv.py
[2022-09-17 13:48:47,013] {logging_mixin.py:115} INFO - [2022-09-17 13:48:47,013] {dag.py:2371} INFO - Sync 1 DAGs
[2022-09-17 13:48:47,038] {logging_mixin.py:115} INFO - [2022-09-17 13:48:47,038] {dag.py:2919} INFO - Setting next_dagrun for tutorial_taskflow_api_etl_virtualenv to None, run_after=None
[2022-09-17 13:48:47,048] {processor.py:161} INFO - Processing /home/airflow/.local/lib/python3.7/site-packages/airflow/example_dags/tutorial_taskflow_api_etl_virtualenv.py took 0.083 seconds
[2022-09-17 13:49:17,460] {processor.py:153} INFO - Started process (PID=464) to work on /home/airflow/.local/lib/python3.7/site-packages/airflow/example_dags/tutorial_taskflow_api_etl_virtualenv.py
[2022-09-17 13:49:17,461] {processor.py:641} INFO - Processing file /home/airflow/.local/lib/python3.7/site-packages/airflow/example_dags/tutorial_taskflow_api_etl_virtualenv.py for tasks to queue
[2022-09-17 13:49:17,462] {logging_mixin.py:115} INFO - [2022-09-17 13:49:17,461] {dagbag.py:507} INFO - Filling up the DagBag from /home/airflow/.local/lib/python3.7/site-packages/airflow/example_dags/tutorial_taskflow_api_etl_virtualenv.py
[2022-09-17 13:49:17,479] {processor.py:651} INFO - DAG(s) dict_keys(['tutorial_taskflow_api_etl_virtualenv']) retrieved from /home/airflow/.local/lib/python3.7/site-packages/airflow/example_dags/tutorial_taskflow_api_etl_virtualenv.py
[2022-09-17 13:49:17,547] {logging_mixin.py:115} INFO - [2022-09-17 13:49:17,547] {dag.py:2371} INFO - Sync 1 DAGs
[2022-09-17 13:49:17,691] {logging_mixin.py:115} INFO - [2022-09-17 13:49:17,691] {dag.py:2919} INFO - Setting next_dagrun for tutorial_taskflow_api_etl_virtualenv to None, run_after=None
[2022-09-17 13:49:17,702] {processor.py:161} INFO - Processing /home/airflow/.local/lib/python3.7/site-packages/airflow/example_dags/tutorial_taskflow_api_etl_virtualenv.py took 0.245 seconds
[2022-09-17 13:49:47,987] {processor.py:153} INFO - Started process (PID=518) to work on /home/airflow/.local/lib/python3.7/site-packages/airflow/example_dags/tutorial_taskflow_api_etl_virtualenv.py
[2022-09-17 13:49:47,988] {processor.py:641} INFO - Processing file /home/airflow/.local/lib/python3.7/site-packages/airflow/example_dags/tutorial_taskflow_api_etl_virtualenv.py for tasks to queue
[2022-09-17 13:49:47,990] {logging_mixin.py:115} INFO - [2022-09-17 13:49:47,988] {dagbag.py:507} INFO - Filling up the DagBag from /home/airflow/.local/lib/python3.7/site-packages/airflow/example_dags/tutorial_taskflow_api_etl_virtualenv.py
[2022-09-17 13:49:48,010] {processor.py:651} INFO - DAG(s) dict_keys(['tutorial_taskflow_api_etl_virtualenv']) retrieved from /home/airflow/.local/lib/python3.7/site-packages/airflow/example_dags/tutorial_taskflow_api_etl_virtualenv.py
[2022-09-17 13:49:48,048] {logging_mixin.py:115} INFO - [2022-09-17 13:49:48,048] {dag.py:2371} INFO - Sync 1 DAGs
[2022-09-17 13:49:48,075] {logging_mixin.py:115} INFO - [2022-09-17 13:49:48,075] {dag.py:2919} INFO - Setting next_dagrun for tutorial_taskflow_api_etl_virtualenv to None, run_after=None
[2022-09-17 13:49:48,110] {processor.py:161} INFO - Processing /home/airflow/.local/lib/python3.7/site-packages/airflow/example_dags/tutorial_taskflow_api_etl_virtualenv.py took 0.128 seconds
[2022-09-17 13:50:18,197] {processor.py:153} INFO - Started process (PID=583) to work on /home/airflow/.local/lib/python3.7/site-packages/airflow/example_dags/tutorial_taskflow_api_etl_virtualenv.py
[2022-09-17 13:50:18,199] {processor.py:641} INFO - Processing file /home/airflow/.local/lib/python3.7/site-packages/airflow/example_dags/tutorial_taskflow_api_etl_virtualenv.py for tasks to queue
[2022-09-17 13:50:18,201] {logging_mixin.py:115} INFO - [2022-09-17 13:50:18,201] {dagbag.py:507} INFO - Filling up the DagBag from /home/airflow/.local/lib/python3.7/site-packages/airflow/example_dags/tutorial_taskflow_api_etl_virtualenv.py
[2022-09-17 13:50:18,240] {processor.py:651} INFO - DAG(s) dict_keys(['tutorial_taskflow_api_etl_virtualenv']) retrieved from /home/airflow/.local/lib/python3.7/site-packages/airflow/example_dags/tutorial_taskflow_api_etl_virtualenv.py
[2022-09-17 13:50:18,321] {logging_mixin.py:115} INFO - [2022-09-17 13:50:18,321] {dag.py:2371} INFO - Sync 1 DAGs
[2022-09-17 13:50:18,478] {logging_mixin.py:115} INFO - [2022-09-17 13:50:18,478] {dag.py:2919} INFO - Setting next_dagrun for tutorial_taskflow_api_etl_virtualenv to None, run_after=None
[2022-09-17 13:50:18,493] {processor.py:161} INFO - Processing /home/airflow/.local/lib/python3.7/site-packages/airflow/example_dags/tutorial_taskflow_api_etl_virtualenv.py took 0.307 seconds
[2022-09-17 13:50:49,355] {processor.py:153} INFO - Started process (PID=646) to work on /home/airflow/.local/lib/python3.7/site-packages/airflow/example_dags/tutorial_taskflow_api_etl_virtualenv.py
[2022-09-17 13:50:49,356] {processor.py:641} INFO - Processing file /home/airflow/.local/lib/python3.7/site-packages/airflow/example_dags/tutorial_taskflow_api_etl_virtualenv.py for tasks to queue
[2022-09-17 13:50:49,356] {logging_mixin.py:115} INFO - [2022-09-17 13:50:49,356] {dagbag.py:507} INFO - Filling up the DagBag from /home/airflow/.local/lib/python3.7/site-packages/airflow/example_dags/tutorial_taskflow_api_etl_virtualenv.py
[2022-09-17 13:50:49,375] {processor.py:651} INFO - DAG(s) dict_keys(['tutorial_taskflow_api_etl_virtualenv']) retrieved from /home/airflow/.local/lib/python3.7/site-packages/airflow/example_dags/tutorial_taskflow_api_etl_virtualenv.py
[2022-09-17 13:50:49,467] {logging_mixin.py:115} INFO - [2022-09-17 13:50:49,467] {dag.py:2371} INFO - Sync 1 DAGs
[2022-09-17 13:50:49,620] {logging_mixin.py:115} INFO - [2022-09-17 13:50:49,620] {dag.py:2919} INFO - Setting next_dagrun for tutorial_taskflow_api_etl_virtualenv to None, run_after=None
[2022-09-17 13:50:49,632] {processor.py:161} INFO - Processing /home/airflow/.local/lib/python3.7/site-packages/airflow/example_dags/tutorial_taskflow_api_etl_virtualenv.py took 0.280 seconds
[2022-09-17 13:51:19,994] {processor.py:153} INFO - Started process (PID=700) to work on /home/airflow/.local/lib/python3.7/site-packages/airflow/example_dags/tutorial_taskflow_api_etl_virtualenv.py
[2022-09-17 13:51:19,995] {processor.py:641} INFO - Processing file /home/airflow/.local/lib/python3.7/site-packages/airflow/example_dags/tutorial_taskflow_api_etl_virtualenv.py for tasks to queue
[2022-09-17 13:51:19,996] {logging_mixin.py:115} INFO - [2022-09-17 13:51:19,996] {dagbag.py:507} INFO - Filling up the DagBag from /home/airflow/.local/lib/python3.7/site-packages/airflow/example_dags/tutorial_taskflow_api_etl_virtualenv.py
[2022-09-17 13:51:20,037] {processor.py:651} INFO - DAG(s) dict_keys(['tutorial_taskflow_api_etl_virtualenv']) retrieved from /home/airflow/.local/lib/python3.7/site-packages/airflow/example_dags/tutorial_taskflow_api_etl_virtualenv.py
[2022-09-17 13:51:20,127] {logging_mixin.py:115} INFO - [2022-09-17 13:51:20,127] {dag.py:2371} INFO - Sync 1 DAGs
[2022-09-17 13:51:20,297] {logging_mixin.py:115} INFO - [2022-09-17 13:51:20,296] {dag.py:2919} INFO - Setting next_dagrun for tutorial_taskflow_api_etl_virtualenv to None, run_after=None
[2022-09-17 13:51:20,312] {processor.py:161} INFO - Processing /home/airflow/.local/lib/python3.7/site-packages/airflow/example_dags/tutorial_taskflow_api_etl_virtualenv.py took 0.323 seconds
[2022-09-17 13:51:51,144] {processor.py:153} INFO - Started process (PID=764) to work on /home/airflow/.local/lib/python3.7/site-packages/airflow/example_dags/tutorial_taskflow_api_etl_virtualenv.py
[2022-09-17 13:51:51,144] {processor.py:641} INFO - Processing file /home/airflow/.local/lib/python3.7/site-packages/airflow/example_dags/tutorial_taskflow_api_etl_virtualenv.py for tasks to queue
[2022-09-17 13:51:51,145] {logging_mixin.py:115} INFO - [2022-09-17 13:51:51,145] {dagbag.py:507} INFO - Filling up the DagBag from /home/airflow/.local/lib/python3.7/site-packages/airflow/example_dags/tutorial_taskflow_api_etl_virtualenv.py
[2022-09-17 13:51:51,165] {processor.py:651} INFO - DAG(s) dict_keys(['tutorial_taskflow_api_etl_virtualenv']) retrieved from /home/airflow/.local/lib/python3.7/site-packages/airflow/example_dags/tutorial_taskflow_api_etl_virtualenv.py
[2022-09-17 13:51:51,240] {logging_mixin.py:115} INFO - [2022-09-17 13:51:51,240] {dag.py:2371} INFO - Sync 1 DAGs
[2022-09-17 13:51:51,390] {logging_mixin.py:115} INFO - [2022-09-17 13:51:51,390] {dag.py:2919} INFO - Setting next_dagrun for tutorial_taskflow_api_etl_virtualenv to None, run_after=None
[2022-09-17 13:51:51,402] {processor.py:161} INFO - Processing /home/airflow/.local/lib/python3.7/site-packages/airflow/example_dags/tutorial_taskflow_api_etl_virtualenv.py took 0.262 seconds
[2022-09-17 13:52:21,701] {processor.py:153} INFO - Started process (PID=827) to work on /home/airflow/.local/lib/python3.7/site-packages/airflow/example_dags/tutorial_taskflow_api_etl_virtualenv.py
[2022-09-17 13:52:21,701] {processor.py:641} INFO - Processing file /home/airflow/.local/lib/python3.7/site-packages/airflow/example_dags/tutorial_taskflow_api_etl_virtualenv.py for tasks to queue
[2022-09-17 13:52:21,702] {logging_mixin.py:115} INFO - [2022-09-17 13:52:21,702] {dagbag.py:507} INFO - Filling up the DagBag from /home/airflow/.local/lib/python3.7/site-packages/airflow/example_dags/tutorial_taskflow_api_etl_virtualenv.py
[2022-09-17 13:52:21,719] {processor.py:651} INFO - DAG(s) dict_keys(['tutorial_taskflow_api_etl_virtualenv']) retrieved from /home/airflow/.local/lib/python3.7/site-packages/airflow/example_dags/tutorial_taskflow_api_etl_virtualenv.py
[2022-09-17 13:52:21,810] {logging_mixin.py:115} INFO - [2022-09-17 13:52:21,810] {dag.py:2371} INFO - Sync 1 DAGs
[2022-09-17 13:52:21,985] {logging_mixin.py:115} INFO - [2022-09-17 13:52:21,985] {dag.py:2919} INFO - Setting next_dagrun for tutorial_taskflow_api_etl_virtualenv to None, run_after=None
[2022-09-17 13:52:22,010] {processor.py:161} INFO - Processing /home/airflow/.local/lib/python3.7/site-packages/airflow/example_dags/tutorial_taskflow_api_etl_virtualenv.py took 0.313 seconds
[2022-09-17 13:52:52,112] {processor.py:153} INFO - Started process (PID=881) to work on /home/airflow/.local/lib/python3.7/site-packages/airflow/example_dags/tutorial_taskflow_api_etl_virtualenv.py
[2022-09-17 13:52:52,113] {processor.py:641} INFO - Processing file /home/airflow/.local/lib/python3.7/site-packages/airflow/example_dags/tutorial_taskflow_api_etl_virtualenv.py for tasks to queue
[2022-09-17 13:52:52,114] {logging_mixin.py:115} INFO - [2022-09-17 13:52:52,114] {dagbag.py:507} INFO - Filling up the DagBag from /home/airflow/.local/lib/python3.7/site-packages/airflow/example_dags/tutorial_taskflow_api_etl_virtualenv.py
[2022-09-17 13:52:52,140] {processor.py:651} INFO - DAG(s) dict_keys(['tutorial_taskflow_api_etl_virtualenv']) retrieved from /home/airflow/.local/lib/python3.7/site-packages/airflow/example_dags/tutorial_taskflow_api_etl_virtualenv.py
[2022-09-17 13:52:52,179] {logging_mixin.py:115} INFO - [2022-09-17 13:52:52,178] {dag.py:2371} INFO - Sync 1 DAGs
[2022-09-17 13:52:52,204] {logging_mixin.py:115} INFO - [2022-09-17 13:52:52,204] {dag.py:2919} INFO - Setting next_dagrun for tutorial_taskflow_api_etl_virtualenv to None, run_after=None
[2022-09-17 13:52:52,216] {processor.py:161} INFO - Processing /home/airflow/.local/lib/python3.7/site-packages/airflow/example_dags/tutorial_taskflow_api_etl_virtualenv.py took 0.108 seconds
[2022-09-17 13:53:22,789] {processor.py:153} INFO - Started process (PID=935) to work on /home/airflow/.local/lib/python3.7/site-packages/airflow/example_dags/tutorial_taskflow_api_etl_virtualenv.py
[2022-09-17 13:53:22,790] {processor.py:641} INFO - Processing file /home/airflow/.local/lib/python3.7/site-packages/airflow/example_dags/tutorial_taskflow_api_etl_virtualenv.py for tasks to queue
[2022-09-17 13:53:22,790] {logging_mixin.py:115} INFO - [2022-09-17 13:53:22,790] {dagbag.py:507} INFO - Filling up the DagBag from /home/airflow/.local/lib/python3.7/site-packages/airflow/example_dags/tutorial_taskflow_api_etl_virtualenv.py
[2022-09-17 13:53:22,815] {processor.py:651} INFO - DAG(s) dict_keys(['tutorial_taskflow_api_etl_virtualenv']) retrieved from /home/airflow/.local/lib/python3.7/site-packages/airflow/example_dags/tutorial_taskflow_api_etl_virtualenv.py
[2022-09-17 13:53:22,931] {logging_mixin.py:115} INFO - [2022-09-17 13:53:22,931] {dag.py:2371} INFO - Sync 1 DAGs
[2022-09-17 13:53:23,230] {logging_mixin.py:115} INFO - [2022-09-17 13:53:23,230] {dag.py:2919} INFO - Setting next_dagrun for tutorial_taskflow_api_etl_virtualenv to None, run_after=None
[2022-09-17 13:53:23,251] {processor.py:161} INFO - Processing /home/airflow/.local/lib/python3.7/site-packages/airflow/example_dags/tutorial_taskflow_api_etl_virtualenv.py took 0.469 seconds
[2022-09-17 13:53:53,357] {processor.py:153} INFO - Started process (PID=998) to work on /home/airflow/.local/lib/python3.7/site-packages/airflow/example_dags/tutorial_taskflow_api_etl_virtualenv.py
[2022-09-17 13:53:53,358] {processor.py:641} INFO - Processing file /home/airflow/.local/lib/python3.7/site-packages/airflow/example_dags/tutorial_taskflow_api_etl_virtualenv.py for tasks to queue
[2022-09-17 13:53:53,358] {logging_mixin.py:115} INFO - [2022-09-17 13:53:53,358] {dagbag.py:507} INFO - Filling up the DagBag from /home/airflow/.local/lib/python3.7/site-packages/airflow/example_dags/tutorial_taskflow_api_etl_virtualenv.py
[2022-09-17 13:53:53,379] {processor.py:651} INFO - DAG(s) dict_keys(['tutorial_taskflow_api_etl_virtualenv']) retrieved from /home/airflow/.local/lib/python3.7/site-packages/airflow/example_dags/tutorial_taskflow_api_etl_virtualenv.py
[2022-09-17 13:53:53,455] {logging_mixin.py:115} INFO - [2022-09-17 13:53:53,455] {dag.py:2371} INFO - Sync 1 DAGs
[2022-09-17 13:53:53,606] {logging_mixin.py:115} INFO - [2022-09-17 13:53:53,605] {dag.py:2919} INFO - Setting next_dagrun for tutorial_taskflow_api_etl_virtualenv to None, run_after=None
[2022-09-17 13:53:53,622] {processor.py:161} INFO - Processing /home/airflow/.local/lib/python3.7/site-packages/airflow/example_dags/tutorial_taskflow_api_etl_virtualenv.py took 0.270 seconds
[2022-09-17 13:54:24,016] {processor.py:153} INFO - Started process (PID=1052) to work on /home/airflow/.local/lib/python3.7/site-packages/airflow/example_dags/tutorial_taskflow_api_etl_virtualenv.py
[2022-09-17 13:54:24,017] {processor.py:641} INFO - Processing file /home/airflow/.local/lib/python3.7/site-packages/airflow/example_dags/tutorial_taskflow_api_etl_virtualenv.py for tasks to queue
[2022-09-17 13:54:24,017] {logging_mixin.py:115} INFO - [2022-09-17 13:54:24,017] {dagbag.py:507} INFO - Filling up the DagBag from /home/airflow/.local/lib/python3.7/site-packages/airflow/example_dags/tutorial_taskflow_api_etl_virtualenv.py
[2022-09-17 13:54:24,067] {processor.py:651} INFO - DAG(s) dict_keys(['tutorial_taskflow_api_etl_virtualenv']) retrieved from /home/airflow/.local/lib/python3.7/site-packages/airflow/example_dags/tutorial_taskflow_api_etl_virtualenv.py
[2022-09-17 13:54:24,219] {logging_mixin.py:115} INFO - [2022-09-17 13:54:24,219] {dag.py:2371} INFO - Sync 1 DAGs
[2022-09-17 13:54:24,573] {logging_mixin.py:115} INFO - [2022-09-17 13:54:24,573] {dag.py:2919} INFO - Setting next_dagrun for tutorial_taskflow_api_etl_virtualenv to None, run_after=None
[2022-09-17 13:54:24,607] {processor.py:161} INFO - Processing /home/airflow/.local/lib/python3.7/site-packages/airflow/example_dags/tutorial_taskflow_api_etl_virtualenv.py took 0.599 seconds
[2022-09-17 13:54:54,801] {processor.py:153} INFO - Started process (PID=1114) to work on /home/airflow/.local/lib/python3.7/site-packages/airflow/example_dags/tutorial_taskflow_api_etl_virtualenv.py
[2022-09-17 13:54:54,802] {processor.py:641} INFO - Processing file /home/airflow/.local/lib/python3.7/site-packages/airflow/example_dags/tutorial_taskflow_api_etl_virtualenv.py for tasks to queue
[2022-09-17 13:54:54,802] {logging_mixin.py:115} INFO - [2022-09-17 13:54:54,802] {dagbag.py:507} INFO - Filling up the DagBag from /home/airflow/.local/lib/python3.7/site-packages/airflow/example_dags/tutorial_taskflow_api_etl_virtualenv.py
[2022-09-17 13:54:54,821] {processor.py:651} INFO - DAG(s) dict_keys(['tutorial_taskflow_api_etl_virtualenv']) retrieved from /home/airflow/.local/lib/python3.7/site-packages/airflow/example_dags/tutorial_taskflow_api_etl_virtualenv.py
[2022-09-17 13:54:54,920] {logging_mixin.py:115} INFO - [2022-09-17 13:54:54,920] {dag.py:2371} INFO - Sync 1 DAGs
[2022-09-17 13:54:55,133] {logging_mixin.py:115} INFO - [2022-09-17 13:54:55,133] {dag.py:2919} INFO - Setting next_dagrun for tutorial_taskflow_api_etl_virtualenv to None, run_after=None
[2022-09-17 13:54:55,148] {processor.py:161} INFO - Processing /home/airflow/.local/lib/python3.7/site-packages/airflow/example_dags/tutorial_taskflow_api_etl_virtualenv.py took 0.350 seconds
