[2022-09-17 13:29:29,847] {processor.py:153} INFO - Started process (PID=86) to work on /home/airflow/.local/lib/python3.7/site-packages/airflow/example_dags/tutorial.py
[2022-09-17 13:29:29,847] {processor.py:641} INFO - Processing file /home/airflow/.local/lib/python3.7/site-packages/airflow/example_dags/tutorial.py for tasks to queue
[2022-09-17 13:29:29,848] {logging_mixin.py:115} INFO - [2022-09-17 13:29:29,848] {dagbag.py:507} INFO - Filling up the DagBag from /home/airflow/.local/lib/python3.7/site-packages/airflow/example_dags/tutorial.py
[2022-09-17 13:29:29,858] {processor.py:651} INFO - DAG(s) dict_keys(['tutorial']) retrieved from /home/airflow/.local/lib/python3.7/site-packages/airflow/example_dags/tutorial.py
[2022-09-17 13:29:30,324] {logging_mixin.py:115} INFO - [2022-09-17 13:29:30,324] {manager.py:508} INFO - Created Permission View: can delete on DAG:tutorial
[2022-09-17 13:29:30,335] {logging_mixin.py:115} INFO - [2022-09-17 13:29:30,335] {manager.py:508} INFO - Created Permission View: can edit on DAG:tutorial
[2022-09-17 13:29:30,341] {logging_mixin.py:115} INFO - [2022-09-17 13:29:30,341] {manager.py:508} INFO - Created Permission View: can read on DAG:tutorial
[2022-09-17 13:29:30,341] {logging_mixin.py:115} INFO - [2022-09-17 13:29:30,341] {dag.py:2371} INFO - Sync 1 DAGs
[2022-09-17 13:29:30,349] {logging_mixin.py:115} INFO - [2022-09-17 13:29:30,349] {dag.py:2390} INFO - Creating ORM DAG for tutorial
[2022-09-17 13:29:30,378] {logging_mixin.py:115} INFO - [2022-09-17 13:29:30,378] {dag.py:2919} INFO - Setting next_dagrun for tutorial to 2022-09-16T13:29:30.378160+00:00, run_after=2022-09-17T13:29:30.378160+00:00
[2022-09-17 13:29:30,402] {processor.py:161} INFO - Processing /home/airflow/.local/lib/python3.7/site-packages/airflow/example_dags/tutorial.py took 0.559 seconds
[2022-09-17 13:30:03,277] {processor.py:153} INFO - Started process (PID=137) to work on /home/airflow/.local/lib/python3.7/site-packages/airflow/example_dags/tutorial.py
[2022-09-17 13:30:03,279] {processor.py:641} INFO - Processing file /home/airflow/.local/lib/python3.7/site-packages/airflow/example_dags/tutorial.py for tasks to queue
[2022-09-17 13:30:03,279] {logging_mixin.py:115} INFO - [2022-09-17 13:30:03,279] {dagbag.py:507} INFO - Filling up the DagBag from /home/airflow/.local/lib/python3.7/site-packages/airflow/example_dags/tutorial.py
[2022-09-17 13:30:03,291] {processor.py:651} INFO - DAG(s) dict_keys(['tutorial']) retrieved from /home/airflow/.local/lib/python3.7/site-packages/airflow/example_dags/tutorial.py
[2022-09-17 13:30:03,334] {logging_mixin.py:115} INFO - [2022-09-17 13:30:03,334] {dag.py:2371} INFO - Sync 1 DAGs
[2022-09-17 13:30:03,382] {logging_mixin.py:115} INFO - [2022-09-17 13:30:03,382] {dag.py:2919} INFO - Setting next_dagrun for tutorial to 2022-09-16T13:30:03.381660+00:00, run_after=2022-09-17T13:30:03.381660+00:00
[2022-09-17 13:30:03,439] {processor.py:161} INFO - Processing /home/airflow/.local/lib/python3.7/site-packages/airflow/example_dags/tutorial.py took 0.167 seconds
[2022-09-17 13:30:38,754] {processor.py:153} INFO - Started process (PID=199) to work on /home/airflow/.local/lib/python3.7/site-packages/airflow/example_dags/tutorial.py
[2022-09-17 13:30:38,761] {processor.py:641} INFO - Processing file /home/airflow/.local/lib/python3.7/site-packages/airflow/example_dags/tutorial.py for tasks to queue
[2022-09-17 13:30:38,775] {logging_mixin.py:115} INFO - [2022-09-17 13:30:38,775] {dagbag.py:507} INFO - Filling up the DagBag from /home/airflow/.local/lib/python3.7/site-packages/airflow/example_dags/tutorial.py
[2022-09-17 13:30:38,803] {processor.py:651} INFO - DAG(s) dict_keys(['tutorial']) retrieved from /home/airflow/.local/lib/python3.7/site-packages/airflow/example_dags/tutorial.py
[2022-09-17 13:30:39,021] {logging_mixin.py:115} INFO - [2022-09-17 13:30:39,021] {dag.py:2371} INFO - Sync 1 DAGs
[2022-09-17 13:30:39,194] {logging_mixin.py:115} INFO - [2022-09-17 13:30:39,194] {dag.py:2919} INFO - Setting next_dagrun for tutorial to 2022-09-16T13:30:39.194136+00:00, run_after=2022-09-17T13:30:39.194136+00:00
[2022-09-17 13:30:39,228] {processor.py:161} INFO - Processing /home/airflow/.local/lib/python3.7/site-packages/airflow/example_dags/tutorial.py took 0.499 seconds
[2022-09-17 13:31:09,877] {processor.py:153} INFO - Started process (PID=249) to work on /home/airflow/.local/lib/python3.7/site-packages/airflow/example_dags/tutorial.py
[2022-09-17 13:31:09,878] {processor.py:641} INFO - Processing file /home/airflow/.local/lib/python3.7/site-packages/airflow/example_dags/tutorial.py for tasks to queue
[2022-09-17 13:31:09,879] {logging_mixin.py:115} INFO - [2022-09-17 13:31:09,879] {dagbag.py:507} INFO - Filling up the DagBag from /home/airflow/.local/lib/python3.7/site-packages/airflow/example_dags/tutorial.py
[2022-09-17 13:31:09,887] {processor.py:651} INFO - DAG(s) dict_keys(['tutorial']) retrieved from /home/airflow/.local/lib/python3.7/site-packages/airflow/example_dags/tutorial.py
[2022-09-17 13:31:09,923] {logging_mixin.py:115} INFO - [2022-09-17 13:31:09,923] {dag.py:2371} INFO - Sync 1 DAGs
[2022-09-17 13:31:09,951] {logging_mixin.py:115} INFO - [2022-09-17 13:31:09,951] {dag.py:2919} INFO - Setting next_dagrun for tutorial to 2022-09-16T13:31:09.951371+00:00, run_after=2022-09-17T13:31:09.951371+00:00
[2022-09-17 13:31:09,963] {processor.py:161} INFO - Processing /home/airflow/.local/lib/python3.7/site-packages/airflow/example_dags/tutorial.py took 0.090 seconds
[2022-09-17 13:31:40,334] {processor.py:153} INFO - Started process (PID=301) to work on /home/airflow/.local/lib/python3.7/site-packages/airflow/example_dags/tutorial.py
[2022-09-17 13:31:40,335] {processor.py:641} INFO - Processing file /home/airflow/.local/lib/python3.7/site-packages/airflow/example_dags/tutorial.py for tasks to queue
[2022-09-17 13:31:40,335] {logging_mixin.py:115} INFO - [2022-09-17 13:31:40,335] {dagbag.py:507} INFO - Filling up the DagBag from /home/airflow/.local/lib/python3.7/site-packages/airflow/example_dags/tutorial.py
[2022-09-17 13:31:40,343] {processor.py:651} INFO - DAG(s) dict_keys(['tutorial']) retrieved from /home/airflow/.local/lib/python3.7/site-packages/airflow/example_dags/tutorial.py
[2022-09-17 13:31:40,399] {logging_mixin.py:115} INFO - [2022-09-17 13:31:40,399] {dag.py:2371} INFO - Sync 1 DAGs
[2022-09-17 13:31:40,431] {logging_mixin.py:115} INFO - [2022-09-17 13:31:40,431] {dag.py:2919} INFO - Setting next_dagrun for tutorial to 2022-09-16T13:31:40.431495+00:00, run_after=2022-09-17T13:31:40.431495+00:00
[2022-09-17 13:31:40,445] {processor.py:161} INFO - Processing /home/airflow/.local/lib/python3.7/site-packages/airflow/example_dags/tutorial.py took 0.115 seconds
[2022-09-17 13:32:11,555] {processor.py:153} INFO - Started process (PID=362) to work on /home/airflow/.local/lib/python3.7/site-packages/airflow/example_dags/tutorial.py
[2022-09-17 13:32:11,565] {processor.py:641} INFO - Processing file /home/airflow/.local/lib/python3.7/site-packages/airflow/example_dags/tutorial.py for tasks to queue
[2022-09-17 13:32:11,566] {logging_mixin.py:115} INFO - [2022-09-17 13:32:11,566] {dagbag.py:507} INFO - Filling up the DagBag from /home/airflow/.local/lib/python3.7/site-packages/airflow/example_dags/tutorial.py
[2022-09-17 13:32:11,597] {processor.py:651} INFO - DAG(s) dict_keys(['tutorial']) retrieved from /home/airflow/.local/lib/python3.7/site-packages/airflow/example_dags/tutorial.py
[2022-09-17 13:32:11,663] {logging_mixin.py:115} INFO - [2022-09-17 13:32:11,663] {dag.py:2371} INFO - Sync 1 DAGs
[2022-09-17 13:32:11,693] {logging_mixin.py:115} INFO - [2022-09-17 13:32:11,693] {dag.py:2919} INFO - Setting next_dagrun for tutorial to 2022-09-16T13:32:11.693399+00:00, run_after=2022-09-17T13:32:11.693399+00:00
[2022-09-17 13:32:11,708] {processor.py:161} INFO - Processing /home/airflow/.local/lib/python3.7/site-packages/airflow/example_dags/tutorial.py took 0.162 seconds
[2022-09-17 13:32:42,083] {processor.py:153} INFO - Started process (PID=414) to work on /home/airflow/.local/lib/python3.7/site-packages/airflow/example_dags/tutorial.py
[2022-09-17 13:32:42,084] {processor.py:641} INFO - Processing file /home/airflow/.local/lib/python3.7/site-packages/airflow/example_dags/tutorial.py for tasks to queue
[2022-09-17 13:32:42,084] {logging_mixin.py:115} INFO - [2022-09-17 13:32:42,084] {dagbag.py:507} INFO - Filling up the DagBag from /home/airflow/.local/lib/python3.7/site-packages/airflow/example_dags/tutorial.py
[2022-09-17 13:32:42,092] {processor.py:651} INFO - DAG(s) dict_keys(['tutorial']) retrieved from /home/airflow/.local/lib/python3.7/site-packages/airflow/example_dags/tutorial.py
[2022-09-17 13:32:42,124] {logging_mixin.py:115} INFO - [2022-09-17 13:32:42,124] {dag.py:2371} INFO - Sync 1 DAGs
[2022-09-17 13:32:42,154] {logging_mixin.py:115} INFO - [2022-09-17 13:32:42,154] {dag.py:2919} INFO - Setting next_dagrun for tutorial to 2022-09-16T13:32:42.153827+00:00, run_after=2022-09-17T13:32:42.153827+00:00
[2022-09-17 13:32:42,165] {processor.py:161} INFO - Processing /home/airflow/.local/lib/python3.7/site-packages/airflow/example_dags/tutorial.py took 0.086 seconds
[2022-09-17 13:33:20,937] {processor.py:153} INFO - Started process (PID=483) to work on /home/airflow/.local/lib/python3.7/site-packages/airflow/example_dags/tutorial.py
[2022-09-17 13:33:20,940] {processor.py:641} INFO - Processing file /home/airflow/.local/lib/python3.7/site-packages/airflow/example_dags/tutorial.py for tasks to queue
[2022-09-17 13:33:20,944] {logging_mixin.py:115} INFO - [2022-09-17 13:33:20,944] {dagbag.py:507} INFO - Filling up the DagBag from /home/airflow/.local/lib/python3.7/site-packages/airflow/example_dags/tutorial.py
[2022-09-17 13:33:20,982] {processor.py:651} INFO - DAG(s) dict_keys(['tutorial']) retrieved from /home/airflow/.local/lib/python3.7/site-packages/airflow/example_dags/tutorial.py
[2022-09-17 13:33:21,225] {logging_mixin.py:115} INFO - [2022-09-17 13:33:21,225] {dag.py:2371} INFO - Sync 1 DAGs
[2022-09-17 13:33:21,633] {logging_mixin.py:115} INFO - [2022-09-17 13:33:21,633] {dag.py:2919} INFO - Setting next_dagrun for tutorial to 2022-09-16T13:33:21.633135+00:00, run_after=2022-09-17T13:33:21.633135+00:00
[2022-09-17 13:33:21,653] {processor.py:161} INFO - Processing /home/airflow/.local/lib/python3.7/site-packages/airflow/example_dags/tutorial.py took 0.746 seconds
[2022-09-17 13:33:53,204] {processor.py:153} INFO - Started process (PID=547) to work on /home/airflow/.local/lib/python3.7/site-packages/airflow/example_dags/tutorial.py
[2022-09-17 13:33:53,208] {processor.py:641} INFO - Processing file /home/airflow/.local/lib/python3.7/site-packages/airflow/example_dags/tutorial.py for tasks to queue
[2022-09-17 13:33:53,210] {logging_mixin.py:115} INFO - [2022-09-17 13:33:53,210] {dagbag.py:507} INFO - Filling up the DagBag from /home/airflow/.local/lib/python3.7/site-packages/airflow/example_dags/tutorial.py
[2022-09-17 13:33:53,224] {processor.py:651} INFO - DAG(s) dict_keys(['tutorial']) retrieved from /home/airflow/.local/lib/python3.7/site-packages/airflow/example_dags/tutorial.py
[2022-09-17 13:33:53,281] {logging_mixin.py:115} INFO - [2022-09-17 13:33:53,281] {dag.py:2371} INFO - Sync 1 DAGs
[2022-09-17 13:33:53,629] {logging_mixin.py:115} INFO - [2022-09-17 13:33:53,629] {dag.py:2919} INFO - Setting next_dagrun for tutorial to 2022-09-16T13:33:53.629271+00:00, run_after=2022-09-17T13:33:53.629271+00:00
[2022-09-17 13:33:53,639] {processor.py:161} INFO - Processing /home/airflow/.local/lib/python3.7/site-packages/airflow/example_dags/tutorial.py took 0.439 seconds
[2022-09-17 13:34:27,629] {processor.py:153} INFO - Started process (PID=598) to work on /home/airflow/.local/lib/python3.7/site-packages/airflow/example_dags/tutorial.py
[2022-09-17 13:34:27,631] {processor.py:641} INFO - Processing file /home/airflow/.local/lib/python3.7/site-packages/airflow/example_dags/tutorial.py for tasks to queue
[2022-09-17 13:34:27,633] {logging_mixin.py:115} INFO - [2022-09-17 13:34:27,633] {dagbag.py:507} INFO - Filling up the DagBag from /home/airflow/.local/lib/python3.7/site-packages/airflow/example_dags/tutorial.py
[2022-09-17 13:34:27,673] {processor.py:651} INFO - DAG(s) dict_keys(['tutorial']) retrieved from /home/airflow/.local/lib/python3.7/site-packages/airflow/example_dags/tutorial.py
[2022-09-17 13:34:27,787] {logging_mixin.py:115} INFO - [2022-09-17 13:34:27,786] {dag.py:2371} INFO - Sync 1 DAGs
[2022-09-17 13:34:28,055] {logging_mixin.py:115} INFO - [2022-09-17 13:34:28,055] {dag.py:2919} INFO - Setting next_dagrun for tutorial to 2022-09-16T13:34:28.055537+00:00, run_after=2022-09-17T13:34:28.055537+00:00
[2022-09-17 13:34:28,065] {processor.py:161} INFO - Processing /home/airflow/.local/lib/python3.7/site-packages/airflow/example_dags/tutorial.py took 0.445 seconds
[2022-09-17 13:34:58,934] {processor.py:153} INFO - Started process (PID=651) to work on /home/airflow/.local/lib/python3.7/site-packages/airflow/example_dags/tutorial.py
[2022-09-17 13:34:58,941] {processor.py:641} INFO - Processing file /home/airflow/.local/lib/python3.7/site-packages/airflow/example_dags/tutorial.py for tasks to queue
[2022-09-17 13:34:58,942] {logging_mixin.py:115} INFO - [2022-09-17 13:34:58,942] {dagbag.py:507} INFO - Filling up the DagBag from /home/airflow/.local/lib/python3.7/site-packages/airflow/example_dags/tutorial.py
[2022-09-17 13:34:58,956] {processor.py:651} INFO - DAG(s) dict_keys(['tutorial']) retrieved from /home/airflow/.local/lib/python3.7/site-packages/airflow/example_dags/tutorial.py
[2022-09-17 13:34:59,109] {logging_mixin.py:115} INFO - [2022-09-17 13:34:59,109] {dag.py:2371} INFO - Sync 1 DAGs
[2022-09-17 13:34:59,816] {logging_mixin.py:115} INFO - [2022-09-17 13:34:59,816] {dag.py:2919} INFO - Setting next_dagrun for tutorial to 2022-09-16T13:34:59.816623+00:00, run_after=2022-09-17T13:34:59.816623+00:00
[2022-09-17 13:34:59,830] {processor.py:161} INFO - Processing /home/airflow/.local/lib/python3.7/site-packages/airflow/example_dags/tutorial.py took 0.900 seconds
[2022-09-17 13:35:30,007] {processor.py:153} INFO - Started process (PID=711) to work on /home/airflow/.local/lib/python3.7/site-packages/airflow/example_dags/tutorial.py
[2022-09-17 13:35:30,007] {processor.py:641} INFO - Processing file /home/airflow/.local/lib/python3.7/site-packages/airflow/example_dags/tutorial.py for tasks to queue
[2022-09-17 13:35:30,008] {logging_mixin.py:115} INFO - [2022-09-17 13:35:30,008] {dagbag.py:507} INFO - Filling up the DagBag from /home/airflow/.local/lib/python3.7/site-packages/airflow/example_dags/tutorial.py
[2022-09-17 13:35:30,015] {processor.py:651} INFO - DAG(s) dict_keys(['tutorial']) retrieved from /home/airflow/.local/lib/python3.7/site-packages/airflow/example_dags/tutorial.py
[2022-09-17 13:35:30,055] {logging_mixin.py:115} INFO - [2022-09-17 13:35:30,055] {dag.py:2371} INFO - Sync 1 DAGs
[2022-09-17 13:35:30,233] {logging_mixin.py:115} INFO - [2022-09-17 13:35:30,233] {dag.py:2919} INFO - Setting next_dagrun for tutorial to 2022-09-16T13:35:30.232963+00:00, run_after=2022-09-17T13:35:30.232963+00:00
[2022-09-17 13:35:30,243] {processor.py:161} INFO - Processing /home/airflow/.local/lib/python3.7/site-packages/airflow/example_dags/tutorial.py took 0.241 seconds
[2022-09-17 13:36:00,297] {processor.py:153} INFO - Started process (PID=772) to work on /home/airflow/.local/lib/python3.7/site-packages/airflow/example_dags/tutorial.py
[2022-09-17 13:36:00,299] {processor.py:641} INFO - Processing file /home/airflow/.local/lib/python3.7/site-packages/airflow/example_dags/tutorial.py for tasks to queue
[2022-09-17 13:36:00,300] {logging_mixin.py:115} INFO - [2022-09-17 13:36:00,300] {dagbag.py:507} INFO - Filling up the DagBag from /home/airflow/.local/lib/python3.7/site-packages/airflow/example_dags/tutorial.py
[2022-09-17 13:36:00,315] {processor.py:651} INFO - DAG(s) dict_keys(['tutorial']) retrieved from /home/airflow/.local/lib/python3.7/site-packages/airflow/example_dags/tutorial.py
[2022-09-17 13:36:00,370] {logging_mixin.py:115} INFO - [2022-09-17 13:36:00,369] {dag.py:2371} INFO - Sync 1 DAGs
[2022-09-17 13:36:00,853] {logging_mixin.py:115} INFO - [2022-09-17 13:36:00,853] {dag.py:2919} INFO - Setting next_dagrun for tutorial to 2022-09-16T13:36:00.853295+00:00, run_after=2022-09-17T13:36:00.853295+00:00
[2022-09-17 13:36:00,878] {processor.py:161} INFO - Processing /home/airflow/.local/lib/python3.7/site-packages/airflow/example_dags/tutorial.py took 0.585 seconds
[2022-09-17 13:36:36,260] {processor.py:153} INFO - Started process (PID=824) to work on /home/airflow/.local/lib/python3.7/site-packages/airflow/example_dags/tutorial.py
[2022-09-17 13:36:36,261] {processor.py:641} INFO - Processing file /home/airflow/.local/lib/python3.7/site-packages/airflow/example_dags/tutorial.py for tasks to queue
[2022-09-17 13:36:36,262] {logging_mixin.py:115} INFO - [2022-09-17 13:36:36,261] {dagbag.py:507} INFO - Filling up the DagBag from /home/airflow/.local/lib/python3.7/site-packages/airflow/example_dags/tutorial.py
[2022-09-17 13:36:36,281] {processor.py:651} INFO - DAG(s) dict_keys(['tutorial']) retrieved from /home/airflow/.local/lib/python3.7/site-packages/airflow/example_dags/tutorial.py
[2022-09-17 13:36:36,333] {logging_mixin.py:115} INFO - [2022-09-17 13:36:36,333] {dag.py:2371} INFO - Sync 1 DAGs
[2022-09-17 13:36:37,351] {logging_mixin.py:115} INFO - [2022-09-17 13:36:37,350] {dag.py:2919} INFO - Setting next_dagrun for tutorial to 2022-09-16T13:36:37.343678+00:00, run_after=2022-09-17T13:36:37.343678+00:00
[2022-09-17 13:36:37,500] {processor.py:161} INFO - Processing /home/airflow/.local/lib/python3.7/site-packages/airflow/example_dags/tutorial.py took 1.247 seconds
[2022-09-17 13:37:10,805] {processor.py:153} INFO - Started process (PID=875) to work on /home/airflow/.local/lib/python3.7/site-packages/airflow/example_dags/tutorial.py
[2022-09-17 13:37:10,807] {processor.py:641} INFO - Processing file /home/airflow/.local/lib/python3.7/site-packages/airflow/example_dags/tutorial.py for tasks to queue
[2022-09-17 13:37:10,808] {logging_mixin.py:115} INFO - [2022-09-17 13:37:10,807] {dagbag.py:507} INFO - Filling up the DagBag from /home/airflow/.local/lib/python3.7/site-packages/airflow/example_dags/tutorial.py
[2022-09-17 13:37:10,822] {processor.py:651} INFO - DAG(s) dict_keys(['tutorial']) retrieved from /home/airflow/.local/lib/python3.7/site-packages/airflow/example_dags/tutorial.py
[2022-09-17 13:37:10,895] {logging_mixin.py:115} INFO - [2022-09-17 13:37:10,895] {dag.py:2371} INFO - Sync 1 DAGs
[2022-09-17 13:37:11,417] {logging_mixin.py:115} INFO - [2022-09-17 13:37:11,417] {dag.py:2919} INFO - Setting next_dagrun for tutorial to 2022-09-16T13:37:11.416765+00:00, run_after=2022-09-17T13:37:11.416765+00:00
[2022-09-17 13:37:11,452] {processor.py:161} INFO - Processing /home/airflow/.local/lib/python3.7/site-packages/airflow/example_dags/tutorial.py took 0.656 seconds
[2022-09-17 13:39:29,852] {processor.py:153} INFO - Started process (PID=958) to work on /home/airflow/.local/lib/python3.7/site-packages/airflow/example_dags/tutorial.py
[2022-09-17 13:39:29,853] {processor.py:641} INFO - Processing file /home/airflow/.local/lib/python3.7/site-packages/airflow/example_dags/tutorial.py for tasks to queue
[2022-09-17 13:39:29,854] {logging_mixin.py:115} INFO - [2022-09-17 13:39:29,853] {dagbag.py:507} INFO - Filling up the DagBag from /home/airflow/.local/lib/python3.7/site-packages/airflow/example_dags/tutorial.py
[2022-09-17 13:39:29,872] {processor.py:651} INFO - DAG(s) dict_keys(['tutorial']) retrieved from /home/airflow/.local/lib/python3.7/site-packages/airflow/example_dags/tutorial.py
[2022-09-17 13:39:29,912] {logging_mixin.py:115} INFO - [2022-09-17 13:39:29,912] {dag.py:2371} INFO - Sync 1 DAGs
[2022-09-17 13:39:30,205] {logging_mixin.py:115} INFO - [2022-09-17 13:39:30,205] {dag.py:2919} INFO - Setting next_dagrun for tutorial to 2022-09-16T13:39:30.205313+00:00, run_after=2022-09-17T13:39:30.205313+00:00
[2022-09-17 13:39:30,216] {processor.py:161} INFO - Processing /home/airflow/.local/lib/python3.7/site-packages/airflow/example_dags/tutorial.py took 0.368 seconds
[2022-09-17 13:40:01,358] {processor.py:153} INFO - Started process (PID=1021) to work on /home/airflow/.local/lib/python3.7/site-packages/airflow/example_dags/tutorial.py
[2022-09-17 13:40:01,373] {processor.py:641} INFO - Processing file /home/airflow/.local/lib/python3.7/site-packages/airflow/example_dags/tutorial.py for tasks to queue
[2022-09-17 13:40:01,374] {logging_mixin.py:115} INFO - [2022-09-17 13:40:01,373] {dagbag.py:507} INFO - Filling up the DagBag from /home/airflow/.local/lib/python3.7/site-packages/airflow/example_dags/tutorial.py
[2022-09-17 13:40:01,435] {processor.py:651} INFO - DAG(s) dict_keys(['tutorial']) retrieved from /home/airflow/.local/lib/python3.7/site-packages/airflow/example_dags/tutorial.py
[2022-09-17 13:40:01,586] {logging_mixin.py:115} INFO - [2022-09-17 13:40:01,586] {dag.py:2371} INFO - Sync 1 DAGs
[2022-09-17 13:40:02,461] {logging_mixin.py:115} INFO - [2022-09-17 13:40:02,461] {dag.py:2919} INFO - Setting next_dagrun for tutorial to 2022-09-16T13:40:02.461224+00:00, run_after=2022-09-17T13:40:02.461224+00:00
[2022-09-17 13:40:02,496] {processor.py:161} INFO - Processing /home/airflow/.local/lib/python3.7/site-packages/airflow/example_dags/tutorial.py took 1.170 seconds
[2022-09-17 13:40:55,090] {processor.py:153} INFO - Started process (PID=1082) to work on /home/airflow/.local/lib/python3.7/site-packages/airflow/example_dags/tutorial.py
[2022-09-17 13:40:55,140] {processor.py:641} INFO - Processing file /home/airflow/.local/lib/python3.7/site-packages/airflow/example_dags/tutorial.py for tasks to queue
[2022-09-17 13:40:55,141] {logging_mixin.py:115} INFO - [2022-09-17 13:40:55,141] {dagbag.py:507} INFO - Filling up the DagBag from /home/airflow/.local/lib/python3.7/site-packages/airflow/example_dags/tutorial.py
[2022-09-17 13:40:55,293] {processor.py:651} INFO - DAG(s) dict_keys(['tutorial']) retrieved from /home/airflow/.local/lib/python3.7/site-packages/airflow/example_dags/tutorial.py
[2022-09-17 13:40:55,823] {logging_mixin.py:115} INFO - [2022-09-17 13:40:55,823] {dag.py:2371} INFO - Sync 1 DAGs
[2022-09-17 13:40:59,539] {logging_mixin.py:115} INFO - [2022-09-17 13:40:59,539] {dag.py:2919} INFO - Setting next_dagrun for tutorial to 2022-09-16T13:40:59.539051+00:00, run_after=2022-09-17T13:40:59.539051+00:00
[2022-09-17 13:40:59,576] {processor.py:161} INFO - Processing /home/airflow/.local/lib/python3.7/site-packages/airflow/example_dags/tutorial.py took 4.532 seconds
[2022-09-17 13:45:42,444] {processor.py:153} INFO - Started process (PID=79) to work on /home/airflow/.local/lib/python3.7/site-packages/airflow/example_dags/tutorial.py
[2022-09-17 13:45:42,463] {processor.py:641} INFO - Processing file /home/airflow/.local/lib/python3.7/site-packages/airflow/example_dags/tutorial.py for tasks to queue
[2022-09-17 13:45:42,464] {logging_mixin.py:115} INFO - [2022-09-17 13:45:42,464] {dagbag.py:507} INFO - Filling up the DagBag from /home/airflow/.local/lib/python3.7/site-packages/airflow/example_dags/tutorial.py
[2022-09-17 13:45:42,581] {processor.py:651} INFO - DAG(s) dict_keys(['tutorial']) retrieved from /home/airflow/.local/lib/python3.7/site-packages/airflow/example_dags/tutorial.py
[2022-09-17 13:45:43,227] {logging_mixin.py:115} INFO - [2022-09-17 13:45:43,227] {dag.py:2371} INFO - Sync 1 DAGs
[2022-09-17 13:45:43,511] {logging_mixin.py:115} INFO - [2022-09-17 13:45:43,511] {dag.py:2919} INFO - Setting next_dagrun for tutorial to 2022-09-16T13:45:43.499839+00:00, run_after=2022-09-17T13:45:43.499839+00:00
[2022-09-17 13:45:43,667] {processor.py:161} INFO - Processing /home/airflow/.local/lib/python3.7/site-packages/airflow/example_dags/tutorial.py took 1.255 seconds
[2022-09-17 13:46:17,472] {processor.py:153} INFO - Started process (PID=133) to work on /home/airflow/.local/lib/python3.7/site-packages/airflow/example_dags/tutorial.py
[2022-09-17 13:46:17,486] {processor.py:641} INFO - Processing file /home/airflow/.local/lib/python3.7/site-packages/airflow/example_dags/tutorial.py for tasks to queue
[2022-09-17 13:46:17,487] {logging_mixin.py:115} INFO - [2022-09-17 13:46:17,487] {dagbag.py:507} INFO - Filling up the DagBag from /home/airflow/.local/lib/python3.7/site-packages/airflow/example_dags/tutorial.py
[2022-09-17 13:46:17,504] {processor.py:651} INFO - DAG(s) dict_keys(['tutorial']) retrieved from /home/airflow/.local/lib/python3.7/site-packages/airflow/example_dags/tutorial.py
[2022-09-17 13:46:17,843] {logging_mixin.py:115} INFO - [2022-09-17 13:46:17,842] {dag.py:2371} INFO - Sync 1 DAGs
[2022-09-17 13:46:18,292] {logging_mixin.py:115} INFO - [2022-09-17 13:46:18,292] {dag.py:2919} INFO - Setting next_dagrun for tutorial to 2022-09-16T13:46:18.292342+00:00, run_after=2022-09-17T13:46:18.292342+00:00
[2022-09-17 13:46:18,427] {processor.py:161} INFO - Processing /home/airflow/.local/lib/python3.7/site-packages/airflow/example_dags/tutorial.py took 0.981 seconds
[2022-09-17 13:46:48,899] {processor.py:153} INFO - Started process (PID=187) to work on /home/airflow/.local/lib/python3.7/site-packages/airflow/example_dags/tutorial.py
[2022-09-17 13:46:48,903] {processor.py:641} INFO - Processing file /home/airflow/.local/lib/python3.7/site-packages/airflow/example_dags/tutorial.py for tasks to queue
[2022-09-17 13:46:48,903] {logging_mixin.py:115} INFO - [2022-09-17 13:46:48,903] {dagbag.py:507} INFO - Filling up the DagBag from /home/airflow/.local/lib/python3.7/site-packages/airflow/example_dags/tutorial.py
[2022-09-17 13:46:48,919] {processor.py:651} INFO - DAG(s) dict_keys(['tutorial']) retrieved from /home/airflow/.local/lib/python3.7/site-packages/airflow/example_dags/tutorial.py
[2022-09-17 13:46:49,006] {logging_mixin.py:115} INFO - [2022-09-17 13:46:49,006] {dag.py:2371} INFO - Sync 1 DAGs
[2022-09-17 13:46:49,129] {logging_mixin.py:115} INFO - [2022-09-17 13:46:49,124] {dag.py:2919} INFO - Setting next_dagrun for tutorial to 2022-09-16T13:46:49.123941+00:00, run_after=2022-09-17T13:46:49.123941+00:00
[2022-09-17 13:46:49,162] {processor.py:161} INFO - Processing /home/airflow/.local/lib/python3.7/site-packages/airflow/example_dags/tutorial.py took 0.305 seconds
[2022-09-17 13:47:19,240] {processor.py:153} INFO - Started process (PID=240) to work on /home/airflow/.local/lib/python3.7/site-packages/airflow/example_dags/tutorial.py
[2022-09-17 13:47:19,241] {processor.py:641} INFO - Processing file /home/airflow/.local/lib/python3.7/site-packages/airflow/example_dags/tutorial.py for tasks to queue
[2022-09-17 13:47:19,242] {logging_mixin.py:115} INFO - [2022-09-17 13:47:19,241] {dagbag.py:507} INFO - Filling up the DagBag from /home/airflow/.local/lib/python3.7/site-packages/airflow/example_dags/tutorial.py
[2022-09-17 13:47:19,249] {processor.py:651} INFO - DAG(s) dict_keys(['tutorial']) retrieved from /home/airflow/.local/lib/python3.7/site-packages/airflow/example_dags/tutorial.py
[2022-09-17 13:47:19,279] {logging_mixin.py:115} INFO - [2022-09-17 13:47:19,279] {dag.py:2371} INFO - Sync 1 DAGs
[2022-09-17 13:47:19,305] {logging_mixin.py:115} INFO - [2022-09-17 13:47:19,305] {dag.py:2919} INFO - Setting next_dagrun for tutorial to 2022-09-16T13:47:19.304731+00:00, run_after=2022-09-17T13:47:19.304731+00:00
[2022-09-17 13:47:19,317] {processor.py:161} INFO - Processing /home/airflow/.local/lib/python3.7/site-packages/airflow/example_dags/tutorial.py took 0.081 seconds
[2022-09-17 13:47:50,680] {processor.py:153} INFO - Started process (PID=304) to work on /home/airflow/.local/lib/python3.7/site-packages/airflow/example_dags/tutorial.py
[2022-09-17 13:47:50,696] {processor.py:641} INFO - Processing file /home/airflow/.local/lib/python3.7/site-packages/airflow/example_dags/tutorial.py for tasks to queue
[2022-09-17 13:47:50,696] {logging_mixin.py:115} INFO - [2022-09-17 13:47:50,696] {dagbag.py:507} INFO - Filling up the DagBag from /home/airflow/.local/lib/python3.7/site-packages/airflow/example_dags/tutorial.py
[2022-09-17 13:47:50,733] {processor.py:651} INFO - DAG(s) dict_keys(['tutorial']) retrieved from /home/airflow/.local/lib/python3.7/site-packages/airflow/example_dags/tutorial.py
[2022-09-17 13:47:50,907] {logging_mixin.py:115} INFO - [2022-09-17 13:47:50,907] {dag.py:2371} INFO - Sync 1 DAGs
[2022-09-17 13:47:50,999] {logging_mixin.py:115} INFO - [2022-09-17 13:47:50,999] {dag.py:2919} INFO - Setting next_dagrun for tutorial to 2022-09-16T13:47:50.999252+00:00, run_after=2022-09-17T13:47:50.999252+00:00
[2022-09-17 13:47:51,043] {processor.py:161} INFO - Processing /home/airflow/.local/lib/python3.7/site-packages/airflow/example_dags/tutorial.py took 0.366 seconds
[2022-09-17 13:48:21,742] {processor.py:153} INFO - Started process (PID=356) to work on /home/airflow/.local/lib/python3.7/site-packages/airflow/example_dags/tutorial.py
[2022-09-17 13:48:21,743] {processor.py:641} INFO - Processing file /home/airflow/.local/lib/python3.7/site-packages/airflow/example_dags/tutorial.py for tasks to queue
[2022-09-17 13:48:21,743] {logging_mixin.py:115} INFO - [2022-09-17 13:48:21,743] {dagbag.py:507} INFO - Filling up the DagBag from /home/airflow/.local/lib/python3.7/site-packages/airflow/example_dags/tutorial.py
[2022-09-17 13:48:21,750] {processor.py:651} INFO - DAG(s) dict_keys(['tutorial']) retrieved from /home/airflow/.local/lib/python3.7/site-packages/airflow/example_dags/tutorial.py
[2022-09-17 13:48:21,789] {logging_mixin.py:115} INFO - [2022-09-17 13:48:21,789] {dag.py:2371} INFO - Sync 1 DAGs
[2022-09-17 13:48:21,817] {logging_mixin.py:115} INFO - [2022-09-17 13:48:21,816] {dag.py:2919} INFO - Setting next_dagrun for tutorial to 2022-09-16T13:48:21.816622+00:00, run_after=2022-09-17T13:48:21.816622+00:00
[2022-09-17 13:48:21,836] {processor.py:161} INFO - Processing /home/airflow/.local/lib/python3.7/site-packages/airflow/example_dags/tutorial.py took 0.099 seconds
[2022-09-17 13:48:52,327] {processor.py:153} INFO - Started process (PID=418) to work on /home/airflow/.local/lib/python3.7/site-packages/airflow/example_dags/tutorial.py
[2022-09-17 13:48:52,328] {processor.py:641} INFO - Processing file /home/airflow/.local/lib/python3.7/site-packages/airflow/example_dags/tutorial.py for tasks to queue
[2022-09-17 13:48:52,334] {logging_mixin.py:115} INFO - [2022-09-17 13:48:52,334] {dagbag.py:507} INFO - Filling up the DagBag from /home/airflow/.local/lib/python3.7/site-packages/airflow/example_dags/tutorial.py
[2022-09-17 13:48:52,352] {processor.py:651} INFO - DAG(s) dict_keys(['tutorial']) retrieved from /home/airflow/.local/lib/python3.7/site-packages/airflow/example_dags/tutorial.py
[2022-09-17 13:48:52,390] {logging_mixin.py:115} INFO - [2022-09-17 13:48:52,389] {dag.py:2371} INFO - Sync 1 DAGs
[2022-09-17 13:48:52,416] {logging_mixin.py:115} INFO - [2022-09-17 13:48:52,415] {dag.py:2919} INFO - Setting next_dagrun for tutorial to 2022-09-16T13:48:52.415684+00:00, run_after=2022-09-17T13:48:52.415684+00:00
[2022-09-17 13:48:52,426] {processor.py:161} INFO - Processing /home/airflow/.local/lib/python3.7/site-packages/airflow/example_dags/tutorial.py took 0.103 seconds
[2022-09-17 13:49:23,223] {processor.py:153} INFO - Started process (PID=472) to work on /home/airflow/.local/lib/python3.7/site-packages/airflow/example_dags/tutorial.py
[2022-09-17 13:49:23,227] {processor.py:641} INFO - Processing file /home/airflow/.local/lib/python3.7/site-packages/airflow/example_dags/tutorial.py for tasks to queue
[2022-09-17 13:49:23,227] {logging_mixin.py:115} INFO - [2022-09-17 13:49:23,227] {dagbag.py:507} INFO - Filling up the DagBag from /home/airflow/.local/lib/python3.7/site-packages/airflow/example_dags/tutorial.py
[2022-09-17 13:49:23,270] {processor.py:651} INFO - DAG(s) dict_keys(['tutorial']) retrieved from /home/airflow/.local/lib/python3.7/site-packages/airflow/example_dags/tutorial.py
[2022-09-17 13:49:23,376] {logging_mixin.py:115} INFO - [2022-09-17 13:49:23,376] {dag.py:2371} INFO - Sync 1 DAGs
[2022-09-17 13:49:23,483] {logging_mixin.py:115} INFO - [2022-09-17 13:49:23,482] {dag.py:2919} INFO - Setting next_dagrun for tutorial to 2022-09-16T13:49:23.482664+00:00, run_after=2022-09-17T13:49:23.482664+00:00
[2022-09-17 13:49:23,587] {processor.py:161} INFO - Processing /home/airflow/.local/lib/python3.7/site-packages/airflow/example_dags/tutorial.py took 0.369 seconds
[2022-09-17 13:49:54,400] {processor.py:153} INFO - Started process (PID=536) to work on /home/airflow/.local/lib/python3.7/site-packages/airflow/example_dags/tutorial.py
[2022-09-17 13:49:54,401] {processor.py:641} INFO - Processing file /home/airflow/.local/lib/python3.7/site-packages/airflow/example_dags/tutorial.py for tasks to queue
[2022-09-17 13:49:54,401] {logging_mixin.py:115} INFO - [2022-09-17 13:49:54,401] {dagbag.py:507} INFO - Filling up the DagBag from /home/airflow/.local/lib/python3.7/site-packages/airflow/example_dags/tutorial.py
[2022-09-17 13:49:54,411] {processor.py:651} INFO - DAG(s) dict_keys(['tutorial']) retrieved from /home/airflow/.local/lib/python3.7/site-packages/airflow/example_dags/tutorial.py
[2022-09-17 13:49:54,480] {logging_mixin.py:115} INFO - [2022-09-17 13:49:54,480] {dag.py:2371} INFO - Sync 1 DAGs
[2022-09-17 13:49:54,528] {logging_mixin.py:115} INFO - [2022-09-17 13:49:54,528] {dag.py:2919} INFO - Setting next_dagrun for tutorial to 2022-09-16T13:49:54.527819+00:00, run_after=2022-09-17T13:49:54.527819+00:00
[2022-09-17 13:49:54,549] {processor.py:161} INFO - Processing /home/airflow/.local/lib/python3.7/site-packages/airflow/example_dags/tutorial.py took 0.161 seconds
[2022-09-17 13:50:24,754] {processor.py:153} INFO - Started process (PID=600) to work on /home/airflow/.local/lib/python3.7/site-packages/airflow/example_dags/tutorial.py
[2022-09-17 13:50:24,759] {processor.py:641} INFO - Processing file /home/airflow/.local/lib/python3.7/site-packages/airflow/example_dags/tutorial.py for tasks to queue
[2022-09-17 13:50:24,759] {logging_mixin.py:115} INFO - [2022-09-17 13:50:24,759] {dagbag.py:507} INFO - Filling up the DagBag from /home/airflow/.local/lib/python3.7/site-packages/airflow/example_dags/tutorial.py
[2022-09-17 13:50:24,765] {processor.py:651} INFO - DAG(s) dict_keys(['tutorial']) retrieved from /home/airflow/.local/lib/python3.7/site-packages/airflow/example_dags/tutorial.py
[2022-09-17 13:50:24,827] {logging_mixin.py:115} INFO - [2022-09-17 13:50:24,826] {dag.py:2371} INFO - Sync 1 DAGs
[2022-09-17 13:50:24,871] {logging_mixin.py:115} INFO - [2022-09-17 13:50:24,871] {dag.py:2919} INFO - Setting next_dagrun for tutorial to 2022-09-16T13:50:24.871413+00:00, run_after=2022-09-17T13:50:24.871413+00:00
[2022-09-17 13:50:24,894] {processor.py:161} INFO - Processing /home/airflow/.local/lib/python3.7/site-packages/airflow/example_dags/tutorial.py took 0.151 seconds
[2022-09-17 13:50:55,860] {processor.py:153} INFO - Started process (PID=654) to work on /home/airflow/.local/lib/python3.7/site-packages/airflow/example_dags/tutorial.py
[2022-09-17 13:50:55,861] {processor.py:641} INFO - Processing file /home/airflow/.local/lib/python3.7/site-packages/airflow/example_dags/tutorial.py for tasks to queue
[2022-09-17 13:50:55,861] {logging_mixin.py:115} INFO - [2022-09-17 13:50:55,861] {dagbag.py:507} INFO - Filling up the DagBag from /home/airflow/.local/lib/python3.7/site-packages/airflow/example_dags/tutorial.py
[2022-09-17 13:50:55,870] {processor.py:651} INFO - DAG(s) dict_keys(['tutorial']) retrieved from /home/airflow/.local/lib/python3.7/site-packages/airflow/example_dags/tutorial.py
[2022-09-17 13:50:55,902] {logging_mixin.py:115} INFO - [2022-09-17 13:50:55,902] {dag.py:2371} INFO - Sync 1 DAGs
[2022-09-17 13:50:55,928] {logging_mixin.py:115} INFO - [2022-09-17 13:50:55,928] {dag.py:2919} INFO - Setting next_dagrun for tutorial to 2022-09-16T13:50:55.927654+00:00, run_after=2022-09-17T13:50:55.927654+00:00
[2022-09-17 13:50:55,941] {processor.py:161} INFO - Processing /home/airflow/.local/lib/python3.7/site-packages/airflow/example_dags/tutorial.py took 0.085 seconds
[2022-09-17 13:51:26,363] {processor.py:153} INFO - Started process (PID=717) to work on /home/airflow/.local/lib/python3.7/site-packages/airflow/example_dags/tutorial.py
[2022-09-17 13:51:26,364] {processor.py:641} INFO - Processing file /home/airflow/.local/lib/python3.7/site-packages/airflow/example_dags/tutorial.py for tasks to queue
[2022-09-17 13:51:26,365] {logging_mixin.py:115} INFO - [2022-09-17 13:51:26,365] {dagbag.py:507} INFO - Filling up the DagBag from /home/airflow/.local/lib/python3.7/site-packages/airflow/example_dags/tutorial.py
[2022-09-17 13:51:26,371] {processor.py:651} INFO - DAG(s) dict_keys(['tutorial']) retrieved from /home/airflow/.local/lib/python3.7/site-packages/airflow/example_dags/tutorial.py
[2022-09-17 13:51:26,401] {logging_mixin.py:115} INFO - [2022-09-17 13:51:26,401] {dag.py:2371} INFO - Sync 1 DAGs
[2022-09-17 13:51:26,423] {logging_mixin.py:115} INFO - [2022-09-17 13:51:26,423] {dag.py:2919} INFO - Setting next_dagrun for tutorial to 2022-09-16T13:51:26.423316+00:00, run_after=2022-09-17T13:51:26.423316+00:00
[2022-09-17 13:51:26,435] {processor.py:161} INFO - Processing /home/airflow/.local/lib/python3.7/site-packages/airflow/example_dags/tutorial.py took 0.076 seconds
[2022-09-17 13:51:56,603] {processor.py:153} INFO - Started process (PID=771) to work on /home/airflow/.local/lib/python3.7/site-packages/airflow/example_dags/tutorial.py
[2022-09-17 13:51:56,603] {processor.py:641} INFO - Processing file /home/airflow/.local/lib/python3.7/site-packages/airflow/example_dags/tutorial.py for tasks to queue
[2022-09-17 13:51:56,604] {logging_mixin.py:115} INFO - [2022-09-17 13:51:56,604] {dagbag.py:507} INFO - Filling up the DagBag from /home/airflow/.local/lib/python3.7/site-packages/airflow/example_dags/tutorial.py
[2022-09-17 13:51:56,613] {processor.py:651} INFO - DAG(s) dict_keys(['tutorial']) retrieved from /home/airflow/.local/lib/python3.7/site-packages/airflow/example_dags/tutorial.py
[2022-09-17 13:51:56,645] {logging_mixin.py:115} INFO - [2022-09-17 13:51:56,645] {dag.py:2371} INFO - Sync 1 DAGs
[2022-09-17 13:51:56,670] {logging_mixin.py:115} INFO - [2022-09-17 13:51:56,670] {dag.py:2919} INFO - Setting next_dagrun for tutorial to 2022-09-16T13:51:56.670137+00:00, run_after=2022-09-17T13:51:56.670137+00:00
[2022-09-17 13:51:56,682] {processor.py:161} INFO - Processing /home/airflow/.local/lib/python3.7/site-packages/airflow/example_dags/tutorial.py took 0.083 seconds
[2022-09-17 13:52:27,037] {processor.py:153} INFO - Started process (PID=834) to work on /home/airflow/.local/lib/python3.7/site-packages/airflow/example_dags/tutorial.py
[2022-09-17 13:52:27,038] {processor.py:641} INFO - Processing file /home/airflow/.local/lib/python3.7/site-packages/airflow/example_dags/tutorial.py for tasks to queue
[2022-09-17 13:52:27,038] {logging_mixin.py:115} INFO - [2022-09-17 13:52:27,038] {dagbag.py:507} INFO - Filling up the DagBag from /home/airflow/.local/lib/python3.7/site-packages/airflow/example_dags/tutorial.py
[2022-09-17 13:52:27,045] {processor.py:651} INFO - DAG(s) dict_keys(['tutorial']) retrieved from /home/airflow/.local/lib/python3.7/site-packages/airflow/example_dags/tutorial.py
[2022-09-17 13:52:27,086] {logging_mixin.py:115} INFO - [2022-09-17 13:52:27,086] {dag.py:2371} INFO - Sync 1 DAGs
[2022-09-17 13:52:27,108] {logging_mixin.py:115} INFO - [2022-09-17 13:52:27,108] {dag.py:2919} INFO - Setting next_dagrun for tutorial to 2022-09-16T13:52:27.107728+00:00, run_after=2022-09-17T13:52:27.107728+00:00
[2022-09-17 13:52:27,118] {processor.py:161} INFO - Processing /home/airflow/.local/lib/python3.7/site-packages/airflow/example_dags/tutorial.py took 0.084 seconds
[2022-09-17 13:52:57,371] {processor.py:153} INFO - Started process (PID=896) to work on /home/airflow/.local/lib/python3.7/site-packages/airflow/example_dags/tutorial.py
[2022-09-17 13:52:57,376] {processor.py:641} INFO - Processing file /home/airflow/.local/lib/python3.7/site-packages/airflow/example_dags/tutorial.py for tasks to queue
[2022-09-17 13:52:57,376] {logging_mixin.py:115} INFO - [2022-09-17 13:52:57,376] {dagbag.py:507} INFO - Filling up the DagBag from /home/airflow/.local/lib/python3.7/site-packages/airflow/example_dags/tutorial.py
[2022-09-17 13:52:57,438] {processor.py:651} INFO - DAG(s) dict_keys(['tutorial']) retrieved from /home/airflow/.local/lib/python3.7/site-packages/airflow/example_dags/tutorial.py
[2022-09-17 13:52:57,788] {logging_mixin.py:115} INFO - [2022-09-17 13:52:57,788] {dag.py:2371} INFO - Sync 1 DAGs
[2022-09-17 13:52:57,956] {logging_mixin.py:115} INFO - [2022-09-17 13:52:57,956] {dag.py:2919} INFO - Setting next_dagrun for tutorial to 2022-09-16T13:52:57.956497+00:00, run_after=2022-09-17T13:52:57.956497+00:00
[2022-09-17 13:52:58,013] {processor.py:161} INFO - Processing /home/airflow/.local/lib/python3.7/site-packages/airflow/example_dags/tutorial.py took 0.667 seconds
[2022-09-17 13:53:28,493] {processor.py:153} INFO - Started process (PID=950) to work on /home/airflow/.local/lib/python3.7/site-packages/airflow/example_dags/tutorial.py
[2022-09-17 13:53:28,497] {processor.py:641} INFO - Processing file /home/airflow/.local/lib/python3.7/site-packages/airflow/example_dags/tutorial.py for tasks to queue
[2022-09-17 13:53:28,498] {logging_mixin.py:115} INFO - [2022-09-17 13:53:28,498] {dagbag.py:507} INFO - Filling up the DagBag from /home/airflow/.local/lib/python3.7/site-packages/airflow/example_dags/tutorial.py
[2022-09-17 13:53:28,510] {processor.py:651} INFO - DAG(s) dict_keys(['tutorial']) retrieved from /home/airflow/.local/lib/python3.7/site-packages/airflow/example_dags/tutorial.py
[2022-09-17 13:53:28,554] {logging_mixin.py:115} INFO - [2022-09-17 13:53:28,554] {dag.py:2371} INFO - Sync 1 DAGs
[2022-09-17 13:53:28,590] {logging_mixin.py:115} INFO - [2022-09-17 13:53:28,590] {dag.py:2919} INFO - Setting next_dagrun for tutorial to 2022-09-16T13:53:28.590199+00:00, run_after=2022-09-17T13:53:28.590199+00:00
[2022-09-17 13:53:28,608] {processor.py:161} INFO - Processing /home/airflow/.local/lib/python3.7/site-packages/airflow/example_dags/tutorial.py took 0.119 seconds
[2022-09-17 13:53:58,649] {processor.py:153} INFO - Started process (PID=1004) to work on /home/airflow/.local/lib/python3.7/site-packages/airflow/example_dags/tutorial.py
[2022-09-17 13:53:58,651] {processor.py:641} INFO - Processing file /home/airflow/.local/lib/python3.7/site-packages/airflow/example_dags/tutorial.py for tasks to queue
[2022-09-17 13:53:58,652] {logging_mixin.py:115} INFO - [2022-09-17 13:53:58,652] {dagbag.py:507} INFO - Filling up the DagBag from /home/airflow/.local/lib/python3.7/site-packages/airflow/example_dags/tutorial.py
[2022-09-17 13:53:58,666] {processor.py:651} INFO - DAG(s) dict_keys(['tutorial']) retrieved from /home/airflow/.local/lib/python3.7/site-packages/airflow/example_dags/tutorial.py
[2022-09-17 13:53:58,802] {logging_mixin.py:115} INFO - [2022-09-17 13:53:58,802] {dag.py:2371} INFO - Sync 1 DAGs
[2022-09-17 13:53:58,868] {logging_mixin.py:115} INFO - [2022-09-17 13:53:58,868] {dag.py:2919} INFO - Setting next_dagrun for tutorial to 2022-09-16T13:53:58.867842+00:00, run_after=2022-09-17T13:53:58.867842+00:00
[2022-09-17 13:53:58,894] {processor.py:161} INFO - Processing /home/airflow/.local/lib/python3.7/site-packages/airflow/example_dags/tutorial.py took 0.247 seconds
[2022-09-17 13:54:29,225] {processor.py:153} INFO - Started process (PID=1066) to work on /home/airflow/.local/lib/python3.7/site-packages/airflow/example_dags/tutorial.py
[2022-09-17 13:54:29,227] {processor.py:641} INFO - Processing file /home/airflow/.local/lib/python3.7/site-packages/airflow/example_dags/tutorial.py for tasks to queue
[2022-09-17 13:54:29,228] {logging_mixin.py:115} INFO - [2022-09-17 13:54:29,228] {dagbag.py:507} INFO - Filling up the DagBag from /home/airflow/.local/lib/python3.7/site-packages/airflow/example_dags/tutorial.py
[2022-09-17 13:54:29,241] {processor.py:651} INFO - DAG(s) dict_keys(['tutorial']) retrieved from /home/airflow/.local/lib/python3.7/site-packages/airflow/example_dags/tutorial.py
[2022-09-17 13:54:29,324] {logging_mixin.py:115} INFO - [2022-09-17 13:54:29,324] {dag.py:2371} INFO - Sync 1 DAGs
[2022-09-17 13:54:29,373] {logging_mixin.py:115} INFO - [2022-09-17 13:54:29,373] {dag.py:2919} INFO - Setting next_dagrun for tutorial to 2022-09-16T13:54:29.373231+00:00, run_after=2022-09-17T13:54:29.373231+00:00
[2022-09-17 13:54:29,386] {processor.py:161} INFO - Processing /home/airflow/.local/lib/python3.7/site-packages/airflow/example_dags/tutorial.py took 0.165 seconds
[2022-09-17 13:54:59,617] {processor.py:153} INFO - Started process (PID=1120) to work on /home/airflow/.local/lib/python3.7/site-packages/airflow/example_dags/tutorial.py
[2022-09-17 13:54:59,617] {processor.py:641} INFO - Processing file /home/airflow/.local/lib/python3.7/site-packages/airflow/example_dags/tutorial.py for tasks to queue
[2022-09-17 13:54:59,618] {logging_mixin.py:115} INFO - [2022-09-17 13:54:59,618] {dagbag.py:507} INFO - Filling up the DagBag from /home/airflow/.local/lib/python3.7/site-packages/airflow/example_dags/tutorial.py
[2022-09-17 13:54:59,645] {processor.py:651} INFO - DAG(s) dict_keys(['tutorial']) retrieved from /home/airflow/.local/lib/python3.7/site-packages/airflow/example_dags/tutorial.py
[2022-09-17 13:54:59,727] {logging_mixin.py:115} INFO - [2022-09-17 13:54:59,726] {dag.py:2371} INFO - Sync 1 DAGs
[2022-09-17 13:54:59,783] {logging_mixin.py:115} INFO - [2022-09-17 13:54:59,782] {dag.py:2919} INFO - Setting next_dagrun for tutorial to 2022-09-16T13:54:59.782591+00:00, run_after=2022-09-17T13:54:59.782591+00:00
[2022-09-17 13:54:59,798] {processor.py:161} INFO - Processing /home/airflow/.local/lib/python3.7/site-packages/airflow/example_dags/tutorial.py took 0.188 seconds
