[2022-09-17 13:28:21,318] {processor.py:153} INFO - Started process (PID=66) to work on /home/airflow/.local/lib/python3.7/site-packages/airflow/example_dags/tutorial_taskflow_api_etl.py
[2022-09-17 13:28:21,318] {processor.py:641} INFO - Processing file /home/airflow/.local/lib/python3.7/site-packages/airflow/example_dags/tutorial_taskflow_api_etl.py for tasks to queue
[2022-09-17 13:28:21,319] {logging_mixin.py:115} INFO - [2022-09-17 13:28:21,319] {dagbag.py:507} INFO - Filling up the DagBag from /home/airflow/.local/lib/python3.7/site-packages/airflow/example_dags/tutorial_taskflow_api_etl.py
[2022-09-17 13:28:25,683] {processor.py:651} INFO - DAG(s) dict_keys(['tutorial_taskflow_api_etl']) retrieved from /home/airflow/.local/lib/python3.7/site-packages/airflow/example_dags/tutorial_taskflow_api_etl.py
[2022-09-17 13:29:32,624] {processor.py:153} INFO - Started process (PID=106) to work on /home/airflow/.local/lib/python3.7/site-packages/airflow/example_dags/tutorial_taskflow_api_etl.py
[2022-09-17 13:29:32,625] {processor.py:641} INFO - Processing file /home/airflow/.local/lib/python3.7/site-packages/airflow/example_dags/tutorial_taskflow_api_etl.py for tasks to queue
[2022-09-17 13:29:32,625] {logging_mixin.py:115} INFO - [2022-09-17 13:29:32,625] {dagbag.py:507} INFO - Filling up the DagBag from /home/airflow/.local/lib/python3.7/site-packages/airflow/example_dags/tutorial_taskflow_api_etl.py
[2022-09-17 13:29:32,647] {processor.py:651} INFO - DAG(s) dict_keys(['tutorial_taskflow_api_etl']) retrieved from /home/airflow/.local/lib/python3.7/site-packages/airflow/example_dags/tutorial_taskflow_api_etl.py
[2022-09-17 13:29:32,907] {logging_mixin.py:115} INFO - [2022-09-17 13:29:32,907] {manager.py:508} INFO - Created Permission View: can delete on DAG:tutorial_taskflow_api_etl
[2022-09-17 13:29:32,917] {logging_mixin.py:115} INFO - [2022-09-17 13:29:32,917] {manager.py:508} INFO - Created Permission View: can edit on DAG:tutorial_taskflow_api_etl
[2022-09-17 13:29:32,923] {logging_mixin.py:115} INFO - [2022-09-17 13:29:32,922] {manager.py:508} INFO - Created Permission View: can read on DAG:tutorial_taskflow_api_etl
[2022-09-17 13:29:32,923] {logging_mixin.py:115} INFO - [2022-09-17 13:29:32,923] {dag.py:2371} INFO - Sync 1 DAGs
[2022-09-17 13:29:32,931] {logging_mixin.py:115} INFO - [2022-09-17 13:29:32,931] {dag.py:2390} INFO - Creating ORM DAG for tutorial_taskflow_api_etl
[2022-09-17 13:29:32,941] {logging_mixin.py:115} INFO - [2022-09-17 13:29:32,941] {dag.py:2919} INFO - Setting next_dagrun for tutorial_taskflow_api_etl to None, run_after=None
[2022-09-17 13:29:32,952] {processor.py:161} INFO - Processing /home/airflow/.local/lib/python3.7/site-packages/airflow/example_dags/tutorial_taskflow_api_etl.py took 0.333 seconds
[2022-09-17 13:30:05,352] {processor.py:153} INFO - Started process (PID=149) to work on /home/airflow/.local/lib/python3.7/site-packages/airflow/example_dags/tutorial_taskflow_api_etl.py
[2022-09-17 13:30:05,353] {processor.py:641} INFO - Processing file /home/airflow/.local/lib/python3.7/site-packages/airflow/example_dags/tutorial_taskflow_api_etl.py for tasks to queue
[2022-09-17 13:30:05,354] {logging_mixin.py:115} INFO - [2022-09-17 13:30:05,354] {dagbag.py:507} INFO - Filling up the DagBag from /home/airflow/.local/lib/python3.7/site-packages/airflow/example_dags/tutorial_taskflow_api_etl.py
[2022-09-17 13:30:05,382] {processor.py:651} INFO - DAG(s) dict_keys(['tutorial_taskflow_api_etl']) retrieved from /home/airflow/.local/lib/python3.7/site-packages/airflow/example_dags/tutorial_taskflow_api_etl.py
[2022-09-17 13:30:05,636] {logging_mixin.py:115} INFO - [2022-09-17 13:30:05,636] {dag.py:2371} INFO - Sync 1 DAGs
[2022-09-17 13:30:05,655] {logging_mixin.py:115} INFO - [2022-09-17 13:30:05,655] {dag.py:2919} INFO - Setting next_dagrun for tutorial_taskflow_api_etl to None, run_after=None
[2022-09-17 13:30:05,677] {processor.py:161} INFO - Processing /home/airflow/.local/lib/python3.7/site-packages/airflow/example_dags/tutorial_taskflow_api_etl.py took 0.328 seconds
[2022-09-17 13:30:42,717] {processor.py:153} INFO - Started process (PID=210) to work on /home/airflow/.local/lib/python3.7/site-packages/airflow/example_dags/tutorial_taskflow_api_etl.py
[2022-09-17 13:30:42,718] {processor.py:641} INFO - Processing file /home/airflow/.local/lib/python3.7/site-packages/airflow/example_dags/tutorial_taskflow_api_etl.py for tasks to queue
[2022-09-17 13:30:42,719] {logging_mixin.py:115} INFO - [2022-09-17 13:30:42,719] {dagbag.py:507} INFO - Filling up the DagBag from /home/airflow/.local/lib/python3.7/site-packages/airflow/example_dags/tutorial_taskflow_api_etl.py
[2022-09-17 13:30:42,752] {processor.py:651} INFO - DAG(s) dict_keys(['tutorial_taskflow_api_etl']) retrieved from /home/airflow/.local/lib/python3.7/site-packages/airflow/example_dags/tutorial_taskflow_api_etl.py
[2022-09-17 13:30:43,058] {logging_mixin.py:115} INFO - [2022-09-17 13:30:43,058] {dag.py:2371} INFO - Sync 1 DAGs
[2022-09-17 13:30:43,080] {logging_mixin.py:115} INFO - [2022-09-17 13:30:43,080] {dag.py:2919} INFO - Setting next_dagrun for tutorial_taskflow_api_etl to None, run_after=None
[2022-09-17 13:30:43,096] {processor.py:161} INFO - Processing /home/airflow/.local/lib/python3.7/site-packages/airflow/example_dags/tutorial_taskflow_api_etl.py took 0.385 seconds
[2022-09-17 13:31:13,634] {processor.py:153} INFO - Started process (PID=261) to work on /home/airflow/.local/lib/python3.7/site-packages/airflow/example_dags/tutorial_taskflow_api_etl.py
[2022-09-17 13:31:13,636] {processor.py:641} INFO - Processing file /home/airflow/.local/lib/python3.7/site-packages/airflow/example_dags/tutorial_taskflow_api_etl.py for tasks to queue
[2022-09-17 13:31:13,637] {logging_mixin.py:115} INFO - [2022-09-17 13:31:13,637] {dagbag.py:507} INFO - Filling up the DagBag from /home/airflow/.local/lib/python3.7/site-packages/airflow/example_dags/tutorial_taskflow_api_etl.py
[2022-09-17 13:31:13,676] {processor.py:651} INFO - DAG(s) dict_keys(['tutorial_taskflow_api_etl']) retrieved from /home/airflow/.local/lib/python3.7/site-packages/airflow/example_dags/tutorial_taskflow_api_etl.py
[2022-09-17 13:31:13,919] {logging_mixin.py:115} INFO - [2022-09-17 13:31:13,919] {dag.py:2371} INFO - Sync 1 DAGs
[2022-09-17 13:31:13,936] {logging_mixin.py:115} INFO - [2022-09-17 13:31:13,936] {dag.py:2919} INFO - Setting next_dagrun for tutorial_taskflow_api_etl to None, run_after=None
[2022-09-17 13:31:13,973] {processor.py:161} INFO - Processing /home/airflow/.local/lib/python3.7/site-packages/airflow/example_dags/tutorial_taskflow_api_etl.py took 0.342 seconds
[2022-09-17 13:31:44,073] {processor.py:153} INFO - Started process (PID=313) to work on /home/airflow/.local/lib/python3.7/site-packages/airflow/example_dags/tutorial_taskflow_api_etl.py
[2022-09-17 13:31:44,075] {processor.py:641} INFO - Processing file /home/airflow/.local/lib/python3.7/site-packages/airflow/example_dags/tutorial_taskflow_api_etl.py for tasks to queue
[2022-09-17 13:31:44,075] {logging_mixin.py:115} INFO - [2022-09-17 13:31:44,075] {dagbag.py:507} INFO - Filling up the DagBag from /home/airflow/.local/lib/python3.7/site-packages/airflow/example_dags/tutorial_taskflow_api_etl.py
[2022-09-17 13:31:44,119] {processor.py:651} INFO - DAG(s) dict_keys(['tutorial_taskflow_api_etl']) retrieved from /home/airflow/.local/lib/python3.7/site-packages/airflow/example_dags/tutorial_taskflow_api_etl.py
[2022-09-17 13:31:45,062] {logging_mixin.py:115} INFO - [2022-09-17 13:31:45,061] {dag.py:2371} INFO - Sync 1 DAGs
[2022-09-17 13:31:45,149] {logging_mixin.py:115} INFO - [2022-09-17 13:31:45,149] {dag.py:2919} INFO - Setting next_dagrun for tutorial_taskflow_api_etl to None, run_after=None
[2022-09-17 13:31:45,205] {processor.py:161} INFO - Processing /home/airflow/.local/lib/python3.7/site-packages/airflow/example_dags/tutorial_taskflow_api_etl.py took 1.136 seconds
[2022-09-17 13:32:16,166] {processor.py:153} INFO - Started process (PID=374) to work on /home/airflow/.local/lib/python3.7/site-packages/airflow/example_dags/tutorial_taskflow_api_etl.py
[2022-09-17 13:32:16,168] {processor.py:641} INFO - Processing file /home/airflow/.local/lib/python3.7/site-packages/airflow/example_dags/tutorial_taskflow_api_etl.py for tasks to queue
[2022-09-17 13:32:16,168] {logging_mixin.py:115} INFO - [2022-09-17 13:32:16,168] {dagbag.py:507} INFO - Filling up the DagBag from /home/airflow/.local/lib/python3.7/site-packages/airflow/example_dags/tutorial_taskflow_api_etl.py
[2022-09-17 13:32:16,188] {processor.py:651} INFO - DAG(s) dict_keys(['tutorial_taskflow_api_etl']) retrieved from /home/airflow/.local/lib/python3.7/site-packages/airflow/example_dags/tutorial_taskflow_api_etl.py
[2022-09-17 13:32:16,452] {logging_mixin.py:115} INFO - [2022-09-17 13:32:16,452] {dag.py:2371} INFO - Sync 1 DAGs
[2022-09-17 13:32:16,472] {logging_mixin.py:115} INFO - [2022-09-17 13:32:16,472] {dag.py:2919} INFO - Setting next_dagrun for tutorial_taskflow_api_etl to None, run_after=None
[2022-09-17 13:32:16,484] {processor.py:161} INFO - Processing /home/airflow/.local/lib/python3.7/site-packages/airflow/example_dags/tutorial_taskflow_api_etl.py took 0.322 seconds
[2022-09-17 13:32:47,262] {processor.py:153} INFO - Started process (PID=435) to work on /home/airflow/.local/lib/python3.7/site-packages/airflow/example_dags/tutorial_taskflow_api_etl.py
[2022-09-17 13:32:47,265] {processor.py:641} INFO - Processing file /home/airflow/.local/lib/python3.7/site-packages/airflow/example_dags/tutorial_taskflow_api_etl.py for tasks to queue
[2022-09-17 13:32:47,268] {logging_mixin.py:115} INFO - [2022-09-17 13:32:47,268] {dagbag.py:507} INFO - Filling up the DagBag from /home/airflow/.local/lib/python3.7/site-packages/airflow/example_dags/tutorial_taskflow_api_etl.py
[2022-09-17 13:32:47,371] {processor.py:651} INFO - DAG(s) dict_keys(['tutorial_taskflow_api_etl']) retrieved from /home/airflow/.local/lib/python3.7/site-packages/airflow/example_dags/tutorial_taskflow_api_etl.py
[2022-09-17 13:32:48,148] {logging_mixin.py:115} INFO - [2022-09-17 13:32:48,148] {dag.py:2371} INFO - Sync 1 DAGs
[2022-09-17 13:32:48,169] {logging_mixin.py:115} INFO - [2022-09-17 13:32:48,169] {dag.py:2919} INFO - Setting next_dagrun for tutorial_taskflow_api_etl to None, run_after=None
[2022-09-17 13:32:48,472] {processor.py:161} INFO - Processing /home/airflow/.local/lib/python3.7/site-packages/airflow/example_dags/tutorial_taskflow_api_etl.py took 1.227 seconds
[2022-09-17 13:33:22,630] {processor.py:153} INFO - Started process (PID=487) to work on /home/airflow/.local/lib/python3.7/site-packages/airflow/example_dags/tutorial_taskflow_api_etl.py
[2022-09-17 13:33:22,646] {processor.py:641} INFO - Processing file /home/airflow/.local/lib/python3.7/site-packages/airflow/example_dags/tutorial_taskflow_api_etl.py for tasks to queue
[2022-09-17 13:33:22,647] {logging_mixin.py:115} INFO - [2022-09-17 13:33:22,646] {dagbag.py:507} INFO - Filling up the DagBag from /home/airflow/.local/lib/python3.7/site-packages/airflow/example_dags/tutorial_taskflow_api_etl.py
[2022-09-17 13:33:22,801] {processor.py:651} INFO - DAG(s) dict_keys(['tutorial_taskflow_api_etl']) retrieved from /home/airflow/.local/lib/python3.7/site-packages/airflow/example_dags/tutorial_taskflow_api_etl.py
[2022-09-17 13:33:23,554] {logging_mixin.py:115} INFO - [2022-09-17 13:33:23,554] {dag.py:2371} INFO - Sync 1 DAGs
[2022-09-17 13:33:23,613] {logging_mixin.py:115} INFO - [2022-09-17 13:33:23,613] {dag.py:2919} INFO - Setting next_dagrun for tutorial_taskflow_api_etl to None, run_after=None
[2022-09-17 13:33:23,694] {processor.py:161} INFO - Processing /home/airflow/.local/lib/python3.7/site-packages/airflow/example_dags/tutorial_taskflow_api_etl.py took 1.093 seconds
[2022-09-17 13:33:54,644] {processor.py:153} INFO - Started process (PID=549) to work on /home/airflow/.local/lib/python3.7/site-packages/airflow/example_dags/tutorial_taskflow_api_etl.py
[2022-09-17 13:33:54,645] {processor.py:641} INFO - Processing file /home/airflow/.local/lib/python3.7/site-packages/airflow/example_dags/tutorial_taskflow_api_etl.py for tasks to queue
[2022-09-17 13:33:54,647] {logging_mixin.py:115} INFO - [2022-09-17 13:33:54,647] {dagbag.py:507} INFO - Filling up the DagBag from /home/airflow/.local/lib/python3.7/site-packages/airflow/example_dags/tutorial_taskflow_api_etl.py
[2022-09-17 13:33:54,700] {processor.py:651} INFO - DAG(s) dict_keys(['tutorial_taskflow_api_etl']) retrieved from /home/airflow/.local/lib/python3.7/site-packages/airflow/example_dags/tutorial_taskflow_api_etl.py
[2022-09-17 13:33:54,972] {logging_mixin.py:115} INFO - [2022-09-17 13:33:54,972] {dag.py:2371} INFO - Sync 1 DAGs
[2022-09-17 13:33:54,993] {logging_mixin.py:115} INFO - [2022-09-17 13:33:54,993] {dag.py:2919} INFO - Setting next_dagrun for tutorial_taskflow_api_etl to None, run_after=None
[2022-09-17 13:33:55,009] {processor.py:161} INFO - Processing /home/airflow/.local/lib/python3.7/site-packages/airflow/example_dags/tutorial_taskflow_api_etl.py took 0.369 seconds
[2022-09-17 13:34:27,838] {processor.py:153} INFO - Started process (PID=600) to work on /home/airflow/.local/lib/python3.7/site-packages/airflow/example_dags/tutorial_taskflow_api_etl.py
[2022-09-17 13:34:27,839] {processor.py:641} INFO - Processing file /home/airflow/.local/lib/python3.7/site-packages/airflow/example_dags/tutorial_taskflow_api_etl.py for tasks to queue
[2022-09-17 13:34:27,839] {logging_mixin.py:115} INFO - [2022-09-17 13:34:27,839] {dagbag.py:507} INFO - Filling up the DagBag from /home/airflow/.local/lib/python3.7/site-packages/airflow/example_dags/tutorial_taskflow_api_etl.py
[2022-09-17 13:34:27,878] {processor.py:651} INFO - DAG(s) dict_keys(['tutorial_taskflow_api_etl']) retrieved from /home/airflow/.local/lib/python3.7/site-packages/airflow/example_dags/tutorial_taskflow_api_etl.py
[2022-09-17 13:34:28,240] {logging_mixin.py:115} INFO - [2022-09-17 13:34:28,240] {dag.py:2371} INFO - Sync 1 DAGs
[2022-09-17 13:34:28,262] {logging_mixin.py:115} INFO - [2022-09-17 13:34:28,262] {dag.py:2919} INFO - Setting next_dagrun for tutorial_taskflow_api_etl to None, run_after=None
[2022-09-17 13:34:28,275] {processor.py:161} INFO - Processing /home/airflow/.local/lib/python3.7/site-packages/airflow/example_dags/tutorial_taskflow_api_etl.py took 0.441 seconds
[2022-09-17 13:34:58,525] {processor.py:153} INFO - Started process (PID=650) to work on /home/airflow/.local/lib/python3.7/site-packages/airflow/example_dags/tutorial_taskflow_api_etl.py
[2022-09-17 13:34:58,529] {processor.py:641} INFO - Processing file /home/airflow/.local/lib/python3.7/site-packages/airflow/example_dags/tutorial_taskflow_api_etl.py for tasks to queue
[2022-09-17 13:34:58,530] {logging_mixin.py:115} INFO - [2022-09-17 13:34:58,529] {dagbag.py:507} INFO - Filling up the DagBag from /home/airflow/.local/lib/python3.7/site-packages/airflow/example_dags/tutorial_taskflow_api_etl.py
[2022-09-17 13:34:58,574] {processor.py:651} INFO - DAG(s) dict_keys(['tutorial_taskflow_api_etl']) retrieved from /home/airflow/.local/lib/python3.7/site-packages/airflow/example_dags/tutorial_taskflow_api_etl.py
[2022-09-17 13:34:59,219] {logging_mixin.py:115} INFO - [2022-09-17 13:34:59,219] {dag.py:2371} INFO - Sync 1 DAGs
[2022-09-17 13:34:59,407] {logging_mixin.py:115} INFO - [2022-09-17 13:34:59,407] {dag.py:2919} INFO - Setting next_dagrun for tutorial_taskflow_api_etl to None, run_after=None
[2022-09-17 13:34:59,482] {processor.py:161} INFO - Processing /home/airflow/.local/lib/python3.7/site-packages/airflow/example_dags/tutorial_taskflow_api_etl.py took 0.968 seconds
[2022-09-17 13:35:29,660] {processor.py:153} INFO - Started process (PID=709) to work on /home/airflow/.local/lib/python3.7/site-packages/airflow/example_dags/tutorial_taskflow_api_etl.py
[2022-09-17 13:35:29,661] {processor.py:641} INFO - Processing file /home/airflow/.local/lib/python3.7/site-packages/airflow/example_dags/tutorial_taskflow_api_etl.py for tasks to queue
[2022-09-17 13:35:29,662] {logging_mixin.py:115} INFO - [2022-09-17 13:35:29,662] {dagbag.py:507} INFO - Filling up the DagBag from /home/airflow/.local/lib/python3.7/site-packages/airflow/example_dags/tutorial_taskflow_api_etl.py
[2022-09-17 13:35:29,682] {processor.py:651} INFO - DAG(s) dict_keys(['tutorial_taskflow_api_etl']) retrieved from /home/airflow/.local/lib/python3.7/site-packages/airflow/example_dags/tutorial_taskflow_api_etl.py
[2022-09-17 13:35:29,952] {logging_mixin.py:115} INFO - [2022-09-17 13:35:29,952] {dag.py:2371} INFO - Sync 1 DAGs
[2022-09-17 13:35:29,969] {logging_mixin.py:115} INFO - [2022-09-17 13:35:29,969] {dag.py:2919} INFO - Setting next_dagrun for tutorial_taskflow_api_etl to None, run_after=None
[2022-09-17 13:35:29,984] {processor.py:161} INFO - Processing /home/airflow/.local/lib/python3.7/site-packages/airflow/example_dags/tutorial_taskflow_api_etl.py took 0.327 seconds
[2022-09-17 13:36:00,298] {processor.py:153} INFO - Started process (PID=771) to work on /home/airflow/.local/lib/python3.7/site-packages/airflow/example_dags/tutorial_taskflow_api_etl.py
[2022-09-17 13:36:00,314] {processor.py:641} INFO - Processing file /home/airflow/.local/lib/python3.7/site-packages/airflow/example_dags/tutorial_taskflow_api_etl.py for tasks to queue
[2022-09-17 13:36:00,317] {logging_mixin.py:115} INFO - [2022-09-17 13:36:00,314] {dagbag.py:507} INFO - Filling up the DagBag from /home/airflow/.local/lib/python3.7/site-packages/airflow/example_dags/tutorial_taskflow_api_etl.py
[2022-09-17 13:36:00,381] {processor.py:651} INFO - DAG(s) dict_keys(['tutorial_taskflow_api_etl']) retrieved from /home/airflow/.local/lib/python3.7/site-packages/airflow/example_dags/tutorial_taskflow_api_etl.py
[2022-09-17 13:36:00,869] {logging_mixin.py:115} INFO - [2022-09-17 13:36:00,869] {dag.py:2371} INFO - Sync 1 DAGs
[2022-09-17 13:36:00,914] {logging_mixin.py:115} INFO - [2022-09-17 13:36:00,914] {dag.py:2919} INFO - Setting next_dagrun for tutorial_taskflow_api_etl to None, run_after=None
[2022-09-17 13:36:00,936] {processor.py:161} INFO - Processing /home/airflow/.local/lib/python3.7/site-packages/airflow/example_dags/tutorial_taskflow_api_etl.py took 0.646 seconds
[2022-09-17 13:36:32,643] {processor.py:153} INFO - Started process (PID=817) to work on /home/airflow/.local/lib/python3.7/site-packages/airflow/example_dags/tutorial_taskflow_api_etl.py
[2022-09-17 13:36:32,646] {processor.py:641} INFO - Processing file /home/airflow/.local/lib/python3.7/site-packages/airflow/example_dags/tutorial_taskflow_api_etl.py for tasks to queue
[2022-09-17 13:36:32,647] {logging_mixin.py:115} INFO - [2022-09-17 13:36:32,647] {dagbag.py:507} INFO - Filling up the DagBag from /home/airflow/.local/lib/python3.7/site-packages/airflow/example_dags/tutorial_taskflow_api_etl.py
[2022-09-17 13:36:32,695] {processor.py:651} INFO - DAG(s) dict_keys(['tutorial_taskflow_api_etl']) retrieved from /home/airflow/.local/lib/python3.7/site-packages/airflow/example_dags/tutorial_taskflow_api_etl.py
[2022-09-17 13:36:32,805] {logging_mixin.py:115} INFO - [2022-09-17 13:36:32,805] {dag.py:2371} INFO - Sync 1 DAGs
[2022-09-17 13:36:33,546] {logging_mixin.py:115} INFO - [2022-09-17 13:36:33,546] {dag.py:2919} INFO - Setting next_dagrun for tutorial_taskflow_api_etl to None, run_after=None
[2022-09-17 13:36:33,627] {processor.py:161} INFO - Processing /home/airflow/.local/lib/python3.7/site-packages/airflow/example_dags/tutorial_taskflow_api_etl.py took 1.001 seconds
[2022-09-17 13:37:08,125] {processor.py:153} INFO - Started process (PID=868) to work on /home/airflow/.local/lib/python3.7/site-packages/airflow/example_dags/tutorial_taskflow_api_etl.py
[2022-09-17 13:37:08,126] {processor.py:641} INFO - Processing file /home/airflow/.local/lib/python3.7/site-packages/airflow/example_dags/tutorial_taskflow_api_etl.py for tasks to queue
[2022-09-17 13:37:08,127] {logging_mixin.py:115} INFO - [2022-09-17 13:37:08,127] {dagbag.py:507} INFO - Filling up the DagBag from /home/airflow/.local/lib/python3.7/site-packages/airflow/example_dags/tutorial_taskflow_api_etl.py
[2022-09-17 13:37:08,152] {processor.py:651} INFO - DAG(s) dict_keys(['tutorial_taskflow_api_etl']) retrieved from /home/airflow/.local/lib/python3.7/site-packages/airflow/example_dags/tutorial_taskflow_api_etl.py
[2022-09-17 13:37:08,474] {logging_mixin.py:115} INFO - [2022-09-17 13:37:08,474] {dag.py:2371} INFO - Sync 1 DAGs
[2022-09-17 13:37:08,582] {logging_mixin.py:115} INFO - [2022-09-17 13:37:08,582] {dag.py:2919} INFO - Setting next_dagrun for tutorial_taskflow_api_etl to None, run_after=None
[2022-09-17 13:37:08,616] {processor.py:161} INFO - Processing /home/airflow/.local/lib/python3.7/site-packages/airflow/example_dags/tutorial_taskflow_api_etl.py took 0.499 seconds
[2022-09-17 13:39:24,258] {processor.py:153} INFO - Started process (PID=942) to work on /home/airflow/.local/lib/python3.7/site-packages/airflow/example_dags/tutorial_taskflow_api_etl.py
[2022-09-17 13:39:24,259] {processor.py:641} INFO - Processing file /home/airflow/.local/lib/python3.7/site-packages/airflow/example_dags/tutorial_taskflow_api_etl.py for tasks to queue
[2022-09-17 13:39:24,260] {logging_mixin.py:115} INFO - [2022-09-17 13:39:24,260] {dagbag.py:507} INFO - Filling up the DagBag from /home/airflow/.local/lib/python3.7/site-packages/airflow/example_dags/tutorial_taskflow_api_etl.py
[2022-09-17 13:39:24,288] {processor.py:651} INFO - DAG(s) dict_keys(['tutorial_taskflow_api_etl']) retrieved from /home/airflow/.local/lib/python3.7/site-packages/airflow/example_dags/tutorial_taskflow_api_etl.py
[2022-09-17 13:39:24,676] {logging_mixin.py:115} INFO - [2022-09-17 13:39:24,676] {dag.py:2371} INFO - Sync 1 DAGs
[2022-09-17 13:39:24,704] {logging_mixin.py:115} INFO - [2022-09-17 13:39:24,704] {dag.py:2919} INFO - Setting next_dagrun for tutorial_taskflow_api_etl to None, run_after=None
[2022-09-17 13:39:24,759] {processor.py:161} INFO - Processing /home/airflow/.local/lib/python3.7/site-packages/airflow/example_dags/tutorial_taskflow_api_etl.py took 0.505 seconds
[2022-09-17 13:39:55,544] {processor.py:153} INFO - Started process (PID=994) to work on /home/airflow/.local/lib/python3.7/site-packages/airflow/example_dags/tutorial_taskflow_api_etl.py
[2022-09-17 13:39:55,546] {processor.py:641} INFO - Processing file /home/airflow/.local/lib/python3.7/site-packages/airflow/example_dags/tutorial_taskflow_api_etl.py for tasks to queue
[2022-09-17 13:39:55,547] {logging_mixin.py:115} INFO - [2022-09-17 13:39:55,547] {dagbag.py:507} INFO - Filling up the DagBag from /home/airflow/.local/lib/python3.7/site-packages/airflow/example_dags/tutorial_taskflow_api_etl.py
[2022-09-17 13:39:55,582] {processor.py:651} INFO - DAG(s) dict_keys(['tutorial_taskflow_api_etl']) retrieved from /home/airflow/.local/lib/python3.7/site-packages/airflow/example_dags/tutorial_taskflow_api_etl.py
[2022-09-17 13:39:55,857] {logging_mixin.py:115} INFO - [2022-09-17 13:39:55,857] {dag.py:2371} INFO - Sync 1 DAGs
[2022-09-17 13:39:55,885] {logging_mixin.py:115} INFO - [2022-09-17 13:39:55,884] {dag.py:2919} INFO - Setting next_dagrun for tutorial_taskflow_api_etl to None, run_after=None
[2022-09-17 13:39:55,914] {processor.py:161} INFO - Processing /home/airflow/.local/lib/python3.7/site-packages/airflow/example_dags/tutorial_taskflow_api_etl.py took 0.377 seconds
[2022-09-17 13:40:26,738] {processor.py:153} INFO - Started process (PID=1048) to work on /home/airflow/.local/lib/python3.7/site-packages/airflow/example_dags/tutorial_taskflow_api_etl.py
[2022-09-17 13:40:26,744] {processor.py:641} INFO - Processing file /home/airflow/.local/lib/python3.7/site-packages/airflow/example_dags/tutorial_taskflow_api_etl.py for tasks to queue
[2022-09-17 13:40:26,750] {logging_mixin.py:115} INFO - [2022-09-17 13:40:26,750] {dagbag.py:507} INFO - Filling up the DagBag from /home/airflow/.local/lib/python3.7/site-packages/airflow/example_dags/tutorial_taskflow_api_etl.py
[2022-09-17 13:40:26,838] {processor.py:651} INFO - DAG(s) dict_keys(['tutorial_taskflow_api_etl']) retrieved from /home/airflow/.local/lib/python3.7/site-packages/airflow/example_dags/tutorial_taskflow_api_etl.py
[2022-09-17 13:40:28,539] {logging_mixin.py:115} INFO - [2022-09-17 13:40:28,536] {dag.py:2371} INFO - Sync 1 DAGs
[2022-09-17 13:40:28,629] {logging_mixin.py:115} INFO - [2022-09-17 13:40:28,629] {dag.py:2919} INFO - Setting next_dagrun for tutorial_taskflow_api_etl to None, run_after=None
[2022-09-17 13:40:28,649] {processor.py:161} INFO - Processing /home/airflow/.local/lib/python3.7/site-packages/airflow/example_dags/tutorial_taskflow_api_etl.py took 1.928 seconds
[2022-09-17 13:41:29,900] {processor.py:153} INFO - Started process (PID=1107) to work on /home/airflow/.local/lib/python3.7/site-packages/airflow/example_dags/tutorial_taskflow_api_etl.py
[2022-09-17 13:41:29,909] {processor.py:641} INFO - Processing file /home/airflow/.local/lib/python3.7/site-packages/airflow/example_dags/tutorial_taskflow_api_etl.py for tasks to queue
[2022-09-17 13:41:29,910] {logging_mixin.py:115} INFO - [2022-09-17 13:41:29,910] {dagbag.py:507} INFO - Filling up the DagBag from /home/airflow/.local/lib/python3.7/site-packages/airflow/example_dags/tutorial_taskflow_api_etl.py
[2022-09-17 13:41:30,257] {processor.py:651} INFO - DAG(s) dict_keys(['tutorial_taskflow_api_etl']) retrieved from /home/airflow/.local/lib/python3.7/site-packages/airflow/example_dags/tutorial_taskflow_api_etl.py
[2022-09-17 13:41:30,764] {logging_mixin.py:115} INFO - [2022-09-17 13:41:30,763] {dag.py:2371} INFO - Sync 1 DAGs
[2022-09-17 13:41:34,309] {logging_mixin.py:115} INFO - [2022-09-17 13:41:34,309] {dag.py:2919} INFO - Setting next_dagrun for tutorial_taskflow_api_etl to None, run_after=None
[2022-09-17 13:41:34,969] {processor.py:161} INFO - Processing /home/airflow/.local/lib/python3.7/site-packages/airflow/example_dags/tutorial_taskflow_api_etl.py took 5.082 seconds
[2022-09-17 13:45:30,760] {processor.py:153} INFO - Started process (PID=59) to work on /home/airflow/.local/lib/python3.7/site-packages/airflow/example_dags/tutorial_taskflow_api_etl.py
[2022-09-17 13:45:30,770] {processor.py:641} INFO - Processing file /home/airflow/.local/lib/python3.7/site-packages/airflow/example_dags/tutorial_taskflow_api_etl.py for tasks to queue
[2022-09-17 13:45:30,770] {logging_mixin.py:115} INFO - [2022-09-17 13:45:30,770] {dagbag.py:507} INFO - Filling up the DagBag from /home/airflow/.local/lib/python3.7/site-packages/airflow/example_dags/tutorial_taskflow_api_etl.py
[2022-09-17 13:45:30,887] {processor.py:651} INFO - DAG(s) dict_keys(['tutorial_taskflow_api_etl']) retrieved from /home/airflow/.local/lib/python3.7/site-packages/airflow/example_dags/tutorial_taskflow_api_etl.py
[2022-09-17 13:45:31,275] {logging_mixin.py:115} INFO - [2022-09-17 13:45:31,275] {dag.py:2371} INFO - Sync 1 DAGs
[2022-09-17 13:45:31,650] {logging_mixin.py:115} INFO - [2022-09-17 13:45:31,650] {dag.py:2919} INFO - Setting next_dagrun for tutorial_taskflow_api_etl to None, run_after=None
[2022-09-17 13:45:31,702] {processor.py:161} INFO - Processing /home/airflow/.local/lib/python3.7/site-packages/airflow/example_dags/tutorial_taskflow_api_etl.py took 0.953 seconds
[2022-09-17 13:46:04,304] {processor.py:153} INFO - Started process (PID=111) to work on /home/airflow/.local/lib/python3.7/site-packages/airflow/example_dags/tutorial_taskflow_api_etl.py
[2022-09-17 13:46:04,305] {processor.py:641} INFO - Processing file /home/airflow/.local/lib/python3.7/site-packages/airflow/example_dags/tutorial_taskflow_api_etl.py for tasks to queue
[2022-09-17 13:46:04,306] {logging_mixin.py:115} INFO - [2022-09-17 13:46:04,306] {dagbag.py:507} INFO - Filling up the DagBag from /home/airflow/.local/lib/python3.7/site-packages/airflow/example_dags/tutorial_taskflow_api_etl.py
[2022-09-17 13:46:04,364] {processor.py:651} INFO - DAG(s) dict_keys(['tutorial_taskflow_api_etl']) retrieved from /home/airflow/.local/lib/python3.7/site-packages/airflow/example_dags/tutorial_taskflow_api_etl.py
[2022-09-17 13:46:04,642] {logging_mixin.py:115} INFO - [2022-09-17 13:46:04,642] {dag.py:2371} INFO - Sync 1 DAGs
[2022-09-17 13:46:06,003] {logging_mixin.py:115} INFO - [2022-09-17 13:46:06,003] {dag.py:2919} INFO - Setting next_dagrun for tutorial_taskflow_api_etl to None, run_after=None
[2022-09-17 13:46:06,036] {processor.py:161} INFO - Processing /home/airflow/.local/lib/python3.7/site-packages/airflow/example_dags/tutorial_taskflow_api_etl.py took 1.742 seconds
[2022-09-17 13:46:36,396] {processor.py:153} INFO - Started process (PID=166) to work on /home/airflow/.local/lib/python3.7/site-packages/airflow/example_dags/tutorial_taskflow_api_etl.py
[2022-09-17 13:46:36,400] {processor.py:641} INFO - Processing file /home/airflow/.local/lib/python3.7/site-packages/airflow/example_dags/tutorial_taskflow_api_etl.py for tasks to queue
[2022-09-17 13:46:36,400] {logging_mixin.py:115} INFO - [2022-09-17 13:46:36,400] {dagbag.py:507} INFO - Filling up the DagBag from /home/airflow/.local/lib/python3.7/site-packages/airflow/example_dags/tutorial_taskflow_api_etl.py
[2022-09-17 13:46:36,449] {processor.py:651} INFO - DAG(s) dict_keys(['tutorial_taskflow_api_etl']) retrieved from /home/airflow/.local/lib/python3.7/site-packages/airflow/example_dags/tutorial_taskflow_api_etl.py
[2022-09-17 13:46:36,640] {logging_mixin.py:115} INFO - [2022-09-17 13:46:36,640] {dag.py:2371} INFO - Sync 1 DAGs
[2022-09-17 13:46:37,170] {logging_mixin.py:115} INFO - [2022-09-17 13:46:37,170] {dag.py:2919} INFO - Setting next_dagrun for tutorial_taskflow_api_etl to None, run_after=None
[2022-09-17 13:46:37,223] {processor.py:161} INFO - Processing /home/airflow/.local/lib/python3.7/site-packages/airflow/example_dags/tutorial_taskflow_api_etl.py took 0.837 seconds
[2022-09-17 13:47:07,934] {processor.py:153} INFO - Started process (PID=223) to work on /home/airflow/.local/lib/python3.7/site-packages/airflow/example_dags/tutorial_taskflow_api_etl.py
[2022-09-17 13:47:07,936] {processor.py:641} INFO - Processing file /home/airflow/.local/lib/python3.7/site-packages/airflow/example_dags/tutorial_taskflow_api_etl.py for tasks to queue
[2022-09-17 13:47:07,936] {logging_mixin.py:115} INFO - [2022-09-17 13:47:07,936] {dagbag.py:507} INFO - Filling up the DagBag from /home/airflow/.local/lib/python3.7/site-packages/airflow/example_dags/tutorial_taskflow_api_etl.py
[2022-09-17 13:47:07,958] {processor.py:651} INFO - DAG(s) dict_keys(['tutorial_taskflow_api_etl']) retrieved from /home/airflow/.local/lib/python3.7/site-packages/airflow/example_dags/tutorial_taskflow_api_etl.py
[2022-09-17 13:47:08,062] {logging_mixin.py:115} INFO - [2022-09-17 13:47:08,062] {dag.py:2371} INFO - Sync 1 DAGs
[2022-09-17 13:47:08,415] {logging_mixin.py:115} INFO - [2022-09-17 13:47:08,415] {dag.py:2919} INFO - Setting next_dagrun for tutorial_taskflow_api_etl to None, run_after=None
[2022-09-17 13:47:08,425] {processor.py:161} INFO - Processing /home/airflow/.local/lib/python3.7/site-packages/airflow/example_dags/tutorial_taskflow_api_etl.py took 0.504 seconds
[2022-09-17 13:47:38,587] {processor.py:153} INFO - Started process (PID=279) to work on /home/airflow/.local/lib/python3.7/site-packages/airflow/example_dags/tutorial_taskflow_api_etl.py
[2022-09-17 13:47:38,593] {processor.py:641} INFO - Processing file /home/airflow/.local/lib/python3.7/site-packages/airflow/example_dags/tutorial_taskflow_api_etl.py for tasks to queue
[2022-09-17 13:47:38,594] {logging_mixin.py:115} INFO - [2022-09-17 13:47:38,594] {dagbag.py:507} INFO - Filling up the DagBag from /home/airflow/.local/lib/python3.7/site-packages/airflow/example_dags/tutorial_taskflow_api_etl.py
[2022-09-17 13:47:38,638] {processor.py:651} INFO - DAG(s) dict_keys(['tutorial_taskflow_api_etl']) retrieved from /home/airflow/.local/lib/python3.7/site-packages/airflow/example_dags/tutorial_taskflow_api_etl.py
[2022-09-17 13:47:38,814] {logging_mixin.py:115} INFO - [2022-09-17 13:47:38,814] {dag.py:2371} INFO - Sync 1 DAGs
[2022-09-17 13:47:38,953] {logging_mixin.py:115} INFO - [2022-09-17 13:47:38,953] {dag.py:2919} INFO - Setting next_dagrun for tutorial_taskflow_api_etl to None, run_after=None
[2022-09-17 13:47:38,973] {processor.py:161} INFO - Processing /home/airflow/.local/lib/python3.7/site-packages/airflow/example_dags/tutorial_taskflow_api_etl.py took 0.390 seconds
[2022-09-17 13:48:09,048] {processor.py:153} INFO - Started process (PID=329) to work on /home/airflow/.local/lib/python3.7/site-packages/airflow/example_dags/tutorial_taskflow_api_etl.py
[2022-09-17 13:48:09,048] {processor.py:641} INFO - Processing file /home/airflow/.local/lib/python3.7/site-packages/airflow/example_dags/tutorial_taskflow_api_etl.py for tasks to queue
[2022-09-17 13:48:09,049] {logging_mixin.py:115} INFO - [2022-09-17 13:48:09,049] {dagbag.py:507} INFO - Filling up the DagBag from /home/airflow/.local/lib/python3.7/site-packages/airflow/example_dags/tutorial_taskflow_api_etl.py
[2022-09-17 13:48:09,076] {processor.py:651} INFO - DAG(s) dict_keys(['tutorial_taskflow_api_etl']) retrieved from /home/airflow/.local/lib/python3.7/site-packages/airflow/example_dags/tutorial_taskflow_api_etl.py
[2022-09-17 13:48:09,180] {logging_mixin.py:115} INFO - [2022-09-17 13:48:09,180] {dag.py:2371} INFO - Sync 1 DAGs
[2022-09-17 13:48:09,547] {logging_mixin.py:115} INFO - [2022-09-17 13:48:09,547] {dag.py:2919} INFO - Setting next_dagrun for tutorial_taskflow_api_etl to None, run_after=None
[2022-09-17 13:48:09,605] {processor.py:161} INFO - Processing /home/airflow/.local/lib/python3.7/site-packages/airflow/example_dags/tutorial_taskflow_api_etl.py took 0.564 seconds
[2022-09-17 13:48:40,161] {processor.py:153} INFO - Started process (PID=390) to work on /home/airflow/.local/lib/python3.7/site-packages/airflow/example_dags/tutorial_taskflow_api_etl.py
[2022-09-17 13:48:40,162] {processor.py:641} INFO - Processing file /home/airflow/.local/lib/python3.7/site-packages/airflow/example_dags/tutorial_taskflow_api_etl.py for tasks to queue
[2022-09-17 13:48:40,162] {logging_mixin.py:115} INFO - [2022-09-17 13:48:40,162] {dagbag.py:507} INFO - Filling up the DagBag from /home/airflow/.local/lib/python3.7/site-packages/airflow/example_dags/tutorial_taskflow_api_etl.py
[2022-09-17 13:48:40,179] {processor.py:651} INFO - DAG(s) dict_keys(['tutorial_taskflow_api_etl']) retrieved from /home/airflow/.local/lib/python3.7/site-packages/airflow/example_dags/tutorial_taskflow_api_etl.py
[2022-09-17 13:48:40,209] {logging_mixin.py:115} INFO - [2022-09-17 13:48:40,208] {dag.py:2371} INFO - Sync 1 DAGs
[2022-09-17 13:48:40,239] {logging_mixin.py:115} INFO - [2022-09-17 13:48:40,238] {dag.py:2919} INFO - Setting next_dagrun for tutorial_taskflow_api_etl to None, run_after=None
[2022-09-17 13:48:40,256] {processor.py:161} INFO - Processing /home/airflow/.local/lib/python3.7/site-packages/airflow/example_dags/tutorial_taskflow_api_etl.py took 0.099 seconds
[2022-09-17 13:49:10,353] {processor.py:153} INFO - Started process (PID=443) to work on /home/airflow/.local/lib/python3.7/site-packages/airflow/example_dags/tutorial_taskflow_api_etl.py
[2022-09-17 13:49:10,354] {processor.py:641} INFO - Processing file /home/airflow/.local/lib/python3.7/site-packages/airflow/example_dags/tutorial_taskflow_api_etl.py for tasks to queue
[2022-09-17 13:49:10,354] {logging_mixin.py:115} INFO - [2022-09-17 13:49:10,354] {dagbag.py:507} INFO - Filling up the DagBag from /home/airflow/.local/lib/python3.7/site-packages/airflow/example_dags/tutorial_taskflow_api_etl.py
[2022-09-17 13:49:10,372] {processor.py:651} INFO - DAG(s) dict_keys(['tutorial_taskflow_api_etl']) retrieved from /home/airflow/.local/lib/python3.7/site-packages/airflow/example_dags/tutorial_taskflow_api_etl.py
[2022-09-17 13:49:10,450] {logging_mixin.py:115} INFO - [2022-09-17 13:49:10,450] {dag.py:2371} INFO - Sync 1 DAGs
[2022-09-17 13:49:10,684] {logging_mixin.py:115} INFO - [2022-09-17 13:49:10,684] {dag.py:2919} INFO - Setting next_dagrun for tutorial_taskflow_api_etl to None, run_after=None
[2022-09-17 13:49:10,700] {processor.py:161} INFO - Processing /home/airflow/.local/lib/python3.7/site-packages/airflow/example_dags/tutorial_taskflow_api_etl.py took 0.350 seconds
[2022-09-17 13:49:41,604] {processor.py:153} INFO - Started process (PID=508) to work on /home/airflow/.local/lib/python3.7/site-packages/airflow/example_dags/tutorial_taskflow_api_etl.py
[2022-09-17 13:49:41,614] {processor.py:641} INFO - Processing file /home/airflow/.local/lib/python3.7/site-packages/airflow/example_dags/tutorial_taskflow_api_etl.py for tasks to queue
[2022-09-17 13:49:41,615] {logging_mixin.py:115} INFO - [2022-09-17 13:49:41,615] {dagbag.py:507} INFO - Filling up the DagBag from /home/airflow/.local/lib/python3.7/site-packages/airflow/example_dags/tutorial_taskflow_api_etl.py
[2022-09-17 13:49:41,662] {processor.py:651} INFO - DAG(s) dict_keys(['tutorial_taskflow_api_etl']) retrieved from /home/airflow/.local/lib/python3.7/site-packages/airflow/example_dags/tutorial_taskflow_api_etl.py
[2022-09-17 13:49:41,765] {logging_mixin.py:115} INFO - [2022-09-17 13:49:41,765] {dag.py:2371} INFO - Sync 1 DAGs
[2022-09-17 13:49:41,984] {logging_mixin.py:115} INFO - [2022-09-17 13:49:41,984] {dag.py:2919} INFO - Setting next_dagrun for tutorial_taskflow_api_etl to None, run_after=None
[2022-09-17 13:49:42,086] {processor.py:161} INFO - Processing /home/airflow/.local/lib/python3.7/site-packages/airflow/example_dags/tutorial_taskflow_api_etl.py took 0.486 seconds
[2022-09-17 13:50:12,753] {processor.py:153} INFO - Started process (PID=573) to work on /home/airflow/.local/lib/python3.7/site-packages/airflow/example_dags/tutorial_taskflow_api_etl.py
[2022-09-17 13:50:12,754] {processor.py:641} INFO - Processing file /home/airflow/.local/lib/python3.7/site-packages/airflow/example_dags/tutorial_taskflow_api_etl.py for tasks to queue
[2022-09-17 13:50:12,755] {logging_mixin.py:115} INFO - [2022-09-17 13:50:12,754] {dagbag.py:507} INFO - Filling up the DagBag from /home/airflow/.local/lib/python3.7/site-packages/airflow/example_dags/tutorial_taskflow_api_etl.py
[2022-09-17 13:50:12,788] {processor.py:651} INFO - DAG(s) dict_keys(['tutorial_taskflow_api_etl']) retrieved from /home/airflow/.local/lib/python3.7/site-packages/airflow/example_dags/tutorial_taskflow_api_etl.py
[2022-09-17 13:50:13,008] {logging_mixin.py:115} INFO - [2022-09-17 13:50:13,008] {dag.py:2371} INFO - Sync 1 DAGs
[2022-09-17 13:50:13,250] {logging_mixin.py:115} INFO - [2022-09-17 13:50:13,249] {dag.py:2919} INFO - Setting next_dagrun for tutorial_taskflow_api_etl to None, run_after=None
[2022-09-17 13:50:13,265] {processor.py:161} INFO - Processing /home/airflow/.local/lib/python3.7/site-packages/airflow/example_dags/tutorial_taskflow_api_etl.py took 0.523 seconds
[2022-09-17 13:50:43,329] {processor.py:153} INFO - Started process (PID=625) to work on /home/airflow/.local/lib/python3.7/site-packages/airflow/example_dags/tutorial_taskflow_api_etl.py
[2022-09-17 13:50:43,330] {processor.py:641} INFO - Processing file /home/airflow/.local/lib/python3.7/site-packages/airflow/example_dags/tutorial_taskflow_api_etl.py for tasks to queue
[2022-09-17 13:50:43,330] {logging_mixin.py:115} INFO - [2022-09-17 13:50:43,330] {dagbag.py:507} INFO - Filling up the DagBag from /home/airflow/.local/lib/python3.7/site-packages/airflow/example_dags/tutorial_taskflow_api_etl.py
[2022-09-17 13:50:43,348] {processor.py:651} INFO - DAG(s) dict_keys(['tutorial_taskflow_api_etl']) retrieved from /home/airflow/.local/lib/python3.7/site-packages/airflow/example_dags/tutorial_taskflow_api_etl.py
[2022-09-17 13:50:43,417] {logging_mixin.py:115} INFO - [2022-09-17 13:50:43,417] {dag.py:2371} INFO - Sync 1 DAGs
[2022-09-17 13:50:43,568] {logging_mixin.py:115} INFO - [2022-09-17 13:50:43,568] {dag.py:2919} INFO - Setting next_dagrun for tutorial_taskflow_api_etl to None, run_after=None
[2022-09-17 13:50:43,582] {processor.py:161} INFO - Processing /home/airflow/.local/lib/python3.7/site-packages/airflow/example_dags/tutorial_taskflow_api_etl.py took 0.256 seconds
[2022-09-17 13:51:14,447] {processor.py:153} INFO - Started process (PID=690) to work on /home/airflow/.local/lib/python3.7/site-packages/airflow/example_dags/tutorial_taskflow_api_etl.py
[2022-09-17 13:51:14,448] {processor.py:641} INFO - Processing file /home/airflow/.local/lib/python3.7/site-packages/airflow/example_dags/tutorial_taskflow_api_etl.py for tasks to queue
[2022-09-17 13:51:14,448] {logging_mixin.py:115} INFO - [2022-09-17 13:51:14,448] {dagbag.py:507} INFO - Filling up the DagBag from /home/airflow/.local/lib/python3.7/site-packages/airflow/example_dags/tutorial_taskflow_api_etl.py
[2022-09-17 13:51:14,470] {processor.py:651} INFO - DAG(s) dict_keys(['tutorial_taskflow_api_etl']) retrieved from /home/airflow/.local/lib/python3.7/site-packages/airflow/example_dags/tutorial_taskflow_api_etl.py
[2022-09-17 13:51:14,569] {logging_mixin.py:115} INFO - [2022-09-17 13:51:14,569] {dag.py:2371} INFO - Sync 1 DAGs
[2022-09-17 13:51:14,754] {logging_mixin.py:115} INFO - [2022-09-17 13:51:14,754] {dag.py:2919} INFO - Setting next_dagrun for tutorial_taskflow_api_etl to None, run_after=None
[2022-09-17 13:51:14,790] {processor.py:161} INFO - Processing /home/airflow/.local/lib/python3.7/site-packages/airflow/example_dags/tutorial_taskflow_api_etl.py took 0.347 seconds
[2022-09-17 13:51:45,424] {processor.py:153} INFO - Started process (PID=744) to work on /home/airflow/.local/lib/python3.7/site-packages/airflow/example_dags/tutorial_taskflow_api_etl.py
[2022-09-17 13:51:45,428] {processor.py:641} INFO - Processing file /home/airflow/.local/lib/python3.7/site-packages/airflow/example_dags/tutorial_taskflow_api_etl.py for tasks to queue
[2022-09-17 13:51:45,429] {logging_mixin.py:115} INFO - [2022-09-17 13:51:45,429] {dagbag.py:507} INFO - Filling up the DagBag from /home/airflow/.local/lib/python3.7/site-packages/airflow/example_dags/tutorial_taskflow_api_etl.py
[2022-09-17 13:51:45,509] {processor.py:651} INFO - DAG(s) dict_keys(['tutorial_taskflow_api_etl']) retrieved from /home/airflow/.local/lib/python3.7/site-packages/airflow/example_dags/tutorial_taskflow_api_etl.py
[2022-09-17 13:51:45,799] {logging_mixin.py:115} INFO - [2022-09-17 13:51:45,799] {dag.py:2371} INFO - Sync 1 DAGs
[2022-09-17 13:51:45,963] {logging_mixin.py:115} INFO - [2022-09-17 13:51:45,962] {dag.py:2919} INFO - Setting next_dagrun for tutorial_taskflow_api_etl to None, run_after=None
[2022-09-17 13:51:45,980] {processor.py:161} INFO - Processing /home/airflow/.local/lib/python3.7/site-packages/airflow/example_dags/tutorial_taskflow_api_etl.py took 0.561 seconds
[2022-09-17 13:52:16,812] {processor.py:153} INFO - Started process (PID=807) to work on /home/airflow/.local/lib/python3.7/site-packages/airflow/example_dags/tutorial_taskflow_api_etl.py
[2022-09-17 13:52:16,816] {processor.py:641} INFO - Processing file /home/airflow/.local/lib/python3.7/site-packages/airflow/example_dags/tutorial_taskflow_api_etl.py for tasks to queue
[2022-09-17 13:52:16,817] {logging_mixin.py:115} INFO - [2022-09-17 13:52:16,817] {dagbag.py:507} INFO - Filling up the DagBag from /home/airflow/.local/lib/python3.7/site-packages/airflow/example_dags/tutorial_taskflow_api_etl.py
[2022-09-17 13:52:16,874] {processor.py:651} INFO - DAG(s) dict_keys(['tutorial_taskflow_api_etl']) retrieved from /home/airflow/.local/lib/python3.7/site-packages/airflow/example_dags/tutorial_taskflow_api_etl.py
[2022-09-17 13:52:17,060] {logging_mixin.py:115} INFO - [2022-09-17 13:52:17,060] {dag.py:2371} INFO - Sync 1 DAGs
[2022-09-17 13:52:17,269] {logging_mixin.py:115} INFO - [2022-09-17 13:52:17,269] {dag.py:2919} INFO - Setting next_dagrun for tutorial_taskflow_api_etl to None, run_after=None
[2022-09-17 13:52:17,282] {processor.py:161} INFO - Processing /home/airflow/.local/lib/python3.7/site-packages/airflow/example_dags/tutorial_taskflow_api_etl.py took 0.490 seconds
[2022-09-17 13:52:47,462] {processor.py:153} INFO - Started process (PID=869) to work on /home/airflow/.local/lib/python3.7/site-packages/airflow/example_dags/tutorial_taskflow_api_etl.py
[2022-09-17 13:52:47,463] {processor.py:641} INFO - Processing file /home/airflow/.local/lib/python3.7/site-packages/airflow/example_dags/tutorial_taskflow_api_etl.py for tasks to queue
[2022-09-17 13:52:47,463] {logging_mixin.py:115} INFO - [2022-09-17 13:52:47,463] {dagbag.py:507} INFO - Filling up the DagBag from /home/airflow/.local/lib/python3.7/site-packages/airflow/example_dags/tutorial_taskflow_api_etl.py
[2022-09-17 13:52:47,499] {processor.py:651} INFO - DAG(s) dict_keys(['tutorial_taskflow_api_etl']) retrieved from /home/airflow/.local/lib/python3.7/site-packages/airflow/example_dags/tutorial_taskflow_api_etl.py
[2022-09-17 13:52:47,887] {logging_mixin.py:115} INFO - [2022-09-17 13:52:47,887] {dag.py:2371} INFO - Sync 1 DAGs
[2022-09-17 13:52:48,399] {logging_mixin.py:115} INFO - [2022-09-17 13:52:48,399] {dag.py:2919} INFO - Setting next_dagrun for tutorial_taskflow_api_etl to None, run_after=None
[2022-09-17 13:52:48,449] {processor.py:161} INFO - Processing /home/airflow/.local/lib/python3.7/site-packages/airflow/example_dags/tutorial_taskflow_api_etl.py took 1.001 seconds
[2022-09-17 13:53:19,021] {processor.py:153} INFO - Started process (PID=924) to work on /home/airflow/.local/lib/python3.7/site-packages/airflow/example_dags/tutorial_taskflow_api_etl.py
[2022-09-17 13:53:19,022] {processor.py:641} INFO - Processing file /home/airflow/.local/lib/python3.7/site-packages/airflow/example_dags/tutorial_taskflow_api_etl.py for tasks to queue
[2022-09-17 13:53:19,023] {logging_mixin.py:115} INFO - [2022-09-17 13:53:19,023] {dagbag.py:507} INFO - Filling up the DagBag from /home/airflow/.local/lib/python3.7/site-packages/airflow/example_dags/tutorial_taskflow_api_etl.py
[2022-09-17 13:53:19,046] {processor.py:651} INFO - DAG(s) dict_keys(['tutorial_taskflow_api_etl']) retrieved from /home/airflow/.local/lib/python3.7/site-packages/airflow/example_dags/tutorial_taskflow_api_etl.py
[2022-09-17 13:53:19,094] {logging_mixin.py:115} INFO - [2022-09-17 13:53:19,094] {dag.py:2371} INFO - Sync 1 DAGs
[2022-09-17 13:53:19,142] {logging_mixin.py:115} INFO - [2022-09-17 13:53:19,141] {dag.py:2919} INFO - Setting next_dagrun for tutorial_taskflow_api_etl to None, run_after=None
[2022-09-17 13:53:19,156] {processor.py:161} INFO - Processing /home/airflow/.local/lib/python3.7/site-packages/airflow/example_dags/tutorial_taskflow_api_etl.py took 0.141 seconds
[2022-09-17 13:53:49,970] {processor.py:153} INFO - Started process (PID=987) to work on /home/airflow/.local/lib/python3.7/site-packages/airflow/example_dags/tutorial_taskflow_api_etl.py
[2022-09-17 13:53:49,971] {processor.py:641} INFO - Processing file /home/airflow/.local/lib/python3.7/site-packages/airflow/example_dags/tutorial_taskflow_api_etl.py for tasks to queue
[2022-09-17 13:53:49,971] {logging_mixin.py:115} INFO - [2022-09-17 13:53:49,971] {dagbag.py:507} INFO - Filling up the DagBag from /home/airflow/.local/lib/python3.7/site-packages/airflow/example_dags/tutorial_taskflow_api_etl.py
[2022-09-17 13:53:50,010] {processor.py:651} INFO - DAG(s) dict_keys(['tutorial_taskflow_api_etl']) retrieved from /home/airflow/.local/lib/python3.7/site-packages/airflow/example_dags/tutorial_taskflow_api_etl.py
[2022-09-17 13:53:50,107] {logging_mixin.py:115} INFO - [2022-09-17 13:53:50,107] {dag.py:2371} INFO - Sync 1 DAGs
[2022-09-17 13:53:50,170] {logging_mixin.py:115} INFO - [2022-09-17 13:53:50,170] {dag.py:2919} INFO - Setting next_dagrun for tutorial_taskflow_api_etl to None, run_after=None
[2022-09-17 13:53:50,206] {processor.py:161} INFO - Processing /home/airflow/.local/lib/python3.7/site-packages/airflow/example_dags/tutorial_taskflow_api_etl.py took 0.245 seconds
[2022-09-17 13:54:20,709] {processor.py:153} INFO - Started process (PID=1041) to work on /home/airflow/.local/lib/python3.7/site-packages/airflow/example_dags/tutorial_taskflow_api_etl.py
[2022-09-17 13:54:20,710] {processor.py:641} INFO - Processing file /home/airflow/.local/lib/python3.7/site-packages/airflow/example_dags/tutorial_taskflow_api_etl.py for tasks to queue
[2022-09-17 13:54:20,711] {logging_mixin.py:115} INFO - [2022-09-17 13:54:20,711] {dagbag.py:507} INFO - Filling up the DagBag from /home/airflow/.local/lib/python3.7/site-packages/airflow/example_dags/tutorial_taskflow_api_etl.py
[2022-09-17 13:54:20,740] {processor.py:651} INFO - DAG(s) dict_keys(['tutorial_taskflow_api_etl']) retrieved from /home/airflow/.local/lib/python3.7/site-packages/airflow/example_dags/tutorial_taskflow_api_etl.py
[2022-09-17 13:54:20,853] {logging_mixin.py:115} INFO - [2022-09-17 13:54:20,853] {dag.py:2371} INFO - Sync 1 DAGs
[2022-09-17 13:54:21,101] {logging_mixin.py:115} INFO - [2022-09-17 13:54:21,101] {dag.py:2919} INFO - Setting next_dagrun for tutorial_taskflow_api_etl to None, run_after=None
[2022-09-17 13:54:21,141] {processor.py:161} INFO - Processing /home/airflow/.local/lib/python3.7/site-packages/airflow/example_dags/tutorial_taskflow_api_etl.py took 0.435 seconds
[2022-09-17 13:54:51,335] {processor.py:153} INFO - Started process (PID=1104) to work on /home/airflow/.local/lib/python3.7/site-packages/airflow/example_dags/tutorial_taskflow_api_etl.py
[2022-09-17 13:54:51,343] {processor.py:641} INFO - Processing file /home/airflow/.local/lib/python3.7/site-packages/airflow/example_dags/tutorial_taskflow_api_etl.py for tasks to queue
[2022-09-17 13:54:51,343] {logging_mixin.py:115} INFO - [2022-09-17 13:54:51,343] {dagbag.py:507} INFO - Filling up the DagBag from /home/airflow/.local/lib/python3.7/site-packages/airflow/example_dags/tutorial_taskflow_api_etl.py
[2022-09-17 13:54:51,382] {processor.py:651} INFO - DAG(s) dict_keys(['tutorial_taskflow_api_etl']) retrieved from /home/airflow/.local/lib/python3.7/site-packages/airflow/example_dags/tutorial_taskflow_api_etl.py
[2022-09-17 13:54:51,481] {logging_mixin.py:115} INFO - [2022-09-17 13:54:51,480] {dag.py:2371} INFO - Sync 1 DAGs
[2022-09-17 13:54:51,626] {logging_mixin.py:115} INFO - [2022-09-17 13:54:51,626] {dag.py:2919} INFO - Setting next_dagrun for tutorial_taskflow_api_etl to None, run_after=None
[2022-09-17 13:54:51,636] {processor.py:161} INFO - Processing /home/airflow/.local/lib/python3.7/site-packages/airflow/example_dags/tutorial_taskflow_api_etl.py took 0.318 seconds
