[2022-09-17 14:52:26,591] {taskinstance.py:1159} INFO - Dependencies all met for <TaskInstance: xcom_dag.branch manual__2022-09-17T14:52:23.350665+00:00 [queued]>
[2022-09-17 14:52:26,641] {taskinstance.py:1159} INFO - Dependencies all met for <TaskInstance: xcom_dag.branch manual__2022-09-17T14:52:23.350665+00:00 [queued]>
[2022-09-17 14:52:26,642] {taskinstance.py:1356} INFO - 
--------------------------------------------------------------------------------
[2022-09-17 14:52:26,642] {taskinstance.py:1357} INFO - Starting attempt 1 of 1
[2022-09-17 14:52:26,642] {taskinstance.py:1358} INFO - 
--------------------------------------------------------------------------------
[2022-09-17 14:52:26,700] {taskinstance.py:1377} INFO - Executing <Task(BranchPythonOperator): branch> on 2022-09-17 14:52:23.350665+00:00
[2022-09-17 14:52:26,708] {standard_task_runner.py:52} INFO - Started process 2058 to run task
[2022-09-17 14:52:26,716] {standard_task_runner.py:79} INFO - Running: ['***', 'tasks', 'run', 'xcom_dag', 'branch', 'manual__2022-09-17T14:52:23.350665+00:00', '--job-id', '26', '--raw', '--subdir', 'DAGS_FOLDER/xcom_dag.py', '--cfg-path', '/tmp/tmp42xfgzfq', '--error-file', '/tmp/tmp1gy2pjg3']
[2022-09-17 14:52:26,725] {standard_task_runner.py:80} INFO - Job 26: Subtask branch
[2022-09-17 14:52:26,948] {task_command.py:369} INFO - Running <TaskInstance: xcom_dag.branch manual__2022-09-17T14:52:23.350665+00:00 [running]> on host 3f1973d04161
[2022-09-17 14:52:27,203] {taskinstance.py:1571} INFO - Exporting the following env vars:
AIRFLOW_CTX_DAG_OWNER=***
AIRFLOW_CTX_DAG_ID=xcom_dag
AIRFLOW_CTX_TASK_ID=branch
AIRFLOW_CTX_EXECUTION_DATE=2022-09-17T14:52:23.350665+00:00
AIRFLOW_CTX_TRY_NUMBER=1
AIRFLOW_CTX_DAG_RUN_ID=manual__2022-09-17T14:52:23.350665+00:00
[2022-09-17 14:52:27,230] {python.py:173} INFO - Done. Returned value was: t2
[2022-09-17 14:52:27,234] {skipmixin.py:140} INFO - Following branch t2
[2022-09-17 14:52:27,234] {skipmixin.py:175} INFO - Skipping tasks ['t3']
[2022-09-17 14:52:27,402] {taskinstance.py:1400} INFO - Marking task as SUCCESS. dag_id=xcom_dag, task_id=branch, execution_date=20220917T145223, start_date=20220917T145226, end_date=20220917T145227
[2022-09-17 14:52:27,475] {local_task_job.py:156} INFO - Task exited with return code 0
[2022-09-17 14:52:27,618] {local_task_job.py:273} INFO - 1 downstream tasks scheduled from follow-on schedule check
