[2022-09-17 14:56:12,500] {taskinstance.py:1159} INFO - Dependencies all met for <TaskInstance: xcom_dag.t4 manual__2022-09-17T14:56:07.871689+00:00 [queued]>
[2022-09-17 14:56:12,517] {taskinstance.py:1159} INFO - Dependencies all met for <TaskInstance: xcom_dag.t4 manual__2022-09-17T14:56:07.871689+00:00 [queued]>
[2022-09-17 14:56:12,517] {taskinstance.py:1356} INFO - 
--------------------------------------------------------------------------------
[2022-09-17 14:56:12,518] {taskinstance.py:1357} INFO - Starting attempt 1 of 1
[2022-09-17 14:56:12,518] {taskinstance.py:1358} INFO - 
--------------------------------------------------------------------------------
[2022-09-17 14:56:12,543] {taskinstance.py:1377} INFO - Executing <Task(BashOperator): t4> on 2022-09-17 14:56:07.871689+00:00
[2022-09-17 14:56:12,548] {standard_task_runner.py:52} INFO - Started process 2236 to run task
[2022-09-17 14:56:12,559] {standard_task_runner.py:79} INFO - Running: ['***', 'tasks', 'run', 'xcom_dag', 't4', 'manual__2022-09-17T14:56:07.871689+00:00', '--job-id', '34', '--raw', '--subdir', 'DAGS_FOLDER/xcom_dag.py', '--cfg-path', '/tmp/tmp6_xa_a73', '--error-file', '/tmp/tmpjw81pz17']
[2022-09-17 14:56:12,560] {standard_task_runner.py:80} INFO - Job 34: Subtask t4
[2022-09-17 14:56:12,679] {task_command.py:369} INFO - Running <TaskInstance: xcom_dag.t4 manual__2022-09-17T14:56:07.871689+00:00 [running]> on host 3f1973d04161
[2022-09-17 14:56:12,831] {taskinstance.py:1571} INFO - Exporting the following env vars:
AIRFLOW_CTX_DAG_OWNER=***
AIRFLOW_CTX_DAG_ID=xcom_dag
AIRFLOW_CTX_TASK_ID=t4
AIRFLOW_CTX_EXECUTION_DATE=2022-09-17T14:56:07.871689+00:00
AIRFLOW_CTX_TRY_NUMBER=1
AIRFLOW_CTX_DAG_RUN_ID=manual__2022-09-17T14:56:07.871689+00:00
[2022-09-17 14:56:12,833] {subprocess.py:62} INFO - Tmp dir root location: 
 /tmp
[2022-09-17 14:56:12,834] {subprocess.py:74} INFO - Running command: ['bash', '-c', "echo ''"]
[2022-09-17 14:56:12,850] {subprocess.py:85} INFO - Output:
[2022-09-17 14:56:12,859] {subprocess.py:92} INFO - 
[2022-09-17 14:56:12,860] {subprocess.py:96} INFO - Command exited with return code 0
[2022-09-17 14:56:12,917] {taskinstance.py:1400} INFO - Marking task as SUCCESS. dag_id=xcom_dag, task_id=t4, execution_date=20220917T145607, start_date=20220917T145612, end_date=20220917T145612
[2022-09-17 14:56:12,954] {local_task_job.py:156} INFO - Task exited with return code 0
[2022-09-17 14:56:13,014] {local_task_job.py:273} INFO - 0 downstream tasks scheduled from follow-on schedule check
