[2022-09-17 14:43:50,465] {taskinstance.py:1159} INFO - Dependencies all met for <TaskInstance: xcom_dag.t3 manual__2022-09-17T14:43:29.254829+00:00 [queued]>
[2022-09-17 14:43:50,499] {taskinstance.py:1159} INFO - Dependencies all met for <TaskInstance: xcom_dag.t3 manual__2022-09-17T14:43:29.254829+00:00 [queued]>
[2022-09-17 14:43:50,499] {taskinstance.py:1356} INFO - 
--------------------------------------------------------------------------------
[2022-09-17 14:43:50,499] {taskinstance.py:1357} INFO - Starting attempt 1 of 1
[2022-09-17 14:43:50,499] {taskinstance.py:1358} INFO - 
--------------------------------------------------------------------------------
[2022-09-17 14:43:50,539] {taskinstance.py:1377} INFO - Executing <Task(BashOperator): t3> on 2022-09-17 14:43:29.254829+00:00
[2022-09-17 14:43:50,549] {standard_task_runner.py:52} INFO - Started process 1662 to run task
[2022-09-17 14:43:50,560] {standard_task_runner.py:79} INFO - Running: ['***', 'tasks', 'run', 'xcom_dag', 't3', 'manual__2022-09-17T14:43:29.254829+00:00', '--job-id', '19', '--raw', '--subdir', 'DAGS_FOLDER/xcom_dag.py', '--cfg-path', '/tmp/tmpgznbev0w', '--error-file', '/tmp/tmpyeedwdx3']
[2022-09-17 14:43:50,562] {standard_task_runner.py:80} INFO - Job 19: Subtask t3
[2022-09-17 14:43:50,676] {task_command.py:369} INFO - Running <TaskInstance: xcom_dag.t3 manual__2022-09-17T14:43:29.254829+00:00 [running]> on host 3f1973d04161
[2022-09-17 14:43:50,848] {taskinstance.py:1571} INFO - Exporting the following env vars:
AIRFLOW_CTX_DAG_OWNER=***
AIRFLOW_CTX_DAG_ID=xcom_dag
AIRFLOW_CTX_TASK_ID=t3
AIRFLOW_CTX_EXECUTION_DATE=2022-09-17T14:43:29.254829+00:00
AIRFLOW_CTX_TRY_NUMBER=1
AIRFLOW_CTX_DAG_RUN_ID=manual__2022-09-17T14:43:29.254829+00:00
[2022-09-17 14:43:50,849] {subprocess.py:62} INFO - Tmp dir root location: 
 /tmp
[2022-09-17 14:43:50,849] {subprocess.py:74} INFO - Running command: ['bash', '-c', "echo ''"]
[2022-09-17 14:43:51,135] {subprocess.py:85} INFO - Output:
[2022-09-17 14:43:51,208] {subprocess.py:92} INFO - 
[2022-09-17 14:43:51,209] {subprocess.py:96} INFO - Command exited with return code 0
[2022-09-17 14:43:51,265] {taskinstance.py:1400} INFO - Marking task as SUCCESS. dag_id=xcom_dag, task_id=t3, execution_date=20220917T144329, start_date=20220917T144350, end_date=20220917T144351
[2022-09-17 14:43:51,332] {local_task_job.py:156} INFO - Task exited with return code 0
[2022-09-17 14:43:51,471] {local_task_job.py:273} INFO - 0 downstream tasks scheduled from follow-on schedule check
