[2022-09-17 14:56:11,335] {taskinstance.py:1159} INFO - Dependencies all met for <TaskInstance: xcom_dag.t2 manual__2022-09-17T14:56:07.871689+00:00 [queued]>
[2022-09-17 14:56:11,375] {taskinstance.py:1159} INFO - Dependencies all met for <TaskInstance: xcom_dag.t2 manual__2022-09-17T14:56:07.871689+00:00 [queued]>
[2022-09-17 14:56:11,375] {taskinstance.py:1356} INFO - 
--------------------------------------------------------------------------------
[2022-09-17 14:56:11,375] {taskinstance.py:1357} INFO - Starting attempt 1 of 1
[2022-09-17 14:56:11,375] {taskinstance.py:1358} INFO - 
--------------------------------------------------------------------------------
[2022-09-17 14:56:11,403] {taskinstance.py:1377} INFO - Executing <Task(PythonOperator): t2> on 2022-09-17 14:56:07.871689+00:00
[2022-09-17 14:56:11,409] {standard_task_runner.py:52} INFO - Started process 2234 to run task
[2022-09-17 14:56:11,421] {standard_task_runner.py:79} INFO - Running: ['***', 'tasks', 'run', 'xcom_dag', 't2', 'manual__2022-09-17T14:56:07.871689+00:00', '--job-id', '33', '--raw', '--subdir', 'DAGS_FOLDER/xcom_dag.py', '--cfg-path', '/tmp/tmp5cmn5arz', '--error-file', '/tmp/tmpt_v1l6g6']
[2022-09-17 14:56:11,421] {standard_task_runner.py:80} INFO - Job 33: Subtask t2
[2022-09-17 14:56:11,510] {task_command.py:369} INFO - Running <TaskInstance: xcom_dag.t2 manual__2022-09-17T14:56:07.871689+00:00 [running]> on host 3f1973d04161
[2022-09-17 14:56:11,821] {taskinstance.py:1571} INFO - Exporting the following env vars:
AIRFLOW_CTX_DAG_OWNER=***
AIRFLOW_CTX_DAG_ID=xcom_dag
AIRFLOW_CTX_TASK_ID=t2
AIRFLOW_CTX_EXECUTION_DATE=2022-09-17T14:56:07.871689+00:00
AIRFLOW_CTX_TRY_NUMBER=1
AIRFLOW_CTX_DAG_RUN_ID=manual__2022-09-17T14:56:07.871689+00:00
[2022-09-17 14:56:11,836] {logging_mixin.py:115} INFO - 42
[2022-09-17 14:56:11,836] {python.py:173} INFO - Done. Returned value was: None
[2022-09-17 14:56:11,861] {taskinstance.py:1400} INFO - Marking task as SUCCESS. dag_id=xcom_dag, task_id=t2, execution_date=20220917T145607, start_date=20220917T145611, end_date=20220917T145611
[2022-09-17 14:56:11,922] {local_task_job.py:156} INFO - Task exited with return code 0
[2022-09-17 14:56:12,044] {local_task_job.py:273} INFO - 1 downstream tasks scheduled from follow-on schedule check
