[2022-09-17 14:55:35,848] {taskinstance.py:1159} INFO - Dependencies all met for <TaskInstance: xcom_dag.branch manual__2022-09-17T14:55:34.054790+00:00 [queued]>
[2022-09-17 14:55:35,860] {taskinstance.py:1159} INFO - Dependencies all met for <TaskInstance: xcom_dag.branch manual__2022-09-17T14:55:34.054790+00:00 [queued]>
[2022-09-17 14:55:35,861] {taskinstance.py:1356} INFO - 
--------------------------------------------------------------------------------
[2022-09-17 14:55:35,861] {taskinstance.py:1357} INFO - Starting attempt 1 of 1
[2022-09-17 14:55:35,861] {taskinstance.py:1358} INFO - 
--------------------------------------------------------------------------------
[2022-09-17 14:55:35,879] {taskinstance.py:1377} INFO - Executing <Task(BranchPythonOperator): branch> on 2022-09-17 14:55:34.054790+00:00
[2022-09-17 14:55:35,884] {standard_task_runner.py:52} INFO - Started process 2199 to run task
[2022-09-17 14:55:35,892] {standard_task_runner.py:79} INFO - Running: ['***', 'tasks', 'run', 'xcom_dag', 'branch', 'manual__2022-09-17T14:55:34.054790+00:00', '--job-id', '29', '--raw', '--subdir', 'DAGS_FOLDER/xcom_dag.py', '--cfg-path', '/tmp/tmpp2sjh21x', '--error-file', '/tmp/tmpwh4kfrl2']
[2022-09-17 14:55:35,892] {standard_task_runner.py:80} INFO - Job 29: Subtask branch
[2022-09-17 14:55:35,965] {task_command.py:369} INFO - Running <TaskInstance: xcom_dag.branch manual__2022-09-17T14:55:34.054790+00:00 [running]> on host 3f1973d04161
[2022-09-17 14:55:36,071] {taskinstance.py:1571} INFO - Exporting the following env vars:
AIRFLOW_CTX_DAG_OWNER=***
AIRFLOW_CTX_DAG_ID=xcom_dag
AIRFLOW_CTX_TASK_ID=branch
AIRFLOW_CTX_EXECUTION_DATE=2022-09-17T14:55:34.054790+00:00
AIRFLOW_CTX_TRY_NUMBER=1
AIRFLOW_CTX_DAG_RUN_ID=manual__2022-09-17T14:55:34.054790+00:00
[2022-09-17 14:55:36,096] {python.py:173} INFO - Done. Returned value was: t2
[2022-09-17 14:55:36,096] {skipmixin.py:140} INFO - Following branch t2
[2022-09-17 14:55:36,097] {skipmixin.py:175} INFO - Skipping tasks ['t3']
[2022-09-17 14:55:36,200] {taskinstance.py:1400} INFO - Marking task as SUCCESS. dag_id=xcom_dag, task_id=branch, execution_date=20220917T145534, start_date=20220917T145535, end_date=20220917T145536
[2022-09-17 14:55:36,232] {local_task_job.py:156} INFO - Task exited with return code 0
[2022-09-17 14:55:36,386] {local_task_job.py:273} INFO - 1 downstream tasks scheduled from follow-on schedule check
